0	0.00008297	GpsDataControl.	IRP_MJ_CREATE	0000007b	SUCCESS	Options: Open 	
1	0.00000363	GpsDataControl.	IOCTL_SERIAL_SET_QUEUE_SIZE	0000007b	SUCCESS	InSize: 4100 OutSize: 4100	
2	0.00000531	GpsDataControl.	IOCTL_SERIAL_SET_TIMEOUTS	0000007b	SUCCESS	RI:10 RM:0 RC:200 WM:2 WC:1000	
3	0.00000223	GpsDataControl.	IOCTL_SERIAL_PURGE	0000007b	SUCCESS	Purge: TXCLEAR RXCLEAR	
4	0.12448146	GpsDataControl.	IRP_MJ_READ	0000007b	TIMEOUT	Length 16: 2C 2C 4E 2A 34 34 0D 0A 24 47 50 47 47 41 2C 31 	
5	0.01550253	GpsDataControl.	IRP_MJ_READ	0000007b	TIMEOUT	Length 16: 38 31 36 31 37 2E 32 34 39 2C 2C 2C 2C 2C 30 2C 	
6	0.01556064	GpsDataControl.	IRP_MJ_READ	0000007b	TIMEOUT	Length 16: 30 30 2C 2C 2C 4D 2C 30 2E 30 2C 4D 2C 2C 30 30 	
7	0.01541509	GpsDataControl.	IRP_MJ_READ	0000007b	TIMEOUT	Length 16: 30 30 2A 35 31 0D 0A 24 47 50 47 53 41 2C 41 2C 	
8	0.03117826	GpsDataControl.	IRP_MJ_READ	0000007b	TIMEOUT	Length 16: 31 2C 2C 2C 2C 2C 2C 2C 2C 2C 2C 2C 2C 2C 2C 2C 	
9	0.01557125	GpsDataControl.	IRP_MJ_READ	0000007b	TIMEOUT	Length 16: 2A 31 45 0D 0A 24 47 50 52 4D 43 2C 31 38 31 36 	
10	0.01556622	GpsDataControl.	IRP_MJ_READ	0000007b	TIMEOUT	Length 16: 31 37 2E 32 34 39 2C 56 2C 2C 2C 2C 2C 2C 2C 32 	
11	0.20308447	GpsDataControl.	IRP_MJ_READ	0000007b	TIMEOUT	Length 0: 	
12	0.20308307	GpsDataControl.	IRP_MJ_READ	0000007b	TIMEOUT	Length 0: 	
13	0.20310905	GpsDataControl.	IRP_MJ_READ	0000007b	TIMEOUT	Length 0: 	
14	0.20292244	GpsDataControl.	IRP_MJ_READ	0000007b	TIMEOUT	Length 0: 	
15	0.07808674	GpsDataControl.	IRP_MJ_READ	0000007b	TIMEOUT	Length 16: 33 30 36 30 39 2C 2C 2C 4E 2A 34 34 0D 0A 24 47 	
16	0.01557349	GpsDataControl.	IRP_MJ_READ	0000007b	TIMEOUT	Length 16: 50 47 47 41 2C 31 38 31 36 31 38 2E 32 36 31 2C 	
17	0.03120872	GpsDataControl.	IRP_MJ_READ	0000007b	TIMEOUT	Length 16: 2C 2C 2C 2C 30 2C 30 30 2C 2C 2C 4D 2C 30 2E 30 	
18	0.01558159	GpsDataControl.	IRP_MJ_READ	0000007b	TIMEOUT	Length 16: 2C 4D 2C 2C 30 30 30 30 2A 35 34 0D 0A 24 47 50 	
19	0.01556622	GpsDataControl.	IRP_MJ_READ	0000007b	TIMEOUT	Length 16: 47 53 41 2C 41 2C 31 2C 2C 2C 2C 2C 2C 2C 2C 2C 	
20	0.01558494	GpsDataControl.	IRP_MJ_READ	0000007b	TIMEOUT	Length 16: 2C 2C 2C 2C 2C 2C 2A 31 45 0D 0A 24 47 50 47 53 	
21	0.01557963	GpsDataControl.	IRP_MJ_READ	0000007b	TIMEOUT	Length 16: 56 2C 33 2C 31 2C 31 31 2C 32 32 2C 36 38 2C 32 	
22	0.01558215	GpsDataControl.	IRP_MJ_READ	0000007b	TIMEOUT	Length 16: 32 32 2C 2C 31 38 2C 34 38 2C 31 35 35 2C 2C 30 	
23	0.03116346	GpsDataControl.	IRP_MJ_READ	0000007b	TIMEOUT	Length 16: 36 2C 34 37 2C 32 32 34 2C 2C 31 34 2C 34 31 2C 	
24	0.01557740	GpsDataControl.	IRP_MJ_READ	0000007b	TIMEOUT	Length 16: 30 31 31 2C 2A 37 32 0D 0A 24 47 50 47 53 56 2C 	
25	0.01558271	GpsDataControl.	IRP_MJ_READ	0000007b	TIMEOUT	Length 16: 33 2C 32 2C 31 31 2C 32 36 2C 34 30 2C 31 31 35 	
26	0.01553466	GpsDataControl.	IRP_MJ_READ	0000007b	TIMEOUT	Length 16: 2C 2C 32 31 2C 33 35 2C 31 31 32 2C 2C 30 33 2C 	
27	0.01557712	GpsDataControl.	IRP_MJ_READ	0000007b	TIMEOUT	Length 16: 33 31 2C 32 32 34 2C 2C 31 36 2C 32 39 2C 32 39 	
28	0.01540168	GpsDataControl.	IRP_MJ_READ	0000007b	TIMEOUT	Length 16: 35 2C 2A 37 44 0D 0A 24 47 50 47 53 56 2C 33 2C 	
29	0.03120732	GpsDataControl.	IRP_MJ_READ	0000007b	TIMEOUT	Length 16: 33 2C 31 31 2C 32 39 2C 31 38 2C 30 33 37 2C 2C 	
30	0.01558299	GpsDataControl.	IRP_MJ_READ	0000007b	TIMEOUT	Length 16: 31 39 2C 30 37 2C 32 31 38 2C 2C 32 34 2C 30 35 	
31	0.01558187	GpsDataControl.	IRP_MJ_READ	0000007b	TIMEOUT	Length 16: 2C 30 39 30 2C 2A 34 31 0D 0A 24 47 50 52 4D 43 	
32	0.01558299	GpsDataControl.	IRP_MJ_READ	0000007b	TIMEOUT	Length 16: 2C 31 38 31 36 31 38 2E 32 36 31 2C 56 2C 2C 2C 	
33	0.01556790	GpsDataControl.	IRP_MJ_READ	0000007b	TIMEOUT	Length 16: 2C 2C 2C 2C 32 33 30 36 30 39 2C 2C 2C 4E 2A 34 	
34	0.20299871	GpsDataControl.	IRP_MJ_READ	0000007b	TIMEOUT	Length 0: 	
35	0.20300373	GpsDataControl.	IRP_MJ_READ	0000007b	TIMEOUT	Length 0: 	
36	0.20308894	GpsDataControl.	IRP_MJ_READ	0000007b	TIMEOUT	Length 0: 	
37	0.06186792	GpsDataControl.	IRP_MJ_READ	0000007b	TIMEOUT	Length 16: 31 0D 0A 24 47 50 47 47 41 2C 31 38 31 36 31 39 	
38	0.01555784	GpsDataControl.	IRP_MJ_READ	0000007b	TIMEOUT	Length 16: 2E 32 34 38 2C 2C 2C 2C 2C 30 2C 30 30 2C 2C 2C 	
39	0.03121263	GpsDataControl.	IRP_MJ_READ	0000007b	TIMEOUT	Length 16: 4D 2C 30 2E 30 2C 4D 2C 2C 30 30 30 30 2A 35 45 	
40	0.01558271	GpsDataControl.	IRP_MJ_READ	0000007b	TIMEOUT	Length 16: 0D 0A 24 47 50 47 53 41 2C 41 2C 31 2C 2C 2C 2C 	
41	0.01556986	GpsDataControl.	IRP_MJ_READ	0000007b	TIMEOUT	Length 16: 2C 2C 2C 2C 2C 2C 2C 2C 2C 2C 2C 2A 31 45 0D 0A 	
42	0.00930286	GpsDataControl.	IRP_MJ_READ	0000007b	SUCCESS	Length 16: 24 47 50 52 4D 43 2C 31 38 31 36 31 39 2E 32 34 	
43	0.00000279	GpsDataControl.	IOCTL_SERIAL_PURGE	0000007b	SUCCESS	Purge: TXCLEAR RXCLEAR	
44	0.00000196	GpsDataControl.	IOCTL_SERIAL_PURGE	0000007b	SUCCESS	Purge: TXCLEAR RXCLEAR	
45	0.00083251	GpsDataControl.	IRP_MJ_WRITE	0000007b	SUCCESS	Length 8: 93 01 01 03 00 00 00 00 	
46	0.00098001	GpsDataControl.	IRP_MJ_READ	0000007b	SUCCESS	Length 3: 93 00 00 	
47	0.00092777	GpsDataControl.	IRP_MJ_WRITE	0000007b	SUCCESS	Length 8: 00 00 00 00 00 00 00 68 	
48	0.00098029	GpsDataControl.	IRP_MJ_READ	0000007b	SUCCESS	Length 3: 93 00 00 	
49	0.00000223	GpsDataControl.	IOCTL_SERIAL_PURGE	0000007b	SUCCESS	Purge: TXCLEAR RXCLEAR	
50	0.00000196	GpsDataControl.	IOCTL_SERIAL_PURGE	0000007b	SUCCESS	Purge: TXCLEAR RXCLEAR	
51	0.00088531	GpsDataControl.	IRP_MJ_WRITE	0000007b	SUCCESS	Length 8: 93 05 07 10 00 04 03 00 	
52	0.00097834	GpsDataControl.	IRP_MJ_READ	0000007b	SUCCESS	Length 3: 93 00 00 	
53	0.00091073	GpsDataControl.	IRP_MJ_WRITE	0000007b	SUCCESS	Length 8: 00 00 00 00 00 00 00 4A 	
54	0.00189633	GpsDataControl.	IRP_MJ_READ	0000007b	TIMEOUT	Length 3: 93 10 00 	
55	0.01558746	GpsDataControl.	IRP_MJ_READ	0000007b	TIMEOUT	Length 128: 01 0D 72 20 FF 0F FF 3C 00 F1 FF FF FF FF FF FF FF FF FF FF FF FF FF FF FF FF FF FF FF FF FF FF FF FF FF FF FF FF FF FF FF FF FF FF FF FF FF FF FF FF FF FF FF FF FF FF FF FF FF FF FF FF FF FF FF FF FF FF FF FF FF FF FF FF FF FF FF FF FF FF FF FF FF FF FF FF FF FF FF FF FF FF FF FF FF FF FF FF FF FF FF FF FF FF FF FF FF FF FF FF FF FF FF FF FF FF FF FF FF FF FF FF FF FF FF FF FF FF 	
56	0.01323660	GpsDataControl.	IRP_MJ_READ	0000007b	TIMEOUT	Length 128: FF FF FF FF FF FF FF FF FF FF FF FF FF FF FF FF FF FF FF FF FF FF FF FF FF FF FF FF FF FF FF FF FF FF FF FF FF FF FF FF FF FF FF FF FF FF FF FF FF FF FF FF FF FF FF FF FF FF FF FF FF FF FF FF FF FF FF FF FF FF FF FF FF FF FF FF FF FF FF FF FF FF FF FF FF FF FF FF FF FF FF FF FF FF FF FF FF FF FF FF FF FF FF FF FF FF FF FF FF FF FF FF FF FF FF FF FF FF FF FF FF FF FF FF FF FF FF FF 	
57	0.01544610	GpsDataControl.	IRP_MJ_READ	0000007b	TIMEOUT	Length 112: 00 00 00 00 3C 3C 00 3B 01 A0 09 C8 0C 01 2C 32 05 14 01 01 01 02 02 05 0A 0A 18 6A 0C 35 04 E2 00 BB 01 17 1E 00 01 08 08 04 04 02 02 02 02 00 00 20 0F 01 01 01 01 28 00 00 00 00 00 00 00 00 00 00 00 00 3C 3C 00 05 00 00 00 C8 0C 01 2C 32 05 14 01 01 01 02 02 05 0A 0A 18 6A 0C 35 04 E2 00 BB 01 17 1E 00 01 08 08 04 04 02 02 02 02 00 	
58	0.01551845	GpsDataControl.	IRP_MJ_READ	0000007b	TIMEOUT	Length 128: 00 20 0F 01 01 01 01 28 00 00 00 00 00 00 00 00 00 00 00 00 3C 3C 00 05 00 00 00 C8 0C 01 2C 32 05 14 01 01 01 02 02 05 0A 0A 18 6A 0C 35 04 E2 00 BB 01 17 1E 00 01 08 08 04 04 02 02 02 02 00 00 20 0F 01 01 01 01 28 00 00 00 00 00 00 00 00 00 00 00 00 3C 3C 00 05 00 00 00 C8 0C 01 2C 32 05 14 01 01 01 02 02 05 0A 0A 18 6A 0C 35 04 E2 00 BB 01 17 1E 00 01 08 08 04 04 02 02 02 02 00 	
59	0.01549862	GpsDataControl.	IRP_MJ_READ	0000007b	TIMEOUT	Length 128: 00 20 0F 01 01 01 01 28 00 00 00 00 00 00 00 00 00 00 00 00 3C 3C 00 05 00 00 00 C8 0C 01 2C 32 05 14 01 01 01 02 02 05 0A 0A 18 6A 0C 35 04 E2 00 BB 01 17 1E 00 01 08 08 04 04 02 02 02 02 00 00 20 0F 01 01 01 01 28 00 00 00 00 00 00 00 00 00 00 00 00 3C 3C 00 05 00 00 00 C8 0C 01 2C 32 05 14 01 01 01 02 02 05 0A 0A 18 6A 0C 35 04 E2 00 BB 01 17 1E 00 01 08 08 04 04 02 02 02 02 00 	
60	0.01542487	GpsDataControl.	IRP_MJ_READ	0000007b	TIMEOUT	Length 128: 00 20 0F 01 01 01 01 28 00 00 00 00 00 00 00 00 00 00 00 00 3C 3C 00 05 00 00 00 C8 0C 01 2C 32 05 14 01 01 01 02 02 05 0A 0A 18 6A 0C 35 04 E2 00 BB 01 17 1E 00 01 08 08 04 04 02 02 02 02 00 00 20 0F 01 01 01 01 28 00 00 00 00 00 00 00 00 00 00 00 00 3C 3C 00 05 00 00 00 C8 0C 01 2C 32 05 14 01 01 01 02 02 05 0A 0A 18 6A 0C 35 04 E2 00 BB 01 17 1E 00 01 08 08 04 04 02 02 02 02 00 	
61	0.01550532	GpsDataControl.	IRP_MJ_READ	0000007b	TIMEOUT	Length 128: 00 20 0F 01 01 01 01 28 00 00 00 00 00 00 00 00 00 00 00 00 3C 3C 00 05 00 00 00 C8 0C 01 2C 32 05 14 01 01 01 02 02 05 0A 0A 18 6A 0C 35 04 E2 00 BB 01 17 1E 00 01 08 08 04 04 02 02 02 02 00 00 20 0F 01 01 01 01 28 00 00 00 00 00 00 00 00 00 00 00 00 3C 3C 00 05 00 00 00 C8 0C 01 2C 32 05 14 01 01 01 02 02 05 0A 0A 18 6A 0C 35 04 E2 00 BB 01 17 1E 00 01 08 08 04 04 02 02 02 02 00 	
62	0.01529328	GpsDataControl.	IRP_MJ_READ	0000007b	TIMEOUT	Length 112: 00 20 0F 01 01 01 01 28 00 00 00 00 00 00 00 00 00 00 00 00 3C 3C 00 05 00 00 00 C8 0C 01 2C 32 05 14 01 01 01 02 02 05 0A 0A 18 6A 0C 35 04 E2 00 BB 01 17 1E 00 01 08 08 04 04 02 02 02 02 00 00 20 0F 01 01 01 01 28 00 00 00 00 00 00 00 00 00 00 00 00 3C 3C 00 05 00 00 00 C8 0C 01 2C 32 05 14 01 01 01 02 02 05 0A 0A 18 6A 0C 35 04 E2 	
63	0.01544945	GpsDataControl.	IRP_MJ_READ	0000007b	TIMEOUT	Length 128: 00 BB 01 17 1E 00 01 08 08 04 04 02 02 02 02 00 00 20 0F 01 01 01 01 28 00 00 00 00 00 00 00 00 00 00 00 00 3C 3C 00 05 00 00 00 C8 0C 01 2C 32 05 14 01 01 01 02 02 05 0A 0A 18 6A 0C 35 04 E2 00 BB 01 17 1E 00 01 08 08 04 04 02 02 02 02 00 00 20 0F 01 01 01 01 28 00 00 00 00 00 00 00 00 00 00 00 00 3C 3C 00 05 00 00 00 C8 0C 01 2C 32 05 14 01 01 01 02 02 05 0A 0A 18 6A 0C 35 04 E2 	
64	0.01547124	GpsDataControl.	IRP_MJ_READ	0000007b	TIMEOUT	Length 128: 00 BB 01 17 1E 00 01 08 08 04 04 02 02 02 02 00 00 20 0F 01 01 01 01 28 00 00 00 00 00 00 00 00 00 00 00 00 3C 3C 00 05 00 00 00 C8 0C 01 2C 32 05 14 01 01 01 02 02 05 0A 0A 18 6A 0C 35 04 E2 00 BB 01 17 1E 00 01 08 08 04 04 02 02 02 02 00 00 20 0F 01 01 01 01 28 00 00 00 00 00 00 00 00 00 00 00 00 3C 3C 00 05 00 00 00 C8 0C 01 2C 32 05 14 01 01 01 02 02 05 0A 0A 18 6A 0C 35 04 E2 	
65	0.01550504	GpsDataControl.	IRP_MJ_READ	0000007b	TIMEOUT	Length 128: 00 BB 01 17 1E 00 01 08 08 04 04 02 02 02 02 00 00 20 0F 01 01 01 01 28 00 00 00 00 00 00 00 00 00 00 00 00 3C 3C 00 05 00 00 00 C8 0C 01 2C 32 05 14 01 01 01 02 02 05 0A 0A 18 6A 0C 35 04 E2 00 BB 01 17 1E 00 01 08 08 04 04 02 02 02 02 00 00 20 0F 01 01 01 01 28 00 00 00 00 00 00 00 00 00 00 00 00 3C 3C 00 05 00 00 00 C8 0C 01 2C 32 05 14 01 01 01 02 02 05 0A 0A 18 6A 0C 35 04 E2 	
66	0.01549359	GpsDataControl.	IRP_MJ_READ	0000007b	TIMEOUT	Length 128: 00 BB 01 17 1E 00 01 08 08 04 04 02 02 02 02 00 00 20 0F 01 01 01 01 28 00 00 00 00 00 00 00 00 00 00 00 00 3C 3C 00 05 00 00 00 C8 0C 01 2C 32 05 14 01 01 01 02 02 05 0A 0A 18 6A 0C 35 04 E2 00 BB 01 17 1E 00 01 08 08 04 04 02 02 02 02 00 00 20 0F 01 01 01 01 28 00 00 00 00 00 00 00 00 00 00 00 00 3C 3C 00 05 00 00 00 C8 0C 01 2C 32 05 14 01 01 01 02 02 05 0A 0A 18 6A 0C 35 04 E2 	
67	0.01548884	GpsDataControl.	IRP_MJ_READ	0000007b	TIMEOUT	Length 128: 00 BB 01 17 1E 00 01 08 08 04 04 02 02 02 02 00 00 20 0F 01 01 01 01 28 00 00 00 00 00 00 00 00 00 00 00 00 3C 3C 00 05 00 00 00 C8 0C 01 2C 32 05 14 01 01 01 02 02 05 0A 0A 18 6A 0C 35 04 E2 00 BB 01 17 1E 00 01 08 08 04 04 02 02 02 02 00 00 20 0F 01 01 01 01 28 00 00 00 00 00 00 00 00 00 00 00 00 3C 3C 00 05 00 00 00 C8 0C 01 2C 32 05 14 01 01 01 02 02 05 0A 0A 18 6A 0C 35 04 E2 	
68	0.01545699	GpsDataControl.	IRP_MJ_READ	0000007b	TIMEOUT	Length 112: 00 BB 01 17 1E 00 01 08 08 04 04 02 02 02 02 00 00 20 0F 01 01 01 01 28 00 00 00 00 00 00 00 00 00 00 00 00 3C 3C 00 05 00 00 00 C8 0C 01 2C 32 05 14 01 01 01 02 02 05 0A 0A 18 6A 0C 35 04 E2 00 BB 01 17 1E 00 01 08 08 04 04 02 02 02 02 00 00 20 0F 01 01 01 01 28 00 00 00 00 00 00 00 00 00 00 00 00 3C 3C 00 05 00 00 00 C8 0C 01 2C 32 	
69	0.01551482	GpsDataControl.	IRP_MJ_READ	0000007b	TIMEOUT	Length 128: 05 14 01 01 01 02 02 05 0A 0A 18 6A 0C 35 04 E2 00 BB 01 17 1E 00 01 08 08 04 04 02 02 02 02 00 00 20 0F 01 01 01 01 28 00 00 00 00 00 00 00 00 00 00 00 00 3C 3C 00 05 00 00 00 C8 0C 01 2C 32 05 14 01 01 01 02 02 05 0A 0A 18 6A 0C 35 04 E2 00 BB 01 17 1E 00 01 08 08 04 04 02 02 02 02 00 00 20 0F 01 01 01 01 28 00 00 00 00 00 00 00 00 00 00 00 00 3C 3C 00 05 00 00 00 C8 0C 01 2C 32 	
70	0.01550700	GpsDataControl.	IRP_MJ_READ	0000007b	TIMEOUT	Length 128: 05 14 01 01 01 02 02 05 0A 0A 18 6A 0C 35 04 E2 00 BB 01 17 1E 00 01 08 08 04 04 02 02 02 02 00 00 20 0F 01 01 01 01 28 00 00 00 00 00 00 00 00 00 00 00 00 3C 3C 00 05 00 00 00 C8 0C 01 2C 32 05 14 01 01 01 02 02 05 0A 0A 18 6A 0C 35 04 E2 00 BB 01 17 1E 00 01 08 08 04 04 02 02 02 02 00 00 20 0F 01 01 01 01 28 00 00 00 00 00 00 00 00 00 00 00 00 3C 3C 00 05 00 00 00 C8 0C 01 2C 32 	
71	0.01540000	GpsDataControl.	IRP_MJ_READ	0000007b	TIMEOUT	Length 128: 05 14 01 01 01 02 02 05 0A 0A 18 6A 0C 35 04 E2 00 BB 01 17 1E 00 01 08 08 04 04 02 02 02 02 00 00 20 0F 01 01 01 01 28 00 00 00 00 00 00 00 00 00 00 00 00 00 00 00 00 00 00 00 00 00 00 00 00 00 00 00 00 00 00 00 00 00 00 00 00 00 00 00 00 00 00 00 00 00 00 00 00 00 00 00 00 00 00 00 00 00 00 00 00 00 00 00 00 00 00 00 00 00 00 00 00 00 00 00 00 00 00 00 00 00 00 00 00 00 00 00 00 	
72	0.01547068	GpsDataControl.	IRP_MJ_READ	0000007b	TIMEOUT	Length 128: 00 00 00 00 00 00 00 00 00 00 00 00 00 00 00 00 00 00 00 00 00 00 00 00 00 00 00 00 00 00 00 00 00 00 00 00 00 00 00 00 00 00 00 00 00 00 00 00 00 00 00 00 00 00 00 00 00 00 00 00 00 00 00 00 00 00 00 00 00 00 00 00 00 00 00 00 00 00 00 00 00 00 00 00 00 00 00 00 00 00 00 00 00 00 00 00 00 00 00 00 00 00 00 00 00 00 00 00 00 00 00 00 00 00 00 00 00 00 00 00 00 00 00 00 00 00 00 00 	
73	0.01550421	GpsDataControl.	IRP_MJ_READ	0000007b	TIMEOUT	Length 112: 00 00 00 00 00 00 00 00 00 00 00 00 00 00 00 00 00 00 00 00 00 00 00 00 00 00 00 00 00 00 00 00 00 00 00 00 00 00 00 00 00 00 00 00 00 00 00 00 A0 A2 00 19 80 FF D2 7B EB 00 4B C8 62 00 28 92 AF 00 01 77 00 01 3A 18 84 05 A7 0C 88 09 24 B0 B3 00 00 00 00 00 00 00 00 00 00 00 00 00 00 00 00 00 00 00 00 00 00 00 00 00 00 00 00 00 00 00 	
74	0.01527876	GpsDataControl.	IRP_MJ_READ	0000007b	TIMEOUT	Length 128: 00 00 00 00 00 00 00 00 00 00 00 00 00 00 00 00 00 00 00 00 00 00 00 00 00 00 00 00 00 00 00 00 00 00 00 00 00 00 00 00 00 00 00 00 00 00 00 00 00 00 00 00 00 00 00 00 00 00 00 00 00 00 00 00 00 00 00 00 00 00 00 00 00 00 00 00 00 00 00 00 00 00 00 00 00 00 00 00 00 00 00 00 00 00 00 00 00 00 00 00 00 00 00 00 00 00 00 00 00 00 00 00 00 00 00 00 00 00 00 00 00 00 00 00 00 00 00 00 	
75	0.01548912	GpsDataControl.	IRP_MJ_READ	0000007b	TIMEOUT	Length 128: 00 00 00 00 00 00 00 00 00 00 00 00 00 00 00 00 00 00 00 00 00 00 00 00 00 00 00 00 00 00 00 00 00 00 00 00 00 00 00 00 00 00 00 00 00 00 00 00 00 00 00 00 00 00 00 00 00 00 00 00 00 00 00 00 32 11 A0 A2 00 09 97 00 00 00 C8 00 00 00 C8 02 27 B0 B3 00 00 00 00 00 00 00 00 00 00 00 00 00 32 17 A0 A2 00 0F A7 00 00 03 E8 00 2D C6 C0 00 00 07 08 00 01 03 19 B0 B3 00 00 00 00 00 00 00 	
76	0.01543436	GpsDataControl.	IRP_MJ_READ	0000007b	TIMEOUT	Length 128: 32 00 00 00 00 00 00 00 00 00 00 00 00 00 00 00 00 00 00 00 00 00 00 00 00 00 00 00 00 00 00 00 00 00 00 00 00 00 00 00 00 00 00 00 00 00 00 00 00 00 00 00 00 00 00 00 00 00 00 00 00 00 00 00 00 00 00 00 00 00 00 00 00 00 00 00 00 00 00 00 00 00 00 00 00 00 00 00 00 00 00 00 00 00 00 00 00 00 00 00 00 00 00 00 00 00 00 00 00 00 00 00 00 00 00 00 00 00 00 00 00 00 00 00 00 00 00 00 	
77	0.01547850	GpsDataControl.	IRP_MJ_READ	0000007b	TIMEOUT	Length 128: 00 00 00 00 00 00 00 00 00 00 00 00 00 00 00 00 00 00 00 00 00 00 00 00 00 00 00 00 00 00 00 00 00 00 00 00 00 00 00 00 00 00 00 00 00 00 00 00 00 00 00 00 00 00 00 00 00 00 00 00 00 00 00 00 00 00 00 00 00 00 00 00 00 00 00 00 00 00 00 00 00 00 00 00 00 00 00 00 00 00 00 00 00 00 00 00 00 00 00 00 00 00 00 00 00 00 00 00 00 00 00 00 00 00 00 00 00 00 00 00 00 00 00 00 00 00 00 00 	
78	0.01548102	GpsDataControl.	IRP_MJ_READ	0000007b	TIMEOUT	Length 112: 00 00 00 00 00 00 00 00 00 00 00 00 00 00 00 00 00 00 00 00 00 00 00 00 00 00 00 00 00 00 00 00 00 00 00 00 00 00 00 00 00 00 00 00 00 00 00 00 00 00 00 00 00 00 00 00 00 00 00 00 00 00 00 00 00 00 00 00 00 00 00 00 00 00 00 00 00 00 00 00 00 00 00 00 00 00 00 00 00 00 00 00 00 00 00 00 00 00 00 00 00 00 00 00 00 00 00 00 00 00 00 00 	
79	0.01545560	GpsDataControl.	IRP_MJ_READ	0000007b	TIMEOUT	Length 128: 00 00 00 00 00 00 00 00 00 00 00 00 00 00 00 00 00 00 00 00 00 00 00 00 00 00 00 00 00 00 00 00 00 00 00 00 00 00 00 00 00 00 00 00 00 00 00 00 00 00 00 00 00 00 00 00 00 00 00 00 00 00 00 00 00 00 00 00 00 00 00 00 00 00 00 00 00 00 00 00 00 00 00 00 00 00 00 00 00 00 00 00 00 00 00 00 00 00 00 00 00 00 00 00 00 00 00 00 00 00 00 00 00 00 00 00 00 00 00 00 00 00 00 00 00 00 00 00 	
80	0.01548549	GpsDataControl.	IRP_MJ_READ	0000007b	TIMEOUT	Length 128: 00 00 00 00 00 00 00 00 00 00 00 00 00 00 00 00 00 00 00 00 00 00 00 00 00 00 00 00 00 00 00 00 00 00 00 00 00 00 00 00 00 00 00 00 00 00 00 00 00 00 00 00 00 00 00 00 00 00 00 00 00 00 00 00 00 00 00 00 00 00 00 00 00 00 00 00 00 00 00 00 00 00 00 00 00 00 00 00 00 00 00 00 00 00 00 00 00 00 00 00 00 00 00 00 00 00 00 00 00 00 00 00 00 00 00 00 00 00 00 00 00 00 00 00 00 00 00 00 	
81	0.01549275	GpsDataControl.	IRP_MJ_READ	0000007b	TIMEOUT	Length 128: 00 00 00 00 00 00 00 00 00 00 00 00 00 00 00 00 00 00 00 00 00 00 00 00 00 00 00 00 00 00 00 00 00 00 00 00 00 00 00 00 00 00 00 00 00 00 00 00 00 00 00 00 00 00 00 00 00 00 00 00 00 00 00 00 00 00 00 00 00 00 00 00 00 00 00 00 00 00 00 00 00 00 00 00 00 00 00 00 00 00 00 00 00 00 00 00 00 00 00 00 00 00 00 00 00 00 00 00 00 00 00 00 00 00 00 00 00 00 00 00 00 00 00 00 00 00 00 00 	
82	0.01537179	GpsDataControl.	IRP_MJ_READ	0000007b	TIMEOUT	Length 128: 00 00 00 00 00 00 00 00 00 00 00 00 00 00 00 00 00 00 00 00 00 00 00 00 00 00 00 00 00 00 00 00 00 00 00 00 00 00 00 00 00 00 00 00 00 00 00 00 00 00 00 00 00 00 00 00 00 00 00 00 00 00 00 00 00 00 00 00 00 00 00 00 00 00 00 00 00 00 00 00 00 00 00 00 00 00 00 00 00 00 00 00 00 00 00 00 00 00 00 00 00 00 00 00 00 00 00 00 00 00 00 00 00 00 00 00 00 00 00 00 00 00 00 00 00 00 00 00 	
83	0.01548297	GpsDataControl.	IRP_MJ_READ	0000007b	TIMEOUT	Length 128: 00 00 00 00 00 00 00 00 00 00 00 00 00 00 00 00 00 00 00 00 00 00 00 00 00 00 00 00 00 00 00 00 00 00 00 00 00 00 00 00 00 00 00 00 00 00 00 00 00 00 00 00 00 00 00 00 00 00 00 00 00 00 00 00 00 00 00 00 00 00 00 00 00 00 00 00 00 00 00 00 00 00 00 00 00 00 00 00 00 00 00 00 00 00 00 00 00 00 00 00 00 00 00 00 00 00 00 00 00 00 00 00 00 00 00 00 00 00 00 00 00 00 00 00 00 00 00 00 	
84	0.01546146	GpsDataControl.	IRP_MJ_READ	0000007b	TIMEOUT	Length 112: 00 00 00 00 00 00 00 00 00 00 00 00 00 00 00 00 00 00 00 00 00 00 00 00 00 00 00 00 00 00 00 00 00 00 00 00 00 00 00 00 00 00 00 00 00 00 00 00 00 00 00 00 00 00 00 00 00 00 00 00 00 00 00 00 00 00 00 00 00 00 00 00 00 00 00 00 00 00 00 00 00 00 00 00 00 00 00 00 00 00 00 00 00 00 00 00 00 00 00 00 00 00 00 00 00 00 00 00 00 00 00 00 	
85	0.01551789	GpsDataControl.	IRP_MJ_READ	0000007b	TIMEOUT	Length 128: 00 00 00 00 00 00 00 00 00 00 00 00 00 00 00 00 00 00 00 00 00 00 00 00 00 00 00 00 00 00 00 00 00 00 00 00 00 00 00 00 00 00 00 00 00 00 00 00 00 00 00 00 00 00 00 00 00 00 00 00 00 00 00 00 00 00 00 00 00 00 00 00 00 00 00 00 00 00 00 00 00 00 00 00 00 00 00 00 00 00 00 00 00 00 00 00 00 00 00 00 00 00 00 00 00 00 00 00 00 00 00 00 00 00 00 00 00 00 00 00 00 00 00 00 00 00 00 00 	
86	0.01551007	GpsDataControl.	IRP_MJ_READ	0000007b	TIMEOUT	Length 128: 00 00 00 00 00 00 00 00 00 00 00 00 00 00 00 00 00 00 00 00 00 00 00 00 00 00 00 00 00 00 00 00 00 00 00 00 00 00 00 00 00 00 00 00 00 00 00 00 00 00 00 00 00 00 00 00 00 00 00 00 00 00 00 00 00 00 00 00 00 00 00 00 00 00 00 00 00 00 00 00 00 00 00 00 00 00 00 00 00 00 00 00 00 00 00 00 00 00 00 00 00 00 00 00 00 00 00 00 00 00 00 00 00 00 00 00 00 00 00 00 00 00 00 00 00 00 00 00 	
87	0.01093267	GpsDataControl.	IRP_MJ_READ	0000007b	SUCCESS	Length 96: 00 00 00 00 00 00 00 00 00 00 00 00 00 00 00 00 00 00 00 00 00 00 00 00 00 00 00 00 00 00 00 00 00 00 00 00 00 00 00 00 00 00 00 00 00 00 00 00 00 00 00 00 00 00 00 00 00 00 00 00 00 00 00 00 00 00 00 00 00 00 00 00 00 00 00 00 00 00 00 00 00 01 02 03 04 05 06 07 08 09 0A 0B 0C 0D 0E 0F 	
88	0.00000307	GpsDataControl.	IOCTL_SERIAL_PURGE	0000007b	SUCCESS	Purge: TXCLEAR RXCLEAR	
89	0.00082999	GpsDataControl.	IRP_MJ_WRITE	0000007b	SUCCESS	Length 8: 93 05 04 00 03 01 9F 00 	
90	0.00098029	GpsDataControl.	IRP_MJ_READ	0000007b	SUCCESS	Length 3: 93 00 00 	
91	0.00091967	GpsDataControl.	IRP_MJ_WRITE	0000007b	SUCCESS	Length 8: 00 00 00 00 00 00 00 C1 	
92	0.00154740	GpsDataControl.	IRP_MJ_READ	0000007b	TIMEOUT	Length 3: 93 00 03 	
93	0.00000587	GpsDataControl.	IRP_MJ_READ	0000007b	SUCCESS	Length 3: C2 20 15 	
94	0.00000279	GpsDataControl.	IOCTL_SERIAL_PURGE	0000007b	SUCCESS	Purge: TXCLEAR RXCLEAR	
95	0.00028998	GpsDataControl.	IRP_MJ_WRITE	0000007b	SUCCESS	Length 8: 93 0A 00 00 00 00 00 00 	
96	0.00097750	GpsDataControl.	IRP_MJ_READ	0000007b	SUCCESS	Length 3: 93 00 00 	
97	0.00091324	GpsDataControl.	IRP_MJ_WRITE	0000007b	SUCCESS	Length 8: 00 00 00 00 00 00 00 63 	
98	0.00098560	GpsDataControl.	IRP_MJ_READ	0000007b	SUCCESS	Length 13: 93 00 0A 70 88 03 00 03 03 00 01 11 00 	
99	0.00000531	GpsDataControl.	IOCTL_SERIAL_PURGE	0000007b	SUCCESS	Purge: TXCLEAR RXCLEAR	
100	0.00026819	GpsDataControl.	IRP_MJ_WRITE	0000007b	SUCCESS	Length 8: 93 0B 03 00 1D 00 00 00 	
101	0.00156081	GpsDataControl.	IRP_MJ_READ	0000007b	SUCCESS	Length 3: 93 00 00 	
102	0.00078083	GpsDataControl.	IRP_MJ_WRITE	0000007b	SUCCESS	Length 8: 00 00 00 00 00 00 00 42 	
103	0.00298027	GpsDataControl.	IRP_MJ_READ	0000007b	SUCCESS	Length 6: 93 00 03 93 03 51 	
104	0.00000503	GpsDataControl.	IOCTL_SERIAL_PURGE	0000007b	SUCCESS	Purge: TXCLEAR RXCLEAR	
105	0.00088643	GpsDataControl.	IRP_MJ_WRITE	0000007b	SUCCESS	Length 8: 93 05 07 10 00 04 03 00 	
106	0.00000419	GpsDataControl.	IRP_MJ_READ	0000007b	SUCCESS	Length 3: 93 00 00 	
107	0.00084815	GpsDataControl.	IRP_MJ_WRITE	0000007b	SUCCESS	Length 8: 00 00 00 00 00 00 00 4A 	
108	0.00783731	GpsDataControl.	IRP_MJ_READ	0000007b	TIMEOUT	Length 51: 93 10 00 01 0D 72 20 FF 0F FF 3C 00 F1 FF FF FF FF FF FF FF FF FF FF FF FF FF FF FF FF FF FF FF FF FF FF FF FF FF FF FF FF FF FF FF FF FF FF FF FF FF FF 	
109	0.01550840	GpsDataControl.	IRP_MJ_READ	0000007b	TIMEOUT	Length 128: FF FF FF FF FF FF FF FF FF FF FF FF FF FF FF FF FF FF FF FF FF FF FF FF FF FF FF FF FF FF FF FF FF FF FF FF FF FF FF FF FF FF FF FF FF FF FF FF FF FF FF FF FF FF FF FF FF FF FF FF FF FF FF FF FF FF FF FF FF FF FF FF FF FF FF FF FF FF FF FF FF FF FF FF FF FF FF FF FF FF FF FF FF FF FF FF FF FF FF FF FF FF FF FF FF FF FF FF FF FF FF FF FF FF FF FF FF FF FF FF FF FF FF FF FF FF FF FF 	
110	0.01549219	GpsDataControl.	IRP_MJ_READ	0000007b	TIMEOUT	Length 128: FF FF FF FF FF FF FF FF FF FF FF FF FF FF FF FF FF FF FF FF FF FF FF FF FF FF FF FF FF FF FF FF FF FF FF FF FF FF FF FF FF FF FF FF FF FF FF FF FF FF FF FF FF FF FF FF FF FF FF FF FF FF FF FF FF FF FF FF FF FF FF FF FF FF FF FF FF FF FF FF 00 00 00 00 3C 3C 00 3B 01 A0 09 C8 0C 01 2C 32 05 14 01 01 01 02 02 05 0A 0A 18 6A 0C 35 04 E2 00 BB 01 17 1E 00 01 08 08 04 04 02 02 02 02 00 	
111	0.01535838	GpsDataControl.	IRP_MJ_READ	0000007b	TIMEOUT	Length 112: 00 20 0F 01 01 01 01 28 00 00 00 00 00 00 00 00 00 00 00 00 3C 3C 00 05 00 00 00 C8 0C 01 2C 32 05 14 01 01 01 02 02 05 0A 0A 18 6A 0C 35 04 E2 00 BB 01 17 1E 00 01 08 08 04 04 02 02 02 02 00 00 20 0F 01 01 01 01 28 00 00 00 00 00 00 00 00 00 00 00 00 3C 3C 00 05 00 00 00 C8 0C 01 2C 32 05 14 01 01 01 02 02 05 0A 0A 18 6A 0C 35 04 E2 	
112	0.01551314	GpsDataControl.	IRP_MJ_READ	0000007b	TIMEOUT	Length 128: 00 BB 01 17 1E 00 01 08 08 04 04 02 02 02 02 00 00 20 0F 01 01 01 01 28 00 00 00 00 00 00 00 00 00 00 00 00 3C 3C 00 05 00 00 00 C8 0C 01 2C 32 05 14 01 01 01 02 02 05 0A 0A 18 6A 0C 35 04 E2 00 BB 01 17 1E 00 01 08 08 04 04 02 02 02 02 00 00 20 0F 01 01 01 01 28 00 00 00 00 00 00 00 00 00 00 00 00 3C 3C 00 05 00 00 00 C8 0C 01 2C 32 05 14 01 01 01 02 02 05 0A 0A 18 6A 0C 35 04 E2 	
113	0.01531005	GpsDataControl.	IRP_MJ_READ	0000007b	TIMEOUT	Length 128: 00 BB 01 17 1E 00 01 08 08 04 04 02 02 02 02 00 00 20 0F 01 01 01 01 28 00 00 00 00 00 00 00 00 00 00 00 00 3C 3C 00 05 00 00 00 C8 0C 01 2C 32 05 14 01 01 01 02 02 05 0A 0A 18 6A 0C 35 04 E2 00 BB 01 17 1E 00 01 08 08 04 04 02 02 02 02 00 00 20 0F 01 01 01 01 28 00 00 00 00 00 00 00 00 00 00 00 00 3C 3C 00 05 00 00 00 C8 0C 01 2C 32 05 14 01 01 01 02 02 05 0A 0A 18 6A 0C 35 04 E2 	
114	0.01535614	GpsDataControl.	IRP_MJ_READ	0000007b	TIMEOUT	Length 128: 00 BB 01 17 1E 00 01 08 08 04 04 02 02 02 02 00 00 20 0F 01 01 01 01 28 00 00 00 00 00 00 00 00 00 00 00 00 3C 3C 00 05 00 00 00 C8 0C 01 2C 32 05 14 01 01 01 02 02 05 0A 0A 18 6A 0C 35 04 E2 00 BB 01 17 1E 00 01 08 08 04 04 02 02 02 02 00 00 20 0F 01 01 01 01 28 00 00 00 00 00 00 00 00 00 00 00 00 3C 3C 00 05 00 00 00 C8 0C 01 2C 32 05 14 01 01 01 02 02 05 0A 0A 18 6A 0C 35 04 E2 	
115	0.01547180	GpsDataControl.	IRP_MJ_READ	0000007b	TIMEOUT	Length 128: 00 BB 01 17 1E 00 01 08 08 04 04 02 02 02 02 00 00 20 0F 01 01 01 01 28 00 00 00 00 00 00 00 00 00 00 00 00 3C 3C 00 05 00 00 00 C8 0C 01 2C 32 05 14 01 01 01 02 02 05 0A 0A 18 6A 0C 35 04 E2 00 BB 01 17 1E 00 01 08 08 04 04 02 02 02 02 00 00 20 0F 01 01 01 01 28 00 00 00 00 00 00 00 00 00 00 00 00 3C 3C 00 05 00 00 00 C8 0C 01 2C 32 05 14 01 01 01 02 02 05 0A 0A 18 6A 0C 35 04 E2 	
116	0.01541844	GpsDataControl.	IRP_MJ_READ	0000007b	TIMEOUT	Length 112: 00 BB 01 17 1E 00 01 08 08 04 04 02 02 02 02 00 00 20 0F 01 01 01 01 28 00 00 00 00 00 00 00 00 00 00 00 00 3C 3C 00 05 00 00 00 C8 0C 01 2C 32 05 14 01 01 01 02 02 05 0A 0A 18 6A 0C 35 04 E2 00 BB 01 17 1E 00 01 08 08 04 04 02 02 02 02 00 00 20 0F 01 01 01 01 28 00 00 00 00 00 00 00 00 00 00 00 00 3C 3C 00 05 00 00 00 C8 0C 01 2C 32 	
117	0.01542123	GpsDataControl.	IRP_MJ_READ	0000007b	TIMEOUT	Length 128: 05 14 01 01 01 02 02 05 0A 0A 18 6A 0C 35 04 E2 00 BB 01 17 1E 00 01 08 08 04 04 02 02 02 02 00 00 20 0F 01 01 01 01 28 00 00 00 00 00 00 00 00 00 00 00 00 3C 3C 00 05 00 00 00 C8 0C 01 2C 32 05 14 01 01 01 02 02 05 0A 0A 18 6A 0C 35 04 E2 00 BB 01 17 1E 00 01 08 08 04 04 02 02 02 02 00 00 20 0F 01 01 01 01 28 00 00 00 00 00 00 00 00 00 00 00 00 3C 3C 00 05 00 00 00 C8 0C 01 2C 32 	
118	0.01549974	GpsDataControl.	IRP_MJ_READ	0000007b	TIMEOUT	Length 128: 05 14 01 01 01 02 02 05 0A 0A 18 6A 0C 35 04 E2 00 BB 01 17 1E 00 01 08 08 04 04 02 02 02 02 00 00 20 0F 01 01 01 01 28 00 00 00 00 00 00 00 00 00 00 00 00 3C 3C 00 05 00 00 00 C8 0C 01 2C 32 05 14 01 01 01 02 02 05 0A 0A 18 6A 0C 35 04 E2 00 BB 01 17 1E 00 01 08 08 04 04 02 02 02 02 00 00 20 0F 01 01 01 01 28 00 00 00 00 00 00 00 00 00 00 00 00 3C 3C 00 05 00 00 00 C8 0C 01 2C 32 	
119	0.01541090	GpsDataControl.	IRP_MJ_READ	0000007b	TIMEOUT	Length 128: 05 14 01 01 01 02 02 05 0A 0A 18 6A 0C 35 04 E2 00 BB 01 17 1E 00 01 08 08 04 04 02 02 02 02 00 00 20 0F 01 01 01 01 28 00 00 00 00 00 00 00 00 00 00 00 00 3C 3C 00 05 00 00 00 C8 0C 01 2C 32 05 14 01 01 01 02 02 05 0A 0A 18 6A 0C 35 04 E2 00 BB 01 17 1E 00 01 08 08 04 04 02 02 02 02 00 00 20 0F 01 01 01 01 28 00 00 00 00 00 00 00 00 00 00 00 00 3C 3C 00 05 00 00 00 C8 0C 01 2C 32 	
120	0.01548996	GpsDataControl.	IRP_MJ_READ	0000007b	TIMEOUT	Length 128: 05 14 01 01 01 02 02 05 0A 0A 18 6A 0C 35 04 E2 00 BB 01 17 1E 00 01 08 08 04 04 02 02 02 02 00 00 20 0F 01 01 01 01 28 00 00 00 00 00 00 00 00 00 00 00 00 3C 3C 00 05 00 00 00 C8 0C 01 2C 32 05 14 01 01 01 02 02 05 0A 0A 18 6A 0C 35 04 E2 00 BB 01 17 1E 00 01 08 08 04 04 02 02 02 02 00 00 20 0F 01 01 01 01 28 00 00 00 00 00 00 00 00 00 00 00 00 3C 3C 00 05 00 00 00 C8 0C 01 2C 32 	
121	0.01553186	GpsDataControl.	IRP_MJ_READ	0000007b	TIMEOUT	Length 128: 05 14 01 01 01 02 02 05 0A 0A 18 6A 0C 35 04 E2 00 BB 01 17 1E 00 01 08 08 04 04 02 02 02 02 00 00 20 0F 01 01 01 01 28 00 00 00 00 00 00 00 00 00 00 00 00 3C 3C 00 05 00 00 00 C8 0C 01 2C 32 05 14 01 01 01 02 02 05 0A 0A 18 6A 0C 35 04 E2 00 BB 01 17 1E 00 01 08 08 04 04 02 02 02 02 00 00 20 0F 01 01 01 01 28 00 00 00 00 00 00 00 00 00 00 00 00 3C 3C 00 05 00 00 00 C8 0C 01 2C 32 	
122	0.01543800	GpsDataControl.	IRP_MJ_READ	0000007b	TIMEOUT	Length 112: 05 14 01 01 01 02 02 05 0A 0A 18 6A 0C 35 04 E2 00 BB 01 17 1E 00 01 08 08 04 04 02 02 02 02 00 00 20 0F 01 01 01 01 28 00 00 00 00 00 00 00 00 00 00 00 00 3C 3C 00 05 00 00 00 C8 0C 01 2C 32 05 14 01 01 01 02 02 05 0A 0A 18 6A 0C 35 04 E2 00 BB 01 17 1E 00 01 08 08 04 04 02 02 02 02 00 00 20 0F 01 01 01 01 28 00 00 00 00 00 00 00 00 	
123	0.01548521	GpsDataControl.	IRP_MJ_READ	0000007b	TIMEOUT	Length 128: 00 00 00 00 3C 3C 00 05 00 00 00 C8 0C 01 2C 32 05 14 01 01 01 02 02 05 0A 0A 18 6A 0C 35 04 E2 00 BB 01 17 1E 00 01 08 08 04 04 02 02 02 02 00 00 20 0F 01 01 01 01 28 00 00 00 00 00 00 00 00 00 00 00 00 3C 3C 00 05 00 00 00 C8 0C 01 2C 32 05 14 01 01 01 02 02 05 0A 0A 18 6A 0C 35 04 E2 00 BB 01 17 1E 00 01 08 08 04 04 02 02 02 02 00 00 20 0F 01 01 01 01 28 00 00 00 00 00 00 00 00 	
124	0.01546426	GpsDataControl.	IRP_MJ_READ	0000007b	TIMEOUT	Length 128: 00 00 00 00 3C 3C 00 05 00 00 00 C8 0C 01 2C 32 05 14 01 01 01 02 02 05 0A 0A 18 6A 0C 35 04 E2 00 BB 01 17 1E 00 01 08 08 04 04 02 02 02 02 00 00 20 0F 01 01 01 01 28 00 00 00 00 00 00 00 00 00 00 00 00 3C 3C 00 05 00 00 00 C8 0C 01 2C 32 05 14 01 01 01 02 02 05 0A 0A 18 6A 0C 35 04 E2 00 BB 01 17 1E 00 01 08 08 04 04 02 02 02 02 00 00 20 0F 01 01 01 01 28 00 00 00 00 00 00 00 00 	
125	0.01550532	GpsDataControl.	IRP_MJ_READ	0000007b	TIMEOUT	Length 128: 00 00 00 00 00 00 00 00 00 00 00 00 00 00 00 00 00 00 00 00 00 00 00 00 00 00 00 00 00 00 00 00 00 00 00 00 00 00 00 00 00 00 00 00 00 00 00 00 00 00 00 00 00 00 00 00 00 00 00 00 00 00 00 00 00 00 00 00 00 00 00 00 00 00 00 00 00 00 00 00 00 00 00 00 00 00 00 00 00 00 00 00 00 00 00 00 00 00 00 00 00 00 00 00 00 00 00 00 00 00 00 00 00 00 00 00 00 00 00 00 00 00 00 00 00 00 00 00 	
126	0.01550001	GpsDataControl.	IRP_MJ_READ	0000007b	TIMEOUT	Length 128: 00 00 00 00 00 00 00 00 00 00 00 00 00 00 00 00 00 00 00 00 00 00 00 00 00 00 00 00 00 00 00 00 00 00 00 00 00 00 00 00 00 00 00 00 00 00 00 00 00 00 00 00 00 00 00 00 00 00 00 00 00 00 00 00 00 00 00 00 00 00 00 00 00 00 00 00 00 00 00 00 00 00 00 00 00 00 00 00 00 00 00 00 00 00 00 00 00 00 00 00 00 00 00 00 00 00 00 00 00 00 00 00 00 00 00 00 00 00 00 00 00 00 00 00 00 00 00 00 	
127	0.01542794	GpsDataControl.	IRP_MJ_READ	0000007b	TIMEOUT	Length 112: A0 A2 00 19 80 FF D2 7B EB 00 4B C8 62 00 28 92 AF 00 01 77 00 01 3A 18 84 05 A7 0C 88 09 24 B0 B3 00 00 00 00 00 00 00 00 00 00 00 00 00 00 00 00 00 00 00 00 00 00 00 00 00 00 00 00 00 00 00 00 00 00 00 00 00 00 00 00 00 00 00 00 00 00 00 00 00 00 00 00 00 00 00 00 00 00 00 00 00 00 00 00 00 00 00 00 00 00 00 00 00 00 00 00 00 00 00 	
128	0.01550616	GpsDataControl.	IRP_MJ_READ	0000007b	TIMEOUT	Length 128: 00 00 00 00 00 00 00 00 00 00 00 00 00 00 00 00 00 00 00 00 00 00 00 00 00 00 00 00 00 00 00 00 00 00 00 00 00 00 00 00 00 00 00 00 00 00 00 00 00 00 00 00 00 00 00 00 00 00 00 00 00 00 00 00 00 00 00 00 00 00 00 00 00 00 00 00 00 00 00 00 00 00 00 00 00 00 00 00 00 00 00 00 00 00 00 00 00 00 00 00 00 00 00 00 00 00 00 00 00 00 00 00 00 00 00 00 00 00 00 00 00 00 00 00 00 00 00 00 	
129	0.01549107	GpsDataControl.	IRP_MJ_READ	0000007b	TIMEOUT	Length 128: 00 00 00 00 00 00 00 00 00 00 00 00 00 00 00 00 32 11 A0 A2 00 09 97 00 00 00 C8 00 00 00 C8 02 27 B0 B3 00 00 00 00 00 00 00 00 00 00 00 00 00 32 17 A0 A2 00 0F A7 00 00 03 E8 00 2D C6 C0 00 00 07 08 00 01 03 19 B0 B3 00 00 00 00 00 00 00 32 00 00 00 00 00 00 00 00 00 00 00 00 00 00 00 00 00 00 00 00 00 00 00 00 00 00 00 00 00 00 00 00 00 00 00 00 00 00 00 00 00 00 00 00 00 00 00 	
130	0.01550700	GpsDataControl.	IRP_MJ_READ	0000007b	TIMEOUT	Length 128: 00 00 00 00 00 00 00 00 00 00 00 00 00 00 00 00 00 00 00 00 00 00 00 00 00 00 00 00 00 00 00 00 00 00 00 00 00 00 00 00 00 00 00 00 00 00 00 00 00 00 00 00 00 00 00 00 00 00 00 00 00 00 00 00 00 00 00 00 00 00 00 00 00 00 00 00 00 00 00 00 00 00 00 00 00 00 00 00 00 00 00 00 00 00 00 00 00 00 00 00 00 00 00 00 00 00 00 00 00 00 00 00 00 00 00 00 00 00 00 00 00 00 00 00 00 00 00 00 	
131	0.01546845	GpsDataControl.	IRP_MJ_READ	0000007b	TIMEOUT	Length 128: 00 00 00 00 00 00 00 00 00 00 00 00 00 00 00 00 00 00 00 00 00 00 00 00 00 00 00 00 00 00 00 00 00 00 00 00 00 00 00 00 00 00 00 00 00 00 00 00 00 00 00 00 00 00 00 00 00 00 00 00 00 00 00 00 00 00 00 00 00 00 00 00 00 00 00 00 00 00 00 00 00 00 00 00 00 00 00 00 00 00 00 00 00 00 00 00 00 00 00 00 00 00 00 00 00 00 00 00 00 00 00 00 00 00 00 00 00 00 00 00 00 00 00 00 00 00 00 00 	
132	0.01550728	GpsDataControl.	IRP_MJ_READ	0000007b	TIMEOUT	Length 112: 00 00 00 00 00 00 00 00 00 00 00 00 00 00 00 00 00 00 00 00 00 00 00 00 00 00 00 00 00 00 00 00 00 00 00 00 00 00 00 00 00 00 00 00 00 00 00 00 00 00 00 00 00 00 00 00 00 00 00 00 00 00 00 00 00 00 00 00 00 00 00 00 00 00 00 00 00 00 00 00 00 00 00 00 00 00 00 00 00 00 00 00 00 00 00 00 00 00 00 00 00 00 00 00 00 00 00 00 00 00 00 00 	
133	0.01545392	GpsDataControl.	IRP_MJ_READ	0000007b	TIMEOUT	Length 128: 00 00 00 00 00 00 00 00 00 00 00 00 00 00 00 00 00 00 00 00 00 00 00 00 00 00 00 00 00 00 00 00 00 00 00 00 00 00 00 00 00 00 00 00 00 00 00 00 00 00 00 00 00 00 00 00 00 00 00 00 00 00 00 00 00 00 00 00 00 00 00 00 00 00 00 00 00 00 00 00 00 00 00 00 00 00 00 00 00 00 00 00 00 00 00 00 00 00 00 00 00 00 00 00 00 00 00 00 00 00 00 00 00 00 00 00 00 00 00 00 00 00 00 00 00 00 00 00 	
134	0.01549834	GpsDataControl.	IRP_MJ_READ	0000007b	TIMEOUT	Length 128: 00 00 00 00 00 00 00 00 00 00 00 00 00 00 00 00 00 00 00 00 00 00 00 00 00 00 00 00 00 00 00 00 00 00 00 00 00 00 00 00 00 00 00 00 00 00 00 00 00 00 00 00 00 00 00 00 00 00 00 00 00 00 00 00 00 00 00 00 00 00 00 00 00 00 00 00 00 00 00 00 00 00 00 00 00 00 00 00 00 00 00 00 00 00 00 00 00 00 00 00 00 00 00 00 00 00 00 00 00 00 00 00 00 00 00 00 00 00 00 00 00 00 00 00 00 00 00 00 	
135	0.01550253	GpsDataControl.	IRP_MJ_READ	0000007b	TIMEOUT	Length 128: 00 00 00 00 00 00 00 00 00 00 00 00 00 00 00 00 00 00 00 00 00 00 00 00 00 00 00 00 00 00 00 00 00 00 00 00 00 00 00 00 00 00 00 00 00 00 00 00 00 00 00 00 00 00 00 00 00 00 00 00 00 00 00 00 00 00 00 00 00 00 00 00 00 00 00 00 00 00 00 00 00 00 00 00 00 00 00 00 00 00 00 00 00 00 00 00 00 00 00 00 00 00 00 00 00 00 00 00 00 00 00 00 00 00 00 00 00 00 00 00 00 00 00 00 00 00 00 00 	
136	0.01547767	GpsDataControl.	IRP_MJ_READ	0000007b	TIMEOUT	Length 128: 00 00 00 00 00 00 00 00 00 00 00 00 00 00 00 00 00 00 00 00 00 00 00 00 00 00 00 00 00 00 00 00 00 00 00 00 00 00 00 00 00 00 00 00 00 00 00 00 00 00 00 00 00 00 00 00 00 00 00 00 00 00 00 00 00 00 00 00 00 00 00 00 00 00 00 00 00 00 00 00 00 00 00 00 00 00 00 00 00 00 00 00 00 00 00 00 00 00 00 00 00 00 00 00 00 00 00 00 00 00 00 00 00 00 00 00 00 00 00 00 00 00 00 00 00 00 00 00 	
137	0.01553382	GpsDataControl.	IRP_MJ_READ	0000007b	TIMEOUT	Length 128: 00 00 00 00 00 00 00 00 00 00 00 00 00 00 00 00 00 00 00 00 00 00 00 00 00 00 00 00 00 00 00 00 00 00 00 00 00 00 00 00 00 00 00 00 00 00 00 00 00 00 00 00 00 00 00 00 00 00 00 00 00 00 00 00 00 00 00 00 00 00 00 00 00 00 00 00 00 00 00 00 00 00 00 00 00 00 00 00 00 00 00 00 00 00 00 00 00 00 00 00 00 00 00 00 00 00 00 00 00 00 00 00 00 00 00 00 00 00 00 00 00 00 00 00 00 00 00 00 	
138	0.01520137	GpsDataControl.	IRP_MJ_READ	0000007b	TIMEOUT	Length 112: 00 00 00 00 00 00 00 00 00 00 00 00 00 00 00 00 00 00 00 00 00 00 00 00 00 00 00 00 00 00 00 00 00 00 00 00 00 00 00 00 00 00 00 00 00 00 00 00 00 00 00 00 00 00 00 00 00 00 00 00 00 00 00 00 00 00 00 00 00 00 00 00 00 00 00 00 00 00 00 00 00 00 00 00 00 00 00 00 00 00 00 00 00 00 00 00 00 00 00 00 00 00 00 00 00 00 00 00 00 00 00 00 	
139	0.01539106	GpsDataControl.	IRP_MJ_READ	0000007b	TIMEOUT	Length 128: 00 00 00 00 00 00 00 00 00 00 00 00 00 00 00 00 00 00 00 00 00 00 00 00 00 00 00 00 00 00 00 00 00 00 00 00 00 00 00 00 00 00 00 00 00 00 00 00 00 00 00 00 00 00 00 00 00 00 00 00 00 00 00 00 00 00 00 00 00 00 00 00 00 00 00 00 00 00 00 00 00 00 00 00 00 00 00 00 00 00 00 00 00 00 00 00 00 00 00 00 00 00 00 00 00 00 00 00 00 00 00 00 00 00 00 00 00 00 00 00 00 00 00 00 00 00 00 00 	
140	0.01546426	GpsDataControl.	IRP_MJ_READ	0000007b	TIMEOUT	Length 128: 00 00 00 00 00 00 00 00 00 00 00 00 00 00 00 00 00 00 00 00 00 00 00 00 00 00 00 00 00 00 00 00 00 00 00 00 00 00 00 00 00 00 00 00 00 00 00 00 00 00 00 00 00 00 00 00 00 00 00 00 00 00 00 00 00 00 00 00 00 00 00 00 00 00 00 00 00 00 00 00 00 00 00 00 00 00 00 00 00 00 00 00 00 00 00 00 00 00 00 00 00 00 00 00 00 00 00 00 00 00 00 00 00 00 00 00 00 00 00 00 00 00 00 00 00 00 00 00 	
141	0.00496013	GpsDataControl.	IRP_MJ_READ	0000007b	SUCCESS	Length 48: 00 00 00 00 00 00 00 00 00 00 00 00 00 00 00 00 00 00 00 00 00 00 00 00 00 00 00 00 00 00 00 00 00 01 02 03 04 05 06 07 08 09 0A 0B 0C 0D 0E 0F 	
