[\\WAGBLOT]
0  0.00000000  GPSTracer.exe  IRP_MJ_CREATE  00000097  Options: Open 
0  0.00005308  SUCCESS  
1  0.00000000  GPSTracer.exe  IOCTL_SERIAL_SET_QUEUE_SIZE  00000097  InSize: 4100 OutSize: 4100
1  0.00000475  SUCCESS  
2  0.00000000  GPSTracer.exe  IOCTL_SERIAL_SET_TIMEOUTS  00000097  RI:10 RM:0 RC:200 WM:2 WC:1000
2  0.00000670  SUCCESS  
3  0.00000000  GPSTracer.exe  IOCTL_SERIAL_PURGE  00000097  Purge: TXCLEAR RXCLEAR
3  0.00000196  SUCCESS  
4  0.00000000  GPSTracer.exe  IOCTL_SERIAL_PURGE  00000097  Purge: TXCLEAR RXCLEAR
4  0.00000140  SUCCESS  
5  0.00000000  GPSTracer.exe  IRP_MJ_WRITE  00000097  Length 8: 93 01 01 03 00 00 00 00 
5  0.00265928  SUCCESS  
6  0.00000000  GPSTracer.exe  IRP_MJ_READ  00000097  Length 3
6  0.00000447  SUCCESS  Length 3: 93 00 00 
7  0.00000000  GPSTracer.exe  IRP_MJ_WRITE  00000097  Length 8: 00 00 00 00 00 00 00 68 
7  0.00040731  SUCCESS  
8  0.00000000  GPSTracer.exe  IRP_MJ_READ  00000097  Length 3
8  0.00099454  SUCCESS  Length 3: 93 00 00 
9  0.00000000  GPSTracer.exe  IOCTL_SERIAL_PURGE  00000097  Purge: TXCLEAR RXCLEAR
9  0.00000196  SUCCESS  
10  0.00000000  GPSTracer.exe  IOCTL_SERIAL_PURGE  00000097  Purge: TXCLEAR RXCLEAR
10  0.00000168  SUCCESS  
11  0.00000000  GPSTracer.exe  IRP_MJ_WRITE  00000097  Length 8: 93 05 07 10 00 04 03 00 
11  0.00090961  SUCCESS  
12  0.00000000  GPSTracer.exe  IRP_MJ_READ  00000097  Length 3
12  0.00099342  SUCCESS  Length 3: 93 00 00 
13  0.00000000  GPSTracer.exe  IRP_MJ_WRITE  00000097  Length 8: 00 00 00 00 00 00 00 4A 
13  0.00095627  SUCCESS  
14  0.00000000  GPSTracer.exe  IRP_MJ_READ  00000097  Length 4099
14  0.00817534  TIMEOUT  Length 51: 93 10 00 01 0D 34 00 FF 0F FF 3C 00 F1 FF FF FF FF FF FF FF FF FF FF FF FF FF FF FF FF FF FF FF FF FF FF FF FF FF FF FF FF FF FF FF FF FF FF FF FF FF FF 
15  0.00000000  GPSTracer.exe  IRP_MJ_READ  00000097  Length 4048
15  0.01558131  TIMEOUT  Length 128: FF FF FF FF FF FF FF FF FF FF FF FF FF FF FF FF FF FF FF FF FF FF FF FF FF FF FF FF FF FF FF FF FF FF FF FF FF FF FF FF FF FF FF FF FF FF FF FF FF FF FF FF FF FF FF FF FF FF FF FF FF FF FF FF FF FF FF FF FF FF FF FF FF FF FF FF FF FF FF FF FF FF FF FF FF FF FF FF FF FF FF FF FF FF FF FF FF FF FF FF FF FF FF FF FF FF FF FF FF FF FF FF FF FF FF FF FF FF FF FF FF FF FF FF FF FF FF FF 
16  0.00000000  GPSTracer.exe  IRP_MJ_READ  00000097  Length 3920
16  0.01533910  TIMEOUT  Length 128: FF FF FF FF FF FF FF FF FF FF FF FF FF FF FF FF FF FF FF FF FF FF FF FF FF FF FF FF FF FF FF FF FF FF FF FF FF FF FF FF FF FF FF FF FF FF FF FF FF FF FF FF FF FF FF FF FF FF FF FF FF FF FF FF FF FF FF FF FF FF FF FF FF FF FF FF FF FF FF FF 00 00 00 00 3C 3C 00 3B 00 00 00 C8 0C 01 2C 32 C8 14 01 01 01 02 02 05 0A 0A 18 6A 0C 35 04 E2 00 BB 01 17 1E 00 01 08 08 04 04 02 02 02 02 00 
17  0.00000000  GPSTracer.exe  IRP_MJ_READ  00000097  Length 3792
17  0.01553577  TIMEOUT  Length 128: 00 20 01 01 01 01 01 28 00 00 00 00 00 00 00 00 00 00 00 00 3C 3C 00 3B 00 00 00 C8 0C 01 2C 32 C8 14 01 01 01 02 02 05 0A 0A 18 6A 0C 35 04 E2 00 BB 01 17 1E 00 01 08 08 04 04 02 02 02 02 00 00 20 01 01 01 01 01 28 00 00 00 00 00 00 00 00 00 00 00 00 3C 3C 00 3B 00 00 00 C8 0C 01 2C 32 C8 14 01 01 01 02 02 05 0A 0A 18 6A 0C 35 04 E2 00 BB 01 17 1E 00 01 08 08 04 04 02 02 02 02 00 
18  0.00000000  GPSTracer.exe  IRP_MJ_READ  00000097  Length 3664
18  0.01536145  TIMEOUT  Length 112: 00 20 01 01 01 01 01 28 00 00 00 00 00 00 00 00 00 00 00 00 3C 3C 00 3B 00 00 00 C8 0C 01 2C 32 C8 14 01 01 01 02 02 05 0A 0A 18 6A 0C 35 04 E2 00 BB 01 17 1E 00 01 08 08 04 04 02 02 02 02 00 00 20 01 01 01 01 01 28 00 00 00 00 00 00 00 00 00 00 00 00 3C 3C 00 3B 00 00 00 C8 0C 01 2C 32 C8 14 01 01 01 02 02 05 0A 0A 18 6A 0C 35 04 E2 
19  0.00000000  GPSTracer.exe  IRP_MJ_READ  00000097  Length 3552
19  0.01459571  TIMEOUT  Length 128: 00 BB 01 17 1E 00 01 08 08 04 04 02 02 02 02 00 00 20 01 01 01 01 01 28 00 00 00 00 00 00 00 00 00 00 00 00 3C 3C 00 3B 00 00 00 C8 0C 01 2C 32 C8 14 01 01 01 02 02 05 0A 0A 18 6A 0C 35 04 E2 00 BB 01 17 1E 00 01 08 08 04 04 02 02 02 02 00 00 20 01 01 01 01 01 28 00 00 00 00 00 00 00 00 00 00 00 00 3C 3C 00 3B 00 00 00 C8 0C 01 2C 32 C8 14 01 01 01 02 02 05 0A 0A 18 6A 0C 35 04 E2 
20  0.00000000  GPSTracer.exe  IRP_MJ_READ  00000097  Length 3424
20  0.01533659  TIMEOUT  Length 128: 00 BB 01 17 1E 00 01 08 08 04 04 02 02 02 02 00 00 20 01 01 01 01 01 28 00 00 00 00 00 00 00 00 00 00 00 00 3C 3C 00 3B 00 00 00 C8 0C 01 2C 32 C8 14 01 01 01 02 02 05 0A 0A 18 6A 0C 35 04 E2 00 BB 01 17 1E 00 01 08 08 04 04 02 02 02 02 00 00 20 01 01 01 01 01 28 00 00 00 00 00 00 00 00 00 00 00 00 3C 3C 00 3B 00 00 00 C8 0C 01 2C 32 C8 14 01 01 01 02 02 05 0A 0A 18 6A 0C 35 04 E2 
21  0.00000000  GPSTracer.exe  IRP_MJ_READ  00000097  Length 3296
21  0.01554276  TIMEOUT  Length 128: 00 BB 01 17 1E 00 01 08 08 04 04 02 02 02 02 00 00 20 01 01 01 01 01 28 00 00 00 00 00 00 00 00 00 00 00 00 3C 3C 00 3B 00 00 00 C8 0C 01 2C 32 C8 14 01 01 01 02 02 05 0A 0A 18 6A 0C 35 04 E2 00 BB 01 17 1E 00 01 08 08 04 04 02 02 02 02 00 00 20 01 01 01 01 01 28 00 00 00 00 00 00 00 00 00 00 00 00 3C 3C 00 3B 00 00 00 C8 0C 01 2C 32 C8 14 01 01 01 02 02 05 0A 0A 18 6A 0C 35 04 E2 
22  0.00000000  GPSTracer.exe  IRP_MJ_READ  00000097  Length 3168
22  0.01535838  TIMEOUT  Length 128: 00 BB 01 17 1E 00 01 08 08 04 04 02 02 02 02 00 00 20 01 01 01 01 01 28 00 00 00 00 00 00 00 00 00 00 00 00 3C 3C 00 3B 00 00 00 C8 0C 01 2C 32 C8 14 01 01 01 02 02 05 0A 0A 18 6A 0C 35 04 E2 00 BB 01 17 1E 00 01 08 08 04 04 02 02 02 02 00 00 20 01 01 01 01 01 28 00 00 00 00 00 00 00 00 00 00 00 00 3C 3C 00 3B 00 00 00 C8 0C 01 2C 32 C8 14 01 01 01 02 02 05 0A 0A 18 6A 0C 35 04 E2 
23  0.00000000  GPSTracer.exe  IRP_MJ_READ  00000097  Length 3040
23  0.01554052  TIMEOUT  Length 112: 00 BB 01 17 1E 00 01 08 08 04 04 02 02 02 02 00 00 20 01 01 01 01 01 28 00 00 00 00 00 00 00 00 00 00 00 00 3C 3C 00 3B 00 00 00 C8 0C 01 2C 32 C8 14 01 01 01 02 02 05 0A 0A 18 6A 0C 35 04 E2 00 BB 01 17 1E 00 01 08 08 04 04 02 02 02 02 00 00 20 01 01 01 01 01 28 00 00 00 00 00 00 00 00 00 00 00 00 3C 3C 00 3B 00 00 00 C8 0C 01 2C 32 
24  0.00000000  GPSTracer.exe  IRP_MJ_READ  00000097  Length 2928
24  0.01531535  TIMEOUT  Length 128: C8 14 01 01 01 02 02 05 0A 0A 18 6A 0C 35 04 E2 00 BB 01 17 1E 00 01 08 08 04 04 02 02 02 02 00 00 20 01 01 01 01 01 28 00 00 00 00 00 00 00 00 00 00 00 00 3C 3C 00 3B 00 00 00 C8 0C 01 2C 32 C8 14 01 01 01 02 02 05 0A 0A 18 6A 0C 35 04 E2 00 BB 01 17 1E 00 01 08 08 04 04 02 02 02 02 00 00 20 01 01 01 01 01 28 00 00 00 00 00 00 00 00 00 00 00 00 3C 3C 00 3B 00 00 00 C8 0C 01 2C 32 
25  0.00000000  GPSTracer.exe  IRP_MJ_READ  00000097  Length 2800
25  0.01552823  TIMEOUT  Length 128: C8 14 01 01 01 02 02 05 0A 0A 18 6A 0C 35 04 E2 00 BB 01 17 1E 00 01 08 08 04 04 02 02 02 02 00 00 20 01 01 01 01 01 28 00 00 00 00 00 00 00 00 00 00 00 00 3C 3C 00 3B 00 00 00 C8 0C 01 2C 32 C8 14 01 01 01 02 02 05 0A 0A 18 6A 0C 35 04 E2 00 BB 01 17 1E 00 01 08 08 04 04 02 02 02 02 00 00 20 01 01 01 01 01 28 00 00 00 00 00 00 00 00 00 00 00 00 3C 3C 00 3B 00 00 00 C8 0C 01 2C 32 
26  0.00000000  GPSTracer.exe  IRP_MJ_READ  00000097  Length 2672
26  0.01533519  TIMEOUT  Length 128: C8 14 01 01 01 02 02 05 0A 0A 18 6A 0C 35 04 E2 00 BB 01 17 1E 00 01 08 08 04 04 02 02 02 02 00 00 20 01 01 01 01 01 28 00 00 00 00 00 00 00 00 00 00 00 00 3C 3C 00 3B 00 00 00 C8 0C 01 2C 32 C8 14 01 01 01 02 02 05 0A 0A 18 6A 0C 35 04 E2 00 BB 01 17 1E 00 01 08 08 04 04 02 02 02 02 00 00 20 01 01 01 01 01 28 00 00 00 00 00 00 00 00 00 00 00 00 3C 3C 00 3B 00 00 00 C8 0C 01 2C 32 
27  0.00000000  GPSTracer.exe  IRP_MJ_READ  00000097  Length 2544
27  0.01552488  TIMEOUT  Length 128: C8 14 01 01 01 02 02 05 0A 0A 18 6A 0C 35 04 E2 00 BB 01 17 1E 00 01 08 08 04 04 02 02 02 02 00 00 20 01 01 01 01 01 28 00 00 00 00 00 00 00 00 00 00 00 00 3C 3C 00 3B 00 00 00 C8 0C 01 2C 32 C8 14 01 01 01 02 02 05 0A 0A 18 6A 0C 35 04 E2 00 BB 01 17 1E 00 01 08 08 04 04 02 02 02 02 00 00 20 01 01 01 01 01 28 00 00 00 00 00 00 00 00 00 00 00 00 3C 3C 00 3B 00 00 00 C8 0C 01 2C 32 
28  0.00000000  GPSTracer.exe  IRP_MJ_READ  00000097  Length 2416
28  0.01533128  TIMEOUT  Length 112: C8 14 01 01 01 02 02 05 0A 0A 18 6A 0C 35 04 E2 00 BB 01 17 1E 00 01 08 08 04 04 02 02 02 02 00 00 20 01 01 01 01 01 28 00 00 00 00 00 00 00 00 00 00 00 00 3C 3C 00 3B 00 00 00 C8 0C 01 2C 32 C8 14 01 01 01 02 02 05 0A 0A 18 6A 0C 35 04 E2 00 BB 01 17 1E 00 01 08 08 04 04 02 02 02 02 00 00 20 01 01 01 01 01 28 00 00 00 00 00 00 00 00 
29  0.00000000  GPSTracer.exe  IRP_MJ_READ  00000097  Length 2304
29  0.01551734  TIMEOUT  Length 128: 00 00 00 00 3C 3C 00 3B 00 00 00 C8 0C 01 2C 32 C8 14 01 01 01 02 02 05 0A 0A 18 6A 0C 35 04 E2 00 BB 01 17 1E 00 01 08 08 04 04 02 02 02 02 00 00 20 01 01 01 01 01 28 00 00 00 00 00 00 00 00 00 00 00 00 3C 3C 00 3B 00 00 00 C8 0C 01 2C 32 C8 14 01 01 01 02 02 05 0A 0A 18 6A 0C 35 04 E2 00 BB 01 17 1E 00 01 08 08 04 04 02 02 02 02 00 00 20 01 01 01 01 01 28 00 00 00 00 00 00 00 00 
30  0.00000000  GPSTracer.exe  IRP_MJ_READ  00000097  Length 2176
30  0.01535251  TIMEOUT  Length 128: 00 00 00 00 3C 3C 00 3B 00 00 00 C8 0C 01 2C 32 C8 14 01 01 01 02 02 05 0A 0A 18 6A 0C 35 04 E2 00 BB 01 17 1E 00 01 08 08 04 04 02 02 02 02 00 00 20 01 01 01 01 01 28 00 00 00 00 00 00 00 00 00 00 00 00 3C 3C 00 3B 00 00 00 C8 0C 01 2C 32 C8 14 01 01 01 02 02 05 0A 0A 18 6A 0C 35 04 E2 00 BB 01 17 1E 00 01 08 08 04 04 02 02 02 02 00 00 20 01 01 01 01 01 28 00 00 00 00 00 00 00 00 
31  0.00000000  GPSTracer.exe  IRP_MJ_READ  00000097  Length 2048
31  0.01553717  TIMEOUT  Length 128: 00 00 00 00 00 00 00 00 00 00 00 00 00 00 00 00 00 00 00 00 00 00 00 00 00 00 00 00 00 00 00 00 00 00 00 00 00 00 00 00 00 00 00 00 00 00 00 00 00 00 00 00 00 00 00 00 00 00 00 00 00 00 00 00 00 00 00 00 00 00 00 00 00 00 00 00 00 00 00 00 00 00 00 00 00 00 00 00 00 00 00 00 00 00 00 00 00 00 00 00 00 00 00 00 00 00 00 00 00 00 00 00 00 00 00 00 00 00 00 00 00 00 00 00 00 00 00 00 
32  0.00000000  GPSTracer.exe  IRP_MJ_READ  00000097  Length 1920
32  0.01535139  TIMEOUT  Length 128: 00 00 00 00 00 00 00 00 00 00 00 00 00 00 00 00 00 00 00 00 00 00 00 00 00 00 00 00 00 00 00 00 00 00 00 00 00 00 00 00 00 00 00 00 00 00 00 00 00 00 00 00 00 00 00 00 00 00 00 00 00 00 00 00 00 00 00 00 00 00 00 00 00 00 00 00 00 00 00 00 00 00 00 00 00 00 00 00 00 00 00 00 00 00 00 00 00 00 00 00 00 00 00 00 00 00 00 00 00 00 00 00 00 00 00 00 00 00 00 00 00 00 00 00 00 00 00 00 
33  0.00000000  GPSTracer.exe  IRP_MJ_READ  00000097  Length 1792
33  0.01554360  TIMEOUT  Length 128: A0 A2 00 19 80 FF D2 7B EB 00 4B C8 62 00 28 92 AF 00 01 77 00 01 3A 18 84 05 A7 0C 88 09 24 B0 B3 00 00 00 00 00 00 00 00 00 00 00 00 00 00 00 00 00 00 00 00 00 00 00 00 00 00 00 00 00 00 00 00 00 00 00 00 00 00 00 00 00 00 00 00 00 00 00 00 00 00 00 00 00 00 00 00 00 00 00 00 00 00 00 00 00 00 00 00 00 00 00 00 00 00 00 00 00 00 00 00 00 00 00 00 00 00 00 00 00 00 00 00 00 00 00 
34  0.00000000  GPSTracer.exe  IRP_MJ_READ  00000097  Length 1664
34  0.01534944  TIMEOUT  Length 112: 00 00 00 00 00 00 00 00 00 00 00 00 00 00 00 00 00 00 00 00 00 00 00 00 00 00 00 00 00 00 00 00 00 00 00 00 00 00 00 00 00 00 00 00 00 00 00 00 00 00 00 00 00 00 00 00 00 00 00 00 00 00 00 00 00 00 00 00 00 00 00 00 00 00 00 00 00 00 00 00 00 00 00 00 00 00 00 00 00 00 00 00 00 00 00 00 00 00 00 00 00 00 00 00 00 00 00 00 00 00 00 00 
35  0.00000000  GPSTracer.exe  IRP_MJ_READ  00000097  Length 1552
35  0.01554611  TIMEOUT  Length 128: 00 00 00 00 00 00 00 00 00 00 00 00 00 00 00 00 00 00 00 00 00 00 00 00 00 00 00 00 00 00 00 00 00 00 00 00 00 00 00 00 00 00 00 00 00 00 00 00 00 00 00 00 00 00 00 00 00 00 00 00 00 00 00 00 00 00 00 00 00 00 00 00 00 00 00 00 00 00 00 00 00 00 00 00 00 00 00 00 00 00 00 00 00 00 00 00 00 00 00 00 00 00 00 00 00 00 00 00 00 00 00 00 00 00 00 00 00 00 00 00 00 00 00 00 00 00 00 00 
36  0.00000000  GPSTracer.exe  IRP_MJ_READ  00000097  Length 1424
36  0.01441496  TIMEOUT  Length 128: 00 00 00 00 00 00 00 00 00 00 00 00 00 00 00 00 00 00 00 00 00 00 00 00 00 00 00 00 00 00 00 00 00 00 00 00 00 00 00 00 00 00 00 00 00 00 00 00 00 00 00 00 00 00 00 00 00 00 00 00 00 00 00 00 00 00 00 00 00 00 00 00 00 00 00 00 00 00 00 00 00 00 00 00 00 00 00 00 00 00 00 00 00 00 00 00 00 00 00 00 00 00 00 00 00 00 00 00 00 00 00 00 00 00 00 00 00 00 00 00 00 00 00 00 00 00 00 00 
37  0.00000000  GPSTracer.exe  IRP_MJ_READ  00000097  Length 1296
37  0.01554248  TIMEOUT  Length 128: 00 00 00 00 00 00 00 00 00 00 00 00 00 00 00 00 00 00 00 00 00 00 00 00 00 00 00 00 00 00 00 00 00 00 00 00 00 00 00 00 00 00 00 00 00 00 00 00 00 00 00 00 00 00 00 00 00 00 00 00 00 00 00 00 00 00 00 00 00 00 00 00 00 00 00 00 00 00 00 00 00 00 00 00 00 00 00 00 00 00 00 00 00 00 00 00 00 00 00 00 00 00 00 00 00 00 00 00 00 00 00 00 00 00 00 00 00 00 00 00 00 00 00 00 00 00 00 00 
38  0.00000000  GPSTracer.exe  IRP_MJ_READ  00000097  Length 1168
38  0.01532876  TIMEOUT  Length 128: 00 00 00 00 00 00 00 00 00 00 00 00 00 00 00 00 00 00 00 00 00 00 00 00 00 00 00 00 00 00 00 00 00 00 00 00 00 00 00 00 00 00 00 00 00 00 00 00 00 00 00 00 00 00 00 00 00 00 00 00 00 00 00 00 00 00 00 00 00 00 00 00 00 00 00 00 00 00 00 00 00 00 00 00 00 00 00 00 00 00 00 00 00 00 00 00 00 00 00 00 00 00 00 00 00 00 00 00 00 00 00 00 00 00 00 00 00 00 00 00 00 00 00 00 00 00 00 00 
39  0.00000000  GPSTracer.exe  IRP_MJ_READ  00000097  Length 1040
39  0.01552683  TIMEOUT  Length 112: 00 00 00 00 00 00 00 00 00 00 00 00 00 00 00 00 00 00 00 00 00 00 00 00 00 00 00 00 00 00 00 00 00 00 00 00 00 00 00 00 00 00 00 00 00 00 00 00 00 00 00 00 00 00 00 00 00 00 00 00 00 00 00 00 00 00 00 00 00 00 00 00 00 00 00 00 00 00 00 00 00 00 00 00 00 00 00 00 00 00 00 00 00 00 00 00 00 00 00 00 00 00 00 00 00 00 00 00 00 00 00 00 
40  0.00000000  GPSTracer.exe  IRP_MJ_READ  00000097  Length 928
40  0.01526423  TIMEOUT  Length 128: 00 00 00 00 00 00 00 00 00 00 00 00 00 00 00 00 00 00 00 00 00 00 00 00 00 00 00 00 00 00 00 00 00 00 00 00 00 00 00 00 00 00 00 00 00 00 00 00 00 00 00 00 00 00 00 00 00 00 00 00 00 00 00 00 00 00 00 00 00 00 00 00 00 00 00 00 00 00 00 00 00 00 00 00 00 00 00 00 00 00 00 00 00 00 00 00 00 00 00 00 00 00 00 00 00 00 00 00 00 00 00 00 00 00 00 00 00 00 00 00 00 00 00 00 00 00 00 00 
41  0.00000000  GPSTracer.exe  IRP_MJ_READ  00000097  Length 800
41  0.01523685  TIMEOUT  Length 128: 00 00 00 00 00 00 00 00 00 00 00 00 00 00 00 00 00 00 00 00 00 00 00 00 00 00 00 00 00 00 00 00 00 00 00 00 00 00 00 00 00 00 00 00 00 00 00 00 00 00 00 00 00 00 00 00 00 00 00 00 00 00 00 00 00 00 00 00 00 00 00 00 00 00 00 00 00 00 00 00 00 00 00 00 00 00 00 00 00 00 00 00 00 00 00 00 00 00 00 00 00 00 00 00 00 00 00 00 00 00 00 00 00 00 00 00 00 00 00 00 00 00 00 00 00 00 00 00 
42  0.00000000  GPSTracer.exe  IRP_MJ_READ  00000097  Length 672
42  0.01534525  TIMEOUT  Length 128: 00 00 00 00 00 00 00 00 00 00 00 00 00 00 00 00 00 00 00 00 00 00 00 00 00 00 00 00 00 00 00 00 00 00 00 00 00 00 00 00 00 00 00 00 00 00 00 00 00 00 00 00 00 00 00 00 00 00 00 00 00 00 00 00 00 00 00 00 00 00 00 00 00 00 00 00 00 00 00 00 00 00 00 00 00 00 00 00 00 00 00 00 00 00 00 00 00 00 00 00 00 00 00 00 00 00 00 00 00 00 00 00 00 00 00 00 00 00 00 00 00 00 00 00 00 00 00 00 
43  0.00000000  GPSTracer.exe  IRP_MJ_READ  00000097  Length 544
43  0.01554164  TIMEOUT  Length 128: 00 00 00 00 00 00 00 00 00 00 00 00 00 00 00 00 00 00 00 00 00 00 00 00 00 00 00 00 00 00 00 00 00 00 00 00 00 00 00 00 00 00 00 00 00 00 00 00 00 00 00 00 00 00 00 00 00 00 00 00 00 00 00 00 00 00 00 00 00 00 00 00 00 00 00 00 00 00 00 00 00 00 00 00 00 00 00 00 00 00 00 00 00 00 00 00 00 00 00 00 00 00 00 00 00 00 00 00 00 00 00 00 00 00 00 00 00 00 00 00 00 00 00 00 00 00 00 00 
44  0.00000000  GPSTracer.exe  IRP_MJ_READ  00000097  Length 416
44  0.03097572  TIMEOUT  Length 240: 00 00 00 00 00 00 00 00 00 00 00 00 00 00 00 00 00 00 00 00 00 00 00 00 00 00 00 00 00 00 00 00 00 00 00 00 00 00 00 00 00 00 00 00 00 00 00 00 00 00 00 00 00 00 00 00 00 00 00 00 00 00 00 00 00 00 00 00 00 00 00 00 00 00 00 00 00 00 00 00 00 00 00 00 00 00 00 00 00 00 00 00 00 00 00 00 00 00 00 00 00 00 00 00 00 00 00 00 00 00 00 00 00 00 00 00 00 00 00 00 00 00 00 00 00 00 00 00 00 00 00 00 00 00 00 00 00 00 00 00 00 00 00 00 00 00 00 00 00 00 00 00 00 00 00 00 00 00 00 00 00 00 00 00 00 00 00 00 00 00 00 00 00 00 00 00 00 00 00 00 00 00 00 00 00 00 00 00 00 00 00 00 00 00 00 00 00 00 00 00 00 00 00 00 00 00 00 00 00 00 00 00 00 00 00 00 00 00 00 00 00 00 00 00 00 00 00 00 00 00 00 00 00 00 00 00 00 00 00 00 
45  0.00000000  GPSTracer.exe  IRP_MJ_READ  00000097  Length 176
45  0.01517511  TIMEOUT  Length 128: 00 00 00 00 00 00 00 00 00 00 00 00 00 00 00 00 00 00 00 00 00 00 00 00 00 00 00 00 00 00 00 00 00 00 00 00 00 00 00 00 00 00 00 00 00 00 00 00 00 00 00 00 00 00 00 00 00 00 00 00 00 00 00 00 00 00 00 00 00 00 00 00 00 00 00 00 00 00 00 00 00 00 00 00 00 00 00 00 00 00 00 00 00 00 00 00 00 00 00 00 00 00 00 00 00 00 00 00 00 00 00 00 00 00 00 00 00 00 00 00 00 00 00 00 00 00 00 00 
46  0.00000000  GPSTracer.exe  IRP_MJ_READ  00000097  Length 48
46  0.00465869  SUCCESS  Length 48: 00 00 00 00 00 00 00 00 00 00 00 00 00 00 00 00 00 00 00 00 00 00 00 00 00 00 00 00 00 00 00 00 00 01 02 03 04 05 06 07 08 09 0A 0B 0C 0D 0E 0F 
47  0.00000000  GPSTracer.exe  IOCTL_SERIAL_PURGE  00000097  Purge: TXCLEAR RXCLEAR
47  0.00000335  SUCCESS  
48  0.00000000  GPSTracer.exe  IRP_MJ_WRITE  00000097  Length 8: 93 0A 00 00 00 00 00 00 
48  0.00089090  SUCCESS  
49  0.00000000  GPSTracer.exe  IRP_MJ_READ  00000097  Length 3
49  0.00099314  SUCCESS  Length 3: 93 00 00 
50  0.00000000  GPSTracer.exe  IRP_MJ_WRITE  00000097  Length 8: 00 00 00 00 00 00 00 63 
50  0.00095794  SUCCESS  
51  0.00000000  GPSTracer.exe  IRP_MJ_READ  00000097  Length 13
51  0.00099510  SUCCESS  Length 13: 93 00 0A 5F 32 03 00 02 0B 00 02 11 00 
52  0.00000000  GPSTracer.exe  IOCTL_SERIAL_PURGE  00000097  Purge: TXCLEAR RXCLEAR
52  0.00000223  SUCCESS  
53  0.00000000  GPSTracer.exe  IRP_MJ_WRITE  00000097  Length 8: 93 05 04 00 03 01 9F 00 
53  0.00093559  SUCCESS  
54  0.00000000  GPSTracer.exe  IRP_MJ_READ  00000097  Length 3
54  0.00099398  SUCCESS  Length 3: 93 00 00 
55  0.00000000  GPSTracer.exe  IRP_MJ_WRITE  00000097  Length 8: 00 00 00 00 00 00 00 C1 
55  0.00095850  SUCCESS  
56  0.00000000  GPSTracer.exe  IRP_MJ_READ  00000097  Length 6
56  0.00299451  SUCCESS  Length 6: 93 00 03 C2 20 14 
57  0.00000000  GPSTracer.exe  IOCTL_SERIAL_PURGE  00000097  Purge: TXCLEAR RXCLEAR
57  0.00000670  SUCCESS  
58  0.00000000  GPSTracer.exe  IRP_MJ_WRITE  00000097  Length 8: 93 05 04 00 03 01 9F 00 
58  0.00104678  SUCCESS  
59  0.00000000  GPSTracer.exe  IRP_MJ_READ  00000097  Length 3
59  0.00000419  SUCCESS  Length 3: 93 00 00 
60  0.00000000  GPSTracer.exe  IRP_MJ_WRITE  00000097  Length 8: 00 00 00 00 00 00 00 C1 
60  0.00091269  SUCCESS  
61  0.00000000  GPSTracer.exe  IRP_MJ_READ  00000097  Length 6
61  0.00243159  TIMEOUT  Length 3: 93 00 03 
62  0.00000000  GPSTracer.exe  IRP_MJ_READ  00000097  Length 3
62  0.00033272  SUCCESS  Length 3: C2 20 14 
63  0.00000000  GPSTracer.exe  IOCTL_SERIAL_PURGE  00000097  Purge: TXCLEAR RXCLEAR
63  0.00000196  SUCCESS  
64  0.00000000  GPSTracer.exe  IRP_MJ_WRITE  00000097  Length 8: 93 05 04 00 03 01 9F 00 
64  0.00089117  SUCCESS  
65  0.00000000  GPSTracer.exe  IRP_MJ_READ  00000097  Length 3
65  0.00000475  SUCCESS  Length 3: 93 00 00 
66  0.00000000  GPSTracer.exe  IRP_MJ_WRITE  00000097  Length 8: 00 00 00 00 00 00 00 C1 
66  0.00090877  SUCCESS  
67  0.00000000  GPSTracer.exe  IRP_MJ_READ  00000097  Length 6
67  0.00299060  SUCCESS  Length 6: 93 00 03 C2 20 14 
68  0.00000000  GPSTracer.exe  IOCTL_SERIAL_PURGE  00000097  Purge: TXCLEAR RXCLEAR
68  0.00000447  SUCCESS  
69  0.00000000  GPSTracer.exe  IRP_MJ_WRITE  00000097  Length 8: 93 05 07 10 00 04 03 00 
69  0.00087777  SUCCESS  
70  0.00000000  GPSTracer.exe  IRP_MJ_READ  00000097  Length 3
70  0.00094956  SUCCESS  Length 3: 93 00 00 
71  0.00000000  GPSTracer.exe  IRP_MJ_WRITE  00000097  Length 8: 10 00 00 00 00 00 00 3A 
71  0.00095571  SUCCESS  
72  0.00000000  GPSTracer.exe  IRP_MJ_READ  00000097  Length 4099
72  0.00705732  TIMEOUT  Length 51: 93 10 00 D2 73 FD FB B7 B9 00 00 00 00 00 00 00 00 00 00 00 00 00 00 00 00 00 00 00 00 00 00 0F 80 31 0F 96 74 30 CC 4E 49 00 00 00 00 00 00 00 00 00 00 
73  0.00000000  GPSTracer.exe  IRP_MJ_READ  00000097  Length 4048
73  0.01558885  TIMEOUT  Length 112: 00 00 00 00 00 00 00 00 00 00 00 00 3D 85 00 0F 30 74 30 CD 2B 0D 00 00 00 00 00 00 00 00 00 00 00 00 00 00 00 00 00 00 00 00 00 00 2F 66 00 00 50 74 30 CD 5B CD 00 00 00 00 00 00 00 00 00 00 00 00 00 00 00 00 00 00 00 00 00 00 2F 60 00 00 D2 94 18 CF 40 2C 00 00 00 00 00 00 00 00 00 00 00 00 00 00 00 00 0C 58 00 00 00 00 0F 90 00 00 
74  0.00000000  GPSTracer.exe  IRP_MJ_READ  00000097  Length 3936
74  0.01528937  TIMEOUT  Length 128: D2 94 18 D0 12 39 00 00 00 00 00 00 00 00 00 00 00 00 00 00 00 00 0C 58 00 00 00 00 0F 00 00 FF 92 94 18 D0 4C 9A 00 00 00 00 00 00 00 00 00 00 00 00 00 00 00 00 0C 58 00 00 00 00 0F 00 00 FF 16 94 18 D0 B3 C7 00 00 00 00 00 00 00 00 00 00 00 00 00 00 00 00 0C 58 00 00 00 00 0C 00 00 00 00 94 18 D2 5B B6 00 2D 01 44 10 C4 18 C3 FC D4 C8 35 A4 A7 00 00 76 20 00 03 1C 70 27 99 37 00 
75  0.00000000  GPSTracer.exe  IRP_MJ_READ  00000097  Length 3808
75  0.01552069  TIMEOUT  Length 128: 00 94 18 D3 61 A8 00 30 01 44 10 C4 18 C3 FD E3 C8 35 A4 0C 00 00 6E B3 00 12 59 D1 04 98 3C 00 00 94 18 D4 65 90 00 39 01 44 10 C4 18 C3 FB 2F C8 35 A9 2C 00 00 77 8C 00 02 59 6D 04 99 3C 00 00 94 18 D5 69 78 00 43 01 44 10 C4 18 C3 F9 FA C8 35 A4 CC 00 00 73 E6 00 01 29 BD 04 98 3C 00 00 94 18 D6 6D 60 00 30 01 44 10 C4 18 C3 FB E8 C8 35 A7 16 00 00 6F 9E 00 06 48 02 04 99 3C 00 
76  0.00000000  GPSTracer.exe  IRP_MJ_READ  00000097  Length 3680
76  0.01534748  TIMEOUT  Length 128: 04 94 18 D6 88 B8 00 45 01 40 10 44 18 C3 F6 54 C8 35 A6 2C 00 00 6D D0 00 4A 10 7D 04 85 3C 00 20 94 18 D6 88 B8 00 45 01 40 10 44 18 C3 F6 54 C8 35 A6 2C 00 00 6D D0 00 4A 10 7D 04 85 00 00 FF FF FF FF FF FF FF FF FF FF FF FF FF FF FF FF FF FF FF FF FF FF FF FF FF FF FF FF FF FF FF FF FF FF FF FF FF FF FF FF FF FF FF FF FF FF FF FF FF FF FF FF FF FF FF FF FF FF FF FF FF FF FF FF 
77  0.00000000  GPSTracer.exe  IRP_MJ_READ  00000097  Length 3552
77  0.01554248  TIMEOUT  Length 128: FF FF FF FF FF FF FF FF FF FF FF FF FF FF FF FF FF FF FF FF FF FF FF FF FF FF FF FF FF FF FF FF FF FF FF FF FF FF FF FF FF FF FF FF FF FF FF FF FF FF FF FF FF FF FF FF FF FF FF FF FF FF FF FF FF FF FF FF FF FF FF FF FF FF FF FF FF FF FF FF FF FF FF FF FF FF FF FF FF FF FF FF FF FF FF FF FF FF FF FF FF FF FF FF FF FF FF FF FF FF FF FF FF FF FF FF FF FF FF FF FF FF FF FF FF FF FF FF 
78  0.00000000  GPSTracer.exe  IRP_MJ_READ  00000097  Length 3424
78  0.01532737  TIMEOUT  Length 112: FF FF FF FF FF FF FF FF FF FF FF FF FF FF FF FF FF FF FF FF FF FF FF FF FF FF FF FF FF FF FF FF FF FF FF FF FF FF FF FF FF FF FF FF FF FF FF FF FF FF FF FF FF FF FF FF FF FF FF FF FF FF FF FF FF FF FF FF FF FF FF FF FF FF FF FF FF FF FF FF FF FF FF FF FF FF FF FF FF FF FF FF FF FF FF FF FF FF FF FF FF FF FF FF FF FF FF FF FF FF FF FF 
79  0.00000000  GPSTracer.exe  IRP_MJ_READ  00000097  Length 3312
79  0.01552516  TIMEOUT  Length 128: FF FF FF FF FF FF FF FF FF FF FF FF FF FF FF FF FF FF FF FF FF FF FF FF FF FF FF FF FF FF FF FF FF FF FF FF FF FF FF FF FF FF FF FF FF FF FF FF FF FF FF FF FF FF FF FF FF FF FF FF FF FF FF FF FF FF FF FF FF FF FF FF FF FF FF FF FF FF FF FF FF FF FF FF FF FF FF FF FF FF FF FF FF FF FF FF FF FF FF FF FF FF FF FF FF FF FF FF FF FF FF FF FF FF FF FF FF FF FF FF FF FF FF FF FF FF FF FF 
80  0.00000000  GPSTracer.exe  IRP_MJ_READ  00000097  Length 3184
80  0.01526283  TIMEOUT  Length 128: FF FF FF FF FF FF FF FF FF FF FF FF FF FF FF FF FF FF FF FF FF FF FF FF FF FF FF FF FF FF FF FF FF FF FF FF FF FF FF FF FF FF FF FF FF FF FF FF FF FF FF FF FF FF FF FF FF FF FF FF FF FF FF FF FF FF FF FF FF FF FF FF FF FF FF FF FF FF FF FF FF FF FF FF FF FF FF FF FF FF FF FF FF FF FF FF FF FF FF FF FF FF FF FF FF FF FF FF FF FF FF FF FF FF FF FF FF FF FF FF FF FF FF FF FF FF FF FF 
81  0.00000000  GPSTracer.exe  IRP_MJ_READ  00000097  Length 3056
81  0.01543688  TIMEOUT  Length 128: FF FF FF FF FF FF FF FF FF FF FF FF FF FF FF FF FF FF FF FF FF FF FF FF FF FF FF FF FF FF FF FF FF FF FF FF FF FF FF FF FF FF FF FF FF FF FF FF FF FF FF FF FF FF FF FF FF FF FF FF FF FF FF FF FF FF FF FF FF FF FF FF FF FF FF FF FF FF FF FF FF FF FF FF FF FF FF FF FF FF FF FF FF FF FF FF FF FF FF FF FF FF FF FF FF FF FF FF FF FF FF FF FF FF FF FF FF FF FF FF FF FF FF FF FF FF FF FF 
82  0.00000000  GPSTracer.exe  IRP_MJ_READ  00000097  Length 2928
82  0.01532318  TIMEOUT  Length 128: FF FF FF FF FF FF FF FF FF FF FF FF FF FF FF FF FF FF FF FF FF FF FF FF FF FF FF FF FF FF FF FF FF FF FF FF FF FF FF FF FF FF FF FF FF FF FF FF FF FF FF FF FF FF FF FF FF FF FF FF FF FF FF FF FF FF FF FF FF FF FF FF FF FF FF FF FF FF FF FF FF FF FF FF FF FF FF FF FF FF FF FF FF FF FF FF FF FF FF FF FF FF FF FF FF FF FF FF FF FF FF FF FF FF FF FF FF FF FF FF FF FF FF FF FF FF FF FF 
83  0.00000000  GPSTracer.exe  IRP_MJ_READ  00000097  Length 2800
83  0.01551845  TIMEOUT  Length 112: FF FF FF FF FF FF FF FF FF FF FF FF FF FF FF FF FF FF FF FF FF FF FF FF FF FF FF FF FF FF FF FF FF FF FF FF FF FF FF FF FF FF FF FF FF FF FF FF FF FF FF FF FF FF FF FF FF FF FF FF FF FF FF FF FF FF FF FF FF FF FF FF FF FF FF FF FF FF FF FF FF FF FF FF FF FF FF FF FF FF FF FF FF FF FF FF FF FF FF FF FF FF FF FF FF FF FF FF FF FF FF FF 
84  0.00000000  GPSTracer.exe  IRP_MJ_READ  00000097  Length 2688
84  0.01529189  TIMEOUT  Length 128: FF FF FF FF FF FF FF FF FF FF FF FF FF FF FF FF FF FF FF FF FF FF FF FF FF FF FF FF FF FF FF FF FF FF FF FF FF FF FF FF FF FF FF FF FF FF FF FF FF FF FF FF FF FF FF FF FF FF FF FF FF FF FF FF FF FF FF FF FF FF FF FF FF FF FF FF FF FF FF FF FF FF FF FF FF FF FF FF FF FF FF FF FF FF FF FF FF FF FF FF FF FF FF FF FF FF FF FF FF FF FF FF FF FF FF FF FF FF FF FF FF FF FF FF FF FF FF FF 
85  0.00000000  GPSTracer.exe  IRP_MJ_READ  00000097  Length 2560
85  0.01540922  TIMEOUT  Length 128: FF FF FF FF FF FF FF FF FF FF FF FF FF FF FF FF FF FF FF FF FF FF FF FF FF FF FF FF FF FF FF FF FF FF FF FF FF FF FF FF FF FF FF FF FF FF FF FF FF FF FF FF FF FF FF FF FF FF FF FF FF FF FF FF FF FF FF FF FF FF FF FF FF FF FF FF FF FF FF FF FF FF FF FF FF FF FF FF FF FF FF FF FF FF FF FF FF FF FF FF FF FF FF FF FF FF FF FF FF FF FF FF FF FF FF FF FF FF FF FF FF FF FF FF FF FF FF FF 
86  0.00000000  GPSTracer.exe  IRP_MJ_READ  00000097  Length 2432
86  0.01533798  TIMEOUT  Length 128: FF FF FF FF FF FF FF FF FF FF FF FF FF FF FF FF FF FF FF FF FF FF FF FF FF FF FF FF FF FF FF FF FF FF FF FF FF FF FF FF FF FF FF FF FF FF FF FF FF FF FF FF FF FF FF FF FF FF FF FF FF FF FF FF FF FF FF FF FF FF FF FF FF FF FF FF FF FF FF FF FF FF FF FF FF FF FF FF FF FF FF FF FF FF FF FF FF FF FF FF FF FF FF FF FF FF FF FF FF FF FF FF FF FF FF FF FF FF FF FF FF FF FF FF FF FF FF FF 
87  0.00000000  GPSTracer.exe  IRP_MJ_READ  00000097  Length 2304
87  0.01553130  TIMEOUT  Length 128: FF FF FF FF FF FF FF FF FF FF FF FF FF FF FF FF FF FF FF FF FF FF FF FF FF FF FF FF FF FF FF FF FF FF FF FF FF FF FF FF FF FF FF FF FF FF FF FF FF FF FF FF FF FF FF FF FF FF FF FF FF FF FF FF FF FF FF FF FF FF FF FF FF FF FF FF FF FF FF FF FF FF FF FF FF FF FF FF FF FF FF FF FF FF FF FF FF FF FF FF FF FF FF FF FF FF FF FF FF FF FF FF FF FF FF FF FF FF FF FF FF FF FF FF FF FF FF FF 
88  0.00000000  GPSTracer.exe  IRP_MJ_READ  00000097  Length 2176
88  0.01534329  TIMEOUT  Length 128: FF FF FF FF FF FF FF FF FF FF FF FF FF FF FF FF FF FF FF FF FF FF FF FF FF FF FF FF FF FF FF FF FF FF FF FF FF FF FF FF FF FF FF FF FF FF FF FF FF FF FF FF FF FF FF FF FF FF FF FF FF FF FF FF FF FF FF FF FF FF FF FF FF FF FF FF FF FF FF FF FF FF FF FF FF FF FF FF FF FF FF FF FF FF FF FF FF FF FF FF FF FF FF FF FF FF FF FF FF FF FF FF FF FF FF FF FF FF FF FF FF FF FF FF FF FF FF FF 
89  0.00000000  GPSTracer.exe  IRP_MJ_READ  00000097  Length 2048
89  0.01552376  TIMEOUT  Length 112: FF FF FF FF FF FF FF FF FF FF FF FF FF FF FF FF FF FF FF FF FF FF FF FF FF FF FF FF FF FF FF FF FF FF FF FF FF FF FF FF FF FF FF FF FF FF FF FF FF FF FF FF FF FF FF FF FF FF FF FF FF FF FF FF FF FF FF FF FF FF FF FF FF FF FF FF FF FF FF FF FF FF FF FF FF FF FF FF FF FF FF FF FF FF FF FF FF FF FF FF FF FF FF FF FF FF FF FF FF FF FF FF 
90  0.00000000  GPSTracer.exe  IRP_MJ_READ  00000097  Length 1936
90  0.01526451  TIMEOUT  Length 128: FF FF FF FF FF FF FF FF FF FF FF FF FF FF FF FF FF FF FF FF FF FF FF FF FF FF FF FF FF FF FF FF FF FF FF FF FF FF FF FF FF FF FF FF FF FF FF FF FF FF FF FF FF FF FF FF FF FF FF FF FF FF FF FF FF FF FF FF FF FF FF FF FF FF FF FF FF FF FF FF FF FF FF FF FF FF FF FF FF FF FF FF FF FF FF FF FF FF FF FF FF FF FF FF FF FF FF FF FF FF FF FF FF FF FF FF FF FF FF FF FF FF FF FF FF FF FF FF 
91  0.00000000  GPSTracer.exe  IRP_MJ_READ  00000097  Length 1808
91  0.01537654  TIMEOUT  Length 128: FF FF FF FF FF FF FF FF FF FF FF FF FF FF FF FF FF FF FF FF FF FF FF FF FF FF FF FF FF FF FF FF FF FF FF FF FF FF FF FF FF FF FF FF FF FF FF FF FF FF FF FF FF FF FF FF FF FF FF FF FF FF FF FF FF FF FF FF FF FF FF FF FF FF FF FF FF FF FF FF FF FF FF FF FF FF FF FF FF FF FF FF FF FF FF FF FF FF FF FF FF FF FF FF FF FF FF FF FF FF FF FF FF FF FF FF FF FF FF FF FF FF FF FF FF FF FF FF 
92  0.00000000  GPSTracer.exe  IRP_MJ_READ  00000097  Length 1680
92  0.01526060  TIMEOUT  Length 128: FF FF FF FF FF FF FF FF FF FF FF FF FF FF FF FF FF FF FF FF FF FF FF FF FF FF FF FF FF FF FF FF FF FF FF FF FF FF FF FF FF FF FF FF FF FF FF FF FF FF FF FF FF FF FF FF FF FF FF FF FF FF FF FF FF FF FF FF FF FF FF FF FF FF FF FF FF FF FF FF FF FF FF FF FF FF FF FF FF FF FF FF FF FF FF FF FF FF FF FF FF FF FF FF FF FF FF FF FF FF FF FF FF FF FF FF FF FF FF FF FF FF FF FF FF FF FF FF 
93  0.00000000  GPSTracer.exe  IRP_MJ_READ  00000097  Length 1552
93  0.01541760  TIMEOUT  Length 128: FF FF FF FF FF FF FF FF FF FF FF FF FF FF FF FF FF FF FF FF FF FF FF FF FF FF FF FF FF FF FF FF FF FF FF FF FF FF FF FF FF FF FF FF FF FF FF FF FF FF FF FF FF FF FF FF FF FF FF FF FF FF FF FF FF FF FF FF FF FF FF FF FF FF FF FF FF FF FF FF FF FF FF FF FF FF FF FF FF FF FF FF FF FF FF FF FF FF FF FF FF FF FF FF FF FF FF FF FF FF FF FF FF FF FF FF FF FF FF FF FF FF FF FF FF FF FF FF 
94  0.00000000  GPSTracer.exe  IRP_MJ_READ  00000097  Length 1424
94  0.01519271  TIMEOUT  Length 112: FF FF FF FF FF FF FF FF FF FF FF FF FF FF FF FF FF FF FF FF FF FF FF FF FF FF FF FF FF FF FF FF FF FF FF FF FF FF FF FF FF FF FF FF FF FF FF FF FF FF FF FF FF FF FF FF FF FF FF FF FF FF FF FF FF FF FF FF FF FF FF FF FF FF FF FF FF FF FF FF FF FF FF FF FF FF FF FF FF FF FF FF FF FF FF FF FF FF FF FF FF FF FF FF FF FF FF FF FF FF FF FF 
95  0.00000000  GPSTracer.exe  IRP_MJ_READ  00000097  Length 1312
95  0.01546789  TIMEOUT  Length 128: FF FF FF FF FF FF FF FF FF FF FF FF FF FF FF FF FF FF FF FF FF FF FF FF FF FF FF FF FF FF FF FF FF FF FF FF FF FF FF FF FF FF FF FF FF FF FF FF FF FF FF FF FF FF FF FF FF FF FF FF FF FF FF FF FF FF FF FF FF FF FF FF FF FF FF FF FF FF FF FF FF FF FF FF FF FF FF FF FF FF FF FF FF FF FF FF FF FF FF FF FF FF FF FF FF FF FF FF FF FF FF FF FF FF FF FF FF FF FF FF FF FF FF FF FF FF FF FF 
96  0.00000000  GPSTracer.exe  IRP_MJ_READ  00000097  Length 1184
96  0.01533463  TIMEOUT  Length 128: FF FF FF FF FF FF FF FF FF FF FF FF FF FF FF FF FF FF FF FF FF FF FF FF FF FF FF FF FF FF FF FF FF FF FF FF FF FF FF FF FF FF FF FF FF FF FF FF FF FF FF FF FF FF FF FF FF FF FF FF FF FF FF FF FF FF FF FF FF FF FF FF FF FF FF FF FF FF FF FF FF FF FF FF FF FF FF FF FF FF FF FF FF FF FF FF FF FF FF FF FF FF FF FF FF FF FF FF FF FF FF FF FF FF FF FF FF FF FF FF FF FF FF FF FF FF FF FF 
97  0.00000000  GPSTracer.exe  IRP_MJ_READ  00000097  Length 1056
97  0.01553214  TIMEOUT  Length 128: FF FF FF FF FF FF FF FF FF FF FF FF FF FF FF FF FF FF FF FF FF FF FF FF FF FF FF FF FF FF FF FF FF FF FF FF FF FF FF FF FF FF FF FF FF FF FF FF FF FF FF FF FF FF FF FF FF FF FF FF FF FF FF FF FF FF FF FF FF FF FF FF FF FF FF FF FF FF FF FF FF FF FF FF FF FF FF FF FF FF FF FF FF FF FF FF FF FF FF FF FF FF FF FF FF FF FF FF FF FF FF FF FF FF FF FF FF FF FF FF FF FF FF FF FF FF FF FF 
98  0.00000000  GPSTracer.exe  IRP_MJ_READ  00000097  Length 928
98  0.01529636  TIMEOUT  Length 128: FF FF FF FF FF FF FF FF FF FF FF FF FF FF FF FF FF FF FF FF FF FF FF FF FF FF FF FF FF FF FF FF FF FF FF FF FF FF FF FF FF FF FF FF FF FF FF FF FF FF FF FF FF FF FF FF FF FF FF FF FF FF FF FF FF FF FF FF FF FF FF FF FF FF FF FF FF FF FF FF FF FF FF FF FF FF FF FF FF FF FF FF FF FF FF FF FF FF FF FF FF FF FF FF FF FF FF FF FF FF FF FF FF FF FF FF FF FF FF FF FF FF FF FF FF FF FF FF 
99  0.00000000  GPSTracer.exe  IRP_MJ_READ  00000097  Length 800
99  0.03114251  TIMEOUT  Length 240: FF FF FF FF FF FF FF FF FF FF FF FF FF FF FF FF FF FF FF FF FF FF FF FF FF FF FF FF FF FF FF FF FF FF FF FF FF FF FF FF FF FF FF FF FF FF FF FF FF FF FF FF FF FF FF FF FF FF FF FF FF FF FF FF FF FF FF FF FF FF FF FF FF FF FF FF FF FF FF FF FF FF FF FF FF FF FF FF FF FF FF FF FF FF FF FF FF FF FF FF FF FF FF FF FF FF FF FF FF FF FF FF FF FF FF FF FF FF FF FF FF FF FF FF FF FF FF FF FF FF FF FF FF FF FF FF FF FF FF FF FF FF FF FF FF FF FF FF FF FF FF FF FF FF FF FF FF FF FF FF FF FF FF FF FF FF FF FF FF FF FF FF FF FF FF FF FF FF FF FF FF FF FF FF FF FF FF FF FF FF FF FF FF FF FF FF FF FF FF FF FF FF FF FF FF FF FF FF FF FF FF FF FF FF FF FF FF FF FF FF FF FF FF FF FF FF FF FF FF FF FF FF FF FF FF FF FF FF FF FF 
100  0.00000000  GPSTracer.exe  IRP_MJ_READ  00000097  Length 560
100  0.01541229  TIMEOUT  Length 128: FF FF FF FF FF FF FF FF FF FF FF FF FF FF FF FF FF FF FF FF FF FF FF FF FF FF FF FF FF FF FF FF FF FF FF FF FF FF FF FF FF FF FF FF FF FF FF FF FF FF FF FF FF FF FF FF FF FF FF FF FF FF FF FF FF FF FF FF FF FF FF FF FF FF FF FF FF FF FF FF FF FF FF FF FF FF FF FF FF FF FF FF FF FF FF FF FF FF FF FF FF FF FF FF FF FF FF FF FF FF FF FF FF FF FF FF FF FF FF FF FF FF FF FF FF FF FF FF 
101  0.00000000  GPSTracer.exe  IRP_MJ_READ  00000097  Length 432
101  0.01533267  TIMEOUT  Length 112: FF FF FF FF FF FF FF FF FF FF FF FF FF FF FF FF FF FF FF FF FF FF FF FF FF FF FF FF FF FF FF FF FF FF FF FF FF FF FF FF FF FF FF FF FF FF FF FF FF FF FF FF FF FF FF FF FF FF FF FF FF FF FF FF FF FF FF FF FF FF FF FF FF FF FF FF FF FF FF FF FF FF FF FF FF FF FF FF FF FF FF FF FF FF FF FF FF FF FF FF FF FF FF FF FF FF FF FF FF FF FF FF 
102  0.00000000  GPSTracer.exe  IRP_MJ_READ  00000097  Length 320
102  0.01553577  TIMEOUT  Length 128: FF FF FF FF FF FF FF FF FF FF FF FF FF FF FF FF FF FF FF FF FF FF FF FF FF FF FF FF FF FF FF FF FF FF FF FF FF FF FF FF FF FF FF FF FF FF FF FF FF FF FF FF FF FF FF FF FF FF FF FF FF FF FF FF FF FF FF FF FF FF FF FF FF FF FF FF FF FF FF FF FF FF FF FF FF FF FF FF FF FF FF FF FF FF FF FF FF FF FF FF FF FF FF FF FF FF FF FF FF FF FF FF FF FF FF FF FF FF FF FF FF FF FF FF FF FF FF FF 
103  0.00000000  GPSTracer.exe  IRP_MJ_READ  00000097  Length 192
103  0.01533603  TIMEOUT  Length 128: FF FF FF FF FF FF FF FF FF FF FF FF FF FF FF FF FF FF FF FF FF FF FF FF FF FF FF FF FF FF FF FF FF FF FF FF FF FF FF FF FF FF FF FF FF FF FF FF FF FF FF FF FF FF FF FF FF FF FF FF FF FF FF FF FF FF FF FF FF FF FF FF FF FF FF FF FF FF FF FF FF FF FF FF FF FF FF FF FF FF FF FF FF FF FF FF FF FF FF FF FF FF FF FF FF FF FF FF FF FF FF FF FF FF FF FF FF FF FF FF FF FF FF FF FF FF FF FF 
104  0.00000000  GPSTracer.exe  IRP_MJ_READ  00000097  Length 64
104  0.00654720  SUCCESS  Length 64: FF FF FF FF FF FF FF FF FF FF FF FF FF FF FF FF FF FF FF FF FF FF FF FF FF FF FF FF FF FF FF FF FF FF FF FF FF FF FF FF FF FF FF FF FF FF FF FF FF FF FF FF FF FF FF FF FF FF FF FF FF FF FF FF 
105  0.00000000  GPSTracer.exe  IOCTL_SERIAL_PURGE  00000097  Purge: TXCLEAR RXCLEAR
105  0.00000698  SUCCESS  
106  0.00000000  GPSTracer.exe  IRP_MJ_WRITE  00000097  Length 8: 93 01 01 00 00 00 00 00 
106  0.00062690  SUCCESS  
107  0.00000000  GPSTracer.exe  IRP_MJ_READ  00000097  Length 3
107  0.00000419  SUCCESS  Length 3: 93 00 00 
108  0.00000000  GPSTracer.exe  IRP_MJ_WRITE  00000097  Length 8: 00 00 00 00 00 00 00 6B 
108  0.00091408  SUCCESS  
109  0.00000000  GPSTracer.exe  IRP_MJ_READ  00000097  Length 3
109  0.00099538  SUCCESS  Length 3: 93 00 00 
110  0.00000000  GPSTracer.exe  IRP_MJ_CLEANUP  00000097  
110  0.00000140  INVALID DEVICE REQUEST  
111  0.00000000  GPSTracer.exe  IRP_MJ_CLOSE  00000097  
111  0.00000726  SUCCESS  
