2	0.00013549	GpsDataControl.	IRP_MJ_CREATE	00000097	SUCCESS	Options: Create 	
3	0.00000335	GpsDataControl.	IRP_MJ_CLEANUP	00000097	INVALID DEVICE REQUEST		
4	0.00001564	GpsDataControl.	IRP_MJ_CLOSE	00000097	SUCCESS		
5	0.00022936	GpsDataControl.	IRP_MJ_CREATE	00000097	SUCCESS	Options: Create 	
6	0.00000335	GpsDataControl.	IRP_MJ_CLEANUP	00000097	INVALID DEVICE REQUEST		
7	0.00001564	GpsDataControl.	IRP_MJ_CLOSE	00000097	SUCCESS		
8	0.00003604	GpsDataControl.	IRP_MJ_CREATE	00000097	SUCCESS	Options: Create 	
9	0.00000335	GpsDataControl.	IRP_MJ_CLEANUP	00000097	INVALID DEVICE REQUEST		
10	0.00016622	GpsDataControl.	IRP_MJ_CLOSE	00000097	SUCCESS		
11	0.00003073	GpsDataControl.	IRP_MJ_CREATE	00000097	SUCCESS	Options: Open 	
12	0.00000810	GpsDataControl.	IOCTL_SERIAL_SET_QUEUE_SIZE	00000097	SUCCESS	InSize: 4100 OutSize: 4100	
13	0.00000838	GpsDataControl.	IOCTL_SERIAL_SET_TIMEOUTS	00000097	SUCCESS	RI:10 RM:0 RC:200 WM:2 WC:1000	
14	0.00000503	GpsDataControl.	IOCTL_SERIAL_PURGE	00000097	SUCCESS	Purge: TXCLEAR RXCLEAR	
15	0.20011007	GpsDataControl.	IRP_MJ_READ	00000097	TIMEOUT	Length 0: 	
16	0.03110563	GpsDataControl.	IRP_MJ_READ	00000097	TIMEOUT	Length 16: 30 38 30 39 30 39 2C 2C 2C 41 2A 37 35 0D 0A 24 	
17	0.01836826	GpsDataControl.	IRP_MJ_READ	00000097	TIMEOUT	Length 16: 47 50 47 47 41 2C 30 39 35 33 32 33 2E 30 30 30 	
18	0.01765504	GpsDataControl.	IRP_MJ_READ	00000097	TIMEOUT	Length 16: 2C 35 31 32 39 2E 37 37 36 35 2C 4E 2C 30 30 30 	
19	0.01926027	GpsDataControl.	IRP_MJ_READ	00000097	TIMEOUT	Length 16: 34 32 2E 31 30 36 30 2C 57 2C 31 2C 30 37 2C 31 	
20	0.01729102	GpsDataControl.	IRP_MJ_READ	00000097	TIMEOUT	Length 16: 2E 31 2C 32 34 2E 34 2C 4D 2C 34 37 2E 32 2C 4D 	
21	0.01849062	GpsDataControl.	IRP_MJ_READ	00000097	TIMEOUT	Length 16: 2C 2C 30 30 30 30 2A 37 39 0D 0A 24 47 50 47 53 	
22	0.01819924	GpsDataControl.	IRP_MJ_READ	00000097	TIMEOUT	Length 16: 41 2C 41 2C 33 2C 30 39 2C 31 32 2C 32 36 2C 31 	
23	0.01859259	GpsDataControl.	IRP_MJ_READ	00000097	TIMEOUT	Length 16: 37 2C 31 35 2C 32 32 2C 32 37 2C 2C 2C 2C 2C 2C 	
24	0.01749496	GpsDataControl.	IRP_MJ_READ	00000097	TIMEOUT	Length 16: 32 2E 31 2C 31 2E 31 2C 31 2E 38 2A 33 31 0D 0A 	
25	0.01735025	GpsDataControl.	IRP_MJ_READ	00000097	TIMEOUT	Length 16: 24 47 50 52 4D 43 2C 30 39 35 33 32 33 2E 30 30 	
26	0.01955304	GpsDataControl.	IRP_MJ_READ	00000097	TIMEOUT	Length 16: 30 2C 41 2C 35 31 32 39 2E 37 37 36 35 2C 4E 2C 	
27	0.01735416	GpsDataControl.	IRP_MJ_READ	00000097	TIMEOUT	Length 16: 30 30 30 34 32 2E 31 30 36 30 2C 57 2C 30 2E 33 	
28	0.01868115	GpsDataControl.	IRP_MJ_READ	00000097	TIMEOUT	Length 16: 38 2C 32 39 34 2E 37 38 2C 30 38 30 39 30 39 2C 	
29	0.19983462	GpsDataControl.	IRP_MJ_READ	00000097	TIMEOUT	Length 0: 	
30	0.20013773	GpsDataControl.	IRP_MJ_READ	00000097	TIMEOUT	Length 0: 	
31	0.20007012	GpsDataControl.	IRP_MJ_READ	00000097	TIMEOUT	Length 0: 	
32	0.19022418	GpsDataControl.	IRP_MJ_READ	00000097	TIMEOUT	Length 16: 2C 2C 41 2A 37 43 0D 0A 24 47 50 47 47 41 2C 30 	
33	0.01752485	GpsDataControl.	IRP_MJ_READ	00000097	TIMEOUT	Length 16: 39 35 33 32 34 2E 30 30 30 2C 35 31 32 39 2E 37 	
34	0.01740054	GpsDataControl.	IRP_MJ_READ	00000097	TIMEOUT	Length 16: 37 36 31 2C 4E 2C 30 30 30 34 32 2E 31 30 35 39 	
35	0.01928821	GpsDataControl.	IRP_MJ_READ	00000097	TIMEOUT	Length 16: 2C 57 2C 31 2C 30 37 2C 31 2E 31 2C 32 36 2E 35 	
36	0.01848335	GpsDataControl.	IRP_MJ_READ	00000097	TIMEOUT	Length 16: 2C 4D 2C 34 37 2E 32 2C 4D 2C 2C 30 30 30 30 2A 	
37	0.01746982	GpsDataControl.	IRP_MJ_READ	00000097	TIMEOUT	Length 16: 37 33 0D 0A 24 47 50 47 53 41 2C 41 2C 33 2C 30 	
38	0.01730583	GpsDataControl.	IRP_MJ_READ	00000097	TIMEOUT	Length 16: 39 2C 31 32 2C 32 36 2C 31 37 2C 31 35 2C 32 32 	
39	0.01946393	GpsDataControl.	IRP_MJ_READ	00000097	TIMEOUT	Length 16: 2C 32 37 2C 2C 2C 2C 2C 2C 32 2E 31 2C 31 2E 31 	
40	0.01740892	GpsDataControl.	IRP_MJ_READ	00000097	TIMEOUT	Length 16: 2C 31 2E 38 2A 33 31 0D 0A 24 47 50 52 4D 43 2C 	
41	0.01845514	GpsDataControl.	IRP_MJ_READ	00000097	TIMEOUT	Length 16: 30 39 35 33 32 34 2E 30 30 30 2C 41 2C 35 31 32 	
42	0.01853727	GpsDataControl.	IRP_MJ_READ	00000097	TIMEOUT	Length 16: 39 2E 37 37 36 31 2C 4E 2C 30 30 30 34 32 2E 31 	
43	0.01841351	GpsDataControl.	IRP_MJ_READ	00000097	TIMEOUT	Length 16: 30 35 39 2C 57 2C 30 2E 36 35 2C 32 38 30 2E 30 	
44	0.01722537	GpsDataControl.	IRP_MJ_READ	00000097	TIMEOUT	Length 16: 39 2C 30 38 30 39 30 39 2C 2C 2C 41 2A 37 45 0D 	
45	0.20004107	GpsDataControl.	IRP_MJ_READ	00000097	TIMEOUT	Length 0: 	
46	0.19977343	GpsDataControl.	IRP_MJ_READ	00000097	TIMEOUT	Length 0: 	
47	0.20021623	GpsDataControl.	IRP_MJ_READ	00000097	TIMEOUT	Length 0: 	
48	0.19208642	GpsDataControl.	IRP_MJ_READ	00000097	TIMEOUT	Length 16: 0A 24 47 50 47 47 41 2C 30 39 35 33 32 35 2E 30 	
49	0.01859035	GpsDataControl.	IRP_MJ_READ	00000097	TIMEOUT	Length 16: 30 30 2C 35 31 32 39 2E 37 37 36 30 2C 4E 2C 30 	
50	0.01733712	GpsDataControl.	IRP_MJ_READ	00000097	TIMEOUT	Length 16: 30 30 34 32 2E 31 30 35 37 2C 57 2C 31 2C 30 37 	
51	0.01842022	GpsDataControl.	IRP_MJ_READ	00000097	TIMEOUT	Length 16: 2C 31 2E 31 2C 32 36 2E 32 2C 4D 2C 34 37 2E 32 	
52	0.01728739	GpsDataControl.	IRP_MJ_READ	00000097	TIMEOUT	Length 16: 2C 4D 2C 2C 30 30 30 30 2A 37 41 0D 0A 24 47 50 	
53	0.00857399	GpsDataControl.	IRP_MJ_READ	00000097	SUCCESS	Length 16: 47 53 41 2C 41 2C 33 2C 30 39 2C 31 32 2C 32 36 	
54	0.00003827	GpsDataControl.	IOCTL_SERIAL_PURGE	00000097	SUCCESS	Purge: TXCLEAR RXCLEAR	
55	0.00003632	GpsDataControl.	IOCTL_SERIAL_PURGE	00000097	SUCCESS	Purge: TXCLEAR RXCLEAR	
56	0.00322220	GpsDataControl.	IRP_MJ_WRITE	00000097	SUCCESS	Length 8: 93 01 01 03 00 00 00 00 	
57	0.00001034	GpsDataControl.	IRP_MJ_READ	00000097	SUCCESS	Length 3: 93 00 00 	
58	0.00284617	GpsDataControl.	IRP_MJ_WRITE	00000097	SUCCESS	Length 8: 00 00 00 00 00 00 00 68 	
59	0.00000950	GpsDataControl.	IRP_MJ_READ	00000097	SUCCESS	Length 3: 93 00 00 	
60	0.00000503	GpsDataControl.	IOCTL_SERIAL_PURGE	00000097	SUCCESS	Purge: TXCLEAR RXCLEAR	
61	0.00000475	GpsDataControl.	IOCTL_SERIAL_PURGE	00000097	SUCCESS	Purge: TXCLEAR RXCLEAR	
62	0.00262911	GpsDataControl.	IRP_MJ_WRITE	00000097	SUCCESS	Length 8: 93 05 07 10 00 04 03 00 	
63	0.00000950	GpsDataControl.	IRP_MJ_READ	00000097	SUCCESS	Length 3: 93 00 00 	
64	0.00383149	GpsDataControl.	IRP_MJ_WRITE	00000097	SUCCESS	Length 8: 00 00 00 00 00 00 00 4A 	
65	0.74023207	GpsDataControl.	IRP_MJ_READ	00000097	SUCCESS	Length 4099: 93 10 00 01 0D D3 30 FF 0F FF 3C 00 F1 FF FF FF FF FF FF FF FF FF FF FF FF FF FF FF FF FF FF FF FF FF FF FF FF FF FF FF FF FF FF FF FF FF FF FF FF FF FF FF FF FF FF FF FF FF FF FF FF FF FF FF FF FF FF FF FF FF FF FF FF FF FF FF FF FF FF FF FF FF FF FF FF FF FF FF FF FF FF FF FF FF FF FF FF FF FF FF FF FF FF FF FF FF FF FF FF FF FF FF FF FF FF FF FF FF FF FF FF FF FF FF FF FF FF FF FF FF FF FF FF FF FF FF FF FF FF FF FF FF FF FF FF FF FF FF FF FF FF FF FF FF FF FF FF FF FF FF FF FF FF FF FF FF FF FF FF FF FF FF FF FF FF FF FF FF FF FF FF FF FF FF FF FF FF FF FF FF FF FF FF FF FF FF FF FF FF FF FF FF FF FF FF FF FF FF FF FF FF FF FF FF FF FF FF FF FF FF FF FF FF FF FF FF FF FF FF FF FF FF FF FF FF FF FF FF FF FF FF FF FF FF FF FF FF FF FF FF FF FF FF FF FF FF FF FF FF 00 00 00 00 3C 3C 00 00 00 00 00 C8 0C 01 2C 32 05 14 01 01 01 02 02 05 0A 0A 18 6A 0C 35 04 E2 00 BB 01 17 1E 00 01 08 08 04 04 02 02 02 02 00 00 20 0F 01 01 01 01 28 00 00 00 00 00 00 00 00 00 00 00 00 3C 3C 00 0E 00 00 00 C8 0C 01 2C 32 05 14 01 01 01 02 02 05 0A 0A 18 6A 0C 35 04 E2 00 BB 01 17 1E 00 01 08 08 04 04 02 02 02 02 00 00 20 0F 01 01 01 01 28 00 00 00 00 00 00 00 00 00 00 00 00 3C 3C 00 0E 00 00 00 C8 0C 01 2C 32 05 14 01 01 01 02 02 05 0A 0A 18 6A 0C 35 04 E2 00 BB 01 17 1E 00 01 08 08 04 04 02 02 02 02 00 00 20 0F 01 01 01 01 28 00 00 00 00 00 00 00 00 00 00 00 00 3C 3C 00 0E 00 00 00 C8 0C 01 2C 32 05 14 01 01 01 02 02 05 0A 0A 18 6A 0C 35 04 E2 00 BB 01 17 1E 00 01 08 08 04 04 02 02 02 02 00 00 20 0F 01 01 01 01 28 00 00 00 00 00 00 00 00 00 00 00 00 3C 3C 00 0E 00 00 00 C8 0C 01 2C 32 05 14 01 01 01 02 02 05 0A 0A 18 6A 0C 35 04 E2 00 BB 01 17 1E 00 01 08 08 04 04 02 02 02 02 00 00 20 0F 01 01 01 01 28 00 00 00 00 00 00 00 00 00 00 00 00 3C 3C 00 0E 00 00 00 C8 0C 01 2C 32 05 14 01 01 01 02 02 05 0A 0A 18 6A 0C 35 04 E2 00 BB 01 17 1E 00 01 08 08 04 04 02 02 02 02 00 00 20 0F 01 01 01 01 28 00 00 00 00 00 00 00 00 00 00 00 00 3C 3C 00 0E 00 00 00 C8 0C 01 2C 32 05 14 01 01 01 02 02 05 0A 0A 18 6A 0C 35 04 E2 00 BB 01 17 1E 00 01 08 08 04 04 02 02 02 02 00 00 20 0F 01 01 01 01 28 00 00 00 00 00 00 00 00 00 00 00 00 3C 3C 00 0E 00 00 00 C8 0C 01 2C 32 05 14 01 01 01 02 02 05 0A 0A 18 6A 0C 35 04 E2 00 BB 01 17 1E 00 01 08 08 04 04 02 02 02 02 00 00 20 0F 01 01 01 01 28 00 00 00 00 00 00 00 00 00 00 00 00 3C 3C 00 0E 00 00 00 C8 0C 01 2C 32 05 14 01 01 01 02 02 05 0A 0A 18 6A 0C 35 04 E2 00 BB 01 17 1E 00 01 08 08 04 04 02 02 02 02 00 00 20 0F 01 01 01 01 28 00 00 00 00 00 00 00 00 00 00 00 00 3C 3C 00 0E 00 00 00 C8 0C 01 2C 32 05 14 01 01 01 02 02 05 0A 0A 18 6A 0C 35 04 E2 00 BB 01 17 1E 00 01 08 08 04 04 02 02 02 02 00 00 20 0F 01 01 01 01 28 00 00 00 00 00 00 00 00 00 00 00 00 3C 3C 00 0E 00 00 00 C8 0C 01 2C 32 05 14 01 01 01 02 02 05 0A 0A 18 6A 0C 35 04 E2 00 BB 01 17 1E 00 01 08 08 04 04 02 02 02 02 00 00 20 0F 01 01 01 01 28 00 00 00 00 00 00 00 00 00 00 00 00 3C 3C 00 0E 00 00 00 C8 0C 01 2C 32 05 14 01 01 01 02 02 05 0A 0A 18 6A 0C 35 04 E2 00 BB 01 17 1E 00 01 08 08 04 04 02 02 02 02 00 00 20 0F 01 01 01 01 28 00 00 00 00 00 00 00 00 00 00 00 00 3C 3C 00 0E 00 00 00 C8 0C 01 2C 32 05 14 01 01 01 02 02 05 0A 0A 18 6A 0C 35 04 E2 00 BB 01 17 1E 00 01 08 08 04 04 02 02 02 02 00 00 20 0F 01 01 01 01 28 00 00 00 00 00 00 00 00 00 00 00 00 3C 3C 00 0E 00 00 00 C8 0C 01 2C 32 05 14 01 01 01 02 02 05 0A 0A 18 6A 0C 35 04 E2 00 BB 01 17 1E 00 01 08 08 04 04 02 02 02 02 00 00 20 0F 01 01 01 01 28 00 00 00 00 00 00 00 00 00 00 00 00 3C 3C 00 0E 00 00 00 C8 0C 01 2C 32 05 14 01 01 01 02 02 05 0A 0A 18 6A 0C 35 04 E2 00 BB 01 17 1E 00 01 08 08 04 04 02 02 02 02 00 00 20 0F 01 01 01 01 28 00 00 00 00 00 00 00 00 00 00 00 00 3C 3C 00 0E 00 00 00 C8 0C 01 2C 32 05 14 01 01 01 02 02 05 0A 0A 18 6A 0C 35 04 E2 00 BB 01 17 1E 00 01 08 08 04 04 02 02 02 02 00 00 20 0F 01 01 01 01 28 00 00 00 00 00 00 00 00 00 00 00 00 3C 3C 00 0E 00 00 00 C8 0C 01 2C 32 05 14 01 01 01 02 02 05 0A 0A 18 6A 0C 35 04 E2 00 BB 01 17 1E 00 01 08 08 04 04 02 02 02 02 00 00 20 0F 01 01 01 01 28 00 00 00 00 00 00 00 00 00 00 00 00 3C 3C 00 0E 00 00 00 C8 0C 01 2C 32 05 14 	
66	0.00000726	GpsDataControl.	IOCTL_SERIAL_PURGE	00000097	SUCCESS	Purge: TXCLEAR RXCLEAR	
67	0.00276432	GpsDataControl.	IRP_MJ_WRITE	00000097	SUCCESS	Length 8: 93 05 04 00 03 01 9F 00 	
68	0.00001034	GpsDataControl.	IRP_MJ_READ	00000097	SUCCESS	Length 3: 93 00 00 	
69	0.00221592	GpsDataControl.	IRP_MJ_WRITE	00000097	SUCCESS	Length 8: 00 00 00 00 00 00 00 C1 	
70	0.00421311	GpsDataControl.	IRP_MJ_READ	00000097	SUCCESS	Length 6: 93 00 03 C2 20 13 	
71	0.00000615	GpsDataControl.	IOCTL_SERIAL_PURGE	00000097	SUCCESS	Purge: TXCLEAR RXCLEAR	
72	0.00250870	GpsDataControl.	IRP_MJ_WRITE	00000097	SUCCESS	Length 8: 93 0A 00 00 00 00 00 00 	
73	0.00001006	GpsDataControl.	IRP_MJ_READ	00000097	SUCCESS	Length 3: 93 00 00 	
74	0.00282690	GpsDataControl.	IRP_MJ_WRITE	00000097	SUCCESS	Length 8: 00 00 00 00 00 00 00 63 	
75	0.00000950	GpsDataControl.	IRP_MJ_READ	00000097	SUCCESS	Length 13: 93 00 0A 46 28 00 00 01 27 00 01 11 00 	
76	0.00001062	GpsDataControl.	IOCTL_SERIAL_PURGE	00000097	SUCCESS	Purge: TXCLEAR RXCLEAR	
77	0.00304731	GpsDataControl.	IRP_MJ_WRITE	00000097	SUCCESS	Length 8: 93 0B 03 00 1D 00 00 00 	
78	0.00001090	GpsDataControl.	IRP_MJ_READ	00000097	SUCCESS	Length 3: 93 00 00 	
79	0.00372813	GpsDataControl.	IRP_MJ_WRITE	00000097	SUCCESS	Length 8: 00 00 00 00 00 00 00 42 	
80	0.00269420	GpsDataControl.	IRP_MJ_READ	00000097	SUCCESS	Length 6: 93 00 03 D2 00 00 	
81	0.00000838	GpsDataControl.	IOCTL_SERIAL_PURGE	00000097	SUCCESS	Purge: TXCLEAR RXCLEAR	
82	0.00335490	GpsDataControl.	IRP_MJ_WRITE	00000097	SUCCESS	Length 8: 93 05 07 10 00 04 03 00 	
83	0.00001062	GpsDataControl.	IRP_MJ_READ	00000097	SUCCESS	Length 3: 93 00 00 	
84	0.00266933	GpsDataControl.	IRP_MJ_WRITE	00000097	SUCCESS	Length 8: 00 00 00 00 00 00 00 4A 	
85	0.75277053	GpsDataControl.	IRP_MJ_READ	00000097	SUCCESS	Length 4099: 93 10 00 01 0D D3 30 FF 0F FF 3C 00 F1 FF FF FF FF FF FF FF FF FF FF FF FF FF FF FF FF FF FF FF FF FF FF FF FF FF FF FF FF FF FF FF FF FF FF FF FF FF FF FF FF FF FF FF FF FF FF FF FF FF FF FF FF FF FF FF FF FF FF FF FF FF FF FF FF FF FF FF FF FF FF FF FF FF FF FF FF FF FF FF FF FF FF FF FF FF FF FF FF FF FF FF FF FF FF FF FF FF FF FF FF FF FF FF FF FF FF FF FF FF FF FF FF FF FF FF FF FF FF FF FF FF FF FF FF FF FF FF FF FF FF FF FF FF FF FF FF FF FF FF FF FF FF FF FF FF FF FF FF FF FF FF FF FF FF FF FF FF FF FF FF FF FF FF FF FF FF FF FF FF FF FF FF FF FF FF FF FF FF FF FF FF FF FF FF FF FF FF FF FF FF FF FF FF FF FF FF FF FF FF FF FF FF FF FF FF FF FF FF FF FF FF FF FF FF FF FF FF FF FF FF FF FF FF FF FF FF FF FF FF FF FF FF FF FF FF FF FF FF FF FF FF FF FF FF FF FF 00 00 00 00 3C 3C 00 00 00 00 00 C8 0C 01 2C 32 05 14 01 01 01 02 02 05 0A 0A 18 6A 0C 35 04 E2 00 BB 01 17 1E 00 01 08 08 04 04 02 02 02 02 00 00 20 0F 01 01 01 01 28 00 00 00 00 00 00 00 00 00 00 00 00 3C 3C 00 0E 00 00 00 C8 0C 01 2C 32 05 14 01 01 01 02 02 05 0A 0A 18 6A 0C 35 04 E2 00 BB 01 17 1E 00 01 08 08 04 04 02 02 02 02 00 00 20 0F 01 01 01 01 28 00 00 00 00 00 00 00 00 00 00 00 00 3C 3C 00 0E 00 00 00 C8 0C 01 2C 32 05 14 01 01 01 02 02 05 0A 0A 18 6A 0C 35 04 E2 00 BB 01 17 1E 00 01 08 08 04 04 02 02 02 02 00 00 20 0F 01 01 01 01 28 00 00 00 00 00 00 00 00 00 00 00 00 3C 3C 00 0E 00 00 00 C8 0C 01 2C 32 05 14 01 01 01 02 02 05 0A 0A 18 6A 0C 35 04 E2 00 BB 01 17 1E 00 01 08 08 04 04 02 02 02 02 00 00 20 0F 01 01 01 01 28 00 00 00 00 00 00 00 00 00 00 00 00 3C 3C 00 0E 00 00 00 C8 0C 01 2C 32 05 14 01 01 01 02 02 05 0A 0A 18 6A 0C 35 04 E2 00 BB 01 17 1E 00 01 08 08 04 04 02 02 02 02 00 00 20 0F 01 01 01 01 28 00 00 00 00 00 00 00 00 00 00 00 00 3C 3C 00 0E 00 00 00 C8 0C 01 2C 32 05 14 01 01 01 02 02 05 0A 0A 18 6A 0C 35 04 E2 00 BB 01 17 1E 00 01 08 08 04 04 02 02 02 02 00 00 20 0F 01 01 01 01 28 00 00 00 00 00 00 00 00 00 00 00 00 3C 3C 00 0E 00 00 00 C8 0C 01 2C 32 05 14 01 01 01 02 02 05 0A 0A 18 6A 0C 35 04 E2 00 BB 01 17 1E 00 01 08 08 04 04 02 02 02 02 00 00 20 0F 01 01 01 01 28 00 00 00 00 00 00 00 00 00 00 00 00 3C 3C 00 0E 00 00 00 C8 0C 01 2C 32 05 14 01 01 01 02 02 05 0A 0A 18 6A 0C 35 04 E2 00 BB 01 17 1E 00 01 08 08 04 04 02 02 02 02 00 00 20 0F 01 01 01 01 28 00 00 00 00 00 00 00 00 00 00 00 00 3C 3C 00 0E 00 00 00 C8 0C 01 2C 32 05 14 01 01 01 02 02 05 0A 0A 18 6A 0C 35 04 E2 00 BB 01 17 1E 00 01 08 08 04 04 02 02 02 02 00 00 20 0F 01 01 01 01 28 00 00 00 00 00 00 00 00 00 00 00 00 3C 3C 00 0E 00 00 00 C8 0C 01 2C 32 05 14 01 01 01 02 02 05 0A 0A 18 6A 0C 35 04 E2 00 BB 01 17 1E 00 01 08 08 04 04 02 02 02 02 00 00 20 0F 01 01 01 01 28 00 00 00 00 00 00 00 00 00 00 00 00 3C 3C 00 0E 00 00 00 C8 0C 01 2C 32 05 14 01 01 01 02 02 05 0A 0A 18 6A 0C 35 04 E2 00 BB 01 17 1E 00 01 08 08 04 04 02 02 02 02 00 00 20 0F 01 01 01 01 28 00 00 00 00 00 00 00 00 00 00 00 00 3C 3C 00 0E 00 00 00 C8 0C 01 2C 32 05 14 01 01 01 02 02 05 0A 0A 18 6A 0C 35 04 E2 00 BB 01 17 1E 00 01 08 08 04 04 02 02 02 02 00 00 20 0F 01 01 01 01 28 00 00 00 00 00 00 00 00 00 00 00 00 3C 3C 00 0E 00 00 00 C8 0C 01 2C 32 05 14 01 01 01 02 02 05 0A 0A 18 6A 0C 35 04 E2 00 BB 01 17 1E 00 01 08 08 04 04 02 02 02 02 00 00 20 0F 01 01 01 01 28 00 00 00 00 00 00 00 00 00 00 00 00 3C 3C 00 0E 00 00 00 C8 0C 01 2C 32 05 14 01 01 01 02 02 05 0A 0A 18 6A 0C 35 04 E2 00 BB 01 17 1E 00 01 08 08 04 04 02 02 02 02 00 00 20 0F 01 01 01 01 28 00 00 00 00 00 00 00 00 00 00 00 00 3C 3C 00 0E 00 00 00 C8 0C 01 2C 32 05 14 01 01 01 02 02 05 0A 0A 18 6A 0C 35 04 E2 00 BB 01 17 1E 00 01 08 08 04 04 02 02 02 02 00 00 20 0F 01 01 01 01 28 00 00 00 00 00 00 00 00 00 00 00 00 3C 3C 00 0E 00 00 00 C8 0C 01 2C 32 05 14 01 01 01 02 02 05 0A 0A 18 6A 0C 35 04 E2 00 BB 01 17 1E 00 01 08 08 04 04 02 02 02 02 00 00 20 0F 01 01 01 01 28 00 00 00 00 00 00 00 00 00 00 00 00 3C 3C 00 0E 00 00 00 C8 0C 01 2C 32 05 14 01 01 01 02 02 05 0A 0A 18 6A 0C 35 04 E2 00 BB 01 17 1E 00 01 08 08 04 04 02 02 02 02 00 00 20 0F 01 01 01 01 28 00 00 00 00 00 00 00 00 00 00 00 00 3C 3C 00 0E 00 00 00 C8 0C 01 2C 32 05 14 	
86	0.00000894	GpsDataControl.	IOCTL_SERIAL_PURGE	00000097	SUCCESS	Purge: TXCLEAR RXCLEAR	
87	0.00232795	GpsDataControl.	IRP_MJ_WRITE	00000097	SUCCESS	Length 8: 93 05 07 00 20 04 03 00 	
88	0.00000950	GpsDataControl.	IRP_MJ_READ	00000097	SUCCESS	Length 3: 93 00 00 	
89	0.00282606	GpsDataControl.	IRP_MJ_WRITE	00000097	SUCCESS	Length 8: 1F E0 00 00 00 00 00 3B 	
90	0.00681595	GpsDataControl.	IRP_MJ_READ	00000097	SUCCESS	Length 35: 93 00 20 FF FF FF FF FF FF FF FF FF FF FF FF FF FF FF FF FF FF FF FF FF FF FF FF FF FF FF FF FF FF FF FF 	
91	0.00000587	GpsDataControl.	IOCTL_SERIAL_PURGE	00000097	SUCCESS	Purge: TXCLEAR RXCLEAR	
92	0.00271599	GpsDataControl.	IRP_MJ_WRITE	00000097	SUCCESS	Length 8: 93 05 07 00 20 04 03 00 	
93	0.00000978	GpsDataControl.	IRP_MJ_READ	00000097	SUCCESS	Length 3: 93 00 00 	
94	0.00262938	GpsDataControl.	IRP_MJ_WRITE	00000097	SUCCESS	Length 8: 20 00 00 00 00 00 00 1A 	
95	0.00225671	GpsDataControl.	IRP_MJ_READ	00000097	SUCCESS	Length 35: 93 00 20 FF FF FF FF FF FF FF FF FF FF FF FF FF FF FF FF FF FF FF FF FF FF FF FF FF FF FF FF FF FF FF FF 	
96	0.00013326	GpsDataControl.	IOCTL_SERIAL_PURGE	00000097	SUCCESS	Purge: TXCLEAR RXCLEAR	
97	0.00366080	GpsDataControl.	IRP_MJ_WRITE	00000097	SUCCESS	Length 8: 93 05 07 00 20 04 03 00 	
98	0.00001145	GpsDataControl.	IRP_MJ_READ	00000097	SUCCESS	Length 3: 93 00 00 	
99	0.00397537	GpsDataControl.	IRP_MJ_WRITE	00000097	SUCCESS	Length 8: 1F E0 00 00 00 00 00 3B 	
100	0.00559261	GpsDataControl.	IRP_MJ_READ	00000097	SUCCESS	Length 35: 93 00 20 FF FF FF FF FF FF FF FF FF FF FF FF FF FF FF FF FF FF FF FF FF FF FF FF FF FF FF FF FF FF FF FF 	
101	0.00000670	GpsDataControl.	IOCTL_SERIAL_PURGE	00000097	SUCCESS	Purge: TXCLEAR RXCLEAR	
102	0.00272856	GpsDataControl.	IRP_MJ_WRITE	00000097	SUCCESS	Length 8: 93 05 07 10 00 04 03 00 	
103	0.00001034	GpsDataControl.	IRP_MJ_READ	00000097	SUCCESS	Length 3: 93 00 00 	
104	0.00276571	GpsDataControl.	IRP_MJ_WRITE	00000097	SUCCESS	Length 8: 10 00 00 00 00 00 00 3A 	
105	0.72642948	GpsDataControl.	IRP_MJ_READ	00000097	SUCCESS	Length 4099: 93 10 00 FF FF FF FF FF FF FF FF FF FF FF FF FF FF FF FF FF FF FF FF FF FF FF FF FF FF FF FF FF FF FF FF FF FF FF FF FF FF FF FF FF FF FF FF FF FF FF FF FF FF FF FF FF FF FF FF FF FF FF FF FF FF FF FF FF FF FF FF FF FF FF FF FF FF FF FF FF FF FF FF FF FF FF FF FF FF FF FF FF FF FF FF FF FF FF FF FF FF FF FF FF FF FF FF FF FF FF FF FF FF FF FF FF FF FF FF FF FF FF FF FF FF FF FF FF FF FF FF FF FF FF FF FF FF FF FF FF FF FF FF FF FF FF FF FF FF FF FF FF FF FF FF FF FF FF FF FF FF FF FF FF FF FF FF FF FF FF FF FF FF FF FF FF FF FF FF FF FF FF FF FF FF FF FF FF FF FF FF FF FF FF FF FF FF FF FF FF FF FF FF FF FF FF FF FF FF FF FF FF FF FF FF FF FF FF FF FF FF FF FF FF FF FF FF FF FF FF FF FF FF FF FF FF FF FF FF FF FF FF FF FF FF FF FF FF FF FF FF FF FF FF FF FF FF FF FF FF FF FF FF FF FF FF FF FF FF FF FF FF FF FF FF FF FF FF FF FF FF FF FF FF FF FF FF FF FF FF FF FF FF FF FF FF FF FF FF FF FF FF FF FF FF FF FF FF FF FF FF FF FF FF FF FF FF FF FF FF FF FF FF FF FF FF FF FF FF FF FF FF FF FF FF FF FF FF FF FF FF FF FF FF FF FF FF FF FF FF FF FF FF FF FF FF FF FF FF FF FF FF FF FF FF FF FF FF FF FF FF FF FF FF FF FF FF FF FF FF FF FF FF FF FF FF FF FF FF FF FF FF FF FF FF FF FF FF FF FF FF FF FF FF FF FF FF FF FF FF FF FF FF FF FF FF FF FF FF FF FF FF FF FF FF FF FF FF FF FF FF FF FF FF FF FF FF FF FF FF FF FF FF FF FF FF FF FF FF FF FF FF FF FF FF FF FF FF FF FF FF FF FF FF FF FF FF FF FF FF FF FF FF FF FF FF FF FF FF FF FF FF FF FF FF FF FF FF FF FF FF FF FF FF FF FF FF FF FF FF FF FF FF FF FF FF FF FF FF FF FF FF FF FF FF FF FF FF FF FF FF FF FF FF FF FF FF FF FF FF FF FF FF FF FF FF FF FF FF FF FF FF FF FF FF FF FF FF FF FF FF FF FF FF FF FF FF FF FF FF FF FF FF FF FF FF FF FF FF FF FF FF FF FF FF FF FF FF FF FF FF FF FF FF FF FF FF FF FF FF FF FF FF FF FF FF FF FF FF FF FF FF FF FF FF FF FF FF FF FF FF FF FF FF FF FF FF FF FF FF FF FF FF FF FF FF FF FF FF FF FF FF FF FF FF FF FF FF FF FF FF FF FF FF FF FF FF FF FF FF FF FF FF FF FF FF FF FF FF FF FF FF FF FF FF FF FF FF FF FF FF FF FF FF FF FF FF FF FF FF FF FF FF FF FF FF FF FF FF FF FF FF FF FF FF FF FF FF FF FF FF FF FF FF FF FF FF FF FF FF FF FF FF FF FF FF FF FF FF FF FF FF FF FF FF FF FF FF FF FF FF FF FF FF FF FF FF FF FF FF FF FF FF FF FF FF FF FF FF FF FF FF FF FF FF FF FF FF FF FF FF FF FF FF FF FF FF FF FF FF FF FF FF FF FF FF FF FF FF FF FF FF FF FF FF FF FF FF FF FF FF FF FF FF FF FF FF FF FF FF FF FF FF FF FF FF FF FF FF FF FF FF FF FF FF FF FF FF FF FF FF FF FF FF FF FF FF FF FF FF FF FF FF FF FF FF FF FF FF FF FF FF FF FF FF FF FF FF FF FF FF FF FF FF FF FF FF FF FF FF FF FF FF FF FF FF FF FF FF FF FF FF FF FF FF FF FF FF FF FF FF FF FF FF FF FF FF FF FF FF FF FF FF FF FF FF FF FF FF FF FF FF FF FF FF FF FF FF FF FF FF FF FF FF FF FF FF FF FF FF FF FF FF FF FF FF FF FF FF FF FF FF FF FF FF FF FF FF FF FF FF FF FF FF FF FF FF FF FF FF FF FF FF FF FF FF FF FF FF FF FF FF FF FF FF FF FF FF FF FF FF FF FF FF FF FF FF FF FF FF FF FF FF FF FF FF FF FF FF FF FF FF FF FF FF FF FF FF FF FF FF FF FF FF FF FF FF FF FF FF FF FF FF FF FF FF FF FF FF FF FF FF FF FF FF FF FF FF FF FF FF FF FF FF FF FF FF FF FF FF FF FF FF FF FF FF FF FF FF FF FF FF FF FF FF FF FF FF FF FF FF FF FF FF FF FF FF FF FF FF FF FF FF FF FF FF FF FF FF FF FF FF FF FF FF FF FF FF FF FF FF FF FF FF FF FF FF FF FF FF FF FF FF FF FF FF FF FF FF FF FF FF FF FF FF FF FF FF FF FF FF FF FF FF FF FF FF FF FF FF FF FF FF FF FF FF FF FF FF FF FF FF FF FF FF FF FF FF FF FF FF FF FF FF FF FF FF FF FF FF FF FF FF FF FF FF FF FF FF FF FF FF FF FF FF FF FF FF FF FF FF FF FF FF FF FF FF FF FF FF FF FF FF FF FF FF FF FF FF FF FF FF FF FF FF FF FF FF FF FF FF FF FF FF FF FF FF FF FF FF FF FF FF FF FF FF FF FF FF FF FF FF FF FF FF FF FF FF FF FF FF FF FF FF FF FF FF FF FF FF FF FF FF FF FF FF FF FF FF FF FF FF FF FF FF FF FF FF FF FF FF FF FF FF FF FF FF FF FF FF FF FF FF FF FF FF FF FF FF FF FF FF FF FF FF FF FF FF FF FF FF FF FF FF FF FF FF FF FF FF FF FF FF FF FF FF FF FF FF FF FF FF FF FF FF FF FF FF FF FF FF FF FF FF FF FF FF FF FF FF FF FF FF FF FF FF FF FF FF FF FF FF FF FF FF FF FF FF FF FF FF FF FF FF FF 	
106	0.00021483	GpsDataControl.	IOCTL_SERIAL_PURGE	00000097	SUCCESS	Purge: TXCLEAR RXCLEAR	
107	0.00288417	GpsDataControl.	IRP_MJ_WRITE	00000097	SUCCESS	Length 8: 93 05 07 00 10 04 03 07 	
108	0.00000978	GpsDataControl.	IRP_MJ_READ	00000097	SUCCESS	Length 3: 93 00 00 	
109	0.00260117	GpsDataControl.	IRP_MJ_WRITE	00000097	SUCCESS	Length 8: F0 00 00 00 00 00 00 53 	
110	0.00387228	GpsDataControl.	IRP_MJ_READ	00000097	SUCCESS	Length 19: 93 00 10 FF FF FF FF FF FF FF FF FF FF FF FF FF FF FF FF 	
111	0.00000615	GpsDataControl.	IOCTL_SERIAL_PURGE	00000097	SUCCESS	Purge: TXCLEAR RXCLEAR	
112	0.00251289	GpsDataControl.	IRP_MJ_WRITE	00000097	SUCCESS	Length 8: 93 05 07 00 10 04 03 07 	
113	0.00091492	GpsDataControl.	IRP_MJ_READ	00000097	SUCCESS	Length 3: 93 00 00 	
114	0.00281097	GpsDataControl.	IRP_MJ_WRITE	00000097	SUCCESS	Length 8: E0 00 00 00 00 00 00 63 	
115	0.00372422	GpsDataControl.	IRP_MJ_READ	00000097	SUCCESS	Length 19: 93 00 10 FF FF FF FF FF FF FF FF FF FF FF FF FF FF FF FF 	
116	0.00000559	GpsDataControl.	IOCTL_SERIAL_PURGE	00000097	SUCCESS	Purge: TXCLEAR RXCLEAR	
117	0.00312051	GpsDataControl.	IRP_MJ_WRITE	00000097	SUCCESS	Length 8: 93 05 07 00 10 04 03 07 	
118	0.00053331	GpsDataControl.	IRP_MJ_READ	00000097	SUCCESS	Length 3: 93 00 00 	
119	0.00355017	GpsDataControl.	IRP_MJ_WRITE	00000097	SUCCESS	Length 8: D0 00 00 00 00 00 00 73 	
120	0.00287215	GpsDataControl.	IRP_MJ_READ	00000097	SUCCESS	Length 19: 93 00 10 FF FF FF FF FF FF FF FF FF FF FF FF FF FF FF FF 	
121	0.00000587	GpsDataControl.	IOCTL_SERIAL_PURGE	00000097	SUCCESS	Purge: TXCLEAR RXCLEAR	
122	0.00491906	GpsDataControl.	IRP_MJ_WRITE	00000097	SUCCESS	Length 8: 93 05 07 00 10 04 03 07 	
123	0.00001145	GpsDataControl.	IRP_MJ_READ	00000097	SUCCESS	Length 3: 93 00 00 	
124	0.00285120	GpsDataControl.	IRP_MJ_WRITE	00000097	SUCCESS	Length 8: C0 00 00 00 00 00 00 83 	
125	0.00295512	GpsDataControl.	IRP_MJ_READ	00000097	SUCCESS	Length 19: 93 00 10 FF FF FF FF FF FF FF FF FF FF FF FF FF FF FF FF 	
126	0.00000587	GpsDataControl.	IOCTL_SERIAL_PURGE	00000097	SUCCESS	Purge: TXCLEAR RXCLEAR	
127	0.00278499	GpsDataControl.	IRP_MJ_WRITE	00000097	SUCCESS	Length 8: 93 05 07 00 10 04 03 07 	
128	0.00072579	GpsDataControl.	IRP_MJ_READ	00000097	SUCCESS	Length 3: 93 00 00 	
129	0.00202065	GpsDataControl.	IRP_MJ_WRITE	00000097	SUCCESS	Length 8: B0 00 00 00 00 00 00 93 	
130	0.00422009	GpsDataControl.	IRP_MJ_READ	00000097	SUCCESS	Length 19: 93 00 10 FF FF FF FF FF FF FF FF FF FF FF FF FF FF FF FF 	
131	0.00000670	GpsDataControl.	IOCTL_SERIAL_PURGE	00000097	SUCCESS	Purge: TXCLEAR RXCLEAR	
132	0.00314956	GpsDataControl.	IRP_MJ_WRITE	00000097	SUCCESS	Length 8: 93 05 07 00 10 04 03 07 	
133	0.00018382	GpsDataControl.	IRP_MJ_READ	00000097	SUCCESS	Length 3: 93 00 00 	
134	0.00360102	GpsDataControl.	IRP_MJ_WRITE	00000097	SUCCESS	Length 8: A0 00 00 00 00 00 00 A3 	
135	0.00385440	GpsDataControl.	IRP_MJ_READ	00000097	SUCCESS	Length 19: 93 00 10 FF FF FF FF FF FF FF FF FF FF FF FF FF FF FF FF 	
136	0.00000559	GpsDataControl.	IOCTL_SERIAL_PURGE	00000097	SUCCESS	Purge: TXCLEAR RXCLEAR	
137	0.00367756	GpsDataControl.	IRP_MJ_WRITE	00000097	SUCCESS	Length 8: 93 05 07 00 10 04 03 07 	
138	0.00001034	GpsDataControl.	IRP_MJ_READ	00000097	SUCCESS	Length 3: 93 00 00 	
139	0.00262017	GpsDataControl.	IRP_MJ_WRITE	00000097	SUCCESS	Length 8: 90 00 00 00 00 00 00 B3 	
140	0.00189912	GpsDataControl.	IRP_MJ_READ	00000097	SUCCESS	Length 19: 93 00 10 FF FF FF FF FF FF FF FF FF FF FF FF FF FF FF FF 	
141	0.00000559	GpsDataControl.	IOCTL_SERIAL_PURGE	00000097	SUCCESS	Purge: TXCLEAR RXCLEAR	
142	0.00260396	GpsDataControl.	IRP_MJ_WRITE	00000097	SUCCESS	Length 8: 93 05 07 00 10 04 03 07 	
143	0.00001006	GpsDataControl.	IRP_MJ_READ	00000097	SUCCESS	Length 3: 93 00 00 	
144	0.00362895	GpsDataControl.	IRP_MJ_WRITE	00000097	SUCCESS	Length 8: 80 00 00 00 00 00 00 C3 	
145	0.00196645	GpsDataControl.	IRP_MJ_READ	00000097	SUCCESS	Length 19: 93 00 10 FF FF FF FF FF FF FF FF FF FF FF FF FF FF FF FF 	
146	0.00000587	GpsDataControl.	IOCTL_SERIAL_PURGE	00000097	SUCCESS	Purge: TXCLEAR RXCLEAR	
147	0.00254278	GpsDataControl.	IRP_MJ_WRITE	00000097	SUCCESS	Length 8: 93 05 07 00 10 04 03 07 	
148	0.00001090	GpsDataControl.	IRP_MJ_READ	00000097	SUCCESS	Length 3: 93 00 00 	
149	0.00334456	GpsDataControl.	IRP_MJ_WRITE	00000097	SUCCESS	Length 8: 70 00 00 00 00 00 00 D3 	
150	0.00342362	GpsDataControl.	IRP_MJ_READ	00000097	SUCCESS	Length 19: 93 00 10 FF FF FF FF FF FF FF FF FF FF FF FF FF FF FF FF 	
151	0.00001816	GpsDataControl.	IOCTL_SERIAL_PURGE	00000097	SUCCESS	Purge: TXCLEAR RXCLEAR	
152	0.00255312	GpsDataControl.	IRP_MJ_WRITE	00000097	SUCCESS	Length 8: 93 05 07 00 10 04 03 07 	
153	0.00075457	GpsDataControl.	IRP_MJ_READ	00000097	SUCCESS	Length 3: 93 00 00 	
154	0.00373846	GpsDataControl.	IRP_MJ_WRITE	00000097	SUCCESS	Length 8: 60 00 00 00 00 00 00 E3 	
155	0.00285204	GpsDataControl.	IRP_MJ_READ	00000097	SUCCESS	Length 19: 93 00 10 FF FF FF FF FF FF FF FF FF FF FF FF FF FF FF FF 	
156	0.00000587	GpsDataControl.	IOCTL_SERIAL_PURGE	00000097	SUCCESS	Purge: TXCLEAR RXCLEAR	
157	0.00255451	GpsDataControl.	IRP_MJ_WRITE	00000097	SUCCESS	Length 8: 93 05 07 00 10 04 03 07 	
158	0.00000978	GpsDataControl.	IRP_MJ_READ	00000097	SUCCESS	Length 3: 93 00 00 	
159	0.00267827	GpsDataControl.	IRP_MJ_WRITE	00000097	SUCCESS	Length 8: 50 00 00 00 00 00 00 F3 	
160	0.00293585	GpsDataControl.	IRP_MJ_READ	00000097	SUCCESS	Length 19: 93 00 10 FF FF FF FF FF FF FF FF FF FF FF FF FF FF FF FF 	
161	0.00000587	GpsDataControl.	IOCTL_SERIAL_PURGE	00000097	SUCCESS	Purge: TXCLEAR RXCLEAR	
162	0.00360521	GpsDataControl.	IRP_MJ_WRITE	00000097	SUCCESS	Length 8: 93 05 07 00 10 04 03 07 	
163	0.00001006	GpsDataControl.	IRP_MJ_READ	00000097	SUCCESS	Length 3: 93 00 00 	
164	0.00247266	GpsDataControl.	IRP_MJ_WRITE	00000097	SUCCESS	Length 8: 40 00 00 00 00 00 00 03 	
165	0.00256960	GpsDataControl.	IRP_MJ_READ	00000097	SUCCESS	Length 19: 93 00 10 FF FF FF FF FF FF FF FF FF FF FF FF FF FF FF FF 	
166	0.00000531	GpsDataControl.	IOCTL_SERIAL_PURGE	00000097	SUCCESS	Purge: TXCLEAR RXCLEAR	
167	0.00352922	GpsDataControl.	IRP_MJ_WRITE	00000097	SUCCESS	Length 8: 93 05 07 00 10 04 03 07 	
168	0.00001006	GpsDataControl.	IRP_MJ_READ	00000097	SUCCESS	Length 3: 93 00 00 	
169	0.00287495	GpsDataControl.	IRP_MJ_WRITE	00000097	SUCCESS	Length 8: 30 00 00 00 00 00 00 13 	
170	0.00265173	GpsDataControl.	IRP_MJ_READ	00000097	SUCCESS	Length 19: 93 00 10 FF FF FF FF FF FF FF FF FF FF FF FF FF FF FF FF 	
171	0.00006342	GpsDataControl.	IOCTL_SERIAL_PURGE	00000097	SUCCESS	Purge: TXCLEAR RXCLEAR	
172	0.00364963	GpsDataControl.	IRP_MJ_WRITE	00000097	SUCCESS	Length 8: 93 05 07 00 10 04 03 07 	
173	0.00001006	GpsDataControl.	IRP_MJ_READ	00000097	SUCCESS	Length 3: 93 00 00 	
174	0.00385775	GpsDataControl.	IRP_MJ_WRITE	00000097	SUCCESS	Length 8: 20 00 00 00 00 00 00 23 	
175	0.00296183	GpsDataControl.	IRP_MJ_READ	00000097	SUCCESS	Length 19: 93 00 10 FF FF FF FF FF FF FF FF FF FF FF FF FF FF FF FF 	
176	0.00000559	GpsDataControl.	IOCTL_SERIAL_PURGE	00000097	SUCCESS	Purge: TXCLEAR RXCLEAR	
177	0.00255088	GpsDataControl.	IRP_MJ_WRITE	00000097	SUCCESS	Length 8: 93 05 07 00 10 04 03 07 	
178	0.00003101	GpsDataControl.	IRP_MJ_READ	00000097	SUCCESS	Length 3: 93 00 00 	
179	0.00242461	GpsDataControl.	IRP_MJ_WRITE	00000097	SUCCESS	Length 8: 10 00 00 00 00 00 00 33 	
180	0.00299032	GpsDataControl.	IRP_MJ_READ	00000097	SUCCESS	Length 19: 93 00 10 FF FF FF FF FF FF FF FF FF FF FF FF FF FF FF FF 	
181	0.00000559	GpsDataControl.	IOCTL_SERIAL_PURGE	00000097	SUCCESS	Purge: TXCLEAR RXCLEAR	
182	0.00257686	GpsDataControl.	IRP_MJ_WRITE	00000097	SUCCESS	Length 8: 93 05 07 00 10 04 03 07 	
183	0.00001062	GpsDataControl.	IRP_MJ_READ	00000097	SUCCESS	Length 3: 93 00 00 	
184	0.00272521	GpsDataControl.	IRP_MJ_WRITE	00000097	SUCCESS	Length 8: 00 00 00 00 00 00 00 43 	
185	0.00247294	GpsDataControl.	IRP_MJ_READ	00000097	SUCCESS	Length 19: 93 00 10 FF FF FF FF FF FF FF FF FF FF FF FF FF FF FF FF 	
186	0.00000559	GpsDataControl.	IOCTL_SERIAL_PURGE	00000097	SUCCESS	Purge: TXCLEAR RXCLEAR	
187	0.00379741	GpsDataControl.	IRP_MJ_WRITE	00000097	SUCCESS	Length 8: 93 05 07 00 10 04 03 06 	
188	0.00001006	GpsDataControl.	IRP_MJ_READ	00000097	SUCCESS	Length 3: 93 00 00 	
189	0.00283220	GpsDataControl.	IRP_MJ_WRITE	00000097	SUCCESS	Length 8: F0 00 00 00 00 00 00 54 	
190	0.00350547	GpsDataControl.	IRP_MJ_READ	00000097	SUCCESS	Length 19: 93 00 10 FF FF FF FF FF FF FF FF FF FF FF FF FF FF FF FF 	
191	0.00000559	GpsDataControl.	IOCTL_SERIAL_PURGE	00000097	SUCCESS	Purge: TXCLEAR RXCLEAR	
192	0.00235589	GpsDataControl.	IRP_MJ_WRITE	00000097	SUCCESS	Length 8: 93 05 07 00 10 04 03 06 	
193	0.00059002	GpsDataControl.	IRP_MJ_READ	00000097	SUCCESS	Length 3: 93 00 00 	
194	0.00291378	GpsDataControl.	IRP_MJ_WRITE	00000097	SUCCESS	Length 8: E0 00 00 00 00 00 00 64 	
195	0.00299507	GpsDataControl.	IRP_MJ_READ	00000097	SUCCESS	Length 19: 93 00 10 FF FF FF FF FF FF FF FF FF FF FF FF FF FF FF FF 	
196	0.00000587	GpsDataControl.	IOCTL_SERIAL_PURGE	00000097	SUCCESS	Purge: TXCLEAR RXCLEAR	
197	0.00374657	GpsDataControl.	IRP_MJ_WRITE	00000097	SUCCESS	Length 8: 93 05 07 00 10 04 03 06 	
198	0.00000978	GpsDataControl.	IRP_MJ_READ	00000097	SUCCESS	Length 3: 93 00 00 	
199	0.00331858	GpsDataControl.	IRP_MJ_WRITE	00000097	SUCCESS	Length 8: D0 00 00 00 00 00 00 74 	
200	0.00103114	GpsDataControl.	IRP_MJ_READ	00000097	SUCCESS	Length 19: 93 00 10 FF FF FF FF FF FF FF FF FF FF FF FF FF FF FF FF 	
201	0.00001956	GpsDataControl.	IOCTL_SERIAL_PURGE	00000097	SUCCESS	Purge: TXCLEAR RXCLEAR	
202	0.00378009	GpsDataControl.	IRP_MJ_WRITE	00000097	SUCCESS	Length 8: 93 05 07 00 10 04 03 06 	
203	0.00002430	GpsDataControl.	IRP_MJ_READ	00000097	SUCCESS	Length 3: 93 00 00 	
204	0.00338758	GpsDataControl.	IRP_MJ_WRITE	00000097	SUCCESS	Length 8: C0 00 00 00 00 00 00 84 	
205	0.00263302	GpsDataControl.	IRP_MJ_READ	00000097	SUCCESS	Length 19: 93 00 10 FF FF FF FF FF FF FF FF FF FF FF FF FF FF FF FF 	
206	0.00000559	GpsDataControl.	IOCTL_SERIAL_PURGE	00000097	SUCCESS	Purge: TXCLEAR RXCLEAR	
207	0.00338898	GpsDataControl.	IRP_MJ_WRITE	00000097	SUCCESS	Length 8: 93 05 07 00 10 04 03 06 	
208	0.00114512	GpsDataControl.	IRP_MJ_READ	00000097	SUCCESS	Length 3: 93 00 00 	
209	0.00274951	GpsDataControl.	IRP_MJ_WRITE	00000097	SUCCESS	Length 8: B0 00 00 00 00 00 00 94 	
210	0.00266179	GpsDataControl.	IRP_MJ_READ	00000097	SUCCESS	Length 19: 93 00 10 FF FF FF FF FF FF FF FF FF FF FF FF FF FF FF FF 	
211	0.00000531	GpsDataControl.	IOCTL_SERIAL_PURGE	00000097	SUCCESS	Purge: TXCLEAR RXCLEAR	
212	0.00378232	GpsDataControl.	IRP_MJ_WRITE	00000097	SUCCESS	Length 8: 93 05 07 00 10 04 03 06 	
213	0.00001006	GpsDataControl.	IRP_MJ_READ	00000097	SUCCESS	Length 3: 93 00 00 	
214	0.00417455	GpsDataControl.	IRP_MJ_WRITE	00000097	SUCCESS	Length 8: A0 00 00 00 00 00 00 A4 	
215	0.00385021	GpsDataControl.	IRP_MJ_READ	00000097	SUCCESS	Length 19: 93 00 10 FF FF FF FF FF FF FF FF FF FF FF FF FF FF FF FF 	
216	0.00000643	GpsDataControl.	IOCTL_SERIAL_PURGE	00000097	SUCCESS	Purge: TXCLEAR RXCLEAR	
217	0.00315152	GpsDataControl.	IRP_MJ_WRITE	00000097	SUCCESS	Length 8: 93 05 07 00 10 04 03 06 	
218	0.00001006	GpsDataControl.	IRP_MJ_READ	00000097	SUCCESS	Length 3: 93 00 00 	
219	0.00278974	GpsDataControl.	IRP_MJ_WRITE	00000097	SUCCESS	Length 8: 90 00 00 00 00 00 00 B4 	
220	0.00256345	GpsDataControl.	IRP_MJ_READ	00000097	SUCCESS	Length 19: 93 00 10 FF FF FF FF FF FF FF FF FF FF FF FF FF FF FF FF 	
221	0.00000559	GpsDataControl.	IOCTL_SERIAL_PURGE	00000097	SUCCESS	Purge: TXCLEAR RXCLEAR	
222	0.00291490	GpsDataControl.	IRP_MJ_WRITE	00000097	SUCCESS	Length 8: 93 05 07 00 10 04 03 06 	
223	0.00003157	GpsDataControl.	IRP_MJ_READ	00000097	SUCCESS	Length 3: 93 00 00 	
224	0.00348480	GpsDataControl.	IRP_MJ_WRITE	00000097	SUCCESS	Length 8: 80 00 00 00 00 00 00 C4 	
225	0.00300317	GpsDataControl.	IRP_MJ_READ	00000097	SUCCESS	Length 19: 93 00 10 FF FF FF FF FF FF FF FF FF FF FF FF FF FF FF FF 	
226	0.00000503	GpsDataControl.	IOCTL_SERIAL_PURGE	00000097	SUCCESS	Purge: TXCLEAR RXCLEAR	
227	0.00253580	GpsDataControl.	IRP_MJ_WRITE	00000097	SUCCESS	Length 8: 93 05 07 00 10 04 03 06 	
228	0.00001006	GpsDataControl.	IRP_MJ_READ	00000097	SUCCESS	Length 3: 93 00 00 	
229	0.00318923	GpsDataControl.	IRP_MJ_WRITE	00000097	SUCCESS	Length 8: 70 00 00 00 00 00 00 D4 	
230	0.00297412	GpsDataControl.	IRP_MJ_READ	00000097	SUCCESS	Length 19: 93 00 10 FF FF FF FF FF FF FF FF FF FF FF FF FF FF FF FF 	
231	0.00000587	GpsDataControl.	IOCTL_SERIAL_PURGE	00000097	SUCCESS	Purge: TXCLEAR RXCLEAR	
232	0.00291462	GpsDataControl.	IRP_MJ_WRITE	00000097	SUCCESS	Length 8: 93 05 07 00 10 04 03 06 	
233	0.00001006	GpsDataControl.	IRP_MJ_READ	00000097	SUCCESS	Length 3: 93 00 00 	
234	0.00388737	GpsDataControl.	IRP_MJ_WRITE	00000097	SUCCESS	Length 8: 60 00 00 00 00 00 00 E4 	
235	0.00255451	GpsDataControl.	IRP_MJ_READ	00000097	SUCCESS	Length 19: 93 00 10 FF FF FF FF FF FF FF FF FF FF FF FF FF FF FF FF 	
236	0.00000587	GpsDataControl.	IOCTL_SERIAL_PURGE	00000097	SUCCESS	Purge: TXCLEAR RXCLEAR	
237	0.00268386	GpsDataControl.	IRP_MJ_WRITE	00000097	SUCCESS	Length 8: 93 05 07 00 10 04 03 06 	
238	0.00001034	GpsDataControl.	IRP_MJ_READ	00000097	SUCCESS	Length 3: 93 00 00 	
239	0.00349877	GpsDataControl.	IRP_MJ_WRITE	00000097	SUCCESS	Length 8: 50 00 00 00 00 00 00 F4 	
240	0.00285232	GpsDataControl.	IRP_MJ_READ	00000097	SUCCESS	Length 19: 93 00 10 FF FF FF FF FF FF FF FF FF FF FF FF FF FF FF FF 	
241	0.00003129	GpsDataControl.	IOCTL_SERIAL_PURGE	00000097	SUCCESS	Purge: TXCLEAR RXCLEAR	
242	0.00330238	GpsDataControl.	IRP_MJ_WRITE	00000097	SUCCESS	Length 8: 93 05 07 00 10 04 03 06 	
243	0.00001117	GpsDataControl.	IRP_MJ_READ	00000097	SUCCESS	Length 3: 93 00 00 	
244	0.00296742	GpsDataControl.	IRP_MJ_WRITE	00000097	SUCCESS	Length 8: 40 00 00 00 00 00 00 04 	
245	0.00265257	GpsDataControl.	IRP_MJ_READ	00000097	SUCCESS	Length 19: 93 00 10 FF FF FF FF FF FF FF FF FF FF FF FF FF FF FF FF 	
246	0.00000503	GpsDataControl.	IOCTL_SERIAL_PURGE	00000097	SUCCESS	Purge: TXCLEAR RXCLEAR	
247	0.00301686	GpsDataControl.	IRP_MJ_WRITE	00000097	SUCCESS	Length 8: 93 05 07 00 10 04 03 06 	
248	0.00001006	GpsDataControl.	IRP_MJ_READ	00000097	SUCCESS	Length 3: 93 00 00 	
249	0.00356246	GpsDataControl.	IRP_MJ_WRITE	00000097	SUCCESS	Length 8: 30 00 00 00 00 00 00 14 	
250	0.00234136	GpsDataControl.	IRP_MJ_READ	00000097	SUCCESS	Length 19: 93 00 10 FF FF FF FF FF FF FF FF FF FF FF FF FF FF FF FF 	
251	0.00000531	GpsDataControl.	IOCTL_SERIAL_PURGE	00000097	SUCCESS	Purge: TXCLEAR RXCLEAR	
252	0.00294227	GpsDataControl.	IRP_MJ_WRITE	00000097	SUCCESS	Length 8: 93 05 07 00 10 04 03 06 	
253	0.00002347	GpsDataControl.	IRP_MJ_READ	00000097	SUCCESS	Length 3: 93 00 00 	
254	0.00257463	GpsDataControl.	IRP_MJ_WRITE	00000097	SUCCESS	Length 8: 20 00 00 00 00 00 00 24 	
255	0.00265481	GpsDataControl.	IRP_MJ_READ	00000097	SUCCESS	Length 19: 93 00 10 FF FF FF FF FF FF FF FF FF FF FF FF FF FF FF FF 	
256	0.00000587	GpsDataControl.	IOCTL_SERIAL_PURGE	00000097	SUCCESS	Purge: TXCLEAR RXCLEAR	
257	0.00274225	GpsDataControl.	IRP_MJ_WRITE	00000097	SUCCESS	Length 8: 93 05 07 00 10 04 03 06 	
258	0.00001006	GpsDataControl.	IRP_MJ_READ	00000097	SUCCESS	Length 3: 93 00 00 	
259	0.00363119	GpsDataControl.	IRP_MJ_WRITE	00000097	SUCCESS	Length 8: 10 00 00 00 00 00 00 34 	
260	0.00315264	GpsDataControl.	IRP_MJ_READ	00000097	SUCCESS	Length 19: 93 00 10 FF FF FF FF FF FF FF FF FF FF FF FF FF FF FF FF 	
261	0.00000559	GpsDataControl.	IOCTL_SERIAL_PURGE	00000097	SUCCESS	Purge: TXCLEAR RXCLEAR	
262	0.00383848	GpsDataControl.	IRP_MJ_WRITE	00000097	SUCCESS	Length 8: 93 05 07 00 10 04 03 06 	
263	0.00001034	GpsDataControl.	IRP_MJ_READ	00000097	SUCCESS	Length 3: 93 00 00 	
264	0.00332640	GpsDataControl.	IRP_MJ_WRITE	00000097	SUCCESS	Length 8: 00 00 00 00 00 00 00 44 	
265	0.00270006	GpsDataControl.	IRP_MJ_READ	00000097	SUCCESS	Length 19: 93 00 10 FF FF FF FF FF FF FF FF FF FF FF FF FF FF FF FF 	
266	0.00000559	GpsDataControl.	IOCTL_SERIAL_PURGE	00000097	SUCCESS	Purge: TXCLEAR RXCLEAR	
267	0.00470088	GpsDataControl.	IRP_MJ_WRITE	00000097	SUCCESS	Length 8: 93 05 07 00 10 04 03 05 	
268	0.00002403	GpsDataControl.	IRP_MJ_READ	00000097	SUCCESS	Length 3: 93 00 00 	
269	0.00290847	GpsDataControl.	IRP_MJ_WRITE	00000097	SUCCESS	Length 8: F0 00 00 00 00 00 00 55 	
270	0.00392536	GpsDataControl.	IRP_MJ_READ	00000097	SUCCESS	Length 19: 93 00 10 FF FF FF FF FF FF FF FF FF FF FF FF FF FF FF FF 	
271	0.00000643	GpsDataControl.	IOCTL_SERIAL_PURGE	00000097	SUCCESS	Purge: TXCLEAR RXCLEAR	
272	0.00329064	GpsDataControl.	IRP_MJ_WRITE	00000097	SUCCESS	Length 8: 93 05 07 00 10 04 03 05 	
273	0.00001090	GpsDataControl.	IRP_MJ_READ	00000097	SUCCESS	Length 3: 93 00 00 	
274	0.00346580	GpsDataControl.	IRP_MJ_WRITE	00000097	SUCCESS	Length 8: E0 00 00 00 00 00 00 65 	
275	0.00348508	GpsDataControl.	IRP_MJ_READ	00000097	SUCCESS	Length 19: 93 00 10 FF FF FF FF FF FF FF FF FF FF FF FF FF FF FF FF 	
276	0.00000670	GpsDataControl.	IOCTL_SERIAL_PURGE	00000097	SUCCESS	Purge: TXCLEAR RXCLEAR	
277	0.00284031	GpsDataControl.	IRP_MJ_WRITE	00000097	SUCCESS	Length 8: 93 05 07 00 10 04 03 05 	
278	0.00001006	GpsDataControl.	IRP_MJ_READ	00000097	SUCCESS	Length 3: 93 00 00 	
279	0.00281544	GpsDataControl.	IRP_MJ_WRITE	00000097	SUCCESS	Length 8: D0 00 00 00 00 00 00 75 	
280	0.00212122	GpsDataControl.	IRP_MJ_READ	00000097	SUCCESS	Length 19: 93 00 10 FF FF FF FF FF FF FF FF FF FF FF FF FF FF FF FF 	
281	0.00000643	GpsDataControl.	IOCTL_SERIAL_PURGE	00000097	SUCCESS	Purge: TXCLEAR RXCLEAR	
282	0.00362504	GpsDataControl.	IRP_MJ_WRITE	00000097	SUCCESS	Length 8: 93 05 07 00 10 04 03 05 	
283	0.00000978	GpsDataControl.	IRP_MJ_READ	00000097	SUCCESS	Length 3: 93 00 00 	
284	0.00256737	GpsDataControl.	IRP_MJ_WRITE	00000097	SUCCESS	Length 8: C0 00 00 00 00 00 00 85 	
285	0.00279756	GpsDataControl.	IRP_MJ_READ	00000097	SUCCESS	Length 19: 93 00 10 FF FF FF FF FF FF FF FF FF FF FF FF FF FF FF FF 	
286	0.00000615	GpsDataControl.	IOCTL_SERIAL_PURGE	00000097	SUCCESS	Purge: TXCLEAR RXCLEAR	
287	0.00388569	GpsDataControl.	IRP_MJ_WRITE	00000097	SUCCESS	Length 8: 93 05 07 00 10 04 03 05 	
288	0.00001090	GpsDataControl.	IRP_MJ_READ	00000097	SUCCESS	Length 3: 93 00 00 	
289	0.00353285	GpsDataControl.	IRP_MJ_WRITE	00000097	SUCCESS	Length 8: B0 00 00 00 00 00 00 95 	
290	0.00334819	GpsDataControl.	IRP_MJ_READ	00000097	SUCCESS	Length 19: 93 00 10 FF FF FF FF FF FF FF FF FF FF FF FF FF FF FF FF 	
291	0.00000587	GpsDataControl.	IOCTL_SERIAL_PURGE	00000097	SUCCESS	Purge: TXCLEAR RXCLEAR	
292	0.00259139	GpsDataControl.	IRP_MJ_WRITE	00000097	SUCCESS	Length 8: 93 05 07 00 10 04 03 05 	
293	0.00000950	GpsDataControl.	IRP_MJ_READ	00000097	SUCCESS	Length 3: 93 00 00 	
294	0.00286517	GpsDataControl.	IRP_MJ_WRITE	00000097	SUCCESS	Length 8: A0 00 00 00 00 00 00 A5 	
295	0.00335490	GpsDataControl.	IRP_MJ_READ	00000097	SUCCESS	Length 19: 93 00 10 FF FF FF FF FF FF FF FF FF FF FF FF FF FF FF FF 	
296	0.00002626	GpsDataControl.	IOCTL_SERIAL_PURGE	00000097	SUCCESS	Purge: TXCLEAR RXCLEAR	
297	0.00287215	GpsDataControl.	IRP_MJ_WRITE	00000097	SUCCESS	Length 8: 93 05 07 00 10 04 03 05 	
298	0.00000950	GpsDataControl.	IRP_MJ_READ	00000097	SUCCESS	Length 3: 93 00 00 	
299	0.00245115	GpsDataControl.	IRP_MJ_WRITE	00000097	SUCCESS	Length 8: 90 00 00 00 00 00 00 B5 	
300	0.00278248	GpsDataControl.	IRP_MJ_READ	00000097	SUCCESS	Length 19: 93 00 10 FF FF FF FF FF FF FF FF FF FF FF FF FF FF FF FF 	
301	0.00000587	GpsDataControl.	IOCTL_SERIAL_PURGE	00000097	SUCCESS	Purge: TXCLEAR RXCLEAR	
302	0.00246232	GpsDataControl.	IRP_MJ_WRITE	00000097	SUCCESS	Length 8: 93 05 07 00 10 04 03 05 	
303	0.00001006	GpsDataControl.	IRP_MJ_READ	00000097	SUCCESS	Length 3: 93 00 00 	
304	0.00299200	GpsDataControl.	IRP_MJ_WRITE	00000097	SUCCESS	Length 8: 80 00 00 00 00 00 00 C5 	
305	0.00253775	GpsDataControl.	IRP_MJ_READ	00000097	SUCCESS	Length 19: 93 00 10 FF FF FF FF FF FF FF FF FF FF FF FF FF FF FF FF 	
306	0.00000531	GpsDataControl.	IOCTL_SERIAL_PURGE	00000097	SUCCESS	Purge: TXCLEAR RXCLEAR	
307	0.00284841	GpsDataControl.	IRP_MJ_WRITE	00000097	SUCCESS	Length 8: 93 05 07 00 10 04 03 05 	
308	0.00000978	GpsDataControl.	IRP_MJ_READ	00000097	SUCCESS	Length 3: 93 00 00 	
309	0.00342194	GpsDataControl.	IRP_MJ_WRITE	00000097	SUCCESS	Length 8: 70 00 00 00 00 00 00 D5 	
310	0.00262883	GpsDataControl.	IRP_MJ_READ	00000097	SUCCESS	Length 19: 93 00 10 FF FF FF FF FF FF FF FF FF FF FF FF FF FF FF FF 	
311	0.00003101	GpsDataControl.	IOCTL_SERIAL_PURGE	00000097	SUCCESS	Purge: TXCLEAR RXCLEAR	
312	0.00467015	GpsDataControl.	IRP_MJ_WRITE	00000097	SUCCESS	Length 8: 93 05 07 00 10 04 03 05 	
313	0.00001062	GpsDataControl.	IRP_MJ_READ	00000097	SUCCESS	Length 3: 93 00 00 	
314	0.00288137	GpsDataControl.	IRP_MJ_WRITE	00000097	SUCCESS	Length 8: 60 00 00 00 00 00 00 E5 	
315	0.00322443	GpsDataControl.	IRP_MJ_READ	00000097	SUCCESS	Length 19: 93 00 10 FF FF FF FF FF FF FF FF FF FF FF FF FF FF FF FF 	
316	0.00000615	GpsDataControl.	IOCTL_SERIAL_PURGE	00000097	SUCCESS	Purge: TXCLEAR RXCLEAR	
317	0.00280985	GpsDataControl.	IRP_MJ_WRITE	00000097	SUCCESS	Length 8: 93 05 07 00 10 04 03 05 	
318	0.00000950	GpsDataControl.	IRP_MJ_READ	00000097	SUCCESS	Length 3: 93 00 00 	
319	0.00272269	GpsDataControl.	IRP_MJ_WRITE	00000097	SUCCESS	Length 8: 50 00 00 00 00 00 00 F5 	
320	0.00343172	GpsDataControl.	IRP_MJ_READ	00000097	SUCCESS	Length 19: 93 00 10 FF FF FF FF FF FF FF FF FF FF FF FF FF FF FF FF 	
321	0.00000587	GpsDataControl.	IOCTL_SERIAL_PURGE	00000097	SUCCESS	Purge: TXCLEAR RXCLEAR	
322	0.00373958	GpsDataControl.	IRP_MJ_WRITE	00000097	SUCCESS	Length 8: 93 05 07 00 10 04 03 05 	
323	0.00002430	GpsDataControl.	IRP_MJ_READ	00000097	SUCCESS	Length 3: 93 00 00 	
324	0.00290959	GpsDataControl.	IRP_MJ_WRITE	00000097	SUCCESS	Length 8: 40 00 00 00 00 00 00 05 	
325	0.00240031	GpsDataControl.	IRP_MJ_READ	00000097	SUCCESS	Length 19: 93 00 10 FF FF FF FF FF FF FF FF FF FF FF FF FF FF FF FF 	
326	0.00000587	GpsDataControl.	IOCTL_SERIAL_PURGE	00000097	SUCCESS	Purge: TXCLEAR RXCLEAR	
327	0.00274476	GpsDataControl.	IRP_MJ_WRITE	00000097	SUCCESS	Length 8: 93 05 07 00 10 04 03 05 	
328	0.00000978	GpsDataControl.	IRP_MJ_READ	00000097	SUCCESS	Length 3: 93 00 00 	
329	0.00276180	GpsDataControl.	IRP_MJ_WRITE	00000097	SUCCESS	Length 8: 30 00 00 00 00 00 00 15 	
330	0.00307218	GpsDataControl.	IRP_MJ_READ	00000097	SUCCESS	Length 19: 93 00 10 FF FF FF FF FF FF FF FF FF FF FF FF FF FF FF FF 	
331	0.00000615	GpsDataControl.	IOCTL_SERIAL_PURGE	00000097	SUCCESS	Purge: TXCLEAR RXCLEAR	
332	0.00341915	GpsDataControl.	IRP_MJ_WRITE	00000097	SUCCESS	Length 8: 93 05 07 00 10 04 03 05 	
333	0.00000950	GpsDataControl.	IRP_MJ_READ	00000097	SUCCESS	Length 3: 93 00 00 	
334	0.00274169	GpsDataControl.	IRP_MJ_WRITE	00000097	SUCCESS	Length 8: 20 00 00 00 00 00 00 25 	
335	0.00279086	GpsDataControl.	IRP_MJ_READ	00000097	SUCCESS	Length 19: 93 00 10 FF FF FF FF FF FF FF FF FF FF FF FF FF FF FF FF 	
336	0.00000559	GpsDataControl.	IOCTL_SERIAL_PURGE	00000097	SUCCESS	Purge: TXCLEAR RXCLEAR	
337	0.00272241	GpsDataControl.	IRP_MJ_WRITE	00000097	SUCCESS	Length 8: 93 05 07 00 10 04 03 05 	
338	0.00000978	GpsDataControl.	IRP_MJ_READ	00000097	SUCCESS	Length 3: 93 00 00 	
339	0.00283472	GpsDataControl.	IRP_MJ_WRITE	00000097	SUCCESS	Length 8: 10 00 00 00 00 00 00 35 	
340	0.00286349	GpsDataControl.	IRP_MJ_READ	00000097	SUCCESS	Length 19: 93 00 10 FF FF FF FF FF FF FF FF FF FF FF FF FF FF FF FF 	
341	0.00000531	GpsDataControl.	IOCTL_SERIAL_PURGE	00000097	SUCCESS	Purge: TXCLEAR RXCLEAR	
342	0.00249417	GpsDataControl.	IRP_MJ_WRITE	00000097	SUCCESS	Length 8: 93 05 07 00 10 04 03 05 	
343	0.00000978	GpsDataControl.	IRP_MJ_READ	00000097	SUCCESS	Length 3: 93 00 00 	
344	0.00271543	GpsDataControl.	IRP_MJ_WRITE	00000097	SUCCESS	Length 8: 00 00 00 00 00 00 00 45 	
345	0.00308056	GpsDataControl.	IRP_MJ_READ	00000097	SUCCESS	Length 19: 93 00 10 FF FF FF FF FF FF FF FF FF FF FF FF FF FF FF FF 	
346	0.00000559	GpsDataControl.	IOCTL_SERIAL_PURGE	00000097	SUCCESS	Purge: TXCLEAR RXCLEAR	
347	0.00241427	GpsDataControl.	IRP_MJ_WRITE	00000097	SUCCESS	Length 8: 93 05 07 00 10 04 03 04 	
348	0.00000922	GpsDataControl.	IRP_MJ_READ	00000097	SUCCESS	Length 3: 93 00 00 	
349	0.00286321	GpsDataControl.	IRP_MJ_WRITE	00000097	SUCCESS	Length 8: F0 00 00 00 00 00 00 56 	
350	0.00296434	GpsDataControl.	IRP_MJ_READ	00000097	SUCCESS	Length 19: 93 00 10 FF FF FF FF FF FF FF FF FF FF FF FF FF FF FF FF 	
351	0.00000531	GpsDataControl.	IOCTL_SERIAL_PURGE	00000097	SUCCESS	Purge: TXCLEAR RXCLEAR	
352	0.00342278	GpsDataControl.	IRP_MJ_WRITE	00000097	SUCCESS	Length 8: 93 05 07 00 10 04 03 04 	
353	0.00000978	GpsDataControl.	IRP_MJ_READ	00000097	SUCCESS	Length 3: 93 00 00 	
354	0.00275789	GpsDataControl.	IRP_MJ_WRITE	00000097	SUCCESS	Length 8: E0 00 00 00 00 00 00 66 	
355	0.00289702	GpsDataControl.	IRP_MJ_READ	00000097	SUCCESS	Length 19: 93 00 10 FF FF FF FF FF FF FF FF FF FF FF FF FF FF FF FF 	
356	0.00000615	GpsDataControl.	IOCTL_SERIAL_PURGE	00000097	SUCCESS	Purge: TXCLEAR RXCLEAR	
357	0.00285148	GpsDataControl.	IRP_MJ_WRITE	00000097	SUCCESS	Length 8: 93 05 07 00 10 04 03 04 	
358	0.00001034	GpsDataControl.	IRP_MJ_READ	00000097	SUCCESS	Length 3: 93 00 00 	
359	0.00244668	GpsDataControl.	IRP_MJ_WRITE	00000097	SUCCESS	Length 8: D0 00 00 00 00 00 00 76 	
360	0.00107109	GpsDataControl.	IRP_MJ_READ	00000097	SUCCESS	Length 19: 93 00 10 FF FF FF FF FF FF FF FF FF FF FF FF FF FF FF FF 	
361	0.00002877	GpsDataControl.	IOCTL_SERIAL_PURGE	00000097	SUCCESS	Purge: TXCLEAR RXCLEAR	
362	0.00373204	GpsDataControl.	IRP_MJ_WRITE	00000097	SUCCESS	Length 8: 93 05 07 00 10 04 03 04 	
363	0.00001090	GpsDataControl.	IRP_MJ_READ	00000097	SUCCESS	Length 3: 93 00 00 	
364	0.00341217	GpsDataControl.	IRP_MJ_WRITE	00000097	SUCCESS	Length 8: C0 00 00 00 00 00 00 86 	
365	0.00274923	GpsDataControl.	IRP_MJ_READ	00000097	SUCCESS	Length 19: 93 00 10 FF FF FF FF FF FF FF FF FF FF FF FF FF FF FF FF 	
366	0.00000615	GpsDataControl.	IOCTL_SERIAL_PURGE	00000097	SUCCESS	Purge: TXCLEAR RXCLEAR	
367	0.00336775	GpsDataControl.	IRP_MJ_WRITE	00000097	SUCCESS	Length 8: 93 05 07 00 10 04 03 04 	
368	0.00010700	GpsDataControl.	IRP_MJ_READ	00000097	SUCCESS	Length 3: 93 00 00 	
369	0.00322052	GpsDataControl.	IRP_MJ_WRITE	00000097	SUCCESS	Length 8: B0 00 00 00 00 00 00 96 	
370	0.00270174	GpsDataControl.	IRP_MJ_READ	00000097	SUCCESS	Length 19: 93 00 10 FF FF FF FF FF FF FF FF FF FF FF FF FF FF FF FF 	
371	0.00000503	GpsDataControl.	IOCTL_SERIAL_PURGE	00000097	SUCCESS	Purge: TXCLEAR RXCLEAR	
372	0.00310403	GpsDataControl.	IRP_MJ_WRITE	00000097	SUCCESS	Length 8: 93 05 07 00 10 04 03 04 	
373	0.00001034	GpsDataControl.	IRP_MJ_READ	00000097	SUCCESS	Length 3: 93 00 00 	
374	0.00359738	GpsDataControl.	IRP_MJ_WRITE	00000097	SUCCESS	Length 8: A0 00 00 00 00 00 00 A6 	
375	0.00350212	GpsDataControl.	IRP_MJ_READ	00000097	SUCCESS	Length 19: 93 00 10 FF FF FF FF FF FF FF FF FF FF FF FF FF FF FF FF 	
376	0.00002263	GpsDataControl.	IOCTL_SERIAL_PURGE	00000097	SUCCESS	Purge: TXCLEAR RXCLEAR	
377	0.00271878	GpsDataControl.	IRP_MJ_WRITE	00000097	SUCCESS	Length 8: 93 05 07 00 10 04 03 04 	
378	0.00002095	GpsDataControl.	IRP_MJ_READ	00000097	SUCCESS	Length 3: 93 00 00 	
379	0.00289283	GpsDataControl.	IRP_MJ_WRITE	00000097	SUCCESS	Length 8: 90 00 00 00 00 00 00 B6 	
380	0.00328198	GpsDataControl.	IRP_MJ_READ	00000097	SUCCESS	Length 19: 93 00 10 FF FF FF FF FF FF FF FF FF FF FF FF FF FF FF FF 	
381	0.00000559	GpsDataControl.	IOCTL_SERIAL_PURGE	00000097	SUCCESS	Purge: TXCLEAR RXCLEAR	
382	0.00274644	GpsDataControl.	IRP_MJ_WRITE	00000097	SUCCESS	Length 8: 93 05 07 00 10 04 03 04 	
383	0.00001006	GpsDataControl.	IRP_MJ_READ	00000097	SUCCESS	Length 3: 93 00 00 	
384	0.00282047	GpsDataControl.	IRP_MJ_WRITE	00000097	SUCCESS	Length 8: 80 00 00 00 00 00 00 C6 	
385	0.00265900	GpsDataControl.	IRP_MJ_READ	00000097	SUCCESS	Length 19: 93 00 10 FF FF FF FF FF FF FF FF FF FF FF FF FF FF FF FF 	
386	0.00000559	GpsDataControl.	IOCTL_SERIAL_PURGE	00000097	SUCCESS	Purge: TXCLEAR RXCLEAR	
387	0.00256150	GpsDataControl.	IRP_MJ_WRITE	00000097	SUCCESS	Length 8: 93 05 07 00 10 04 03 04 	
388	0.00000978	GpsDataControl.	IRP_MJ_READ	00000097	SUCCESS	Length 3: 93 00 00 	
389	0.00287858	GpsDataControl.	IRP_MJ_WRITE	00000097	SUCCESS	Length 8: 70 00 00 00 00 00 00 D6 	
390	0.00263413	GpsDataControl.	IRP_MJ_READ	00000097	SUCCESS	Length 19: 93 00 10 FF FF FF FF FF FF FF FF FF FF FF FF FF FF FF FF 	
391	0.00001872	GpsDataControl.	IOCTL_SERIAL_PURGE	00000097	SUCCESS	Purge: TXCLEAR RXCLEAR	
392	0.00297803	GpsDataControl.	IRP_MJ_WRITE	00000097	SUCCESS	Length 8: 93 05 07 00 10 04 03 04 	
393	0.00001006	GpsDataControl.	IRP_MJ_READ	00000097	SUCCESS	Length 3: 93 00 00 	
394	0.00257351	GpsDataControl.	IRP_MJ_WRITE	00000097	SUCCESS	Length 8: 60 00 00 00 00 00 00 E6 	
395	0.00265090	GpsDataControl.	IRP_MJ_READ	00000097	SUCCESS	Length 19: 93 00 10 FF FF FF FF FF FF FF FF FF FF FF FF FF FF FF FF 	
396	0.00000587	GpsDataControl.	IOCTL_SERIAL_PURGE	00000097	SUCCESS	Purge: TXCLEAR RXCLEAR	
397	0.00286461	GpsDataControl.	IRP_MJ_WRITE	00000097	SUCCESS	Length 8: 93 05 07 00 10 04 03 04 	
398	0.00000950	GpsDataControl.	IRP_MJ_READ	00000097	SUCCESS	Length 3: 93 00 00 	
399	0.00363817	GpsDataControl.	IRP_MJ_WRITE	00000097	SUCCESS	Length 8: 50 00 00 00 00 00 00 F6 	
400	0.00321661	GpsDataControl.	IRP_MJ_READ	00000097	SUCCESS	Length 19: 93 00 10 FF FF FF FF FF FF FF FF FF FF FF FF FF FF FF FF 	
401	0.00000559	GpsDataControl.	IOCTL_SERIAL_PURGE	00000097	SUCCESS	Purge: TXCLEAR RXCLEAR	
402	0.00404688	GpsDataControl.	IRP_MJ_WRITE	00000097	SUCCESS	Length 8: 93 05 07 00 10 04 03 04 	
403	0.00001090	GpsDataControl.	IRP_MJ_READ	00000097	SUCCESS	Length 3: 93 00 00 	
404	0.00304843	GpsDataControl.	IRP_MJ_WRITE	00000097	SUCCESS	Length 8: 40 00 00 00 00 00 00 06 	
405	0.00275231	GpsDataControl.	IRP_MJ_READ	00000097	SUCCESS	Length 19: 93 00 10 FF FF FF FF FF FF FF FF FF FF FF FF FF FF FF FF 	
406	0.00000531	GpsDataControl.	IOCTL_SERIAL_PURGE	00000097	SUCCESS	Purge: TXCLEAR RXCLEAR	
407	0.00369544	GpsDataControl.	IRP_MJ_WRITE	00000097	SUCCESS	Length 8: 93 05 07 00 10 04 03 04 	
408	0.00001090	GpsDataControl.	IRP_MJ_READ	00000097	SUCCESS	Length 3: 93 00 00 	
409	0.00267101	GpsDataControl.	IRP_MJ_WRITE	00000097	SUCCESS	Length 8: 30 00 00 00 00 00 00 16 	
410	0.00262547	GpsDataControl.	IRP_MJ_READ	00000097	SUCCESS	Length 19: 93 00 10 FF FF FF FF FF FF FF FF FF FF FF FF FF FF FF FF 	
411	0.00000559	GpsDataControl.	IOCTL_SERIAL_PURGE	00000097	SUCCESS	Purge: TXCLEAR RXCLEAR	
412	0.00278499	GpsDataControl.	IRP_MJ_WRITE	00000097	SUCCESS	Length 8: 93 05 07 00 10 04 03 04 	
413	0.00001034	GpsDataControl.	IRP_MJ_READ	00000097	SUCCESS	Length 3: 93 00 00 	
414	0.00395358	GpsDataControl.	IRP_MJ_WRITE	00000097	SUCCESS	Length 8: 20 00 00 00 00 00 00 26 	
415	0.00339931	GpsDataControl.	IRP_MJ_READ	00000097	SUCCESS	Length 19: 93 00 10 FF FF FF FF FF FF FF FF FF FF FF FF FF FF FF FF 	
416	0.00000531	GpsDataControl.	IOCTL_SERIAL_PURGE	00000097	SUCCESS	Purge: TXCLEAR RXCLEAR	
417	0.00249445	GpsDataControl.	IRP_MJ_WRITE	00000097	SUCCESS	Length 8: 93 05 07 00 10 04 03 04 	
418	0.00107025	GpsDataControl.	IRP_MJ_READ	00000097	SUCCESS	Length 3: 93 00 00 	
419	0.00218380	GpsDataControl.	IRP_MJ_WRITE	00000097	SUCCESS	Length 8: 10 00 00 00 00 00 00 36 	
420	0.00427093	GpsDataControl.	IRP_MJ_READ	00000097	SUCCESS	Length 19: 93 00 10 FF FF FF FF FF FF FF FF FF FF FF FF FF FF FF FF 	
421	0.00003716	GpsDataControl.	IOCTL_SERIAL_PURGE	00000097	SUCCESS	Purge: TXCLEAR RXCLEAR	
422	0.00372841	GpsDataControl.	IRP_MJ_WRITE	00000097	SUCCESS	Length 8: 93 05 07 00 10 04 03 04 	
423	0.00001006	GpsDataControl.	IRP_MJ_READ	00000097	SUCCESS	Length 3: 93 00 00 	
424	0.00360158	GpsDataControl.	IRP_MJ_WRITE	00000097	SUCCESS	Length 8: 00 00 00 00 00 00 00 46 	
425	0.00264671	GpsDataControl.	IRP_MJ_READ	00000097	SUCCESS	Length 19: 93 00 10 FF FF FF FF FF FF FF FF FF FF FF FF FF FF FF FF 	
426	0.00000615	GpsDataControl.	IOCTL_SERIAL_PURGE	00000097	SUCCESS	Purge: TXCLEAR RXCLEAR	
427	0.00291853	GpsDataControl.	IRP_MJ_WRITE	00000097	SUCCESS	Length 8: 93 05 07 00 10 04 03 03 	
428	0.00000978	GpsDataControl.	IRP_MJ_READ	00000097	SUCCESS	Length 3: 93 00 00 	
429	0.00333981	GpsDataControl.	IRP_MJ_WRITE	00000097	SUCCESS	Length 8: F0 00 00 00 00 00 00 57 	
430	0.00263804	GpsDataControl.	IRP_MJ_READ	00000097	SUCCESS	Length 19: 93 00 10 FF FF FF FF FF FF FF FF FF FF FF FF FF FF FF FF 	
431	0.00000559	GpsDataControl.	IOCTL_SERIAL_PURGE	00000097	SUCCESS	Purge: TXCLEAR RXCLEAR	
432	0.00283444	GpsDataControl.	IRP_MJ_WRITE	00000097	SUCCESS	Length 8: 93 05 07 00 10 04 03 03 	
433	0.00001006	GpsDataControl.	IRP_MJ_READ	00000097	SUCCESS	Length 3: 93 00 00 	
434	0.00282550	GpsDataControl.	IRP_MJ_WRITE	00000097	SUCCESS	Length 8: E0 00 00 00 00 00 00 67 	
435	0.00269504	GpsDataControl.	IRP_MJ_READ	00000097	SUCCESS	Length 19: 93 00 10 FF FF FF FF FF FF FF FF FF FF FF FF FF FF FF FF 	
436	0.00000531	GpsDataControl.	IOCTL_SERIAL_PURGE	00000097	SUCCESS	Purge: TXCLEAR RXCLEAR	
437	0.00369879	GpsDataControl.	IRP_MJ_WRITE	00000097	SUCCESS	Length 8: 93 05 07 00 10 04 03 03 	
438	0.00001062	GpsDataControl.	IRP_MJ_READ	00000097	SUCCESS	Length 3: 93 00 00 	
439	0.00282103	GpsDataControl.	IRP_MJ_WRITE	00000097	SUCCESS	Length 8: D0 00 00 00 00 00 00 77 	
440	0.00326718	GpsDataControl.	IRP_MJ_READ	00000097	SUCCESS	Length 19: 93 00 10 FF FF FF FF FF FF FF FF FF FF FF FF FF FF FF FF 	
441	0.00000559	GpsDataControl.	IOCTL_SERIAL_PURGE	00000097	SUCCESS	Purge: TXCLEAR RXCLEAR	
442	0.00264866	GpsDataControl.	IRP_MJ_WRITE	00000097	SUCCESS	Length 8: 93 05 07 00 10 04 03 03 	
443	0.00001006	GpsDataControl.	IRP_MJ_READ	00000097	SUCCESS	Length 3: 93 00 00 	
444	0.00280008	GpsDataControl.	IRP_MJ_WRITE	00000097	SUCCESS	Length 8: C0 00 00 00 00 00 00 87 	
445	0.00304508	GpsDataControl.	IRP_MJ_READ	00000097	SUCCESS	Length 19: 93 00 10 FF FF FF FF FF FF FF FF FF FF FF FF FF FF FF FF 	
446	0.00000559	GpsDataControl.	IOCTL_SERIAL_PURGE	00000097	SUCCESS	Purge: TXCLEAR RXCLEAR	
447	0.00360604	GpsDataControl.	IRP_MJ_WRITE	00000097	SUCCESS	Length 8: 93 05 07 00 10 04 03 03 	
448	0.00001090	GpsDataControl.	IRP_MJ_READ	00000097	SUCCESS	Length 3: 93 00 00 	
449	0.00401531	GpsDataControl.	IRP_MJ_WRITE	00000097	SUCCESS	Length 8: B0 00 00 00 00 00 00 97 	
450	0.00345072	GpsDataControl.	IRP_MJ_READ	00000097	SUCCESS	Length 19: 93 00 10 FF FF FF FF FF FF FF FF FF FF FF FF FF FF FF FF 	
451	0.00000615	GpsDataControl.	IOCTL_SERIAL_PURGE	00000097	SUCCESS	Purge: TXCLEAR RXCLEAR	
452	0.00346552	GpsDataControl.	IRP_MJ_WRITE	00000097	SUCCESS	Length 8: 93 05 07 00 10 04 03 03 	
453	0.00033468	GpsDataControl.	IRP_MJ_READ	00000097	SUCCESS	Length 3: 93 00 00 	
454	0.00343787	GpsDataControl.	IRP_MJ_WRITE	00000097	SUCCESS	Length 8: A0 00 00 00 00 00 00 A7 	
455	0.00246400	GpsDataControl.	IRP_MJ_READ	00000097	SUCCESS	Length 19: 93 00 10 FF FF FF FF FF FF FF FF FF FF FF FF FF FF FF FF 	
456	0.00002766	GpsDataControl.	IOCTL_SERIAL_PURGE	00000097	SUCCESS	Purge: TXCLEAR RXCLEAR	
457	0.00279589	GpsDataControl.	IRP_MJ_WRITE	00000097	SUCCESS	Length 8: 93 05 07 00 10 04 03 03 	
458	0.00001006	GpsDataControl.	IRP_MJ_READ	00000097	SUCCESS	Length 3: 93 00 00 	
459	0.00366806	GpsDataControl.	IRP_MJ_WRITE	00000097	SUCCESS	Length 8: 90 00 00 00 00 00 00 B7 	
460	0.00258916	GpsDataControl.	IRP_MJ_READ	00000097	SUCCESS	Length 19: 93 00 10 FF FF FF FF FF FF FF FF FF FF FF FF FF FF FF FF 	
461	0.00000754	GpsDataControl.	IOCTL_SERIAL_PURGE	00000097	SUCCESS	Purge: TXCLEAR RXCLEAR	
462	0.00296267	GpsDataControl.	IRP_MJ_WRITE	00000097	SUCCESS	Length 8: 93 05 07 00 10 04 03 03 	
463	0.04781250	GpsDataControl.	IRP_MJ_READ	00000097	SUCCESS	Length 3: 93 00 00 	
464	0.00296602	GpsDataControl.	IRP_MJ_WRITE	00000097	SUCCESS	Length 8: 80 00 00 00 00 00 00 C7 	
465	0.00250591	GpsDataControl.	IRP_MJ_READ	00000097	SUCCESS	Length 19: 93 00 10 FF FF FF FF FF FF FF FF FF FF FF FF FF FF FF FF 	
466	0.00000531	GpsDataControl.	IOCTL_SERIAL_PURGE	00000097	SUCCESS	Purge: TXCLEAR RXCLEAR	
467	0.00298446	GpsDataControl.	IRP_MJ_WRITE	00000097	SUCCESS	Length 8: 93 05 07 00 10 04 03 03 	
468	0.00001034	GpsDataControl.	IRP_MJ_READ	00000097	SUCCESS	Length 3: 93 00 00 	
469	0.00294032	GpsDataControl.	IRP_MJ_WRITE	00000097	SUCCESS	Length 8: 70 00 00 00 00 00 00 D7 	
470	0.00247238	GpsDataControl.	IRP_MJ_READ	00000097	SUCCESS	Length 19: 93 00 10 FF FF FF FF FF FF FF FF FF FF FF FF FF FF FF FF 	
471	0.00000559	GpsDataControl.	IOCTL_SERIAL_PURGE	00000097	SUCCESS	Purge: TXCLEAR RXCLEAR	
472	0.00368455	GpsDataControl.	IRP_MJ_WRITE	00000097	SUCCESS	Length 8: 93 05 07 00 10 04 03 03 	
473	0.00001006	GpsDataControl.	IRP_MJ_READ	00000097	SUCCESS	Length 3: 93 00 00 	
474	0.00276069	GpsDataControl.	IRP_MJ_WRITE	00000097	SUCCESS	Length 8: 60 00 00 00 00 00 00 E7 	
475	0.00278052	GpsDataControl.	IRP_MJ_READ	00000097	SUCCESS	Length 19: 93 00 10 FF FF FF FF FF FF FF FF FF FF FF FF FF FF FF FF 	
476	0.00000531	GpsDataControl.	IOCTL_SERIAL_PURGE	00000097	SUCCESS	Purge: TXCLEAR RXCLEAR	
477	0.00266235	GpsDataControl.	IRP_MJ_WRITE	00000097	SUCCESS	Length 8: 93 05 07 00 10 04 03 03 	
478	0.00001062	GpsDataControl.	IRP_MJ_READ	00000097	SUCCESS	Length 3: 93 00 00 	
479	0.00360800	GpsDataControl.	IRP_MJ_WRITE	00000097	SUCCESS	Length 8: 50 00 00 00 00 00 00 F7 	
480	0.00251484	GpsDataControl.	IRP_MJ_READ	00000097	SUCCESS	Length 19: 93 00 10 FF FF FF FF FF FF FF FF FF FF FF FF FF FF FF FF 	
481	0.00000726	GpsDataControl.	IOCTL_SERIAL_PURGE	00000097	SUCCESS	Purge: TXCLEAR RXCLEAR	
482	0.00231789	GpsDataControl.	IRP_MJ_WRITE	00000097	SUCCESS	Length 8: 93 05 07 00 10 04 03 03 	
483	0.00001397	GpsDataControl.	IRP_MJ_READ	00000097	SUCCESS	Length 3: 93 00 00 	
484	0.00327360	GpsDataControl.	IRP_MJ_WRITE	00000097	SUCCESS	Length 8: 40 00 00 00 00 00 00 07 	
485	0.00166083	GpsDataControl.	IRP_MJ_READ	00000097	SUCCESS	Length 19: 93 00 10 FF FF FF FF FF FF FF FF FF FF FF FF FF FF FF FF 	
486	0.00000698	GpsDataControl.	IOCTL_SERIAL_PURGE	00000097	SUCCESS	Purge: TXCLEAR RXCLEAR	
487	0.00291797	GpsDataControl.	IRP_MJ_WRITE	00000097	SUCCESS	Length 8: 93 05 07 00 10 04 03 03 	
488	0.00001285	GpsDataControl.	IRP_MJ_READ	00000097	SUCCESS	Length 3: 93 00 00 	
489	0.00284114	GpsDataControl.	IRP_MJ_WRITE	00000097	SUCCESS	Length 8: 30 00 00 00 00 00 00 17 	
490	0.00267855	GpsDataControl.	IRP_MJ_READ	00000097	SUCCESS	Length 19: 93 00 10 FF FF FF FF FF FF FF FF FF FF FF FF FF FF FF FF 	
491	0.00000615	GpsDataControl.	IOCTL_SERIAL_PURGE	00000097	SUCCESS	Purge: TXCLEAR RXCLEAR	
492	0.00299675	GpsDataControl.	IRP_MJ_WRITE	00000097	SUCCESS	Length 8: 93 05 07 00 10 04 03 03 	
493	0.00001006	GpsDataControl.	IRP_MJ_READ	00000097	SUCCESS	Length 3: 93 00 00 	
494	0.00268218	GpsDataControl.	IRP_MJ_WRITE	00000097	SUCCESS	Length 8: 20 00 00 00 00 00 00 27 	
495	0.00273471	GpsDataControl.	IRP_MJ_READ	00000097	SUCCESS	Length 19: 93 00 10 FF FF FF FF FF FF FF FF FF FF FF FF FF FF FF FF 	
496	0.00000587	GpsDataControl.	IOCTL_SERIAL_PURGE	00000097	SUCCESS	Purge: TXCLEAR RXCLEAR	
497	0.00376947	GpsDataControl.	IRP_MJ_WRITE	00000097	SUCCESS	Length 8: 93 05 07 00 10 04 03 03 	
498	0.00001090	GpsDataControl.	IRP_MJ_READ	00000097	SUCCESS	Length 3: 93 00 00 	
499	0.00315878	GpsDataControl.	IRP_MJ_WRITE	00000097	SUCCESS	Length 8: 10 00 00 00 00 00 00 37 	
500	0.00364348	GpsDataControl.	IRP_MJ_READ	00000097	SUCCESS	Length 19: 93 00 10 FF FF FF FF FF FF FF FF FF FF FF FF FF FF FF FF 	
501	0.00000587	GpsDataControl.	IOCTL_SERIAL_PURGE	00000097	SUCCESS	Purge: TXCLEAR RXCLEAR	
502	0.00269699	GpsDataControl.	IRP_MJ_WRITE	00000097	SUCCESS	Length 8: 93 05 07 00 10 04 03 03 	
503	0.00000950	GpsDataControl.	IRP_MJ_READ	00000097	SUCCESS	Length 3: 93 00 00 	
504	0.00291071	GpsDataControl.	IRP_MJ_WRITE	00000097	SUCCESS	Length 8: 00 00 00 00 00 00 00 47 	
505	0.00250926	GpsDataControl.	IRP_MJ_READ	00000097	SUCCESS	Length 19: 93 00 10 FF FF FF FF FF FF FF FF FF FF FF FF FF FF FF FF 	
506	0.00000587	GpsDataControl.	IOCTL_SERIAL_PURGE	00000097	SUCCESS	Purge: TXCLEAR RXCLEAR	
507	0.00286852	GpsDataControl.	IRP_MJ_WRITE	00000097	SUCCESS	Length 8: 93 05 07 00 10 04 03 02 	
508	0.00001090	GpsDataControl.	IRP_MJ_READ	00000097	SUCCESS	Length 3: 93 00 00 	
509	0.00361554	GpsDataControl.	IRP_MJ_WRITE	00000097	SUCCESS	Length 8: F0 00 00 00 00 00 00 58 	
510	0.00286154	GpsDataControl.	IRP_MJ_READ	00000097	SUCCESS	Length 19: 93 00 10 FF FF FF FF FF FF FF FF FF FF FF FF FF FF FF FF 	
511	0.00000559	GpsDataControl.	IOCTL_SERIAL_PURGE	00000097	SUCCESS	Purge: TXCLEAR RXCLEAR	
512	0.00297300	GpsDataControl.	IRP_MJ_WRITE	00000097	SUCCESS	Length 8: 93 05 07 00 10 04 03 02 	
513	0.00002151	GpsDataControl.	IRP_MJ_READ	00000097	SUCCESS	Length 3: 93 00 00 	
514	0.00330349	GpsDataControl.	IRP_MJ_WRITE	00000097	SUCCESS	Length 8: E0 00 00 00 00 00 00 68 	
515	0.00384267	GpsDataControl.	IRP_MJ_READ	00000097	SUCCESS	Length 19: 93 00 10 FF FF FF FF FF FF FF FF FF FF FF FF FF FF FF FF 	
516	0.00000615	GpsDataControl.	IOCTL_SERIAL_PURGE	00000097	SUCCESS	Purge: TXCLEAR RXCLEAR	
517	0.00356721	GpsDataControl.	IRP_MJ_WRITE	00000097	SUCCESS	Length 8: 93 05 07 00 10 04 03 02 	
518	0.00000950	GpsDataControl.	IRP_MJ_READ	00000097	SUCCESS	Length 3: 93 00 00 	
519	0.00333534	GpsDataControl.	IRP_MJ_WRITE	00000097	SUCCESS	Length 8: D0 00 00 00 00 00 00 78 	
520	0.00279896	GpsDataControl.	IRP_MJ_READ	00000097	SUCCESS	Length 19: 93 00 10 FF FF FF FF FF FF FF FF FF FF FF FF FF FF FF FF 	
521	0.00000559	GpsDataControl.	IOCTL_SERIAL_PURGE	00000097	SUCCESS	Purge: TXCLEAR RXCLEAR	
522	0.00394017	GpsDataControl.	IRP_MJ_WRITE	00000097	SUCCESS	Length 8: 93 05 07 00 10 04 03 02 	
523	0.00001034	GpsDataControl.	IRP_MJ_READ	00000097	SUCCESS	Length 3: 93 00 00 	
524	0.00356638	GpsDataControl.	IRP_MJ_WRITE	00000097	SUCCESS	Length 8: C0 00 00 00 00 00 00 88 	
525	0.00254613	GpsDataControl.	IRP_MJ_READ	00000097	SUCCESS	Length 19: 93 00 10 FF FF FF FF FF FF FF FF FF FF FF FF FF FF FF FF 	
526	0.00000531	GpsDataControl.	IOCTL_SERIAL_PURGE	00000097	SUCCESS	Purge: TXCLEAR RXCLEAR	
527	0.00273890	GpsDataControl.	IRP_MJ_WRITE	00000097	SUCCESS	Length 8: 93 05 07 00 10 04 03 02 	
528	0.00001062	GpsDataControl.	IRP_MJ_READ	00000097	SUCCESS	Length 3: 93 00 00 	
529	0.00267967	GpsDataControl.	IRP_MJ_WRITE	00000097	SUCCESS	Length 8: B0 00 00 00 00 00 00 98 	
530	0.00071322	GpsDataControl.	IRP_MJ_READ	00000097	SUCCESS	Length 19: 93 00 10 FF FF FF FF FF FF FF FF FF FF FF FF FF FF FF FF 	
531	0.00000587	GpsDataControl.	IOCTL_SERIAL_PURGE	00000097	SUCCESS	Purge: TXCLEAR RXCLEAR	
532	0.00290540	GpsDataControl.	IRP_MJ_WRITE	00000097	SUCCESS	Length 8: 93 05 07 00 10 04 03 02 	
533	0.00001006	GpsDataControl.	IRP_MJ_READ	00000097	SUCCESS	Length 3: 93 00 00 	
534	0.00360018	GpsDataControl.	IRP_MJ_WRITE	00000097	SUCCESS	Length 8: A0 00 00 00 00 00 00 A8 	
535	0.00291126	GpsDataControl.	IRP_MJ_READ	00000097	SUCCESS	Length 19: 93 00 10 FF FF FF FF FF FF FF FF FF FF FF FF FF FF FF FF 	
536	0.00000643	GpsDataControl.	IOCTL_SERIAL_PURGE	00000097	SUCCESS	Purge: TXCLEAR RXCLEAR	
537	0.00288472	GpsDataControl.	IRP_MJ_WRITE	00000097	SUCCESS	Length 8: 93 05 07 00 10 04 03 02 	
538	0.00000978	GpsDataControl.	IRP_MJ_READ	00000097	SUCCESS	Length 3: 93 00 00 	
539	0.00363622	GpsDataControl.	IRP_MJ_WRITE	00000097	SUCCESS	Length 8: 90 00 00 00 00 00 00 B8 	
540	0.00257714	GpsDataControl.	IRP_MJ_READ	00000097	SUCCESS	Length 19: 93 00 10 FF FF FF FF FF FF FF FF FF FF FF FF FF FF FF FF 	
541	0.00000587	GpsDataControl.	IOCTL_SERIAL_PURGE	00000097	SUCCESS	Purge: TXCLEAR RXCLEAR	
542	0.00269699	GpsDataControl.	IRP_MJ_WRITE	00000097	SUCCESS	Length 8: 93 05 07 00 10 04 03 02 	
543	0.00001062	GpsDataControl.	IRP_MJ_READ	00000097	SUCCESS	Length 3: 93 00 00 	
544	0.00275929	GpsDataControl.	IRP_MJ_WRITE	00000097	SUCCESS	Length 8: 80 00 00 00 00 00 00 C8 	
545	0.00368985	GpsDataControl.	IRP_MJ_READ	00000097	SUCCESS	Length 19: 93 00 10 FF FF FF FF FF FF FF FF FF FF FF FF FF FF FF FF 	
546	0.00000587	GpsDataControl.	IOCTL_SERIAL_PURGE	00000097	SUCCESS	Purge: TXCLEAR RXCLEAR	
547	0.00359487	GpsDataControl.	IRP_MJ_WRITE	00000097	SUCCESS	Length 8: 93 05 07 00 10 04 03 02 	
548	0.00004135	GpsDataControl.	IRP_MJ_READ	00000097	SUCCESS	Length 3: 93 00 00 	
549	0.00348340	GpsDataControl.	IRP_MJ_WRITE	00000097	SUCCESS	Length 8: 70 00 00 00 00 00 00 D8 	
550	0.00267129	GpsDataControl.	IRP_MJ_READ	00000097	SUCCESS	Length 19: 93 00 10 FF FF FF FF FF FF FF FF FF FF FF FF FF FF FF FF 	
551	0.00000559	GpsDataControl.	IOCTL_SERIAL_PURGE	00000097	SUCCESS	Purge: TXCLEAR RXCLEAR	
552	0.00284114	GpsDataControl.	IRP_MJ_WRITE	00000097	SUCCESS	Length 8: 93 05 07 00 10 04 03 02 	
553	0.00001006	GpsDataControl.	IRP_MJ_READ	00000097	SUCCESS	Length 3: 93 00 00 	
554	0.00277549	GpsDataControl.	IRP_MJ_WRITE	00000097	SUCCESS	Length 8: 60 00 00 00 00 00 00 E8 	
555	0.00253189	GpsDataControl.	IRP_MJ_READ	00000097	SUCCESS	Length 19: 93 00 10 FF FF FF FF FF FF FF FF FF FF FF FF FF FF FF FF 	
556	0.00000615	GpsDataControl.	IOCTL_SERIAL_PURGE	00000097	SUCCESS	Purge: TXCLEAR RXCLEAR	
557	0.00296770	GpsDataControl.	IRP_MJ_WRITE	00000097	SUCCESS	Length 8: 93 05 07 00 10 04 03 02 	
558	0.00001034	GpsDataControl.	IRP_MJ_READ	00000097	SUCCESS	Length 3: 93 00 00 	
559	0.00246987	GpsDataControl.	IRP_MJ_WRITE	00000097	SUCCESS	Length 8: 50 00 00 00 00 00 00 F8 	
560	0.00393793	GpsDataControl.	IRP_MJ_READ	00000097	SUCCESS	Length 19: 93 00 10 FF FF FF FF FF FF FF FF FF FF FF FF FF FF FF FF 	
561	0.00000615	GpsDataControl.	IOCTL_SERIAL_PURGE	00000097	SUCCESS	Purge: TXCLEAR RXCLEAR	
562	0.00328031	GpsDataControl.	IRP_MJ_WRITE	00000097	SUCCESS	Length 8: 93 05 07 00 10 04 03 02 	
563	0.00085514	GpsDataControl.	IRP_MJ_READ	00000097	SUCCESS	Length 3: 93 00 00 	
564	0.00289674	GpsDataControl.	IRP_MJ_WRITE	00000097	SUCCESS	Length 8: 40 00 00 00 00 00 00 08 	
565	0.00450504	GpsDataControl.	IRP_MJ_READ	00000097	SUCCESS	Length 19: 93 00 10 FF FF FF FF FF FF FF FF FF FF FF FF FF FF FF FF 	
566	0.00000726	GpsDataControl.	IOCTL_SERIAL_PURGE	00000097	SUCCESS	Purge: TXCLEAR RXCLEAR	
567	0.00260201	GpsDataControl.	IRP_MJ_WRITE	00000097	SUCCESS	Length 8: 93 05 07 00 10 04 03 02 	
568	0.00001090	GpsDataControl.	IRP_MJ_READ	00000097	SUCCESS	Length 3: 93 00 00 	
569	0.00204579	GpsDataControl.	IRP_MJ_WRITE	00000097	SUCCESS	Length 8: 30 00 00 00 00 00 00 18 	
570	0.00260173	GpsDataControl.	IRP_MJ_READ	00000097	SUCCESS	Length 19: 93 00 10 FF FF FF FF FF FF FF FF FF FF FF FF FF FF FF FF 	
571	0.00000643	GpsDataControl.	IOCTL_SERIAL_PURGE	00000097	SUCCESS	Purge: TXCLEAR RXCLEAR	
572	0.00376808	GpsDataControl.	IRP_MJ_WRITE	00000097	SUCCESS	Length 8: 93 05 07 00 10 04 03 02 	
573	0.00001006	GpsDataControl.	IRP_MJ_READ	00000097	SUCCESS	Length 3: 93 00 00 	
574	0.00375104	GpsDataControl.	IRP_MJ_WRITE	00000097	SUCCESS	Length 8: 20 00 00 00 00 00 00 28 	
575	0.00256792	GpsDataControl.	IRP_MJ_READ	00000097	SUCCESS	Length 19: 93 00 10 FF FF FF FF FF FF FF FF FF FF FF FF FF FF FF FF 	
576	0.00001956	GpsDataControl.	IOCTL_SERIAL_PURGE	00000097	SUCCESS	Purge: TXCLEAR RXCLEAR	
577	0.00258971	GpsDataControl.	IRP_MJ_WRITE	00000097	SUCCESS	Length 8: 93 05 07 00 10 04 03 02 	
578	0.00000978	GpsDataControl.	IRP_MJ_READ	00000097	SUCCESS	Length 3: 93 00 00 	
579	0.00290316	GpsDataControl.	IRP_MJ_WRITE	00000097	SUCCESS	Length 8: 10 00 00 00 00 00 00 38 	
580	0.00273582	GpsDataControl.	IRP_MJ_READ	00000097	SUCCESS	Length 19: 93 00 10 FF FF FF FF FF FF FF FF FF FF FF FF FF FF FF FF 	
581	0.00000559	GpsDataControl.	IOCTL_SERIAL_PURGE	00000097	SUCCESS	Purge: TXCLEAR RXCLEAR	
582	0.00367589	GpsDataControl.	IRP_MJ_WRITE	00000097	SUCCESS	Length 8: 93 05 07 00 10 04 03 02 	
583	0.00001006	GpsDataControl.	IRP_MJ_READ	00000097	SUCCESS	Length 3: 93 00 00 	
584	0.00280650	GpsDataControl.	IRP_MJ_WRITE	00000097	SUCCESS	Length 8: 00 00 00 00 00 00 00 48 	
585	0.00273917	GpsDataControl.	IRP_MJ_READ	00000097	SUCCESS	Length 19: 93 00 10 FF FF FF FF FF FF FF FF FF FF FF FF FF FF FF FF 	
586	0.00000726	GpsDataControl.	IOCTL_SERIAL_PURGE	00000097	SUCCESS	Purge: TXCLEAR RXCLEAR	
587	0.00244891	GpsDataControl.	IRP_MJ_WRITE	00000097	SUCCESS	Length 8: 93 05 07 00 10 04 03 01 	
588	0.00001006	GpsDataControl.	IRP_MJ_READ	00000097	SUCCESS	Length 3: 93 00 00 	
589	0.00285344	GpsDataControl.	IRP_MJ_WRITE	00000097	SUCCESS	Length 8: F0 00 00 00 00 00 00 59 	
590	0.00276376	GpsDataControl.	IRP_MJ_READ	00000097	SUCCESS	Length 19: 93 00 10 FF FF FF FF FF FF FF FF FF FF FF FF FF FF FF FF 	
591	0.00000531	GpsDataControl.	IOCTL_SERIAL_PURGE	00000097	SUCCESS	Purge: TXCLEAR RXCLEAR	
592	0.00278499	GpsDataControl.	IRP_MJ_WRITE	00000097	SUCCESS	Length 8: 93 05 07 00 10 04 03 01 	
593	0.00001062	GpsDataControl.	IRP_MJ_READ	00000097	SUCCESS	Length 3: 93 00 00 	
594	0.00269140	GpsDataControl.	IRP_MJ_WRITE	00000097	SUCCESS	Length 8: E0 00 00 00 00 00 00 69 	
595	0.00267939	GpsDataControl.	IRP_MJ_READ	00000097	SUCCESS	Length 19: 93 00 10 FF FF FF FF FF FF FF FF FF FF FF FF FF FF FF FF 	
596	0.00003324	GpsDataControl.	IOCTL_SERIAL_PURGE	00000097	SUCCESS	Purge: TXCLEAR RXCLEAR	
597	0.00362448	GpsDataControl.	IRP_MJ_WRITE	00000097	SUCCESS	Length 8: 93 05 07 00 10 04 03 01 	
598	0.00084815	GpsDataControl.	IRP_MJ_READ	00000097	SUCCESS	Length 3: 93 00 00 	
599	0.00296434	GpsDataControl.	IRP_MJ_WRITE	00000097	SUCCESS	Length 8: D0 00 00 00 00 00 00 79 	
600	0.00400218	GpsDataControl.	IRP_MJ_READ	00000097	SUCCESS	Length 19: 93 00 10 FF FF FF FF FF FF FF FF FF FF FF FF FF FF FF FF 	
601	0.00000587	GpsDataControl.	IOCTL_SERIAL_PURGE	00000097	SUCCESS	Purge: TXCLEAR RXCLEAR	
602	0.00246204	GpsDataControl.	IRP_MJ_WRITE	00000097	SUCCESS	Length 8: 93 05 07 00 10 04 03 01 	
603	0.00113338	GpsDataControl.	IRP_MJ_READ	00000097	SUCCESS	Length 3: 93 00 00 	
604	0.00293166	GpsDataControl.	IRP_MJ_WRITE	00000097	SUCCESS	Length 8: C0 00 00 00 00 00 00 89 	
605	0.00259921	GpsDataControl.	IRP_MJ_READ	00000097	SUCCESS	Length 19: 93 00 10 FF FF FF FF FF FF FF FF FF FF FF FF FF FF FF FF 	
606	0.00000531	GpsDataControl.	IOCTL_SERIAL_PURGE	00000097	SUCCESS	Purge: TXCLEAR RXCLEAR	
607	0.00253496	GpsDataControl.	IRP_MJ_WRITE	00000097	SUCCESS	Length 8: 93 05 07 00 10 04 03 01 	
608	0.00000950	GpsDataControl.	IRP_MJ_READ	00000097	SUCCESS	Length 3: 93 00 00 	
609	0.00188208	GpsDataControl.	IRP_MJ_WRITE	00000097	SUCCESS	Length 8: B0 00 00 00 00 00 00 99 	
610	0.00269671	GpsDataControl.	IRP_MJ_READ	00000097	SUCCESS	Length 19: 93 00 10 FF FF FF FF FF FF FF FF FF FF FF FF FF FF FF FF 	
611	0.00002822	GpsDataControl.	IOCTL_SERIAL_PURGE	00000097	SUCCESS	Purge: TXCLEAR RXCLEAR	
612	0.00287551	GpsDataControl.	IRP_MJ_WRITE	00000097	SUCCESS	Length 8: 93 05 07 00 10 04 03 01 	
613	0.00000978	GpsDataControl.	IRP_MJ_READ	00000097	SUCCESS	Length 3: 93 00 00 	
614	0.00277829	GpsDataControl.	IRP_MJ_WRITE	00000097	SUCCESS	Length 8: A0 00 00 00 00 00 00 A9 	
615	0.00265760	GpsDataControl.	IRP_MJ_READ	00000097	SUCCESS	Length 19: 93 00 10 FF FF FF FF FF FF FF FF FF FF FF FF FF FF FF FF 	
616	0.00000531	GpsDataControl.	IOCTL_SERIAL_PURGE	00000097	SUCCESS	Purge: TXCLEAR RXCLEAR	
617	0.00277437	GpsDataControl.	IRP_MJ_WRITE	00000097	SUCCESS	Length 8: 93 05 07 00 10 04 03 01 	
618	0.00000950	GpsDataControl.	IRP_MJ_READ	00000097	SUCCESS	Length 3: 93 00 00 	
619	0.00227264	GpsDataControl.	IRP_MJ_WRITE	00000097	SUCCESS	Length 8: 90 00 00 00 00 00 00 B9 	
620	0.00401224	GpsDataControl.	IRP_MJ_READ	00000097	SUCCESS	Length 19: 93 00 10 FF FF FF FF FF FF FF FF FF FF FF FF FF FF FF FF 	
621	0.00000503	GpsDataControl.	IOCTL_SERIAL_PURGE	00000097	SUCCESS	Purge: TXCLEAR RXCLEAR	
622	0.00270146	GpsDataControl.	IRP_MJ_WRITE	00000097	SUCCESS	Length 8: 93 05 07 00 10 04 03 01 	
623	0.00000978	GpsDataControl.	IRP_MJ_READ	00000097	SUCCESS	Length 3: 93 00 00 	
624	0.00246987	GpsDataControl.	IRP_MJ_WRITE	00000097	SUCCESS	Length 8: 80 00 00 00 00 00 00 C9 	
625	0.00262938	GpsDataControl.	IRP_MJ_READ	00000097	SUCCESS	Length 19: 93 00 10 FF FF FF FF FF FF FF FF FF FF FF FF FF FF FF FF 	
626	0.00000559	GpsDataControl.	IOCTL_SERIAL_PURGE	00000097	SUCCESS	Purge: TXCLEAR RXCLEAR	
627	0.00283332	GpsDataControl.	IRP_MJ_WRITE	00000097	SUCCESS	Length 8: 93 05 07 00 10 04 03 01 	
628	0.00000950	GpsDataControl.	IRP_MJ_READ	00000097	SUCCESS	Length 3: 93 00 00 	
629	0.00283332	GpsDataControl.	IRP_MJ_WRITE	00000097	SUCCESS	Length 8: 70 00 00 00 00 00 00 D9 	
630	0.00261793	GpsDataControl.	IRP_MJ_READ	00000097	SUCCESS	Length 19: 93 00 10 FF FF FF FF FF FF FF FF FF FF FF FF FF FF FF FF 	
631	0.00000559	GpsDataControl.	IOCTL_SERIAL_PURGE	00000097	SUCCESS	Purge: TXCLEAR RXCLEAR	
632	0.00264615	GpsDataControl.	IRP_MJ_WRITE	00000097	SUCCESS	Length 8: 93 05 07 00 10 04 03 01 	
633	0.00000978	GpsDataControl.	IRP_MJ_READ	00000097	SUCCESS	Length 3: 93 00 00 	
634	0.00288081	GpsDataControl.	IRP_MJ_WRITE	00000097	SUCCESS	Length 8: 60 00 00 00 00 00 00 E9 	
635	0.00425836	GpsDataControl.	IRP_MJ_READ	00000097	SUCCESS	Length 19: 93 00 10 FF FF FF FF FF FF FF FF FF FF FF FF FF FF FF FF 	
636	0.00000670	GpsDataControl.	IOCTL_SERIAL_PURGE	00000097	SUCCESS	Purge: TXCLEAR RXCLEAR	
637	0.00273135	GpsDataControl.	IRP_MJ_WRITE	00000097	SUCCESS	Length 8: 93 05 07 00 10 04 03 01 	
638	0.00000978	GpsDataControl.	IRP_MJ_READ	00000097	SUCCESS	Length 3: 93 00 00 	
639	0.00278723	GpsDataControl.	IRP_MJ_WRITE	00000097	SUCCESS	Length 8: 50 00 00 00 00 00 00 F9 	
640	0.00302720	GpsDataControl.	IRP_MJ_READ	00000097	SUCCESS	Length 19: 93 00 10 FF FF FF FF FF FF FF FF FF FF FF FF FF FF FF FF 	
641	0.00000670	GpsDataControl.	IOCTL_SERIAL_PURGE	00000097	SUCCESS	Purge: TXCLEAR RXCLEAR	
642	0.00355380	GpsDataControl.	IRP_MJ_WRITE	00000097	SUCCESS	Length 8: 93 05 07 00 10 04 03 01 	
643	0.00000950	GpsDataControl.	IRP_MJ_READ	00000097	SUCCESS	Length 3: 93 00 00 	
644	0.00373651	GpsDataControl.	IRP_MJ_WRITE	00000097	SUCCESS	Length 8: 40 00 00 00 00 00 00 09 	
645	0.00257295	GpsDataControl.	IRP_MJ_READ	00000097	SUCCESS	Length 19: 93 00 10 FF FF FF FF FF FF FF FF FF FF FF FF FF FF FF FF 	
646	0.00000559	GpsDataControl.	IOCTL_SERIAL_PURGE	00000097	SUCCESS	Purge: TXCLEAR RXCLEAR	
647	0.00279002	GpsDataControl.	IRP_MJ_WRITE	00000097	SUCCESS	Length 8: 93 05 07 00 10 04 03 01 	
648	0.00001034	GpsDataControl.	IRP_MJ_READ	00000097	SUCCESS	Length 3: 93 00 00 	
649	0.00354654	GpsDataControl.	IRP_MJ_WRITE	00000097	SUCCESS	Length 8: 30 00 00 00 00 00 00 19 	
650	0.00262994	GpsDataControl.	IRP_MJ_READ	00000097	SUCCESS	Length 19: 93 00 10 FF FF FF FF FF FF FF FF FF FF FF FF FF FF FF FF 	
651	0.00000559	GpsDataControl.	IOCTL_SERIAL_PURGE	00000097	SUCCESS	Purge: TXCLEAR RXCLEAR	
652	0.00267464	GpsDataControl.	IRP_MJ_WRITE	00000097	SUCCESS	Length 8: 93 05 07 00 10 04 03 01 	
653	0.00001006	GpsDataControl.	IRP_MJ_READ	00000097	SUCCESS	Length 3: 93 00 00 	
654	0.00274309	GpsDataControl.	IRP_MJ_WRITE	00000097	SUCCESS	Length 8: 20 00 00 00 00 00 00 29 	
655	0.00397760	GpsDataControl.	IRP_MJ_READ	00000097	SUCCESS	Length 19: 93 00 10 FF FF FF FF FF FF FF FF FF FF FF FF FF FF FF FF 	
656	0.00000643	GpsDataControl.	IOCTL_SERIAL_PURGE	00000097	SUCCESS	Purge: TXCLEAR RXCLEAR	
657	0.00264978	GpsDataControl.	IRP_MJ_WRITE	00000097	SUCCESS	Length 8: 93 05 07 00 10 04 03 01 	
658	0.00000950	GpsDataControl.	IRP_MJ_READ	00000097	SUCCESS	Length 3: 93 00 00 	
659	0.00404521	GpsDataControl.	IRP_MJ_WRITE	00000097	SUCCESS	Length 8: 10 00 00 00 00 00 00 39 	
660	0.00318029	GpsDataControl.	IRP_MJ_READ	00000097	SUCCESS	Length 19: 93 00 10 FF FF FF FF FF FF FF FF FF FF FF FF FF FF FF FF 	
661	0.00000531	GpsDataControl.	IOCTL_SERIAL_PURGE	00000097	SUCCESS	Purge: TXCLEAR RXCLEAR	
662	0.00271794	GpsDataControl.	IRP_MJ_WRITE	00000097	SUCCESS	Length 8: 93 05 07 00 10 04 03 01 	
663	0.00000950	GpsDataControl.	IRP_MJ_READ	00000097	SUCCESS	Length 3: 93 00 00 	
664	0.00307469	GpsDataControl.	IRP_MJ_WRITE	00000097	SUCCESS	Length 8: 00 00 00 00 00 00 00 49 	
665	0.00357224	GpsDataControl.	IRP_MJ_READ	00000097	SUCCESS	Length 19: 93 00 10 FF FF FF FF FF FF FF FF FF FF FF FF FF FF FF FF 	
666	0.00000559	GpsDataControl.	IOCTL_SERIAL_PURGE	00000097	SUCCESS	Purge: TXCLEAR RXCLEAR	
667	0.00265229	GpsDataControl.	IRP_MJ_WRITE	00000097	SUCCESS	Length 8: 93 05 07 00 10 04 03 00 	
668	0.00000950	GpsDataControl.	IRP_MJ_READ	00000097	SUCCESS	Length 3: 93 00 00 	
669	0.00289953	GpsDataControl.	IRP_MJ_WRITE	00000097	SUCCESS	Length 8: F0 00 00 00 00 00 00 5A 	
670	0.00320320	GpsDataControl.	IRP_MJ_READ	00000097	SUCCESS	Length 19: 93 00 10 FF FF FF FF FF FF FF FF FF FF FF FF FF FF FF FF 	
671	0.00000559	GpsDataControl.	IOCTL_SERIAL_PURGE	00000097	SUCCESS	Purge: TXCLEAR RXCLEAR	
672	0.00268414	GpsDataControl.	IRP_MJ_WRITE	00000097	SUCCESS	Length 8: 93 05 07 00 10 04 03 00 	
673	0.00000978	GpsDataControl.	IRP_MJ_READ	00000097	SUCCESS	Length 3: 93 00 00 	
674	0.00299032	GpsDataControl.	IRP_MJ_WRITE	00000097	SUCCESS	Length 8: E0 00 00 00 00 00 00 6A 	
675	0.00248551	GpsDataControl.	IRP_MJ_READ	00000097	SUCCESS	Length 19: 93 00 10 FF FF FF FF FF FF FF FF FF FF FF FF FF FF FF FF 	
676	0.00000559	GpsDataControl.	IOCTL_SERIAL_PURGE	00000097	SUCCESS	Purge: TXCLEAR RXCLEAR	
677	0.00274197	GpsDataControl.	IRP_MJ_WRITE	00000097	SUCCESS	Length 8: 93 05 07 00 10 04 03 00 	
678	0.00000978	GpsDataControl.	IRP_MJ_READ	00000097	SUCCESS	Length 3: 93 00 00 	
679	0.00283975	GpsDataControl.	IRP_MJ_WRITE	00000097	SUCCESS	Length 8: D0 00 00 00 00 00 00 7A 	
680	0.00393821	GpsDataControl.	IRP_MJ_READ	00000097	SUCCESS	Length 19: 93 00 10 FF FF FF FF FF FF FF FF FF FF FF FF FF FF FF FF 	
681	0.00000670	GpsDataControl.	IOCTL_SERIAL_PURGE	00000097	SUCCESS	Purge: TXCLEAR RXCLEAR	
682	0.00250646	GpsDataControl.	IRP_MJ_WRITE	00000097	SUCCESS	Length 8: 93 05 07 00 10 04 03 00 	
683	0.00004414	GpsDataControl.	IRP_MJ_READ	00000097	SUCCESS	Length 3: 93 00 00 	
684	0.00276516	GpsDataControl.	IRP_MJ_WRITE	00000097	SUCCESS	Length 8: C0 00 00 00 00 00 00 8A 	
685	0.00050900	GpsDataControl.	IRP_MJ_READ	00000097	SUCCESS	Length 19: 93 00 10 FF FF FF FF FF FF FF FF FF FF FF FF FF FF FF FF 	
686	0.00000559	GpsDataControl.	IOCTL_SERIAL_PURGE	00000097	SUCCESS	Purge: TXCLEAR RXCLEAR	
687	0.00269252	GpsDataControl.	IRP_MJ_WRITE	00000097	SUCCESS	Length 8: 93 05 07 00 10 04 03 00 	
688	0.00005392	GpsDataControl.	IRP_MJ_READ	00000097	SUCCESS	Length 3: 93 00 00 	
689	0.00295289	GpsDataControl.	IRP_MJ_WRITE	00000097	SUCCESS	Length 8: B0 00 00 00 00 00 00 9A 	
690	0.00279812	GpsDataControl.	IRP_MJ_READ	00000097	SUCCESS	Length 19: 93 00 10 FF FF FF FF FF FF FF FF FF FF FF FF FF FF FF FF 	
691	0.00000615	GpsDataControl.	IOCTL_SERIAL_PURGE	00000097	SUCCESS	Purge: TXCLEAR RXCLEAR	
692	0.00358481	GpsDataControl.	IRP_MJ_WRITE	00000097	SUCCESS	Length 8: 93 05 07 00 10 04 03 00 	
693	0.00000978	GpsDataControl.	IRP_MJ_READ	00000097	SUCCESS	Length 3: 93 00 00 	
694	0.00278164	GpsDataControl.	IRP_MJ_WRITE	00000097	SUCCESS	Length 8: A0 00 00 00 00 00 00 AA 	
695	0.00257714	GpsDataControl.	IRP_MJ_READ	00000097	SUCCESS	Length 19: 93 00 10 FF FF FF FF FF FF FF FF FF FF FF FF FF FF FF FF 	
696	0.00000531	GpsDataControl.	IOCTL_SERIAL_PURGE	00000097	SUCCESS	Purge: TXCLEAR RXCLEAR	
697	0.00298138	GpsDataControl.	IRP_MJ_WRITE	00000097	SUCCESS	Length 8: 93 05 07 00 10 04 03 00 	
698	0.00001006	GpsDataControl.	IRP_MJ_READ	00000097	SUCCESS	Length 3: 93 00 00 	
699	0.00357448	GpsDataControl.	IRP_MJ_WRITE	00000097	SUCCESS	Length 8: 90 00 00 00 00 00 00 BA 	
700	0.00260871	GpsDataControl.	IRP_MJ_READ	00000097	SUCCESS	Length 19: 93 00 10 FF FF FF FF FF FF FF FF FF FF FF FF FF FF FF FF 	
701	0.00000531	GpsDataControl.	IOCTL_SERIAL_PURGE	00000097	SUCCESS	Purge: TXCLEAR RXCLEAR	
702	0.00383596	GpsDataControl.	IRP_MJ_WRITE	00000097	SUCCESS	Length 8: 93 05 07 00 10 04 03 00 	
703	0.00001034	GpsDataControl.	IRP_MJ_READ	00000097	SUCCESS	Length 3: 93 00 00 	
704	0.00286824	GpsDataControl.	IRP_MJ_WRITE	00000097	SUCCESS	Length 8: 80 00 00 00 00 00 00 CA 	
705	0.00270565	GpsDataControl.	IRP_MJ_READ	00000097	SUCCESS	Length 19: 93 00 10 FF FF FF FF FF FF FF FF FF FF FF FF FF FF FF FF 	
706	0.00000559	GpsDataControl.	IOCTL_SERIAL_PURGE	00000097	SUCCESS	Purge: TXCLEAR RXCLEAR	
707	0.00272437	GpsDataControl.	IRP_MJ_WRITE	00000097	SUCCESS	Length 8: 93 05 07 00 10 04 03 00 	
708	0.00055063	GpsDataControl.	IRP_MJ_READ	00000097	SUCCESS	Length 3: 93 00 00 	
709	0.00200277	GpsDataControl.	IRP_MJ_WRITE	00000097	SUCCESS	Length 8: 70 00 00 00 00 00 00 DA 	
710	0.00290037	GpsDataControl.	IRP_MJ_READ	00000097	SUCCESS	Length 19: 93 00 10 FF FF FF FF FF FF FF FF FF FF FF FF FF FF FF FF 	
711	0.00000587	GpsDataControl.	IOCTL_SERIAL_PURGE	00000097	SUCCESS	Purge: TXCLEAR RXCLEAR	
712	0.00290121	GpsDataControl.	IRP_MJ_WRITE	00000097	SUCCESS	Length 8: 93 05 07 00 10 04 03 00 	
713	0.00001062	GpsDataControl.	IRP_MJ_READ	00000097	SUCCESS	Length 3: 93 00 00 	
714	0.00275342	GpsDataControl.	IRP_MJ_WRITE	00000097	SUCCESS	Length 8: 60 00 00 00 00 00 00 EA 	
715	0.00348145	GpsDataControl.	IRP_MJ_READ	00000097	SUCCESS	Length 19: 93 00 10 FF FF FF FF FF FF FF FF FF FF FF FF FF FF FF FF 	
716	0.00000587	GpsDataControl.	IOCTL_SERIAL_PURGE	00000097	SUCCESS	Purge: TXCLEAR RXCLEAR	
717	0.00274672	GpsDataControl.	IRP_MJ_WRITE	00000097	SUCCESS	Length 8: 93 05 07 00 10 04 03 00 	
718	0.00001034	GpsDataControl.	IRP_MJ_READ	00000097	SUCCESS	Length 3: 93 00 00 	
719	0.00342837	GpsDataControl.	IRP_MJ_WRITE	00000097	SUCCESS	Length 8: 50 00 00 00 00 00 00 FA 	
720	0.00269168	GpsDataControl.	IRP_MJ_READ	00000097	SUCCESS	Length 19: 93 00 10 FF FF FF FF FF FF FF FF FF FF FF FF FF FF FF FF 	
721	0.00000531	GpsDataControl.	IOCTL_SERIAL_PURGE	00000097	SUCCESS	Purge: TXCLEAR RXCLEAR	
722	0.00292244	GpsDataControl.	IRP_MJ_WRITE	00000097	SUCCESS	Length 8: 93 05 07 00 10 04 03 00 	
723	0.00002738	GpsDataControl.	IRP_MJ_READ	00000097	SUCCESS	Length 3: 93 00 00 	
724	0.00347195	GpsDataControl.	IRP_MJ_WRITE	00000097	SUCCESS	Length 8: 40 00 00 00 00 00 00 0A 	
725	0.00355827	GpsDataControl.	IRP_MJ_READ	00000097	SUCCESS	Length 19: 93 00 10 FF FF FF FF FF FF FF FF FF FF FF FF FF FF FF FF 	
726	0.00000531	GpsDataControl.	IOCTL_SERIAL_PURGE	00000097	SUCCESS	Purge: TXCLEAR RXCLEAR	
727	0.00255759	GpsDataControl.	IRP_MJ_WRITE	00000097	SUCCESS	Length 8: 93 05 07 00 10 04 03 00 	
728	0.00001117	GpsDataControl.	IRP_MJ_READ	00000097	SUCCESS	Length 3: 93 00 00 	
729	0.00299535	GpsDataControl.	IRP_MJ_WRITE	00000097	SUCCESS	Length 8: 30 00 00 00 00 00 00 1A 	
730	0.00351637	GpsDataControl.	IRP_MJ_READ	00000097	SUCCESS	Length 19: 93 00 10 FF FF FF FF FF FF FF FF FF FF FF FF FF FF FF FF 	
731	0.00000615	GpsDataControl.	IOCTL_SERIAL_PURGE	00000097	SUCCESS	Purge: TXCLEAR RXCLEAR	
732	0.00258636	GpsDataControl.	IRP_MJ_WRITE	00000097	SUCCESS	Length 8: 93 05 07 00 10 04 03 00 	
733	0.00000978	GpsDataControl.	IRP_MJ_READ	00000097	SUCCESS	Length 3: 93 00 00 	
734	0.00284114	GpsDataControl.	IRP_MJ_WRITE	00000097	SUCCESS	Length 8: 20 00 00 00 00 00 00 2A 	
735	0.00274364	GpsDataControl.	IRP_MJ_READ	00000097	SUCCESS	Length 19: 93 00 10 FF FF FF FF FF FF FF FF FF FF FF FF FF FF FF FF 	
736	0.00000587	GpsDataControl.	IOCTL_SERIAL_PURGE	00000097	SUCCESS	Purge: TXCLEAR RXCLEAR	
737	0.00341915	GpsDataControl.	IRP_MJ_WRITE	00000097	SUCCESS	Length 8: 93 05 07 00 10 04 03 00 	
738	0.00001145	GpsDataControl.	IRP_MJ_READ	00000097	SUCCESS	Length 3: 93 00 00 	
739	0.00368511	GpsDataControl.	IRP_MJ_WRITE	00000097	SUCCESS	Length 8: 10 00 00 00 00 00 00 3A 	
740	0.00265956	GpsDataControl.	IRP_MJ_READ	00000097	SUCCESS	Length 19: 93 00 10 FF FF FF FF FF FF FF FF FF FF FF FF FF FF FF FF 	
741	0.00000559	GpsDataControl.	IOCTL_SERIAL_PURGE	00000097	SUCCESS	Purge: TXCLEAR RXCLEAR	
742	0.00293613	GpsDataControl.	IRP_MJ_WRITE	00000097	SUCCESS	Length 8: 93 08 02 00 00 00 00 00 	
743	0.00054085	GpsDataControl.	IRP_MJ_READ	00000097	SUCCESS	Length 3: 93 00 00 	
744	0.00296434	GpsDataControl.	IRP_MJ_WRITE	00000097	SUCCESS	Length 8: 00 00 00 00 00 00 00 63 	
745	0.00000978	GpsDataControl.	IRP_MJ_READ	00000097	SUCCESS	Length 3: 93 00 00 	
746	0.00047297	GpsDataControl.	IRP_MJ_CLEANUP	00000097	INVALID DEVICE REQUEST		
747	0.00002123	GpsDataControl.	IRP_MJ_CLOSE	00000097	SUCCESS		
