2	0.00300429	GpsDataControl.	IRP_MJ_CREATE	000000a1	SUCCESS	Options: Create 	
3	0.00000419	GpsDataControl.	IRP_MJ_CLEANUP	000000a1	INVALID DEVICE REQUEST		
4	0.00001620	GpsDataControl.	IRP_MJ_CLOSE	000000a1	SUCCESS		
5	0.00021343	GpsDataControl.	IRP_MJ_CREATE	000000a1	SUCCESS	Options: Create 	
6	0.00000335	GpsDataControl.	IRP_MJ_CLEANUP	000000a1	INVALID DEVICE REQUEST		
7	0.00001564	GpsDataControl.	IRP_MJ_CLOSE	000000a1	SUCCESS		
8	0.00003716	GpsDataControl.	IRP_MJ_CREATE	000000a1	SUCCESS	Options: Create 	
9	0.00000335	GpsDataControl.	IRP_MJ_CLEANUP	000000a1	INVALID DEVICE REQUEST		
10	0.00010001	GpsDataControl.	IRP_MJ_CLOSE	000000a1	SUCCESS		
11	0.00004274	GpsDataControl.	IRP_MJ_CREATE	000000a1	SUCCESS	Options: Open 	
12	0.00000698	GpsDataControl.	IOCTL_SERIAL_SET_QUEUE_SIZE	000000a1	SUCCESS	InSize: 4100 OutSize: 4100	
13	0.00000000	GpsDataControl.	IOCTL_SERIAL_SET_TIMEOUTS	000000a1	SUCCESS	RI:10 RM:0 RC:200 WM:2 WC:1000	
14	0.00000503	GpsDataControl.	IOCTL_SERIAL_PURGE	000000a1	SUCCESS	Purge: TXCLEAR RXCLEAR	
15	0.20060063	GpsDataControl.	IRP_MJ_READ	000000a1	TIMEOUT	Length 0: 	
16	0.08690853	GpsDataControl.	IRP_MJ_READ	000000a1	TIMEOUT	Length 16: 39 2C 2C 2C 41 2A 36 31 0D 0A 24 47 50 47 47 41 	
17	0.01825092	GpsDataControl.	IRP_MJ_READ	000000a1	TIMEOUT	Length 16: 2C 31 30 30 36 32 36 2E 30 30 30 2C 35 31 32 39 	
18	0.01724102	GpsDataControl.	IRP_MJ_READ	000000a1	TIMEOUT	Length 16: 2E 37 36 39 37 2C 4E 2C 30 30 30 34 32 2E 31 30 	
19	0.01850291	GpsDataControl.	IRP_MJ_READ	000000a1	TIMEOUT	Length 16: 34 38 2C 57 2C 31 2C 30 37 2C 31 2E 31 2C 33 38 	
20	0.01827746	GpsDataControl.	IRP_MJ_READ	000000a1	TIMEOUT	Length 16: 2E 38 2C 4D 2C 34 37 2E 32 2C 4D 2C 2C 30 30 30 	
21	0.01763185	GpsDataControl.	IRP_MJ_READ	000000a1	TIMEOUT	Length 16: 30 2A 37 33 0D 0A 24 47 50 47 53 41 2C 41 2C 33 	
22	0.01844592	GpsDataControl.	IRP_MJ_READ	000000a1	TIMEOUT	Length 16: 2C 32 37 2C 32 36 2C 31 32 2C 31 37 2C 30 39 2C 	
23	0.01823528	GpsDataControl.	IRP_MJ_READ	000000a1	TIMEOUT	Length 16: 31 34 2C 31 35 2C 2C 2C 2C 2C 2C 32 2E 30 2C 31 	
24	0.01735695	GpsDataControl.	IRP_MJ_READ	000000a1	TIMEOUT	Length 16: 2E 31 2C 31 2E 36 2A 33 42 0D 0A 24 47 50 52 4D 	
25	0.01919685	GpsDataControl.	IRP_MJ_READ	000000a1	TIMEOUT	Length 16: 43 2C 31 30 30 36 32 36 2E 30 30 30 2C 41 2C 35 	
26	0.01748071	GpsDataControl.	IRP_MJ_READ	000000a1	TIMEOUT	Length 16: 31 32 39 2E 37 36 39 37 2C 4E 2C 30 30 30 34 32 	
27	0.01856716	GpsDataControl.	IRP_MJ_READ	000000a1	TIMEOUT	Length 16: 2E 31 30 34 38 2C 57 2C 30 2E 30 30 2C 2C 30 38 	
28	0.20001983	GpsDataControl.	IRP_MJ_READ	000000a1	TIMEOUT	Length 0: 	
29	0.20032211	GpsDataControl.	IRP_MJ_READ	000000a1	TIMEOUT	Length 0: 	
30	0.19993575	GpsDataControl.	IRP_MJ_READ	000000a1	TIMEOUT	Length 0: 	
31	0.19625511	GpsDataControl.	IRP_MJ_READ	000000a1	TIMEOUT	Length 16: 30 39 30 39 2C 2C 2C 41 2A 36 32 0D 0A 24 47 50 	
32	0.01826824	GpsDataControl.	IRP_MJ_READ	000000a1	TIMEOUT	Length 16: 47 47 41 2C 31 30 30 36 32 37 2E 30 30 30 2C 35 	
33	0.01752737	GpsDataControl.	IRP_MJ_READ	000000a1	TIMEOUT	Length 16: 31 32 39 2E 37 36 39 37 2C 4E 2C 30 30 30 34 32 	
34	0.01760727	GpsDataControl.	IRP_MJ_READ	000000a1	TIMEOUT	Length 16: 2E 31 30 34 38 2C 57 2C 31 2C 30 37 2C 31 2E 31 	
35	0.01826657	GpsDataControl.	IRP_MJ_READ	000000a1	TIMEOUT	Length 16: 2C 33 38 2E 38 2C 4D 2C 34 37 2E 32 2C 4D 2C 2C 	
36	0.01851995	GpsDataControl.	IRP_MJ_READ	000000a1	TIMEOUT	Length 16: 30 30 30 30 2A 37 32 0D 0A 24 47 50 47 53 41 2C 	
37	0.01842553	GpsDataControl.	IRP_MJ_READ	000000a1	TIMEOUT	Length 16: 41 2C 33 2C 32 37 2C 32 36 2C 31 32 2C 31 37 2C 	
38	0.01752653	GpsDataControl.	IRP_MJ_READ	000000a1	TIMEOUT	Length 16: 30 39 2C 31 34 2C 31 35 2C 2C 2C 2C 2C 2C 32 2E 	
39	0.01941113	GpsDataControl.	IRP_MJ_READ	000000a1	TIMEOUT	Length 16: 30 2C 31 2E 31 2C 31 2E 36 2A 33 42 0D 0A 24 47 	
40	0.01756117	GpsDataControl.	IRP_MJ_READ	000000a1	TIMEOUT	Length 16: 50 52 4D 43 2C 31 30 30 36 32 37 2E 30 30 30 2C 	
41	0.01834200	GpsDataControl.	IRP_MJ_READ	000000a1	TIMEOUT	Length 16: 41 2C 35 31 32 39 2E 37 36 39 37 2C 4E 2C 30 30 	
42	0.01857387	GpsDataControl.	IRP_MJ_READ	000000a1	TIMEOUT	Length 16: 30 34 32 2E 31 30 34 38 2C 57 2C 30 2E 30 30 2C 	
43	0.01746283	GpsDataControl.	IRP_MJ_READ	000000a1	TIMEOUT	Length 16: 2C 30 38 30 39 30 39 2C 2C 2C 41 2A 36 33 0D 0A 	
44	0.20015589	GpsDataControl.	IRP_MJ_READ	000000a1	TIMEOUT	Length 0: 	
45	0.11405919	GpsDataControl.	IRP_MJ_READ	000000a1	TIMEOUT	Length 16: 24 50 53 52 46 54 58 54 2C 47 53 57 33 2E 32 2E 	
46	0.01749580	GpsDataControl.	IRP_MJ_READ	000000a1	TIMEOUT	Length 16: 35 5F 33 2E 33 2E 30 31 2E 30 36 2D 41 44 53 2D 	
47	0.01738601	GpsDataControl.	IRP_MJ_READ	000000a1	TIMEOUT	Length 16: 53 44 4B 30 30 31 50 31 2E 30 30 2A 31 36 0D 0A 	
48	0.01840876	GpsDataControl.	IRP_MJ_READ	000000a1	TIMEOUT	Length 16: 24 50 53 52 46 54 58 54 2C 4D 4F 2D 32 30 30 38 	
49	0.01940191	GpsDataControl.	IRP_MJ_READ	000000a1	TIMEOUT	Length 16: 30 32 32 36 2D 53 53 42 35 37 36 30 30 5F 53 5F 	
50	0.01741255	GpsDataControl.	IRP_MJ_READ	000000a1	TIMEOUT	Length 16: 44 4D 31 2D 4C 58 2A 34 39 0D 0A 24 50 53 52 46 	
51	0.00771355	GpsDataControl.	IRP_MJ_READ	000000a1	SUCCESS	Length 16: 54 58 54 2C 54 4F 57 3A 20 20 32 30 39 32 30 31 	
52	0.00000670	GpsDataControl.	IOCTL_SERIAL_PURGE	000000a1	SUCCESS	Purge: TXCLEAR RXCLEAR	
53	0.00005839	GpsDataControl.	IOCTL_SERIAL_PURGE	000000a1	SUCCESS	Purge: TXCLEAR RXCLEAR	
54	0.00349290	GpsDataControl.	IRP_MJ_WRITE	000000a1	SUCCESS	Length 8: 93 01 01 03 00 00 00 00 	
55	0.00001006	GpsDataControl.	IRP_MJ_READ	000000a1	SUCCESS	Length 3: 93 00 00 	
56	0.00267911	GpsDataControl.	IRP_MJ_WRITE	000000a1	SUCCESS	Length 8: 00 00 00 00 00 00 00 68 	
57	0.00003688	GpsDataControl.	IRP_MJ_READ	000000a1	SUCCESS	Length 3: 93 00 00 	
58	0.00000503	GpsDataControl.	IOCTL_SERIAL_PURGE	000000a1	SUCCESS	Purge: TXCLEAR RXCLEAR	
59	0.00000475	GpsDataControl.	IOCTL_SERIAL_PURGE	000000a1	SUCCESS	Purge: TXCLEAR RXCLEAR	
60	0.00349625	GpsDataControl.	IRP_MJ_WRITE	000000a1	SUCCESS	Length 8: 93 05 07 10 00 04 03 00 	
61	0.00001006	GpsDataControl.	IRP_MJ_READ	000000a1	SUCCESS	Length 3: 93 00 00 	
62	0.00299060	GpsDataControl.	IRP_MJ_WRITE	000000a1	SUCCESS	Length 8: 00 00 00 00 00 00 00 4A 	
63	0.74535255	GpsDataControl.	IRP_MJ_READ	000000a1	SUCCESS	Length 4099: 93 10 00 01 0D D3 30 FF 0F FF 3C 00 F1 FF FF FF FF FF FF FF FF FF FF FF FF FF FF FF FF FF FF FF FF FF FF FF FF FF FF FF FF FF FF FF FF FF FF FF FF FF FF FF FF FF FF FF FF FF FF FF FF FF FF FF FF FF FF FF FF FF FF FF FF FF FF FF FF FF FF FF FF FF FF FF FF FF FF FF FF FF FF FF FF FF FF FF FF FF FF FF FF FF FF FF FF FF FF FF FF FF FF FF FF FF FF FF FF FF FF FF FF FF FF FF FF FF FF FF FF FF FF FF FF FF FF FF FF FF FF FF FF FF FF FF FF FF FF FF FF FF FF FF FF FF FF FF FF FF FF FF FF FF FF FF FF FF FF FF FF FF FF FF FF FF FF FF FF FF FF FF FF FF FF FF FF FF FF FF FF FF FF FF FF FF FF FF FF FF FF FF FF FF FF FF FF FF FF FF FF FF FF FF FF FF FF FF FF FF FF FF FF FF FF FF FF FF FF FF FF FF FF FF FF FF FF FF FF FF FF FF FF FF FF FF FF FF FF FF FF FF FF FF FF FF FF FF FF FF FF 00 00 00 00 3C 3C 00 00 00 00 00 C8 0C 01 2C 32 05 14 01 01 01 02 02 05 0A 0A 18 6A 0C 35 04 E2 00 BB 01 17 1E 00 01 08 08 04 04 02 02 02 02 00 00 20 0F 01 01 01 01 28 00 00 00 00 00 00 00 00 00 00 00 00 3C 3C 00 0E 00 00 00 C8 0C 01 2C 32 05 14 01 01 01 02 02 05 0A 0A 18 6A 0C 35 04 E2 00 BB 01 17 1E 00 01 08 08 04 04 02 02 02 02 00 00 20 0F 01 01 01 01 28 00 00 00 00 00 00 00 00 00 00 00 00 3C 3C 00 0E 00 00 00 C8 0C 01 2C 32 05 14 01 01 01 02 02 05 0A 0A 18 6A 0C 35 04 E2 00 BB 01 17 1E 00 01 08 08 04 04 02 02 02 02 00 00 20 0F 01 01 01 01 28 00 00 00 00 00 00 00 00 00 00 00 00 3C 3C 00 0E 00 00 00 C8 0C 01 2C 32 05 14 01 01 01 02 02 05 0A 0A 18 6A 0C 35 04 E2 00 BB 01 17 1E 00 01 08 08 04 04 02 02 02 02 00 00 20 0F 01 01 01 01 28 00 00 00 00 00 00 00 00 00 00 00 00 3C 3C 00 0E 00 00 00 C8 0C 01 2C 32 05 14 01 01 01 02 02 05 0A 0A 18 6A 0C 35 04 E2 00 BB 01 17 1E 00 01 08 08 04 04 02 02 02 02 00 00 20 0F 01 01 01 01 28 00 00 00 00 00 00 00 00 00 00 00 00 3C 3C 00 0E 00 00 00 C8 0C 01 2C 32 05 14 01 01 01 02 02 05 0A 0A 18 6A 0C 35 04 E2 00 BB 01 17 1E 00 01 08 08 04 04 02 02 02 02 00 00 20 0F 01 01 01 01 28 00 00 00 00 00 00 00 00 00 00 00 00 3C 3C 00 0E 00 00 00 C8 0C 01 2C 32 05 14 01 01 01 02 02 05 0A 0A 18 6A 0C 35 04 E2 00 BB 01 17 1E 00 01 08 08 04 04 02 02 02 02 00 00 20 0F 01 01 01 01 28 00 00 00 00 00 00 00 00 00 00 00 00 3C 3C 00 0E 00 00 00 C8 0C 01 2C 32 05 14 01 01 01 02 02 05 0A 0A 18 6A 0C 35 04 E2 00 BB 01 17 1E 00 01 08 08 04 04 02 02 02 02 00 00 20 0F 01 01 01 01 28 00 00 00 00 00 00 00 00 00 00 00 00 3C 3C 00 0E 00 00 00 C8 0C 01 2C 32 05 14 01 01 01 02 02 05 0A 0A 18 6A 0C 35 04 E2 00 BB 01 17 1E 00 01 08 08 04 04 02 02 02 02 00 00 20 0F 01 01 01 01 28 00 00 00 00 00 00 00 00 00 00 00 00 3C 3C 00 0E 00 00 00 C8 0C 01 2C 32 05 14 01 01 01 02 02 05 0A 0A 18 6A 0C 35 04 E2 00 BB 01 17 1E 00 01 08 08 04 04 02 02 02 02 00 00 20 0F 01 01 01 01 28 00 00 00 00 00 00 00 00 00 00 00 00 3C 3C 00 0E 00 00 00 C8 0C 01 2C 32 05 14 01 01 01 02 02 05 0A 0A 18 6A 0C 35 04 E2 00 BB 01 17 1E 00 01 08 08 04 04 02 02 02 02 00 00 20 0F 01 01 01 01 28 00 00 00 00 00 00 00 00 00 00 00 00 3C 3C 00 0E 00 00 00 C8 0C 01 2C 32 05 14 01 01 01 02 02 05 0A 0A 18 6A 0C 35 04 E2 00 BB 01 17 1E 00 01 08 08 04 04 02 02 02 02 00 00 20 0F 01 01 01 01 28 00 00 00 00 00 00 00 00 00 00 00 00 3C 3C 00 0E 00 00 00 C8 0C 01 2C 32 05 14 01 01 01 02 02 05 0A 0A 18 6A 0C 35 04 E2 00 BB 01 17 1E 00 01 08 08 04 04 02 02 02 02 00 00 20 0F 01 01 01 01 28 00 00 00 00 00 00 00 00 00 00 00 00 3C 3C 00 0E 00 00 00 C8 0C 01 2C 32 05 14 01 01 01 02 02 05 0A 0A 18 6A 0C 35 04 E2 00 BB 01 17 1E 00 01 08 08 04 04 02 02 02 02 00 00 20 0F 01 01 01 01 28 00 00 00 00 00 00 00 00 00 00 00 00 3C 3C 00 0E 00 00 00 C8 0C 01 2C 32 05 14 01 01 01 02 02 05 0A 0A 18 6A 0C 35 04 E2 00 BB 01 17 1E 00 01 08 08 04 04 02 02 02 02 00 00 20 0F 01 01 01 01 28 00 00 00 00 00 00 00 00 00 00 00 00 3C 3C 00 0E 00 00 00 C8 0C 01 2C 32 05 14 01 01 01 02 02 05 0A 0A 18 6A 0C 35 04 E2 00 BB 01 17 1E 00 01 08 08 04 04 02 02 02 02 00 00 20 0F 01 01 01 01 28 00 00 00 00 00 00 00 00 00 00 00 00 3C 3C 00 0E 00 00 00 C8 0C 01 2C 32 05 14 01 01 01 02 02 05 0A 0A 18 6A 0C 35 04 E2 00 BB 01 17 1E 00 01 08 08 04 04 02 02 02 02 00 00 20 0F 01 01 01 01 28 00 00 00 00 00 00 00 00 00 00 00 00 3C 3C 00 0E 00 00 00 C8 0C 01 2C 32 05 14 	
64	0.00002039	GpsDataControl.	IOCTL_SERIAL_PURGE	000000a1	SUCCESS	Purge: TXCLEAR RXCLEAR	
65	0.00208462	GpsDataControl.	IRP_MJ_WRITE	000000a1	SUCCESS	Length 8: 93 05 04 00 03 01 9F 00 	
66	0.00001145	GpsDataControl.	IRP_MJ_READ	000000a1	SUCCESS	Length 3: 93 00 00 	
67	0.00324231	GpsDataControl.	IRP_MJ_WRITE	000000a1	SUCCESS	Length 8: 00 00 00 00 00 00 00 C1 	
68	0.00286321	GpsDataControl.	IRP_MJ_READ	000000a1	SUCCESS	Length 6: 93 00 03 C2 20 13 	
69	0.00002877	GpsDataControl.	IOCTL_SERIAL_PURGE	000000a1	SUCCESS	Purge: TXCLEAR RXCLEAR	
70	0.00354179	GpsDataControl.	IRP_MJ_WRITE	000000a1	SUCCESS	Length 8: 93 0A 00 00 00 00 00 00 	
71	0.00001034	GpsDataControl.	IRP_MJ_READ	000000a1	SUCCESS	Length 3: 93 00 00 	
72	0.00286964	GpsDataControl.	IRP_MJ_WRITE	000000a1	SUCCESS	Length 8: 00 00 00 00 00 00 00 63 	
73	0.00000978	GpsDataControl.	IRP_MJ_READ	000000a1	SUCCESS	Length 13: 93 00 0A 6D 68 03 00 02 18 00 01 11 00 	
74	0.00000838	GpsDataControl.	IOCTL_SERIAL_PURGE	000000a1	SUCCESS	Purge: TXCLEAR RXCLEAR	
75	0.00285064	GpsDataControl.	IRP_MJ_WRITE	000000a1	SUCCESS	Length 8: 93 0B 01 00 04 00 00 00 	
76	0.00001006	GpsDataControl.	IRP_MJ_READ	000000a1	SUCCESS	Length 3: 93 00 00 	
77	0.00256206	GpsDataControl.	IRP_MJ_WRITE	000000a1	SUCCESS	Length 8: 00 00 00 00 00 00 00 5D 	
78	0.00266710	GpsDataControl.	IRP_MJ_READ	000000a1	SUCCESS	Length 4: 93 00 01 24 	
79	0.00000810	GpsDataControl.	IOCTL_SERIAL_PURGE	000000a1	SUCCESS	Purge: TXCLEAR RXCLEAR	
80	0.00274420	GpsDataControl.	IRP_MJ_WRITE	000000a1	SUCCESS	Length 8: 93 0B 03 00 1D 00 00 00 	
81	0.00001062	GpsDataControl.	IRP_MJ_READ	000000a1	SUCCESS	Length 3: 93 00 00 	
82	0.00363426	GpsDataControl.	IRP_MJ_WRITE	000000a1	SUCCESS	Length 8: 00 00 00 00 00 00 00 42 	
83	0.00056739	GpsDataControl.	IRP_MJ_READ	000000a1	SUCCESS	Length 6: 93 00 03 01 00 00 	
84	0.00000810	GpsDataControl.	IOCTL_SERIAL_PURGE	000000a1	SUCCESS	Purge: TXCLEAR RXCLEAR	
85	0.00290735	GpsDataControl.	IRP_MJ_WRITE	000000a1	SUCCESS	Length 8: 93 05 07 10 00 04 03 00 	
86	0.00001034	GpsDataControl.	IRP_MJ_READ	000000a1	SUCCESS	Length 3: 93 00 00 	
87	0.00279002	GpsDataControl.	IRP_MJ_WRITE	000000a1	SUCCESS	Length 8: 00 00 00 00 00 00 00 4A 	
88	0.74974669	GpsDataControl.	IRP_MJ_READ	000000a1	SUCCESS	Length 4099: 93 10 00 01 0D D3 30 FF 0F FF 3C 00 F1 FF FF FF FF FF FF FF FF FF FF FF FF FF FF FF FF FF FF FF FF FF FF FF FF FF FF FF FF FF FF FF FF FF FF FF FF FF FF FF FF FF FF FF FF FF FF FF FF FF FF FF FF FF FF FF FF FF FF FF FF FF FF FF FF FF FF FF FF FF FF FF FF FF FF FF FF FF FF FF FF FF FF FF FF FF FF FF FF FF FF FF FF FF FF FF FF FF FF FF FF FF FF FF FF FF FF FF FF FF FF FF FF FF FF FF FF FF FF FF FF FF FF FF FF FF FF FF FF FF FF FF FF FF FF FF FF FF FF FF FF FF FF FF FF FF FF FF FF FF FF FF FF FF FF FF FF FF FF FF FF FF FF FF FF FF FF FF FF FF FF FF FF FF FF FF FF FF FF FF FF FF FF FF FF FF FF FF FF FF FF FF FF FF FF FF FF FF FF FF FF FF FF FF FF FF FF FF FF FF FF FF FF FF FF FF FF FF FF FF FF FF FF FF FF FF FF FF FF FF FF FF FF FF FF FF FF FF FF FF FF FF FF FF FF FF FF 00 00 00 00 3C 3C 00 00 00 00 00 C8 0C 01 2C 32 05 14 01 01 01 02 02 05 0A 0A 18 6A 0C 35 04 E2 00 BB 01 17 1E 00 01 08 08 04 04 02 02 02 02 00 00 20 0F 01 01 01 01 28 00 00 00 00 00 00 00 00 00 00 00 00 3C 3C 00 0E 00 00 00 C8 0C 01 2C 32 05 14 01 01 01 02 02 05 0A 0A 18 6A 0C 35 04 E2 00 BB 01 17 1E 00 01 08 08 04 04 02 02 02 02 00 00 20 0F 01 01 01 01 28 00 00 00 00 00 00 00 00 00 00 00 00 3C 3C 00 0E 00 00 00 C8 0C 01 2C 32 05 14 01 01 01 02 02 05 0A 0A 18 6A 0C 35 04 E2 00 BB 01 17 1E 00 01 08 08 04 04 02 02 02 02 00 00 20 0F 01 01 01 01 28 00 00 00 00 00 00 00 00 00 00 00 00 3C 3C 00 0E 00 00 00 C8 0C 01 2C 32 05 14 01 01 01 02 02 05 0A 0A 18 6A 0C 35 04 E2 00 BB 01 17 1E 00 01 08 08 04 04 02 02 02 02 00 00 20 0F 01 01 01 01 28 00 00 00 00 00 00 00 00 00 00 00 00 3C 3C 00 0E 00 00 00 C8 0C 01 2C 32 05 14 01 01 01 02 02 05 0A 0A 18 6A 0C 35 04 E2 00 BB 01 17 1E 00 01 08 08 04 04 02 02 02 02 00 00 20 0F 01 01 01 01 28 00 00 00 00 00 00 00 00 00 00 00 00 3C 3C 00 0E 00 00 00 C8 0C 01 2C 32 05 14 01 01 01 02 02 05 0A 0A 18 6A 0C 35 04 E2 00 BB 01 17 1E 00 01 08 08 04 04 02 02 02 02 00 00 20 0F 01 01 01 01 28 00 00 00 00 00 00 00 00 00 00 00 00 3C 3C 00 0E 00 00 00 C8 0C 01 2C 32 05 14 01 01 01 02 02 05 0A 0A 18 6A 0C 35 04 E2 00 BB 01 17 1E 00 01 08 08 04 04 02 02 02 02 00 00 20 0F 01 01 01 01 28 00 00 00 00 00 00 00 00 00 00 00 00 3C 3C 00 0E 00 00 00 C8 0C 01 2C 32 05 14 01 01 01 02 02 05 0A 0A 18 6A 0C 35 04 E2 00 BB 01 17 1E 00 01 08 08 04 04 02 02 02 02 00 00 20 0F 01 01 01 01 28 00 00 00 00 00 00 00 00 00 00 00 00 3C 3C 00 0E 00 00 00 C8 0C 01 2C 32 05 14 01 01 01 02 02 05 0A 0A 18 6A 0C 35 04 E2 00 BB 01 17 1E 00 01 08 08 04 04 02 02 02 02 00 00 20 0F 01 01 01 01 28 00 00 00 00 00 00 00 00 00 00 00 00 3C 3C 00 0E 00 00 00 C8 0C 01 2C 32 05 14 01 01 01 02 02 05 0A 0A 18 6A 0C 35 04 E2 00 BB 01 17 1E 00 01 08 08 04 04 02 02 02 02 00 00 20 0F 01 01 01 01 28 00 00 00 00 00 00 00 00 00 00 00 00 3C 3C 00 0E 00 00 00 C8 0C 01 2C 32 05 14 01 01 01 02 02 05 0A 0A 18 6A 0C 35 04 E2 00 BB 01 17 1E 00 01 08 08 04 04 02 02 02 02 00 00 20 0F 01 01 01 01 28 00 00 00 00 00 00 00 00 00 00 00 00 3C 3C 00 0E 00 00 00 C8 0C 01 2C 32 05 14 01 01 01 02 02 05 0A 0A 18 6A 0C 35 04 E2 00 BB 01 17 1E 00 01 08 08 04 04 02 02 02 02 00 00 20 0F 01 01 01 01 28 00 00 00 00 00 00 00 00 00 00 00 00 3C 3C 00 0E 00 00 00 C8 0C 01 2C 32 05 14 01 01 01 02 02 05 0A 0A 18 6A 0C 35 04 E2 00 BB 01 17 1E 00 01 08 08 04 04 02 02 02 02 00 00 20 0F 01 01 01 01 28 00 00 00 00 00 00 00 00 00 00 00 00 3C 3C 00 0E 00 00 00 C8 0C 01 2C 32 05 14 01 01 01 02 02 05 0A 0A 18 6A 0C 35 04 E2 00 BB 01 17 1E 00 01 08 08 04 04 02 02 02 02 00 00 20 0F 01 01 01 01 28 00 00 00 00 00 00 00 00 00 00 00 00 3C 3C 00 0E 00 00 00 C8 0C 01 2C 32 05 14 01 01 01 02 02 05 0A 0A 18 6A 0C 35 04 E2 00 BB 01 17 1E 00 01 08 08 04 04 02 02 02 02 00 00 20 0F 01 01 01 01 28 00 00 00 00 00 00 00 00 00 00 00 00 3C 3C 00 0E 00 00 00 C8 0C 01 2C 32 05 14 01 01 01 02 02 05 0A 0A 18 6A 0C 35 04 E2 00 BB 01 17 1E 00 01 08 08 04 04 02 02 02 02 00 00 20 0F 01 01 01 01 28 00 00 00 00 00 00 00 00 00 00 00 00 3C 3C 00 0E 00 00 00 C8 0C 01 2C 32 05 14 01 01 01 02 02 05 0A 0A 18 6A 0C 35 04 E2 00 BB 01 17 1E 00 01 08 08 04 04 02 02 02 02 00 00 20 0F 01 01 01 01 28 00 00 00 00 00 00 00 00 00 00 00 00 3C 3C 00 0E 00 00 00 C8 0C 01 2C 32 05 14 	
89	0.00000922	GpsDataControl.	IOCTL_SERIAL_PURGE	000000a1	SUCCESS	Purge: TXCLEAR RXCLEAR	
90	0.40930537	GpsDataControl.	IRP_MJ_WRITE	000000a1	SUCCESS	Length 8: 93 05 07 00 20 04 03 00 	
91	0.00001173	GpsDataControl.	IRP_MJ_READ	000000a1	SUCCESS	Length 3: 93 00 00 	
92	0.02051685	GpsDataControl.	IRP_MJ_WRITE	000000a1	SUCCESS	Length 8: 1F E0 00 00 00 00 00 3B 	
93	0.02021849	GpsDataControl.	IRP_MJ_READ	000000a1	TIMEOUT	Length 19: 93 00 20 FF FF FF FF FF FF FF FF FF FF FF FF FF FF FF FF 	
94	0.00959368	GpsDataControl.	IRP_MJ_READ	000000a1	SUCCESS	Length 16: FF FF FF FF FF FF FF FF FF FF FF FF FF FF FF FF 	
95	0.00000643	GpsDataControl.	IOCTL_SERIAL_PURGE	000000a1	SUCCESS	Purge: TXCLEAR RXCLEAR	
96	0.00688020	GpsDataControl.	IRP_MJ_WRITE	000000a1	SUCCESS	Length 8: 93 05 07 00 20 04 03 00 	
97	0.00004610	GpsDataControl.	IRP_MJ_READ	000000a1	SUCCESS	Length 3: 93 00 00 	
98	0.00308782	GpsDataControl.	IRP_MJ_WRITE	000000a1	SUCCESS	Length 8: 20 00 00 00 00 00 00 1A 	
99	0.00530514	GpsDataControl.	IRP_MJ_READ	000000a1	SUCCESS	Length 35: 93 00 20 FF FF FF FF FF FF FF FF FF FF FF FF FF FF FF FF FF FF FF FF FF FF FF FF FF FF FF FF FF FF FF FF 	
100	0.00000810	GpsDataControl.	IOCTL_SERIAL_PURGE	000000a1	SUCCESS	Purge: TXCLEAR RXCLEAR	
101	0.00279533	GpsDataControl.	IRP_MJ_WRITE	000000a1	SUCCESS	Length 8: 93 05 07 00 20 04 03 00 	
102	0.00000978	GpsDataControl.	IRP_MJ_READ	000000a1	SUCCESS	Length 3: 93 00 00 	
103	0.00271850	GpsDataControl.	IRP_MJ_WRITE	000000a1	SUCCESS	Length 8: 1F E0 00 00 00 00 00 3B 	
104	0.00671985	GpsDataControl.	IRP_MJ_READ	000000a1	SUCCESS	Length 35: 93 00 20 FF FF FF FF FF FF FF FF FF FF FF FF FF FF FF FF FF FF FF FF FF FF FF FF FF FF FF FF FF FF FF FF 	
105	0.00000587	GpsDataControl.	IOCTL_SERIAL_PURGE	000000a1	SUCCESS	Purge: TXCLEAR RXCLEAR	
106	0.00383792	GpsDataControl.	IRP_MJ_WRITE	000000a1	SUCCESS	Length 8: 93 05 07 10 00 04 03 00 	
107	0.00000950	GpsDataControl.	IRP_MJ_READ	000000a1	SUCCESS	Length 3: 93 00 00 	
108	0.00361359	GpsDataControl.	IRP_MJ_WRITE	000000a1	SUCCESS	Length 8: 10 00 00 00 00 00 00 3A 	
109	0.75151646	GpsDataControl.	IRP_MJ_READ	000000a1	SUCCESS	Length 4099: 93 10 00 FF FF FF FF FF FF FF FF FF FF FF FF FF FF FF FF FF FF FF FF FF FF FF FF FF FF FF FF FF FF FF FF FF FF FF FF FF FF FF FF FF FF FF FF FF FF FF FF FF FF FF FF FF FF FF FF FF FF FF FF FF FF FF FF FF FF FF FF FF FF FF FF FF FF FF FF FF FF FF FF FF FF FF FF FF FF FF FF FF FF FF FF FF FF FF FF FF FF FF FF FF FF FF FF FF FF FF FF FF FF FF FF FF FF FF FF FF FF FF FF FF FF FF FF FF FF FF FF FF FF FF FF FF FF FF FF FF FF FF FF FF FF FF FF FF FF FF FF FF FF FF FF FF FF FF FF FF FF FF FF FF FF FF FF FF FF FF FF FF FF FF FF FF FF FF FF FF FF FF FF FF FF FF FF FF FF FF FF FF FF FF FF FF FF FF FF FF FF FF FF FF FF FF FF FF FF FF FF FF FF FF FF FF FF FF FF FF FF FF FF FF FF FF FF FF FF FF FF FF FF FF FF FF FF FF FF FF FF FF FF FF FF FF FF FF FF FF FF FF FF FF FF FF FF FF FF FF FF FF FF FF FF FF FF FF FF FF FF FF FF FF FF FF FF FF FF FF FF FF FF FF FF FF FF FF FF FF FF FF FF FF FF FF FF FF FF FF FF FF FF FF FF FF FF FF FF FF FF FF FF FF FF FF FF FF FF FF FF FF FF FF FF FF FF FF FF FF FF FF FF FF FF FF FF FF FF FF FF FF FF FF FF FF FF FF FF FF FF FF FF FF FF FF FF FF FF FF FF FF FF FF FF FF FF FF FF FF FF FF FF FF FF FF FF FF FF FF FF FF FF FF FF FF FF FF FF FF FF FF FF FF FF FF FF FF FF FF FF FF FF FF FF FF FF FF FF FF FF FF FF FF FF FF FF FF FF FF FF FF FF FF FF FF FF FF FF FF FF FF FF FF FF FF FF FF FF FF FF FF FF FF FF FF FF FF FF FF FF FF FF FF FF FF FF FF FF FF FF FF FF FF FF FF FF FF FF FF FF FF FF FF FF FF FF FF FF FF FF FF FF FF FF FF FF FF FF FF FF FF FF FF FF FF FF FF FF FF FF FF FF FF FF FF FF FF FF FF FF FF FF FF FF FF FF FF FF FF FF FF FF FF FF FF FF FF FF FF FF FF FF FF FF FF FF FF FF FF FF FF FF FF FF FF FF FF FF FF FF FF FF FF FF FF FF FF FF FF FF FF FF FF FF FF FF FF FF FF FF FF FF FF FF FF FF FF FF FF FF FF FF FF FF FF FF FF FF FF FF FF FF FF FF FF FF FF FF FF FF FF FF FF FF FF FF FF FF FF FF FF FF FF FF FF FF FF FF FF FF FF FF FF FF FF FF FF FF FF FF FF FF FF FF FF FF FF FF FF FF FF FF FF FF FF FF FF FF FF FF FF FF FF FF FF FF FF FF FF FF FF FF FF FF FF FF FF FF FF FF FF FF FF FF FF FF FF FF FF FF FF FF FF FF FF FF FF FF FF FF FF FF FF FF FF FF FF FF FF FF FF FF FF FF FF FF FF FF FF FF FF FF FF FF FF FF FF FF FF FF FF FF FF FF FF FF FF FF FF FF FF FF FF FF FF FF FF FF FF FF FF FF FF FF FF FF FF FF FF FF FF FF FF FF FF FF FF FF FF FF FF FF FF FF FF FF FF FF FF FF FF FF FF FF FF FF FF FF FF FF FF FF FF FF FF FF FF FF FF FF FF FF FF FF FF FF FF FF FF FF FF FF FF FF FF FF FF FF FF FF FF FF FF FF FF FF FF FF FF FF FF FF FF FF FF FF FF FF FF FF FF FF FF FF FF FF FF FF FF FF FF FF FF FF FF FF FF FF FF FF FF FF FF FF FF FF FF FF FF FF FF FF FF FF FF FF FF FF FF FF FF FF FF FF FF FF FF FF FF FF FF FF FF FF FF FF FF FF FF FF FF FF FF FF FF FF FF FF FF FF FF FF FF FF FF FF FF FF FF FF FF FF FF FF FF FF FF FF FF FF FF FF FF FF FF FF FF FF FF FF FF FF FF FF FF FF FF FF FF FF FF FF FF FF FF FF FF FF FF FF FF FF FF FF FF FF FF FF FF FF FF FF FF FF FF FF FF FF FF FF FF FF FF FF FF FF FF FF FF FF FF FF FF FF FF FF FF FF FF FF FF FF FF FF FF FF FF FF FF FF FF FF FF FF FF FF FF FF FF FF FF FF FF FF FF FF FF FF FF FF FF FF FF FF FF FF FF FF FF FF FF FF FF FF FF FF FF FF FF FF FF FF FF FF FF FF FF FF FF FF FF FF FF FF FF FF FF FF FF FF FF FF FF FF FF FF FF FF FF FF FF FF FF FF FF FF FF FF FF FF FF FF FF FF FF FF FF FF FF FF FF FF FF FF FF FF FF FF FF FF FF FF FF FF FF FF FF FF FF FF FF FF FF FF FF FF FF FF FF FF FF FF FF FF FF FF FF FF FF FF FF FF FF FF FF FF FF FF FF FF FF FF FF FF FF FF FF FF FF FF FF FF FF FF FF FF FF FF FF FF FF FF FF FF FF FF FF FF FF FF FF FF FF FF FF FF FF FF FF FF FF FF FF FF FF FF FF FF FF FF FF FF FF FF FF FF FF FF FF FF FF FF FF FF FF FF FF FF FF FF FF FF FF FF FF FF FF FF FF FF FF FF FF FF FF FF FF FF FF FF FF FF FF FF FF FF FF FF FF FF FF FF FF FF FF FF FF FF FF FF FF FF FF FF FF FF FF FF FF FF FF FF FF FF FF FF FF FF FF FF FF FF FF FF FF FF FF FF FF FF FF FF FF FF FF FF FF FF FF FF FF FF FF FF FF FF FF FF FF FF FF FF FF FF FF FF FF FF FF FF FF FF FF FF FF FF FF FF FF FF FF FF FF FF FF FF FF FF FF FF FF FF FF FF FF FF FF FF FF FF FF FF FF FF FF FF FF FF FF FF FF FF FF FF FF FF FF FF FF FF FF FF FF FF 	
110	0.00000782	GpsDataControl.	IOCTL_SERIAL_PURGE	000000a1	SUCCESS	Purge: TXCLEAR RXCLEAR	
111	0.00304871	GpsDataControl.	IRP_MJ_WRITE	000000a1	SUCCESS	Length 8: 93 05 07 00 10 04 03 07 	
112	0.00000950	GpsDataControl.	IRP_MJ_READ	000000a1	SUCCESS	Length 3: 93 00 00 	
113	0.00287383	GpsDataControl.	IRP_MJ_WRITE	000000a1	SUCCESS	Length 8: F0 00 00 00 00 00 00 53 	
114	0.00260508	GpsDataControl.	IRP_MJ_READ	000000a1	SUCCESS	Length 19: 93 00 10 FF FF FF FF FF FF FF FF FF FF FF FF FF FF FF FF 	
115	0.00000559	GpsDataControl.	IOCTL_SERIAL_PURGE	000000a1	SUCCESS	Purge: TXCLEAR RXCLEAR	
116	0.00258608	GpsDataControl.	IRP_MJ_WRITE	000000a1	SUCCESS	Length 8: 93 05 07 00 10 04 03 07 	
117	0.00000950	GpsDataControl.	IRP_MJ_READ	000000a1	SUCCESS	Length 3: 93 00 00 	
118	0.00279784	GpsDataControl.	IRP_MJ_WRITE	000000a1	SUCCESS	Length 8: E0 00 00 00 00 00 00 63 	
119	0.00250144	GpsDataControl.	IRP_MJ_READ	000000a1	SUCCESS	Length 19: 93 00 10 FF FF FF FF FF FF FF FF FF FF FF FF FF FF FF FF 	
120	0.00000587	GpsDataControl.	IOCTL_SERIAL_PURGE	000000a1	SUCCESS	Purge: TXCLEAR RXCLEAR	
121	0.00276655	GpsDataControl.	IRP_MJ_WRITE	000000a1	SUCCESS	Length 8: 93 05 07 00 10 04 03 07 	
122	0.00001117	GpsDataControl.	IRP_MJ_READ	000000a1	SUCCESS	Length 3: 93 00 00 	
123	0.00282131	GpsDataControl.	IRP_MJ_WRITE	000000a1	SUCCESS	Length 8: D0 00 00 00 00 00 00 73 	
124	0.00280985	GpsDataControl.	IRP_MJ_READ	000000a1	SUCCESS	Length 19: 93 00 10 FF FF FF FF FF FF FF FF FF FF FF FF FF FF FF FF 	
125	0.00000670	GpsDataControl.	IOCTL_SERIAL_PURGE	000000a1	SUCCESS	Purge: TXCLEAR RXCLEAR	
126	0.00290009	GpsDataControl.	IRP_MJ_WRITE	000000a1	SUCCESS	Length 8: 93 05 07 00 10 04 03 07 	
127	0.00000978	GpsDataControl.	IRP_MJ_READ	000000a1	SUCCESS	Length 3: 93 00 00 	
128	0.00349793	GpsDataControl.	IRP_MJ_WRITE	000000a1	SUCCESS	Length 8: C0 00 00 00 00 00 00 83 	
129	0.00276683	GpsDataControl.	IRP_MJ_READ	000000a1	SUCCESS	Length 19: 93 00 10 FF FF FF FF FF FF FF FF FF FF FF FF FF FF FF FF 	
130	0.00000587	GpsDataControl.	IOCTL_SERIAL_PURGE	000000a1	SUCCESS	Purge: TXCLEAR RXCLEAR	
131	0.00366611	GpsDataControl.	IRP_MJ_WRITE	000000a1	SUCCESS	Length 8: 93 05 07 00 10 04 03 07 	
132	0.00000950	GpsDataControl.	IRP_MJ_READ	000000a1	SUCCESS	Length 3: 93 00 00 	
133	0.00320711	GpsDataControl.	IRP_MJ_WRITE	000000a1	SUCCESS	Length 8: B0 00 00 00 00 00 00 93 	
134	0.00263804	GpsDataControl.	IRP_MJ_READ	000000a1	SUCCESS	Length 19: 93 00 10 FF FF FF FF FF FF FF FF FF FF FF FF FF FF FF FF 	
135	0.00000587	GpsDataControl.	IOCTL_SERIAL_PURGE	000000a1	SUCCESS	Purge: TXCLEAR RXCLEAR	
136	0.00299647	GpsDataControl.	IRP_MJ_WRITE	000000a1	SUCCESS	Length 8: 93 05 07 00 10 04 03 07 	
137	0.00000978	GpsDataControl.	IRP_MJ_READ	000000a1	SUCCESS	Length 3: 93 00 00 	
138	0.00348508	GpsDataControl.	IRP_MJ_WRITE	000000a1	SUCCESS	Length 8: A0 00 00 00 00 00 00 A3 	
139	0.00259251	GpsDataControl.	IRP_MJ_READ	000000a1	SUCCESS	Length 19: 93 00 10 FF FF FF FF FF FF FF FF FF FF FF FF FF FF FF FF 	
140	0.00000559	GpsDataControl.	IOCTL_SERIAL_PURGE	000000a1	SUCCESS	Purge: TXCLEAR RXCLEAR	
141	0.00205361	GpsDataControl.	IRP_MJ_WRITE	000000a1	SUCCESS	Length 8: 93 05 07 00 10 04 03 07 	
142	0.00001006	GpsDataControl.	IRP_MJ_READ	000000a1	SUCCESS	Length 3: 93 00 00 	
143	0.00274225	GpsDataControl.	IRP_MJ_WRITE	000000a1	SUCCESS	Length 8: 90 00 00 00 00 00 00 B3 	
144	0.00292272	GpsDataControl.	IRP_MJ_READ	000000a1	SUCCESS	Length 19: 93 00 10 FF FF FF FF FF FF FF FF FF FF FF FF FF FF FF FF 	
145	0.00000587	GpsDataControl.	IOCTL_SERIAL_PURGE	000000a1	SUCCESS	Purge: TXCLEAR RXCLEAR	
146	0.00327360	GpsDataControl.	IRP_MJ_WRITE	000000a1	SUCCESS	Length 8: 93 05 07 00 10 04 03 07 	
147	0.00004190	GpsDataControl.	IRP_MJ_READ	000000a1	SUCCESS	Length 3: 93 00 00 	
148	0.00368008	GpsDataControl.	IRP_MJ_WRITE	000000a1	SUCCESS	Length 8: 80 00 00 00 00 00 00 C3 	
149	0.00278778	GpsDataControl.	IRP_MJ_READ	000000a1	SUCCESS	Length 19: 93 00 10 FF FF FF FF FF FF FF FF FF FF FF FF FF FF FF FF 	
150	0.00000559	GpsDataControl.	IOCTL_SERIAL_PURGE	000000a1	SUCCESS	Purge: TXCLEAR RXCLEAR	
151	0.00372086	GpsDataControl.	IRP_MJ_WRITE	000000a1	SUCCESS	Length 8: 93 05 07 00 10 04 03 07 	
152	0.00000978	GpsDataControl.	IRP_MJ_READ	000000a1	SUCCESS	Length 3: 93 00 00 	
153	0.00282857	GpsDataControl.	IRP_MJ_WRITE	000000a1	SUCCESS	Length 8: 70 00 00 00 00 00 00 D3 	
154	0.00254222	GpsDataControl.	IRP_MJ_READ	000000a1	SUCCESS	Length 19: 93 00 10 FF FF FF FF FF FF FF FF FF FF FF FF FF FF FF FF 	
155	0.00003771	GpsDataControl.	IOCTL_SERIAL_PURGE	000000a1	SUCCESS	Purge: TXCLEAR RXCLEAR	
156	0.00296295	GpsDataControl.	IRP_MJ_WRITE	000000a1	SUCCESS	Length 8: 93 05 07 00 10 04 03 07 	
157	0.00000978	GpsDataControl.	IRP_MJ_READ	000000a1	SUCCESS	Length 3: 93 00 00 	
158	0.00341244	GpsDataControl.	IRP_MJ_WRITE	000000a1	SUCCESS	Length 8: 60 00 00 00 00 00 00 E3 	
159	0.00288640	GpsDataControl.	IRP_MJ_READ	000000a1	SUCCESS	Length 19: 93 00 10 FF FF FF FF FF FF FF FF FF FF FF FF FF FF FF FF 	
160	0.00000670	GpsDataControl.	IOCTL_SERIAL_PURGE	000000a1	SUCCESS	Purge: TXCLEAR RXCLEAR	
161	0.00274141	GpsDataControl.	IRP_MJ_WRITE	000000a1	SUCCESS	Length 8: 93 05 07 00 10 04 03 07 	
162	0.00000978	GpsDataControl.	IRP_MJ_READ	000000a1	SUCCESS	Length 3: 93 00 00 	
163	0.00269448	GpsDataControl.	IRP_MJ_WRITE	000000a1	SUCCESS	Length 8: 50 00 00 00 00 00 00 F3 	
164	0.00269755	GpsDataControl.	IRP_MJ_READ	000000a1	SUCCESS	Length 19: 93 00 10 FF FF FF FF FF FF FF FF FF FF FF FF FF FF FF FF 	
165	0.00000503	GpsDataControl.	IOCTL_SERIAL_PURGE	000000a1	SUCCESS	Purge: TXCLEAR RXCLEAR	
166	0.00280902	GpsDataControl.	IRP_MJ_WRITE	000000a1	SUCCESS	Length 8: 93 05 07 00 10 04 03 07 	
167	0.00000978	GpsDataControl.	IRP_MJ_READ	000000a1	SUCCESS	Length 3: 93 00 00 	
168	0.00268302	GpsDataControl.	IRP_MJ_WRITE	000000a1	SUCCESS	Length 8: 40 00 00 00 00 00 00 03 	
169	0.00259893	GpsDataControl.	IRP_MJ_READ	000000a1	SUCCESS	Length 19: 93 00 10 FF FF FF FF FF FF FF FF FF FF FF FF FF FF FF FF 	
170	0.00000587	GpsDataControl.	IOCTL_SERIAL_PURGE	000000a1	SUCCESS	Purge: TXCLEAR RXCLEAR	
171	0.00272968	GpsDataControl.	IRP_MJ_WRITE	000000a1	SUCCESS	Length 8: 93 05 07 00 10 04 03 07 	
172	0.00000978	GpsDataControl.	IRP_MJ_READ	000000a1	SUCCESS	Length 3: 93 00 00 	
173	0.00400917	GpsDataControl.	IRP_MJ_WRITE	000000a1	SUCCESS	Length 8: 30 00 00 00 00 00 00 13 	
174	0.00323561	GpsDataControl.	IRP_MJ_READ	000000a1	SUCCESS	Length 19: 93 00 10 FF FF FF FF FF FF FF FF FF FF FF FF FF FF FF FF 	
175	0.00000615	GpsDataControl.	IOCTL_SERIAL_PURGE	000000a1	SUCCESS	Purge: TXCLEAR RXCLEAR	
176	0.00372254	GpsDataControl.	IRP_MJ_WRITE	000000a1	SUCCESS	Length 8: 93 05 07 00 10 04 03 07 	
177	0.00001006	GpsDataControl.	IRP_MJ_READ	000000a1	SUCCESS	Length 3: 93 00 00 	
178	0.00282857	GpsDataControl.	IRP_MJ_WRITE	000000a1	SUCCESS	Length 8: 20 00 00 00 00 00 00 23 	
179	0.00261178	GpsDataControl.	IRP_MJ_READ	000000a1	SUCCESS	Length 19: 93 00 10 FF FF FF FF FF FF FF FF FF FF FF FF FF FF FF FF 	
180	0.00000587	GpsDataControl.	IOCTL_SERIAL_PURGE	000000a1	SUCCESS	Purge: TXCLEAR RXCLEAR	
181	0.00297021	GpsDataControl.	IRP_MJ_WRITE	000000a1	SUCCESS	Length 8: 93 05 07 00 10 04 03 07 	
182	0.00001034	GpsDataControl.	IRP_MJ_READ	000000a1	SUCCESS	Length 3: 93 00 00 	
183	0.00273247	GpsDataControl.	IRP_MJ_WRITE	000000a1	SUCCESS	Length 8: 10 00 00 00 00 00 00 33 	
184	0.00260201	GpsDataControl.	IRP_MJ_READ	000000a1	SUCCESS	Length 19: 93 00 10 FF FF FF FF FF FF FF FF FF FF FF FF FF FF FF FF 	
185	0.00000559	GpsDataControl.	IOCTL_SERIAL_PURGE	000000a1	SUCCESS	Purge: TXCLEAR RXCLEAR	
186	0.00263469	GpsDataControl.	IRP_MJ_WRITE	000000a1	SUCCESS	Length 8: 93 05 07 00 10 04 03 07 	
187	0.00000978	GpsDataControl.	IRP_MJ_READ	000000a1	SUCCESS	Length 3: 93 00 00 	
188	0.00393625	GpsDataControl.	IRP_MJ_WRITE	000000a1	SUCCESS	Length 8: 00 00 00 00 00 00 00 43 	
189	0.00006090	GpsDataControl.	IRP_MJ_READ	000000a1	SUCCESS	Length 19: 93 00 10 FF FF FF FF FF FF FF FF FF FF FF FF FF FF FF FF 	
190	0.00000531	GpsDataControl.	IOCTL_SERIAL_PURGE	000000a1	SUCCESS	Purge: TXCLEAR RXCLEAR	
191	0.00363538	GpsDataControl.	IRP_MJ_WRITE	000000a1	SUCCESS	Length 8: 93 05 07 00 10 04 03 06 	
192	0.00000978	GpsDataControl.	IRP_MJ_READ	000000a1	SUCCESS	Length 3: 93 00 00 	
193	0.00338088	GpsDataControl.	IRP_MJ_WRITE	000000a1	SUCCESS	Length 8: F0 00 00 00 00 00 00 54 	
194	0.00276963	GpsDataControl.	IRP_MJ_READ	000000a1	SUCCESS	Length 19: 93 00 10 FF FF FF FF FF FF FF FF FF FF FF FF FF FF FF FF 	
195	0.00000531	GpsDataControl.	IOCTL_SERIAL_PURGE	000000a1	SUCCESS	Purge: TXCLEAR RXCLEAR	
196	0.00344485	GpsDataControl.	IRP_MJ_WRITE	000000a1	SUCCESS	Length 8: 93 05 07 00 10 04 03 06 	
197	0.00001034	GpsDataControl.	IRP_MJ_READ	000000a1	SUCCESS	Length 3: 93 00 00 	
198	0.00333953	GpsDataControl.	IRP_MJ_WRITE	000000a1	SUCCESS	Length 8: E0 00 00 00 00 00 00 64 	
199	0.00336076	GpsDataControl.	IRP_MJ_READ	000000a1	SUCCESS	Length 19: 93 00 10 FF FF FF FF FF FF FF FF FF FF FF FF FF FF FF FF 	
200	0.00000531	GpsDataControl.	IOCTL_SERIAL_PURGE	000000a1	SUCCESS	Purge: TXCLEAR RXCLEAR	
201	0.00270537	GpsDataControl.	IRP_MJ_WRITE	000000a1	SUCCESS	Length 8: 93 05 07 00 10 04 03 06 	
202	0.00000978	GpsDataControl.	IRP_MJ_READ	000000a1	SUCCESS	Length 3: 93 00 00 	
203	0.00283472	GpsDataControl.	IRP_MJ_WRITE	000000a1	SUCCESS	Length 8: D0 00 00 00 00 00 00 74 	
204	0.00239500	GpsDataControl.	IRP_MJ_READ	000000a1	SUCCESS	Length 19: 93 00 10 FF FF FF FF FF FF FF FF FF FF FF FF FF FF FF FF 	
205	0.00000587	GpsDataControl.	IOCTL_SERIAL_PURGE	000000a1	SUCCESS	Purge: TXCLEAR RXCLEAR	
206	0.00262464	GpsDataControl.	IRP_MJ_WRITE	000000a1	SUCCESS	Length 8: 93 05 07 00 10 04 03 06 	
207	0.00002347	GpsDataControl.	IRP_MJ_READ	000000a1	SUCCESS	Length 3: 93 00 00 	
208	0.00271683	GpsDataControl.	IRP_MJ_WRITE	000000a1	SUCCESS	Length 8: C0 00 00 00 00 00 00 84 	
209	0.00108785	GpsDataControl.	IRP_MJ_READ	000000a1	SUCCESS	Length 19: 93 00 10 FF FF FF FF FF FF FF FF FF FF FF FF FF FF FF FF 	
210	0.00000531	GpsDataControl.	IOCTL_SERIAL_PURGE	000000a1	SUCCESS	Purge: TXCLEAR RXCLEAR	
211	0.00327137	GpsDataControl.	IRP_MJ_WRITE	000000a1	SUCCESS	Length 8: 93 05 07 00 10 04 03 06 	
212	0.00001034	GpsDataControl.	IRP_MJ_READ	000000a1	SUCCESS	Length 3: 93 00 00 	
213	0.00403487	GpsDataControl.	IRP_MJ_WRITE	000000a1	SUCCESS	Length 8: B0 00 00 00 00 00 00 94 	
214	0.00348927	GpsDataControl.	IRP_MJ_READ	000000a1	SUCCESS	Length 19: 93 00 10 FF FF FF FF FF FF FF FF FF FF FF FF FF FF FF FF 	
215	0.00000559	GpsDataControl.	IOCTL_SERIAL_PURGE	000000a1	SUCCESS	Purge: TXCLEAR RXCLEAR	
216	0.00242042	GpsDataControl.	IRP_MJ_WRITE	000000a1	SUCCESS	Length 8: 93 05 07 00 10 04 03 06 	
217	0.00001006	GpsDataControl.	IRP_MJ_READ	000000a1	SUCCESS	Length 3: 93 00 00 	
218	0.00181392	GpsDataControl.	IRP_MJ_WRITE	000000a1	SUCCESS	Length 8: A0 00 00 00 00 00 00 A4 	
219	0.00270593	GpsDataControl.	IRP_MJ_READ	000000a1	SUCCESS	Length 19: 93 00 10 FF FF FF FF FF FF FF FF FF FF FF FF FF FF FF FF 	
220	0.00000503	GpsDataControl.	IOCTL_SERIAL_PURGE	000000a1	SUCCESS	Purge: TXCLEAR RXCLEAR	
221	0.00388597	GpsDataControl.	IRP_MJ_WRITE	000000a1	SUCCESS	Length 8: 93 05 07 00 10 04 03 06 	
222	0.00000950	GpsDataControl.	IRP_MJ_READ	000000a1	SUCCESS	Length 3: 93 00 00 	
223	0.00237600	GpsDataControl.	IRP_MJ_WRITE	000000a1	SUCCESS	Length 8: 90 00 00 00 00 00 00 B4 	
224	0.00313057	GpsDataControl.	IRP_MJ_READ	000000a1	SUCCESS	Length 19: 93 00 10 FF FF FF FF FF FF FF FF FF FF FF FF FF FF FF FF 	
225	0.00000559	GpsDataControl.	IOCTL_SERIAL_PURGE	000000a1	SUCCESS	Purge: TXCLEAR RXCLEAR	
226	0.00356749	GpsDataControl.	IRP_MJ_WRITE	000000a1	SUCCESS	Length 8: 93 05 07 00 10 04 03 06 	
227	0.00001006	GpsDataControl.	IRP_MJ_READ	000000a1	SUCCESS	Length 3: 93 00 00 	
228	0.00281041	GpsDataControl.	IRP_MJ_WRITE	000000a1	SUCCESS	Length 8: 80 00 00 00 00 00 00 C4 	
229	0.00251373	GpsDataControl.	IRP_MJ_READ	000000a1	SUCCESS	Length 19: 93 00 10 FF FF FF FF FF FF FF FF FF FF FF FF FF FF FF FF 	
230	0.00000559	GpsDataControl.	IOCTL_SERIAL_PURGE	000000a1	SUCCESS	Purge: TXCLEAR RXCLEAR	
231	0.00284561	GpsDataControl.	IRP_MJ_WRITE	000000a1	SUCCESS	Length 8: 93 05 07 00 10 04 03 06 	
232	0.00000978	GpsDataControl.	IRP_MJ_READ	000000a1	SUCCESS	Length 3: 93 00 00 	
233	0.00339820	GpsDataControl.	IRP_MJ_WRITE	000000a1	SUCCESS	Length 8: 70 00 00 00 00 00 00 D4 	
234	0.00252546	GpsDataControl.	IRP_MJ_READ	000000a1	SUCCESS	Length 19: 93 00 10 FF FF FF FF FF FF FF FF FF FF FF FF FF FF FF FF 	
235	0.00000503	GpsDataControl.	IOCTL_SERIAL_PURGE	000000a1	SUCCESS	Purge: TXCLEAR RXCLEAR	
236	0.00294032	GpsDataControl.	IRP_MJ_WRITE	000000a1	SUCCESS	Length 8: 93 05 07 00 10 04 03 06 	
237	0.00001062	GpsDataControl.	IRP_MJ_READ	000000a1	SUCCESS	Length 3: 93 00 00 	
238	0.00282829	GpsDataControl.	IRP_MJ_WRITE	000000a1	SUCCESS	Length 8: 60 00 00 00 00 00 00 E4 	
239	0.00261346	GpsDataControl.	IRP_MJ_READ	000000a1	SUCCESS	Length 19: 93 00 10 FF FF FF FF FF FF FF FF FF FF FF FF FF FF FF FF 	
240	0.00000615	GpsDataControl.	IOCTL_SERIAL_PURGE	000000a1	SUCCESS	Purge: TXCLEAR RXCLEAR	
241	0.00378763	GpsDataControl.	IRP_MJ_WRITE	000000a1	SUCCESS	Length 8: 93 05 07 00 10 04 03 06 	
242	0.00001062	GpsDataControl.	IRP_MJ_READ	000000a1	SUCCESS	Length 3: 93 00 00 	
243	0.00279589	GpsDataControl.	IRP_MJ_WRITE	000000a1	SUCCESS	Length 8: 50 00 00 00 00 00 00 F4 	
244	0.00261765	GpsDataControl.	IRP_MJ_READ	000000a1	SUCCESS	Length 19: 93 00 10 FF FF FF FF FF FF FF FF FF FF FF FF FF FF FF FF 	
245	0.00000531	GpsDataControl.	IOCTL_SERIAL_PURGE	000000a1	SUCCESS	Purge: TXCLEAR RXCLEAR	
246	0.00285176	GpsDataControl.	IRP_MJ_WRITE	000000a1	SUCCESS	Length 8: 93 05 07 00 10 04 03 06 	
247	0.00002626	GpsDataControl.	IRP_MJ_READ	000000a1	SUCCESS	Length 3: 93 00 00 	
248	0.00343982	GpsDataControl.	IRP_MJ_WRITE	000000a1	SUCCESS	Length 8: 40 00 00 00 00 00 00 04 	
249	0.00268498	GpsDataControl.	IRP_MJ_READ	000000a1	SUCCESS	Length 19: 93 00 10 FF FF FF FF FF FF FF FF FF FF FF FF FF FF FF FF 	
250	0.00000531	GpsDataControl.	IOCTL_SERIAL_PURGE	000000a1	SUCCESS	Purge: TXCLEAR RXCLEAR	
251	0.00266822	GpsDataControl.	IRP_MJ_WRITE	000000a1	SUCCESS	Length 8: 93 05 07 00 10 04 03 06 	
252	0.00001006	GpsDataControl.	IRP_MJ_READ	000000a1	SUCCESS	Length 3: 93 00 00 	
253	0.00365773	GpsDataControl.	IRP_MJ_WRITE	000000a1	SUCCESS	Length 8: 30 00 00 00 00 00 00 14 	
254	0.00264279	GpsDataControl.	IRP_MJ_READ	000000a1	SUCCESS	Length 19: 93 00 10 FF FF FF FF FF FF FF FF FF FF FF FF FF FF FF FF 	
255	0.00000503	GpsDataControl.	IOCTL_SERIAL_PURGE	000000a1	SUCCESS	Purge: TXCLEAR RXCLEAR	
256	0.00265117	GpsDataControl.	IRP_MJ_WRITE	000000a1	SUCCESS	Length 8: 93 05 07 00 10 04 03 06 	
257	0.00001062	GpsDataControl.	IRP_MJ_READ	000000a1	SUCCESS	Length 3: 93 00 00 	
258	0.00381724	GpsDataControl.	IRP_MJ_WRITE	000000a1	SUCCESS	Length 8: 20 00 00 00 00 00 00 24 	
259	0.00273415	GpsDataControl.	IRP_MJ_READ	000000a1	SUCCESS	Length 19: 93 00 10 FF FF FF FF FF FF FF FF FF FF FF FF FF FF FF FF 	
260	0.00000531	GpsDataControl.	IOCTL_SERIAL_PURGE	000000a1	SUCCESS	Purge: TXCLEAR RXCLEAR	
261	0.00271152	GpsDataControl.	IRP_MJ_WRITE	000000a1	SUCCESS	Length 8: 93 05 07 00 10 04 03 06 	
262	0.00001006	GpsDataControl.	IRP_MJ_READ	000000a1	SUCCESS	Length 3: 93 00 00 	
263	0.00277186	GpsDataControl.	IRP_MJ_WRITE	000000a1	SUCCESS	Length 8: 10 00 00 00 00 00 00 34 	
264	0.00047939	GpsDataControl.	IRP_MJ_READ	000000a1	SUCCESS	Length 19: 93 00 10 FF FF FF FF FF FF FF FF FF FF FF FF FF FF FF FF 	
265	0.00000503	GpsDataControl.	IOCTL_SERIAL_PURGE	000000a1	SUCCESS	Purge: TXCLEAR RXCLEAR	
266	0.00337808	GpsDataControl.	IRP_MJ_WRITE	000000a1	SUCCESS	Length 8: 93 05 07 00 10 04 03 06 	
267	0.00000950	GpsDataControl.	IRP_MJ_READ	000000a1	SUCCESS	Length 3: 93 00 00 	
268	0.00322415	GpsDataControl.	IRP_MJ_WRITE	000000a1	SUCCESS	Length 8: 00 00 00 00 00 00 00 44 	
269	0.00273079	GpsDataControl.	IRP_MJ_READ	000000a1	SUCCESS	Length 19: 93 00 10 FF FF FF FF FF FF FF FF FF FF FF FF FF FF FF FF 	
270	0.00002905	GpsDataControl.	IOCTL_SERIAL_PURGE	000000a1	SUCCESS	Purge: TXCLEAR RXCLEAR	
271	0.00370019	GpsDataControl.	IRP_MJ_WRITE	000000a1	SUCCESS	Length 8: 93 05 07 00 10 04 03 05 	
272	0.00000978	GpsDataControl.	IRP_MJ_READ	000000a1	SUCCESS	Length 3: 93 00 00 	
273	0.00320935	GpsDataControl.	IRP_MJ_WRITE	000000a1	SUCCESS	Length 8: F0 00 00 00 00 00 00 55 	
274	0.00285874	GpsDataControl.	IRP_MJ_READ	000000a1	SUCCESS	Length 19: 93 00 10 FF FF FF FF FF FF FF FF FF FF FF FF FF FF FF FF 	
275	0.00000615	GpsDataControl.	IOCTL_SERIAL_PURGE	000000a1	SUCCESS	Purge: TXCLEAR RXCLEAR	
276	0.00286014	GpsDataControl.	IRP_MJ_WRITE	000000a1	SUCCESS	Length 8: 93 05 07 00 10 04 03 05 	
277	0.00000978	GpsDataControl.	IRP_MJ_READ	000000a1	SUCCESS	Length 3: 93 00 00 	
278	0.00282941	GpsDataControl.	IRP_MJ_WRITE	000000a1	SUCCESS	Length 8: E0 00 00 00 00 00 00 65 	
279	0.00248970	GpsDataControl.	IRP_MJ_READ	000000a1	SUCCESS	Length 19: 93 00 10 FF FF FF FF FF FF FF FF FF FF FF FF FF FF FF FF 	
280	0.00000503	GpsDataControl.	IOCTL_SERIAL_PURGE	000000a1	SUCCESS	Purge: TXCLEAR RXCLEAR	
281	0.00273722	GpsDataControl.	IRP_MJ_WRITE	000000a1	SUCCESS	Length 8: 93 05 07 00 10 04 03 05 	
282	0.00000950	GpsDataControl.	IRP_MJ_READ	000000a1	SUCCESS	Length 3: 93 00 00 	
283	0.00248886	GpsDataControl.	IRP_MJ_WRITE	000000a1	SUCCESS	Length 8: D0 00 00 00 00 00 00 75 	
284	0.00121189	GpsDataControl.	IRP_MJ_READ	000000a1	SUCCESS	Length 19: 93 00 10 FF FF FF FF FF FF FF FF FF FF FF FF FF FF FF FF 	
285	0.00000531	GpsDataControl.	IOCTL_SERIAL_PURGE	000000a1	SUCCESS	Purge: TXCLEAR RXCLEAR	
286	0.00363119	GpsDataControl.	IRP_MJ_WRITE	000000a1	SUCCESS	Length 8: 93 05 07 00 10 04 03 05 	
287	0.00001062	GpsDataControl.	IRP_MJ_READ	000000a1	SUCCESS	Length 3: 93 00 00 	
288	0.00341161	GpsDataControl.	IRP_MJ_WRITE	000000a1	SUCCESS	Length 8: C0 00 00 00 00 00 00 85 	
289	0.00247545	GpsDataControl.	IRP_MJ_READ	000000a1	SUCCESS	Length 19: 93 00 10 FF FF FF FF FF FF FF FF FF FF FF FF FF FF FF FF 	
290	0.00000615	GpsDataControl.	IOCTL_SERIAL_PURGE	000000a1	SUCCESS	Purge: TXCLEAR RXCLEAR	
291	0.00277214	GpsDataControl.	IRP_MJ_WRITE	000000a1	SUCCESS	Length 8: 93 05 07 00 10 04 03 05 	
292	0.00000950	GpsDataControl.	IRP_MJ_READ	000000a1	SUCCESS	Length 3: 93 00 00 	
293	0.00274337	GpsDataControl.	IRP_MJ_WRITE	000000a1	SUCCESS	Length 8: B0 00 00 00 00 00 00 95 	
294	0.00282913	GpsDataControl.	IRP_MJ_READ	000000a1	SUCCESS	Length 19: 93 00 10 FF FF FF FF FF FF FF FF FF FF FF FF FF FF FF FF 	
295	0.00003017	GpsDataControl.	IOCTL_SERIAL_PURGE	000000a1	SUCCESS	Purge: TXCLEAR RXCLEAR	
296	0.00391251	GpsDataControl.	IRP_MJ_WRITE	000000a1	SUCCESS	Length 8: 93 05 07 00 10 04 03 05 	
297	0.00001034	GpsDataControl.	IRP_MJ_READ	000000a1	SUCCESS	Length 3: 93 00 00 	
298	0.00349151	GpsDataControl.	IRP_MJ_WRITE	000000a1	SUCCESS	Length 8: A0 00 00 00 00 00 00 A5 	
299	0.00291657	GpsDataControl.	IRP_MJ_READ	000000a1	SUCCESS	Length 19: 93 00 10 FF FF FF FF FF FF FF FF FF FF FF FF FF FF FF FF 	
300	0.00000531	GpsDataControl.	IOCTL_SERIAL_PURGE	000000a1	SUCCESS	Purge: TXCLEAR RXCLEAR	
301	0.00349570	GpsDataControl.	IRP_MJ_WRITE	000000a1	SUCCESS	Length 8: 93 05 07 00 10 04 03 05 	
302	0.00001006	GpsDataControl.	IRP_MJ_READ	000000a1	SUCCESS	Length 3: 93 00 00 	
303	0.00264894	GpsDataControl.	IRP_MJ_WRITE	000000a1	SUCCESS	Length 8: 90 00 00 00 00 00 00 B5 	
304	0.00314174	GpsDataControl.	IRP_MJ_READ	000000a1	SUCCESS	Length 19: 93 00 10 FF FF FF FF FF FF FF FF FF FF FF FF FF FF FF FF 	
305	0.00000559	GpsDataControl.	IOCTL_SERIAL_PURGE	000000a1	SUCCESS	Purge: TXCLEAR RXCLEAR	
306	0.00339373	GpsDataControl.	IRP_MJ_WRITE	000000a1	SUCCESS	Length 8: 93 05 07 00 10 04 03 05 	
307	0.00001006	GpsDataControl.	IRP_MJ_READ	000000a1	SUCCESS	Length 3: 93 00 00 	
308	0.00256932	GpsDataControl.	IRP_MJ_WRITE	000000a1	SUCCESS	Length 8: 80 00 00 00 00 00 00 C5 	
309	0.00299703	GpsDataControl.	IRP_MJ_READ	000000a1	SUCCESS	Length 19: 93 00 10 FF FF FF FF FF FF FF FF FF FF FF FF FF FF FF FF 	
310	0.00000587	GpsDataControl.	IOCTL_SERIAL_PURGE	000000a1	SUCCESS	Purge: TXCLEAR RXCLEAR	
311	0.00295010	GpsDataControl.	IRP_MJ_WRITE	000000a1	SUCCESS	Length 8: 93 05 07 00 10 04 03 05 	
312	0.00000978	GpsDataControl.	IRP_MJ_READ	000000a1	SUCCESS	Length 3: 93 00 00 	
313	0.00287439	GpsDataControl.	IRP_MJ_WRITE	000000a1	SUCCESS	Length 8: 70 00 00 00 00 00 00 D5 	
314	0.00317973	GpsDataControl.	IRP_MJ_READ	000000a1	SUCCESS	Length 19: 93 00 10 FF FF FF FF FF FF FF FF FF FF FF FF FF FF FF FF 	
315	0.00000559	GpsDataControl.	IOCTL_SERIAL_PURGE	000000a1	SUCCESS	Purge: TXCLEAR RXCLEAR	
316	0.00365438	GpsDataControl.	IRP_MJ_WRITE	000000a1	SUCCESS	Length 8: 93 05 07 00 10 04 03 05 	
317	0.00000978	GpsDataControl.	IRP_MJ_READ	000000a1	SUCCESS	Length 3: 93 00 00 	
318	0.00202763	GpsDataControl.	IRP_MJ_WRITE	000000a1	SUCCESS	Length 8: 60 00 00 00 00 00 00 E5 	
319	0.00322834	GpsDataControl.	IRP_MJ_READ	000000a1	SUCCESS	Length 19: 93 00 10 FF FF FF FF FF FF FF FF FF FF FF FF FF FF FF FF 	
320	0.00003967	GpsDataControl.	IOCTL_SERIAL_PURGE	000000a1	SUCCESS	Purge: TXCLEAR RXCLEAR	
321	0.00385217	GpsDataControl.	IRP_MJ_WRITE	000000a1	SUCCESS	Length 8: 93 05 07 00 10 04 03 05 	
322	0.00001006	GpsDataControl.	IRP_MJ_READ	000000a1	SUCCESS	Length 3: 93 00 00 	
323	0.00365717	GpsDataControl.	IRP_MJ_WRITE	000000a1	SUCCESS	Length 8: 50 00 00 00 00 00 00 F5 	
324	0.00340323	GpsDataControl.	IRP_MJ_READ	000000a1	SUCCESS	Length 19: 93 00 10 FF FF FF FF FF FF FF FF FF FF FF FF FF FF FF FF 	
325	0.00000559	GpsDataControl.	IOCTL_SERIAL_PURGE	000000a1	SUCCESS	Purge: TXCLEAR RXCLEAR	
326	0.00255088	GpsDataControl.	IRP_MJ_WRITE	000000a1	SUCCESS	Length 8: 93 05 07 00 10 04 03 05 	
327	0.00000978	GpsDataControl.	IRP_MJ_READ	000000a1	SUCCESS	Length 3: 93 00 00 	
328	0.00275650	GpsDataControl.	IRP_MJ_WRITE	000000a1	SUCCESS	Length 8: 40 00 00 00 00 00 00 05 	
329	0.00345770	GpsDataControl.	IRP_MJ_READ	000000a1	SUCCESS	Length 19: 93 00 10 FF FF FF FF FF FF FF FF FF FF FF FF FF FF FF FF 	
330	0.00000587	GpsDataControl.	IOCTL_SERIAL_PURGE	000000a1	SUCCESS	Purge: TXCLEAR RXCLEAR	
331	0.00313252	GpsDataControl.	IRP_MJ_WRITE	000000a1	SUCCESS	Length 8: 93 05 07 00 10 04 03 05 	
332	0.00002403	GpsDataControl.	IRP_MJ_READ	000000a1	SUCCESS	Length 3: 93 00 00 	
333	0.00322248	GpsDataControl.	IRP_MJ_WRITE	000000a1	SUCCESS	Length 8: 30 00 00 00 00 00 00 15 	
334	0.00109651	GpsDataControl.	IRP_MJ_READ	000000a1	SUCCESS	Length 19: 93 00 10 FF FF FF FF FF FF FF FF FF FF FF FF FF FF FF FF 	
335	0.00000559	GpsDataControl.	IOCTL_SERIAL_PURGE	000000a1	SUCCESS	Purge: TXCLEAR RXCLEAR	
336	0.00355241	GpsDataControl.	IRP_MJ_WRITE	000000a1	SUCCESS	Length 8: 93 05 07 00 10 04 03 05 	
337	0.00003967	GpsDataControl.	IRP_MJ_READ	000000a1	SUCCESS	Length 3: 93 00 00 	
338	0.00466484	GpsDataControl.	IRP_MJ_WRITE	000000a1	SUCCESS	Length 8: 20 00 00 00 00 00 00 25 	
339	0.00301575	GpsDataControl.	IRP_MJ_READ	000000a1	SUCCESS	Length 19: 93 00 10 FF FF FF FF FF FF FF FF FF FF FF FF FF FF FF FF 	
340	0.00000559	GpsDataControl.	IOCTL_SERIAL_PURGE	000000a1	SUCCESS	Purge: TXCLEAR RXCLEAR	
341	0.00274756	GpsDataControl.	IRP_MJ_WRITE	000000a1	SUCCESS	Length 8: 93 05 07 00 10 04 03 05 	
342	0.00000978	GpsDataControl.	IRP_MJ_READ	000000a1	SUCCESS	Length 3: 93 00 00 	
343	0.00210446	GpsDataControl.	IRP_MJ_WRITE	000000a1	SUCCESS	Length 8: 10 00 00 00 00 00 00 35 	
344	0.00261709	GpsDataControl.	IRP_MJ_READ	000000a1	SUCCESS	Length 19: 93 00 10 FF FF FF FF FF FF FF FF FF FF FF FF FF FF FF FF 	
345	0.00000531	GpsDataControl.	IOCTL_SERIAL_PURGE	000000a1	SUCCESS	Purge: TXCLEAR RXCLEAR	
346	0.00357615	GpsDataControl.	IRP_MJ_WRITE	000000a1	SUCCESS	Length 8: 93 05 07 00 10 04 03 05 	
347	0.00001034	GpsDataControl.	IRP_MJ_READ	000000a1	SUCCESS	Length 3: 93 00 00 	
348	0.00275063	GpsDataControl.	IRP_MJ_WRITE	000000a1	SUCCESS	Length 8: 00 00 00 00 00 00 00 45 	
349	0.00270342	GpsDataControl.	IRP_MJ_READ	000000a1	SUCCESS	Length 19: 93 00 10 FF FF FF FF FF FF FF FF FF FF FF FF FF FF FF FF 	
350	0.00000559	GpsDataControl.	IOCTL_SERIAL_PURGE	000000a1	SUCCESS	Purge: TXCLEAR RXCLEAR	
351	0.00292886	GpsDataControl.	IRP_MJ_WRITE	000000a1	SUCCESS	Length 8: 93 05 07 00 10 04 03 04 	
352	0.00001006	GpsDataControl.	IRP_MJ_READ	000000a1	SUCCESS	Length 3: 93 00 00 	
353	0.00340183	GpsDataControl.	IRP_MJ_WRITE	000000a1	SUCCESS	Length 8: F0 00 00 00 00 00 00 56 	
354	0.00047855	GpsDataControl.	IRP_MJ_READ	000000a1	SUCCESS	Length 19: 93 00 10 FF FF FF FF FF FF FF FF FF FF FF FF FF FF FF FF 	
355	0.00000503	GpsDataControl.	IOCTL_SERIAL_PURGE	000000a1	SUCCESS	Purge: TXCLEAR RXCLEAR	
356	0.00301267	GpsDataControl.	IRP_MJ_WRITE	000000a1	SUCCESS	Length 8: 93 05 07 00 10 04 03 04 	
357	0.00000978	GpsDataControl.	IRP_MJ_READ	000000a1	SUCCESS	Length 3: 93 00 00 	
358	0.00230141	GpsDataControl.	IRP_MJ_WRITE	000000a1	SUCCESS	Length 8: E0 00 00 00 00 00 00 66 	
359	0.00387144	GpsDataControl.	IRP_MJ_READ	000000a1	SUCCESS	Length 19: 93 00 10 FF FF FF FF FF FF FF FF FF FF FF FF FF FF FF FF 	
360	0.00000587	GpsDataControl.	IOCTL_SERIAL_PURGE	000000a1	SUCCESS	Purge: TXCLEAR RXCLEAR	
361	0.00385217	GpsDataControl.	IRP_MJ_WRITE	000000a1	SUCCESS	Length 8: 93 05 07 00 10 04 03 04 	
362	0.00000978	GpsDataControl.	IRP_MJ_READ	000000a1	SUCCESS	Length 3: 93 00 00 	
363	0.00227571	GpsDataControl.	IRP_MJ_WRITE	000000a1	SUCCESS	Length 8: D0 00 00 00 00 00 00 76 	
364	0.00299507	GpsDataControl.	IRP_MJ_READ	000000a1	SUCCESS	Length 19: 93 00 10 FF FF FF FF FF FF FF FF FF FF FF FF FF FF FF FF 	
365	0.00010169	GpsDataControl.	IOCTL_SERIAL_PURGE	000000a1	SUCCESS	Purge: TXCLEAR RXCLEAR	
366	0.00413656	GpsDataControl.	IRP_MJ_WRITE	000000a1	SUCCESS	Length 8: 93 05 07 00 10 04 03 04 	
367	0.00001090	GpsDataControl.	IRP_MJ_READ	000000a1	SUCCESS	Length 3: 93 00 00 	
368	0.00292160	GpsDataControl.	IRP_MJ_WRITE	000000a1	SUCCESS	Length 8: C0 00 00 00 00 00 00 86 	
369	0.00263274	GpsDataControl.	IRP_MJ_READ	000000a1	SUCCESS	Length 19: 93 00 10 FF FF FF FF FF FF FF FF FF FF FF FF FF FF FF FF 	
370	0.00000531	GpsDataControl.	IOCTL_SERIAL_PURGE	000000a1	SUCCESS	Purge: TXCLEAR RXCLEAR	
371	0.00267576	GpsDataControl.	IRP_MJ_WRITE	000000a1	SUCCESS	Length 8: 93 05 07 00 10 04 03 04 	
372	0.00000978	GpsDataControl.	IRP_MJ_READ	000000a1	SUCCESS	Length 3: 93 00 00 	
373	0.00277242	GpsDataControl.	IRP_MJ_WRITE	000000a1	SUCCESS	Length 8: B0 00 00 00 00 00 00 96 	
374	0.00265034	GpsDataControl.	IRP_MJ_READ	000000a1	SUCCESS	Length 19: 93 00 10 FF FF FF FF FF FF FF FF FF FF FF FF FF FF FF FF 	
375	0.00000503	GpsDataControl.	IOCTL_SERIAL_PURGE	000000a1	SUCCESS	Purge: TXCLEAR RXCLEAR	
376	0.00397313	GpsDataControl.	IRP_MJ_WRITE	000000a1	SUCCESS	Length 8: 93 05 07 00 10 04 03 04 	
377	0.00002123	GpsDataControl.	IRP_MJ_READ	000000a1	SUCCESS	Length 3: 93 00 00 	
378	0.00332389	GpsDataControl.	IRP_MJ_WRITE	000000a1	SUCCESS	Length 8: A0 00 00 00 00 00 00 A6 	
379	0.00271180	GpsDataControl.	IRP_MJ_READ	000000a1	SUCCESS	Length 19: 93 00 10 FF FF FF FF FF FF FF FF FF FF FF FF FF FF FF FF 	
380	0.00000559	GpsDataControl.	IOCTL_SERIAL_PURGE	000000a1	SUCCESS	Purge: TXCLEAR RXCLEAR	
381	0.00455058	GpsDataControl.	IRP_MJ_WRITE	000000a1	SUCCESS	Length 8: 93 05 07 00 10 04 03 04 	
382	0.00002291	GpsDataControl.	IRP_MJ_READ	000000a1	SUCCESS	Length 3: 93 00 00 	
383	0.00294004	GpsDataControl.	IRP_MJ_WRITE	000000a1	SUCCESS	Length 8: 90 00 00 00 00 00 00 B6 	
384	0.00327779	GpsDataControl.	IRP_MJ_READ	000000a1	SUCCESS	Length 19: 93 00 10 FF FF FF FF FF FF FF FF FF FF FF FF FF FF FF FF 	
385	0.00000531	GpsDataControl.	IOCTL_SERIAL_PURGE	000000a1	SUCCESS	Purge: TXCLEAR RXCLEAR	
386	0.00261570	GpsDataControl.	IRP_MJ_WRITE	000000a1	SUCCESS	Length 8: 93 05 07 00 10 04 03 04 	
387	0.00105209	GpsDataControl.	IRP_MJ_READ	000000a1	SUCCESS	Length 3: 93 00 00 	
388	0.00286712	GpsDataControl.	IRP_MJ_WRITE	000000a1	SUCCESS	Length 8: 80 00 00 00 00 00 00 C6 	
389	0.00268274	GpsDataControl.	IRP_MJ_READ	000000a1	SUCCESS	Length 19: 93 00 10 FF FF FF FF FF FF FF FF FF FF FF FF FF FF FF FF 	
390	0.00000531	GpsDataControl.	IOCTL_SERIAL_PURGE	000000a1	SUCCESS	Purge: TXCLEAR RXCLEAR	
391	0.00263469	GpsDataControl.	IRP_MJ_WRITE	000000a1	SUCCESS	Length 8: 93 05 07 00 10 04 03 04 	
392	0.00108869	GpsDataControl.	IRP_MJ_READ	000000a1	SUCCESS	Length 3: 93 00 00 	
393	0.00281963	GpsDataControl.	IRP_MJ_WRITE	000000a1	SUCCESS	Length 8: 70 00 00 00 00 00 00 D6 	
394	0.00259921	GpsDataControl.	IRP_MJ_READ	000000a1	SUCCESS	Length 19: 93 00 10 FF FF FF FF FF FF FF FF FF FF FF FF FF FF FF FF 	
395	0.00000587	GpsDataControl.	IOCTL_SERIAL_PURGE	000000a1	SUCCESS	Purge: TXCLEAR RXCLEAR	
396	0.00252518	GpsDataControl.	IRP_MJ_WRITE	000000a1	SUCCESS	Length 8: 93 05 07 00 10 04 03 04 	
397	0.00081575	GpsDataControl.	IRP_MJ_READ	000000a1	SUCCESS	Length 3: 93 00 00 	
398	0.00366276	GpsDataControl.	IRP_MJ_WRITE	000000a1	SUCCESS	Length 8: 60 00 00 00 00 00 00 E6 	
399	0.00046235	GpsDataControl.	IRP_MJ_READ	000000a1	SUCCESS	Length 19: 93 00 10 FF FF FF FF FF FF FF FF FF FF FF FF FF FF FF FF 	
400	0.00000615	GpsDataControl.	IOCTL_SERIAL_PURGE	000000a1	SUCCESS	Purge: TXCLEAR RXCLEAR	
401	0.00319622	GpsDataControl.	IRP_MJ_WRITE	000000a1	SUCCESS	Length 8: 93 05 07 00 10 04 03 04 	
402	0.00002403	GpsDataControl.	IRP_MJ_READ	000000a1	SUCCESS	Length 3: 93 00 00 	
403	0.00363007	GpsDataControl.	IRP_MJ_WRITE	000000a1	SUCCESS	Length 8: 50 00 00 00 00 00 00 F6 	
404	0.00337389	GpsDataControl.	IRP_MJ_READ	000000a1	SUCCESS	Length 19: 93 00 10 FF FF FF FF FF FF FF FF FF FF FF FF FF FF FF FF 	
405	0.00000587	GpsDataControl.	IOCTL_SERIAL_PURGE	000000a1	SUCCESS	Purge: TXCLEAR RXCLEAR	
406	0.00275538	GpsDataControl.	IRP_MJ_WRITE	000000a1	SUCCESS	Length 8: 93 05 07 00 10 04 03 04 	
407	0.00001034	GpsDataControl.	IRP_MJ_READ	000000a1	SUCCESS	Length 3: 93 00 00 	
408	0.00270900	GpsDataControl.	IRP_MJ_WRITE	000000a1	SUCCESS	Length 8: 40 00 00 00 00 00 00 06 	
409	0.00283388	GpsDataControl.	IRP_MJ_READ	000000a1	SUCCESS	Length 19: 93 00 10 FF FF FF FF FF FF FF FF FF FF FF FF FF FF FF FF 	
410	0.00000559	GpsDataControl.	IOCTL_SERIAL_PURGE	000000a1	SUCCESS	Purge: TXCLEAR RXCLEAR	
411	0.00375942	GpsDataControl.	IRP_MJ_WRITE	000000a1	SUCCESS	Length 8: 93 05 07 00 10 04 03 04 	
412	0.00001006	GpsDataControl.	IRP_MJ_READ	000000a1	SUCCESS	Length 3: 93 00 00 	
413	0.00272493	GpsDataControl.	IRP_MJ_WRITE	000000a1	SUCCESS	Length 8: 30 00 00 00 00 00 00 16 	
414	0.00315655	GpsDataControl.	IRP_MJ_READ	000000a1	SUCCESS	Length 19: 93 00 10 FF FF FF FF FF FF FF FF FF FF FF FF FF FF FF FF 	
415	0.00002710	GpsDataControl.	IOCTL_SERIAL_PURGE	000000a1	SUCCESS	Purge: TXCLEAR RXCLEAR	
416	0.00308279	GpsDataControl.	IRP_MJ_WRITE	000000a1	SUCCESS	Length 8: 93 05 07 00 10 04 03 04 	
417	0.00001006	GpsDataControl.	IRP_MJ_READ	000000a1	SUCCESS	Length 3: 93 00 00 	
418	0.00264084	GpsDataControl.	IRP_MJ_WRITE	000000a1	SUCCESS	Length 8: 20 00 00 00 00 00 00 26 	
419	0.00397704	GpsDataControl.	IRP_MJ_READ	000000a1	SUCCESS	Length 19: 93 00 10 FF FF FF FF FF FF FF FF FF FF FF FF FF FF FF FF 	
420	0.00000531	GpsDataControl.	IOCTL_SERIAL_PURGE	000000a1	SUCCESS	Purge: TXCLEAR RXCLEAR	
421	0.00373344	GpsDataControl.	IRP_MJ_WRITE	000000a1	SUCCESS	Length 8: 93 05 07 00 10 04 03 04 	
422	0.00106075	GpsDataControl.	IRP_MJ_READ	000000a1	SUCCESS	Length 3: 93 00 00 	
423	0.00268610	GpsDataControl.	IRP_MJ_WRITE	000000a1	SUCCESS	Length 8: 10 00 00 00 00 00 00 36 	
424	0.00252295	GpsDataControl.	IRP_MJ_READ	000000a1	SUCCESS	Length 19: 93 00 10 FF FF FF FF FF FF FF FF FF FF FF FF FF FF FF FF 	
425	0.00000559	GpsDataControl.	IOCTL_SERIAL_PURGE	000000a1	SUCCESS	Purge: TXCLEAR RXCLEAR	
426	0.00277270	GpsDataControl.	IRP_MJ_WRITE	000000a1	SUCCESS	Length 8: 93 05 07 00 10 04 03 04 	
427	0.00105069	GpsDataControl.	IRP_MJ_READ	000000a1	SUCCESS	Length 3: 93 00 00 	
428	0.00298641	GpsDataControl.	IRP_MJ_WRITE	000000a1	SUCCESS	Length 8: 00 00 00 00 00 00 00 46 	
429	0.00282187	GpsDataControl.	IRP_MJ_READ	000000a1	SUCCESS	Length 19: 93 00 10 FF FF FF FF FF FF FF FF FF FF FF FF FF FF FF FF 	
430	0.00000587	GpsDataControl.	IOCTL_SERIAL_PURGE	000000a1	SUCCESS	Purge: TXCLEAR RXCLEAR	
431	0.00366108	GpsDataControl.	IRP_MJ_WRITE	000000a1	SUCCESS	Length 8: 93 05 07 00 10 04 03 03 	
432	0.00001006	GpsDataControl.	IRP_MJ_READ	000000a1	SUCCESS	Length 3: 93 00 00 	
433	0.00349123	GpsDataControl.	IRP_MJ_WRITE	000000a1	SUCCESS	Length 8: F0 00 00 00 00 00 00 57 	
434	0.00262519	GpsDataControl.	IRP_MJ_READ	000000a1	SUCCESS	Length 19: 93 00 10 FF FF FF FF FF FF FF FF FF FF FF FF FF FF FF FF 	
435	0.00000531	GpsDataControl.	IOCTL_SERIAL_PURGE	000000a1	SUCCESS	Purge: TXCLEAR RXCLEAR	
436	0.00291266	GpsDataControl.	IRP_MJ_WRITE	000000a1	SUCCESS	Length 8: 93 05 07 00 10 04 03 03 	
437	0.00001006	GpsDataControl.	IRP_MJ_READ	000000a1	SUCCESS	Length 3: 93 00 00 	
438	0.00341608	GpsDataControl.	IRP_MJ_WRITE	000000a1	SUCCESS	Length 8: E0 00 00 00 00 00 00 67 	
439	0.00010700	GpsDataControl.	IRP_MJ_READ	000000a1	SUCCESS	Length 19: 93 00 10 FF FF FF FF FF FF FF FF FF FF FF FF FF FF FF FF 	
440	0.00000531	GpsDataControl.	IOCTL_SERIAL_PURGE	000000a1	SUCCESS	Purge: TXCLEAR RXCLEAR	
441	0.00293920	GpsDataControl.	IRP_MJ_WRITE	000000a1	SUCCESS	Length 8: 93 05 07 00 10 04 03 03 	
442	0.00006956	GpsDataControl.	IRP_MJ_READ	000000a1	SUCCESS	Length 3: 93 00 00 	
443	0.00369377	GpsDataControl.	IRP_MJ_WRITE	000000a1	SUCCESS	Length 8: D0 00 00 00 00 00 00 77 	
444	0.00259726	GpsDataControl.	IRP_MJ_READ	000000a1	SUCCESS	Length 19: 93 00 10 FF FF FF FF FF FF FF FF FF FF FF FF FF FF FF FF 	
445	0.00000559	GpsDataControl.	IOCTL_SERIAL_PURGE	000000a1	SUCCESS	Purge: TXCLEAR RXCLEAR	
446	0.00268637	GpsDataControl.	IRP_MJ_WRITE	000000a1	SUCCESS	Length 8: 93 05 07 00 10 04 03 03 	
447	0.00003324	GpsDataControl.	IRP_MJ_READ	000000a1	SUCCESS	Length 3: 93 00 00 	
448	0.00394464	GpsDataControl.	IRP_MJ_WRITE	000000a1	SUCCESS	Length 8: C0 00 00 00 00 00 00 87 	
449	0.00261039	GpsDataControl.	IRP_MJ_READ	000000a1	SUCCESS	Length 19: 93 00 10 FF FF FF FF FF FF FF FF FF FF FF FF FF FF FF FF 	
450	0.00000643	GpsDataControl.	IOCTL_SERIAL_PURGE	000000a1	SUCCESS	Purge: TXCLEAR RXCLEAR	
451	0.00285288	GpsDataControl.	IRP_MJ_WRITE	000000a1	SUCCESS	Length 8: 93 05 07 00 10 04 03 03 	
452	0.00100571	GpsDataControl.	IRP_MJ_READ	000000a1	SUCCESS	Length 3: 93 00 00 	
453	0.00339457	GpsDataControl.	IRP_MJ_WRITE	000000a1	SUCCESS	Length 8: B0 00 00 00 00 00 00 97 	
454	0.00433882	GpsDataControl.	IRP_MJ_READ	000000a1	SUCCESS	Length 19: 93 00 10 FF FF FF FF FF FF FF FF FF FF FF FF FF FF FF FF 	
455	0.00006509	GpsDataControl.	IOCTL_SERIAL_PURGE	000000a1	SUCCESS	Purge: TXCLEAR RXCLEAR	
456	0.00333506	GpsDataControl.	IRP_MJ_WRITE	000000a1	SUCCESS	Length 8: 93 05 07 00 10 04 03 03 	
457	0.00001062	GpsDataControl.	IRP_MJ_READ	000000a1	SUCCESS	Length 3: 93 00 00 	
458	0.00374936	GpsDataControl.	IRP_MJ_WRITE	000000a1	SUCCESS	Length 8: A0 00 00 00 00 00 00 A7 	
459	0.00259363	GpsDataControl.	IRP_MJ_READ	000000a1	SUCCESS	Length 19: 93 00 10 FF FF FF FF FF FF FF FF FF FF FF FF FF FF FF FF 	
460	0.00000531	GpsDataControl.	IOCTL_SERIAL_PURGE	000000a1	SUCCESS	Purge: TXCLEAR RXCLEAR	
461	0.00365298	GpsDataControl.	IRP_MJ_WRITE	000000a1	SUCCESS	Length 8: 93 05 07 00 10 04 03 03 	
462	0.00001034	GpsDataControl.	IRP_MJ_READ	000000a1	SUCCESS	Length 3: 93 00 00 	
463	0.00277130	GpsDataControl.	IRP_MJ_WRITE	000000a1	SUCCESS	Length 8: 90 00 00 00 00 00 00 B7 	
464	0.00269951	GpsDataControl.	IRP_MJ_READ	000000a1	SUCCESS	Length 19: 93 00 10 FF FF FF FF FF FF FF FF FF FF FF FF FF FF FF FF 	
465	0.00000559	GpsDataControl.	IOCTL_SERIAL_PURGE	000000a1	SUCCESS	Purge: TXCLEAR RXCLEAR	
466	0.00273526	GpsDataControl.	IRP_MJ_WRITE	000000a1	SUCCESS	Length 8: 93 05 07 00 10 04 03 03 	
467	0.00001062	GpsDataControl.	IRP_MJ_READ	000000a1	SUCCESS	Length 3: 93 00 00 	
468	0.00386222	GpsDataControl.	IRP_MJ_WRITE	000000a1	SUCCESS	Length 8: 80 00 00 00 00 00 00 C7 	
469	0.00390273	GpsDataControl.	IRP_MJ_READ	000000a1	SUCCESS	Length 19: 93 00 10 FF FF FF FF FF FF FF FF FF FF FF FF FF FF FF FF 	
470	0.00000587	GpsDataControl.	IOCTL_SERIAL_PURGE	000000a1	SUCCESS	Purge: TXCLEAR RXCLEAR	
471	0.00323868	GpsDataControl.	IRP_MJ_WRITE	000000a1	SUCCESS	Length 8: 93 05 07 00 10 04 03 03 	
472	0.00001034	GpsDataControl.	IRP_MJ_READ	000000a1	SUCCESS	Length 3: 93 00 00 	
473	0.00279086	GpsDataControl.	IRP_MJ_WRITE	000000a1	SUCCESS	Length 8: 70 00 00 00 00 00 00 D7 	
474	0.00277354	GpsDataControl.	IRP_MJ_READ	000000a1	SUCCESS	Length 19: 93 00 10 FF FF FF FF FF FF FF FF FF FF FF FF FF FF FF FF 	
475	0.00000531	GpsDataControl.	IOCTL_SERIAL_PURGE	000000a1	SUCCESS	Purge: TXCLEAR RXCLEAR	
476	0.00299228	GpsDataControl.	IRP_MJ_WRITE	000000a1	SUCCESS	Length 8: 93 05 07 00 10 04 03 03 	
477	0.00001034	GpsDataControl.	IRP_MJ_READ	000000a1	SUCCESS	Length 3: 93 00 00 	
478	0.00319705	GpsDataControl.	IRP_MJ_WRITE	000000a1	SUCCESS	Length 8: 60 00 00 00 00 00 00 E7 	
479	0.00285008	GpsDataControl.	IRP_MJ_READ	000000a1	SUCCESS	Length 19: 93 00 10 FF FF FF FF FF FF FF FF FF FF FF FF FF FF FF FF 	
480	0.00000559	GpsDataControl.	IOCTL_SERIAL_PURGE	000000a1	SUCCESS	Purge: TXCLEAR RXCLEAR	
481	0.00275622	GpsDataControl.	IRP_MJ_WRITE	000000a1	SUCCESS	Length 8: 93 05 07 00 10 04 03 03 	
482	0.00000950	GpsDataControl.	IRP_MJ_READ	000000a1	SUCCESS	Length 3: 93 00 00 	
483	0.00306743	GpsDataControl.	IRP_MJ_WRITE	000000a1	SUCCESS	Length 8: 50 00 00 00 00 00 00 F7 	
484	0.00329176	GpsDataControl.	IRP_MJ_READ	000000a1	SUCCESS	Length 19: 93 00 10 FF FF FF FF FF FF FF FF FF FF FF FF FF FF FF FF 	
485	0.00000559	GpsDataControl.	IOCTL_SERIAL_PURGE	000000a1	SUCCESS	Purge: TXCLEAR RXCLEAR	
486	0.00263777	GpsDataControl.	IRP_MJ_WRITE	000000a1	SUCCESS	Length 8: 93 05 07 00 10 04 03 03 	
487	0.00003408	GpsDataControl.	IRP_MJ_READ	000000a1	SUCCESS	Length 3: 93 00 00 	
488	0.00351441	GpsDataControl.	IRP_MJ_WRITE	000000a1	SUCCESS	Length 8: 40 00 00 00 00 00 00 07 	
489	0.00277270	GpsDataControl.	IRP_MJ_READ	000000a1	SUCCESS	Length 19: 93 00 10 FF FF FF FF FF FF FF FF FF FF FF FF FF FF FF FF 	
490	0.00003799	GpsDataControl.	IOCTL_SERIAL_PURGE	000000a1	SUCCESS	Purge: TXCLEAR RXCLEAR	
491	0.00484056	GpsDataControl.	IRP_MJ_WRITE	000000a1	SUCCESS	Length 8: 93 05 07 00 10 04 03 03 	
492	0.00001117	GpsDataControl.	IRP_MJ_READ	000000a1	SUCCESS	Length 3: 93 00 00 	
493	0.00264168	GpsDataControl.	IRP_MJ_WRITE	000000a1	SUCCESS	Length 8: 30 00 00 00 00 00 00 17 	
494	0.00248747	GpsDataControl.	IRP_MJ_READ	000000a1	SUCCESS	Length 19: 93 00 10 FF FF FF FF FF FF FF FF FF FF FF FF FF FF FF FF 	
495	0.00000531	GpsDataControl.	IOCTL_SERIAL_PURGE	000000a1	SUCCESS	Purge: TXCLEAR RXCLEAR	
496	0.00290149	GpsDataControl.	IRP_MJ_WRITE	000000a1	SUCCESS	Length 8: 93 05 07 00 10 04 03 03 	
497	0.00001090	GpsDataControl.	IRP_MJ_READ	000000a1	SUCCESS	Length 3: 93 00 00 	
498	0.00417064	GpsDataControl.	IRP_MJ_WRITE	000000a1	SUCCESS	Length 8: 20 00 00 00 00 00 00 27 	
499	0.00326885	GpsDataControl.	IRP_MJ_READ	000000a1	SUCCESS	Length 19: 93 00 10 FF FF FF FF FF FF FF FF FF FF FF FF FF FF FF FF 	
500	0.00000587	GpsDataControl.	IOCTL_SERIAL_PURGE	000000a1	SUCCESS	Purge: TXCLEAR RXCLEAR	
501	0.00358509	GpsDataControl.	IRP_MJ_WRITE	000000a1	SUCCESS	Length 8: 93 05 07 00 10 04 03 03 	
502	0.00000978	GpsDataControl.	IRP_MJ_READ	000000a1	SUCCESS	Length 3: 93 00 00 	
503	0.00275677	GpsDataControl.	IRP_MJ_WRITE	000000a1	SUCCESS	Length 8: 10 00 00 00 00 00 00 37 	
504	0.00382339	GpsDataControl.	IRP_MJ_READ	000000a1	SUCCESS	Length 19: 93 00 10 FF FF FF FF FF FF FF FF FF FF FF FF FF FF FF FF 	
505	0.00000559	GpsDataControl.	IOCTL_SERIAL_PURGE	000000a1	SUCCESS	Purge: TXCLEAR RXCLEAR	
506	0.00346636	GpsDataControl.	IRP_MJ_WRITE	000000a1	SUCCESS	Length 8: 93 05 07 00 10 04 03 03 	
507	0.00000978	GpsDataControl.	IRP_MJ_READ	000000a1	SUCCESS	Length 3: 93 00 00 	
508	0.00275817	GpsDataControl.	IRP_MJ_WRITE	000000a1	SUCCESS	Length 8: 00 00 00 00 00 00 00 47 	
509	0.00267241	GpsDataControl.	IRP_MJ_READ	000000a1	SUCCESS	Length 19: 93 00 10 FF FF FF FF FF FF FF FF FF FF FF FF FF FF FF FF 	
510	0.00000531	GpsDataControl.	IOCTL_SERIAL_PURGE	000000a1	SUCCESS	Purge: TXCLEAR RXCLEAR	
511	0.00289813	GpsDataControl.	IRP_MJ_WRITE	000000a1	SUCCESS	Length 8: 93 05 07 00 10 04 03 02 	
512	0.00000978	GpsDataControl.	IRP_MJ_READ	000000a1	SUCCESS	Length 3: 93 00 00 	
513	0.00280985	GpsDataControl.	IRP_MJ_WRITE	000000a1	SUCCESS	Length 8: F0 00 00 00 00 00 00 58 	
514	0.00288221	GpsDataControl.	IRP_MJ_READ	000000a1	SUCCESS	Length 19: 93 00 10 FF FF FF FF FF FF FF FF FF FF FF FF FF FF FF FF 	
515	0.00000531	GpsDataControl.	IOCTL_SERIAL_PURGE	000000a1	SUCCESS	Purge: TXCLEAR RXCLEAR	
516	0.00244137	GpsDataControl.	IRP_MJ_WRITE	000000a1	SUCCESS	Length 8: 93 05 07 00 10 04 03 02 	
517	0.00000978	GpsDataControl.	IRP_MJ_READ	000000a1	SUCCESS	Length 3: 93 00 00 	
518	0.00299954	GpsDataControl.	IRP_MJ_WRITE	000000a1	SUCCESS	Length 8: E0 00 00 00 00 00 00 68 	
519	0.00278220	GpsDataControl.	IRP_MJ_READ	000000a1	SUCCESS	Length 19: 93 00 10 FF FF FF FF FF FF FF FF FF FF FF FF FF FF FF FF 	
520	0.00000587	GpsDataControl.	IOCTL_SERIAL_PURGE	000000a1	SUCCESS	Purge: TXCLEAR RXCLEAR	
521	0.00383038	GpsDataControl.	IRP_MJ_WRITE	000000a1	SUCCESS	Length 8: 93 05 07 00 10 04 03 02 	
522	0.00001006	GpsDataControl.	IRP_MJ_READ	000000a1	SUCCESS	Length 3: 93 00 00 	
523	0.00345547	GpsDataControl.	IRP_MJ_WRITE	000000a1	SUCCESS	Length 8: D0 00 00 00 00 00 00 78 	
524	0.00270733	GpsDataControl.	IRP_MJ_READ	000000a1	SUCCESS	Length 19: 93 00 10 FF FF FF FF FF FF FF FF FF FF FF FF FF FF FF FF 	
525	0.00000531	GpsDataControl.	IOCTL_SERIAL_PURGE	000000a1	SUCCESS	Purge: TXCLEAR RXCLEAR	
526	0.00403655	GpsDataControl.	IRP_MJ_WRITE	000000a1	SUCCESS	Length 8: 93 05 07 00 10 04 03 02 	
527	0.00001006	GpsDataControl.	IRP_MJ_READ	000000a1	SUCCESS	Length 3: 93 00 00 	
528	0.00269839	GpsDataControl.	IRP_MJ_WRITE	000000a1	SUCCESS	Length 8: C0 00 00 00 00 00 00 88 	
529	0.00260648	GpsDataControl.	IRP_MJ_READ	000000a1	SUCCESS	Length 19: 93 00 10 FF FF FF FF FF FF FF FF FF FF FF FF FF FF FF FF 	
530	0.00000587	GpsDataControl.	IOCTL_SERIAL_PURGE	000000a1	SUCCESS	Purge: TXCLEAR RXCLEAR	
531	0.00292551	GpsDataControl.	IRP_MJ_WRITE	000000a1	SUCCESS	Length 8: 93 05 07 00 10 04 03 02 	
532	0.00001117	GpsDataControl.	IRP_MJ_READ	000000a1	SUCCESS	Length 3: 93 00 00 	
533	0.00344848	GpsDataControl.	IRP_MJ_WRITE	000000a1	SUCCESS	Length 8: B0 00 00 00 00 00 00 98 	
534	0.00248300	GpsDataControl.	IRP_MJ_READ	000000a1	SUCCESS	Length 19: 93 00 10 FF FF FF FF FF FF FF FF FF FF FF FF FF FF FF FF 	
535	0.00000559	GpsDataControl.	IOCTL_SERIAL_PURGE	000000a1	SUCCESS	Purge: TXCLEAR RXCLEAR	
536	0.00288165	GpsDataControl.	IRP_MJ_WRITE	000000a1	SUCCESS	Length 8: 93 05 07 00 10 04 03 02 	
537	0.00001062	GpsDataControl.	IRP_MJ_READ	000000a1	SUCCESS	Length 3: 93 00 00 	
538	0.00344960	GpsDataControl.	IRP_MJ_WRITE	000000a1	SUCCESS	Length 8: A0 00 00 00 00 00 00 A8 	
539	0.00267967	GpsDataControl.	IRP_MJ_READ	000000a1	SUCCESS	Length 19: 93 00 10 FF FF FF FF FF FF FF FF FF FF FF FF FF FF FF FF 	
540	0.00000559	GpsDataControl.	IOCTL_SERIAL_PURGE	000000a1	SUCCESS	Purge: TXCLEAR RXCLEAR	
541	0.00363985	GpsDataControl.	IRP_MJ_WRITE	000000a1	SUCCESS	Length 8: 93 05 07 00 10 04 03 02 	
542	0.00001090	GpsDataControl.	IRP_MJ_READ	000000a1	SUCCESS	Length 3: 93 00 00 	
543	0.00300373	GpsDataControl.	IRP_MJ_WRITE	000000a1	SUCCESS	Length 8: 90 00 00 00 00 00 00 B8 	
544	0.00250116	GpsDataControl.	IRP_MJ_READ	000000a1	SUCCESS	Length 19: 93 00 10 FF FF FF FF FF FF FF FF FF FF FF FF FF FF FF FF 	
545	0.00000670	GpsDataControl.	IOCTL_SERIAL_PURGE	000000a1	SUCCESS	Purge: TXCLEAR RXCLEAR	
546	0.00537945	GpsDataControl.	IRP_MJ_WRITE	000000a1	SUCCESS	Length 8: 93 05 07 00 10 04 03 02 	
547	0.00001034	GpsDataControl.	IRP_MJ_READ	000000a1	SUCCESS	Length 3: 93 00 00 	
548	0.00293501	GpsDataControl.	IRP_MJ_WRITE	000000a1	SUCCESS	Length 8: 80 00 00 00 00 00 00 C8 	
549	0.00106215	GpsDataControl.	IRP_MJ_READ	000000a1	SUCCESS	Length 19: 93 00 10 FF FF FF FF FF FF FF FF FF FF FF FF FF FF FF FF 	
550	0.00000503	GpsDataControl.	IOCTL_SERIAL_PURGE	000000a1	SUCCESS	Purge: TXCLEAR RXCLEAR	
551	0.00263134	GpsDataControl.	IRP_MJ_WRITE	000000a1	SUCCESS	Length 8: 93 05 07 00 10 04 03 02 	
552	0.00000978	GpsDataControl.	IRP_MJ_READ	000000a1	SUCCESS	Length 3: 93 00 00 	
553	0.00380998	GpsDataControl.	IRP_MJ_WRITE	000000a1	SUCCESS	Length 8: 70 00 00 00 00 00 00 D8 	
554	0.00306743	GpsDataControl.	IRP_MJ_READ	000000a1	SUCCESS	Length 19: 93 00 10 FF FF FF FF FF FF FF FF FF FF FF FF FF FF FF FF 	
555	0.00000587	GpsDataControl.	IOCTL_SERIAL_PURGE	000000a1	SUCCESS	Purge: TXCLEAR RXCLEAR	
556	0.00386585	GpsDataControl.	IRP_MJ_WRITE	000000a1	SUCCESS	Length 8: 93 05 07 00 10 04 03 02 	
557	0.00001006	GpsDataControl.	IRP_MJ_READ	000000a1	SUCCESS	Length 3: 93 00 00 	
558	0.00249110	GpsDataControl.	IRP_MJ_WRITE	000000a1	SUCCESS	Length 8: 60 00 00 00 00 00 00 E8 	
559	0.00260312	GpsDataControl.	IRP_MJ_READ	000000a1	SUCCESS	Length 19: 93 00 10 FF FF FF FF FF FF FF FF FF FF FF FF FF FF FF FF 	
560	0.00000503	GpsDataControl.	IOCTL_SERIAL_PURGE	000000a1	SUCCESS	Purge: TXCLEAR RXCLEAR	
561	0.00292244	GpsDataControl.	IRP_MJ_WRITE	000000a1	SUCCESS	Length 8: 93 05 07 00 10 04 03 02 	
562	0.00001006	GpsDataControl.	IRP_MJ_READ	000000a1	SUCCESS	Length 3: 93 00 00 	
563	0.00277186	GpsDataControl.	IRP_MJ_WRITE	000000a1	SUCCESS	Length 8: 50 00 00 00 00 00 00 F8 	
564	0.00270118	GpsDataControl.	IRP_MJ_READ	000000a1	SUCCESS	Length 19: 93 00 10 FF FF FF FF FF FF FF FF FF FF FF FF FF FF FF FF 	
565	0.00000559	GpsDataControl.	IOCTL_SERIAL_PURGE	000000a1	SUCCESS	Purge: TXCLEAR RXCLEAR	
566	0.00286629	GpsDataControl.	IRP_MJ_WRITE	000000a1	SUCCESS	Length 8: 93 05 07 00 10 04 03 02 	
567	0.00001034	GpsDataControl.	IRP_MJ_READ	000000a1	SUCCESS	Length 3: 93 00 00 	
568	0.00368455	GpsDataControl.	IRP_MJ_WRITE	000000a1	SUCCESS	Length 8: 40 00 00 00 00 00 00 08 	
569	0.00238941	GpsDataControl.	IRP_MJ_READ	000000a1	SUCCESS	Length 19: 93 00 10 FF FF FF FF FF FF FF FF FF FF FF FF FF FF FF FF 	
570	0.00000559	GpsDataControl.	IOCTL_SERIAL_PURGE	000000a1	SUCCESS	Purge: TXCLEAR RXCLEAR	
571	0.00265201	GpsDataControl.	IRP_MJ_WRITE	000000a1	SUCCESS	Length 8: 93 05 07 00 10 04 03 02 	
572	0.00001117	GpsDataControl.	IRP_MJ_READ	000000a1	SUCCESS	Length 3: 93 00 00 	
573	0.00260731	GpsDataControl.	IRP_MJ_WRITE	000000a1	SUCCESS	Length 8: 30 00 00 00 00 00 00 18 	
574	0.00118507	GpsDataControl.	IRP_MJ_READ	000000a1	SUCCESS	Length 19: 93 00 10 FF FF FF FF FF FF FF FF FF FF FF FF FF FF FF FF 	
575	0.00000531	GpsDataControl.	IOCTL_SERIAL_PURGE	000000a1	SUCCESS	Purge: TXCLEAR RXCLEAR	
576	0.00348424	GpsDataControl.	IRP_MJ_WRITE	000000a1	SUCCESS	Length 8: 93 05 07 00 10 04 03 02 	
577	0.00000978	GpsDataControl.	IRP_MJ_READ	000000a1	SUCCESS	Length 3: 93 00 00 	
578	0.00258832	GpsDataControl.	IRP_MJ_WRITE	000000a1	SUCCESS	Length 8: 20 00 00 00 00 00 00 28 	
579	0.00184996	GpsDataControl.	IRP_MJ_READ	000000a1	SUCCESS	Length 19: 93 00 10 FF FF FF FF FF FF FF FF FF FF FF FF FF FF FF FF 	
580	0.00000531	GpsDataControl.	IOCTL_SERIAL_PURGE	000000a1	SUCCESS	Purge: TXCLEAR RXCLEAR	
581	0.00249222	GpsDataControl.	IRP_MJ_WRITE	000000a1	SUCCESS	Length 8: 93 05 07 00 10 04 03 02 	
582	0.00106997	GpsDataControl.	IRP_MJ_READ	000000a1	SUCCESS	Length 3: 93 00 00 	
583	0.00279225	GpsDataControl.	IRP_MJ_WRITE	000000a1	SUCCESS	Length 8: 10 00 00 00 00 00 00 38 	
584	0.00324008	GpsDataControl.	IRP_MJ_READ	000000a1	SUCCESS	Length 19: 93 00 10 FF FF FF FF FF FF FF FF FF FF FF FF FF FF FF FF 	
585	0.00000559	GpsDataControl.	IOCTL_SERIAL_PURGE	000000a1	SUCCESS	Purge: TXCLEAR RXCLEAR	
586	0.00280119	GpsDataControl.	IRP_MJ_WRITE	000000a1	SUCCESS	Length 8: 93 05 07 00 10 04 03 02 	
587	0.00000950	GpsDataControl.	IRP_MJ_READ	000000a1	SUCCESS	Length 3: 93 00 00 	
588	0.00292831	GpsDataControl.	IRP_MJ_WRITE	000000a1	SUCCESS	Length 8: 00 00 00 00 00 00 00 48 	
589	0.00265537	GpsDataControl.	IRP_MJ_READ	000000a1	SUCCESS	Length 19: 93 00 10 FF FF FF FF FF FF FF FF FF FF FF FF FF FF FF FF 	
590	0.00000559	GpsDataControl.	IOCTL_SERIAL_PURGE	000000a1	SUCCESS	Purge: TXCLEAR RXCLEAR	
591	0.00272940	GpsDataControl.	IRP_MJ_WRITE	000000a1	SUCCESS	Length 8: 93 05 07 00 10 04 03 01 	
592	0.00001006	GpsDataControl.	IRP_MJ_READ	000000a1	SUCCESS	Length 3: 93 00 00 	
593	0.00364991	GpsDataControl.	IRP_MJ_WRITE	000000a1	SUCCESS	Length 8: F0 00 00 00 00 00 00 59 	
594	0.00253468	GpsDataControl.	IRP_MJ_READ	000000a1	SUCCESS	Length 19: 93 00 10 FF FF FF FF FF FF FF FF FF FF FF FF FF FF FF FF 	
595	0.00002011	GpsDataControl.	IOCTL_SERIAL_PURGE	000000a1	SUCCESS	Purge: TXCLEAR RXCLEAR	
596	0.00296630	GpsDataControl.	IRP_MJ_WRITE	000000a1	SUCCESS	Length 8: 93 05 07 00 10 04 03 01 	
597	0.00001034	GpsDataControl.	IRP_MJ_READ	000000a1	SUCCESS	Length 3: 93 00 00 	
598	0.00397788	GpsDataControl.	IRP_MJ_WRITE	000000a1	SUCCESS	Length 8: E0 00 00 00 00 00 00 69 	
599	0.00318672	GpsDataControl.	IRP_MJ_READ	000000a1	SUCCESS	Length 19: 93 00 10 FF FF FF FF FF FF FF FF FF FF FF FF FF FF FF FF 	
600	0.00000559	GpsDataControl.	IOCTL_SERIAL_PURGE	000000a1	SUCCESS	Purge: TXCLEAR RXCLEAR	
601	0.00297105	GpsDataControl.	IRP_MJ_WRITE	000000a1	SUCCESS	Length 8: 93 05 07 00 10 04 03 01 	
602	0.00001034	GpsDataControl.	IRP_MJ_READ	000000a1	SUCCESS	Length 3: 93 00 00 	
603	0.00292998	GpsDataControl.	IRP_MJ_WRITE	000000a1	SUCCESS	Length 8: D0 00 00 00 00 00 00 79 	
604	0.00333758	GpsDataControl.	IRP_MJ_READ	000000a1	SUCCESS	Length 19: 93 00 10 FF FF FF FF FF FF FF FF FF FF FF FF FF FF FF FF 	
605	0.00000559	GpsDataControl.	IOCTL_SERIAL_PURGE	000000a1	SUCCESS	Purge: TXCLEAR RXCLEAR	
606	0.00273722	GpsDataControl.	IRP_MJ_WRITE	000000a1	SUCCESS	Length 8: 93 05 07 00 10 04 03 01 	
607	0.00001006	GpsDataControl.	IRP_MJ_READ	000000a1	SUCCESS	Length 3: 93 00 00 	
608	0.00291825	GpsDataControl.	IRP_MJ_WRITE	000000a1	SUCCESS	Length 8: C0 00 00 00 00 00 00 89 	
609	0.00281432	GpsDataControl.	IRP_MJ_READ	000000a1	SUCCESS	Length 19: 93 00 10 FF FF FF FF FF FF FF FF FF FF FF FF FF FF FF FF 	
610	0.00000587	GpsDataControl.	IOCTL_SERIAL_PURGE	000000a1	SUCCESS	Purge: TXCLEAR RXCLEAR	
611	0.00339568	GpsDataControl.	IRP_MJ_WRITE	000000a1	SUCCESS	Length 8: 93 05 07 00 10 04 03 01 	
612	0.00001062	GpsDataControl.	IRP_MJ_READ	000000a1	SUCCESS	Length 3: 93 00 00 	
613	0.00378372	GpsDataControl.	IRP_MJ_WRITE	000000a1	SUCCESS	Length 8: B0 00 00 00 00 00 00 99 	
614	0.00266766	GpsDataControl.	IRP_MJ_READ	000000a1	SUCCESS	Length 19: 93 00 10 FF FF FF FF FF FF FF FF FF FF FF FF FF FF FF FF 	
615	0.00000531	GpsDataControl.	IOCTL_SERIAL_PURGE	000000a1	SUCCESS	Purge: TXCLEAR RXCLEAR	
616	0.00275342	GpsDataControl.	IRP_MJ_WRITE	000000a1	SUCCESS	Length 8: 93 05 07 00 10 04 03 01 	
617	0.00001090	GpsDataControl.	IRP_MJ_READ	000000a1	SUCCESS	Length 3: 93 00 00 	
618	0.00380495	GpsDataControl.	IRP_MJ_WRITE	000000a1	SUCCESS	Length 8: A0 00 00 00 00 00 00 A9 	
619	0.00269504	GpsDataControl.	IRP_MJ_READ	000000a1	SUCCESS	Length 19: 93 00 10 FF FF FF FF FF FF FF FF FF FF FF FF FF FF FF FF 	
620	0.00000559	GpsDataControl.	IOCTL_SERIAL_PURGE	000000a1	SUCCESS	Purge: TXCLEAR RXCLEAR	
621	0.00365857	GpsDataControl.	IRP_MJ_WRITE	000000a1	SUCCESS	Length 8: 93 05 07 00 10 04 03 01 	
622	0.00002933	GpsDataControl.	IRP_MJ_READ	000000a1	SUCCESS	Length 3: 93 00 00 	
623	0.00273331	GpsDataControl.	IRP_MJ_WRITE	000000a1	SUCCESS	Length 8: 90 00 00 00 00 00 00 B9 	
624	0.00100264	GpsDataControl.	IRP_MJ_READ	000000a1	SUCCESS	Length 19: 93 00 10 FF FF FF FF FF FF FF FF FF FF FF FF FF FF FF FF 	
625	0.00000559	GpsDataControl.	IOCTL_SERIAL_PURGE	000000a1	SUCCESS	Purge: TXCLEAR RXCLEAR	
626	0.00357559	GpsDataControl.	IRP_MJ_WRITE	000000a1	SUCCESS	Length 8: 93 05 07 00 10 04 03 01 	
627	0.00001034	GpsDataControl.	IRP_MJ_READ	000000a1	SUCCESS	Length 3: 93 00 00 	
628	0.00267129	GpsDataControl.	IRP_MJ_WRITE	000000a1	SUCCESS	Length 8: 80 00 00 00 00 00 00 C9 	
629	0.00286517	GpsDataControl.	IRP_MJ_READ	000000a1	SUCCESS	Length 19: 93 00 10 FF FF FF FF FF FF FF FF FF FF FF FF FF FF FF FF 	
630	0.00000559	GpsDataControl.	IOCTL_SERIAL_PURGE	000000a1	SUCCESS	Purge: TXCLEAR RXCLEAR	
631	0.00281349	GpsDataControl.	IRP_MJ_WRITE	000000a1	SUCCESS	Length 8: 93 05 07 00 10 04 03 01 	
632	0.00000950	GpsDataControl.	IRP_MJ_READ	000000a1	SUCCESS	Length 3: 93 00 00 	
633	0.00340071	GpsDataControl.	IRP_MJ_WRITE	000000a1	SUCCESS	Length 8: 70 00 00 00 00 00 00 D9 	
634	0.00322974	GpsDataControl.	IRP_MJ_READ	000000a1	SUCCESS	Length 19: 93 00 10 FF FF FF FF FF FF FF FF FF FF FF FF FF FF FF FF 	
635	0.00001676	GpsDataControl.	IOCTL_SERIAL_PURGE	000000a1	SUCCESS	Purge: TXCLEAR RXCLEAR	
636	0.00355548	GpsDataControl.	IRP_MJ_WRITE	000000a1	SUCCESS	Length 8: 93 05 07 00 10 04 03 01 	
637	0.00001006	GpsDataControl.	IRP_MJ_READ	000000a1	SUCCESS	Length 3: 93 00 00 	
638	0.00273247	GpsDataControl.	IRP_MJ_WRITE	000000a1	SUCCESS	Length 8: 60 00 00 00 00 00 00 E9 	
639	0.00280511	GpsDataControl.	IRP_MJ_READ	000000a1	SUCCESS	Length 19: 93 00 10 FF FF FF FF FF FF FF FF FF FF FF FF FF FF FF FF 	
640	0.00000643	GpsDataControl.	IOCTL_SERIAL_PURGE	000000a1	SUCCESS	Purge: TXCLEAR RXCLEAR	
641	0.00356358	GpsDataControl.	IRP_MJ_WRITE	000000a1	SUCCESS	Length 8: 93 05 07 00 10 04 03 01 	
642	0.00001006	GpsDataControl.	IRP_MJ_READ	000000a1	SUCCESS	Length 3: 93 00 00 	
643	0.00278527	GpsDataControl.	IRP_MJ_WRITE	000000a1	SUCCESS	Length 8: 50 00 00 00 00 00 00 F9 	
644	0.00235617	GpsDataControl.	IRP_MJ_READ	000000a1	SUCCESS	Length 19: 93 00 10 FF FF FF FF FF FF FF FF FF FF FF FF FF FF FF FF 	
645	0.00000615	GpsDataControl.	IOCTL_SERIAL_PURGE	000000a1	SUCCESS	Purge: TXCLEAR RXCLEAR	
646	0.00301603	GpsDataControl.	IRP_MJ_WRITE	000000a1	SUCCESS	Length 8: 93 05 07 00 10 04 03 01 	
647	0.00000978	GpsDataControl.	IRP_MJ_READ	000000a1	SUCCESS	Length 3: 93 00 00 	
648	0.00262519	GpsDataControl.	IRP_MJ_WRITE	000000a1	SUCCESS	Length 8: 40 00 00 00 00 00 00 09 	
649	0.00271319	GpsDataControl.	IRP_MJ_READ	000000a1	SUCCESS	Length 19: 93 00 10 FF FF FF FF FF FF FF FF FF FF FF FF FF FF FF FF 	
650	0.00000615	GpsDataControl.	IOCTL_SERIAL_PURGE	000000a1	SUCCESS	Purge: TXCLEAR RXCLEAR	
651	0.00362951	GpsDataControl.	IRP_MJ_WRITE	000000a1	SUCCESS	Length 8: 93 05 07 00 10 04 03 01 	
652	0.00001062	GpsDataControl.	IRP_MJ_READ	000000a1	SUCCESS	Length 3: 93 00 00 	
653	0.00328422	GpsDataControl.	IRP_MJ_WRITE	000000a1	SUCCESS	Length 8: 30 00 00 00 00 00 00 19 	
654	0.00271850	GpsDataControl.	IRP_MJ_READ	000000a1	SUCCESS	Length 19: 93 00 10 FF FF FF FF FF FF FF FF FF FF FF FF FF FF FF FF 	
655	0.00000670	GpsDataControl.	IOCTL_SERIAL_PURGE	000000a1	SUCCESS	Purge: TXCLEAR RXCLEAR	
656	0.00399799	GpsDataControl.	IRP_MJ_WRITE	000000a1	SUCCESS	Length 8: 93 05 07 00 10 04 03 01 	
657	0.00003045	GpsDataControl.	IRP_MJ_READ	000000a1	SUCCESS	Length 3: 93 00 00 	
658	0.00264754	GpsDataControl.	IRP_MJ_WRITE	000000a1	SUCCESS	Length 8: 20 00 00 00 00 00 00 29 	
659	0.00263246	GpsDataControl.	IRP_MJ_READ	000000a1	SUCCESS	Length 19: 93 00 10 FF FF FF FF FF FF FF FF FF FF FF FF FF FF FF FF 	
660	0.00000587	GpsDataControl.	IOCTL_SERIAL_PURGE	000000a1	SUCCESS	Purge: TXCLEAR RXCLEAR	
661	0.00293445	GpsDataControl.	IRP_MJ_WRITE	000000a1	SUCCESS	Length 8: 93 05 07 00 10 04 03 01 	
662	0.00001006	GpsDataControl.	IRP_MJ_READ	000000a1	SUCCESS	Length 3: 93 00 00 	
663	0.00349542	GpsDataControl.	IRP_MJ_WRITE	000000a1	SUCCESS	Length 8: 10 00 00 00 00 00 00 39 	
664	0.00245450	GpsDataControl.	IRP_MJ_READ	000000a1	SUCCESS	Length 19: 93 00 10 FF FF FF FF FF FF FF FF FF FF FF FF FF FF FF FF 	
665	0.00003939	GpsDataControl.	IOCTL_SERIAL_PURGE	000000a1	SUCCESS	Purge: TXCLEAR RXCLEAR	
666	0.00284422	GpsDataControl.	IRP_MJ_WRITE	000000a1	SUCCESS	Length 8: 93 05 07 00 10 04 03 01 	
667	0.00000978	GpsDataControl.	IRP_MJ_READ	000000a1	SUCCESS	Length 3: 93 00 00 	
668	0.00347111	GpsDataControl.	IRP_MJ_WRITE	000000a1	SUCCESS	Length 8: 00 00 00 00 00 00 00 49 	
669	0.00259223	GpsDataControl.	IRP_MJ_READ	000000a1	SUCCESS	Length 19: 93 00 10 FF FF FF FF FF FF FF FF FF FF FF FF FF FF FF FF 	
670	0.00000643	GpsDataControl.	IOCTL_SERIAL_PURGE	000000a1	SUCCESS	Purge: TXCLEAR RXCLEAR	
671	0.00206507	GpsDataControl.	IRP_MJ_WRITE	000000a1	SUCCESS	Length 8: 93 05 07 00 10 04 03 00 	
672	0.00000978	GpsDataControl.	IRP_MJ_READ	000000a1	SUCCESS	Length 3: 93 00 00 	
673	0.00267911	GpsDataControl.	IRP_MJ_WRITE	000000a1	SUCCESS	Length 8: F0 00 00 00 00 00 00 5A 	
674	0.00258022	GpsDataControl.	IRP_MJ_READ	000000a1	SUCCESS	Length 19: 93 00 10 FF FF FF FF FF FF FF FF FF FF FF FF FF FF FF FF 	
675	0.00000531	GpsDataControl.	IOCTL_SERIAL_PURGE	000000a1	SUCCESS	Purge: TXCLEAR RXCLEAR	
676	0.00287159	GpsDataControl.	IRP_MJ_WRITE	000000a1	SUCCESS	Length 8: 93 05 07 00 10 04 03 00 	
677	0.00001006	GpsDataControl.	IRP_MJ_READ	000000a1	SUCCESS	Length 3: 93 00 00 	
678	0.00274169	GpsDataControl.	IRP_MJ_WRITE	000000a1	SUCCESS	Length 8: E0 00 00 00 00 00 00 6A 	
679	0.00273135	GpsDataControl.	IRP_MJ_READ	000000a1	SUCCESS	Length 19: 93 00 10 FF FF FF FF FF FF FF FF FF FF FF FF FF FF FF FF 	
680	0.00000782	GpsDataControl.	IOCTL_SERIAL_PURGE	000000a1	SUCCESS	Purge: TXCLEAR RXCLEAR	
681	0.00290260	GpsDataControl.	IRP_MJ_WRITE	000000a1	SUCCESS	Length 8: 93 05 07 00 10 04 03 00 	
682	0.00001006	GpsDataControl.	IRP_MJ_READ	000000a1	SUCCESS	Length 3: 93 00 00 	
683	0.00370494	GpsDataControl.	IRP_MJ_WRITE	000000a1	SUCCESS	Length 8: D0 00 00 00 00 00 00 7A 	
684	0.00291517	GpsDataControl.	IRP_MJ_READ	000000a1	SUCCESS	Length 19: 93 00 10 FF FF FF FF FF FF FF FF FF FF FF FF FF FF FF FF 	
685	0.00000587	GpsDataControl.	IOCTL_SERIAL_PURGE	000000a1	SUCCESS	Purge: TXCLEAR RXCLEAR	
686	0.00376668	GpsDataControl.	IRP_MJ_WRITE	000000a1	SUCCESS	Length 8: 93 05 07 00 10 04 03 00 	
687	0.00001034	GpsDataControl.	IRP_MJ_READ	000000a1	SUCCESS	Length 3: 93 00 00 	
688	0.00333590	GpsDataControl.	IRP_MJ_WRITE	000000a1	SUCCESS	Length 8: C0 00 00 00 00 00 00 8A 	
689	0.00286964	GpsDataControl.	IRP_MJ_READ	000000a1	SUCCESS	Length 19: 93 00 10 FF FF FF FF FF FF FF FF FF FF FF FF FF FF FF FF 	
690	0.00000587	GpsDataControl.	IOCTL_SERIAL_PURGE	000000a1	SUCCESS	Purge: TXCLEAR RXCLEAR	
691	0.00355017	GpsDataControl.	IRP_MJ_WRITE	000000a1	SUCCESS	Length 8: 93 05 07 00 10 04 03 00 	
692	0.00003185	GpsDataControl.	IRP_MJ_READ	000000a1	SUCCESS	Length 3: 93 00 00 	
693	0.00279561	GpsDataControl.	IRP_MJ_WRITE	000000a1	SUCCESS	Length 8: B0 00 00 00 00 00 00 9A 	
694	0.00247992	GpsDataControl.	IRP_MJ_READ	000000a1	SUCCESS	Length 19: 93 00 10 FF FF FF FF FF FF FF FF FF FF FF FF FF FF FF FF 	
695	0.00000531	GpsDataControl.	IOCTL_SERIAL_PURGE	000000a1	SUCCESS	Purge: TXCLEAR RXCLEAR	
696	0.00353816	GpsDataControl.	IRP_MJ_WRITE	000000a1	SUCCESS	Length 8: 93 05 07 00 10 04 03 00 	
697	0.00000950	GpsDataControl.	IRP_MJ_READ	000000a1	SUCCESS	Length 3: 93 00 00 	
698	0.00286601	GpsDataControl.	IRP_MJ_WRITE	000000a1	SUCCESS	Length 8: A0 00 00 00 00 00 00 AA 	
699	0.00182397	GpsDataControl.	IRP_MJ_READ	000000a1	SUCCESS	Length 19: 93 00 10 FF FF FF FF FF FF FF FF FF FF FF FF FF FF FF FF 	
700	0.00000615	GpsDataControl.	IOCTL_SERIAL_PURGE	000000a1	SUCCESS	Purge: TXCLEAR RXCLEAR	
701	0.00260480	GpsDataControl.	IRP_MJ_WRITE	000000a1	SUCCESS	Length 8: 93 05 07 00 10 04 03 00 	
702	0.00001062	GpsDataControl.	IRP_MJ_READ	000000a1	SUCCESS	Length 3: 93 00 00 	
703	0.00357308	GpsDataControl.	IRP_MJ_WRITE	000000a1	SUCCESS	Length 8: 90 00 00 00 00 00 00 BA 	
704	0.00267604	GpsDataControl.	IRP_MJ_READ	000000a1	SUCCESS	Length 19: 93 00 10 FF FF FF FF FF FF FF FF FF FF FF FF FF FF FF FF 	
705	0.00000615	GpsDataControl.	IOCTL_SERIAL_PURGE	000000a1	SUCCESS	Purge: TXCLEAR RXCLEAR	
706	0.00279477	GpsDataControl.	IRP_MJ_WRITE	000000a1	SUCCESS	Length 8: 93 05 07 00 10 04 03 00 	
707	0.00001006	GpsDataControl.	IRP_MJ_READ	000000a1	SUCCESS	Length 3: 93 00 00 	
708	0.00262575	GpsDataControl.	IRP_MJ_WRITE	000000a1	SUCCESS	Length 8: 80 00 00 00 00 00 00 CA 	
709	0.00253356	GpsDataControl.	IRP_MJ_READ	000000a1	SUCCESS	Length 19: 93 00 10 FF FF FF FF FF FF FF FF FF FF FF FF FF FF FF FF 	
710	0.00000587	GpsDataControl.	IOCTL_SERIAL_PURGE	000000a1	SUCCESS	Purge: TXCLEAR RXCLEAR	
711	0.00341496	GpsDataControl.	IRP_MJ_WRITE	000000a1	SUCCESS	Length 8: 93 05 07 00 10 04 03 00 	
712	0.00000978	GpsDataControl.	IRP_MJ_READ	000000a1	SUCCESS	Length 3: 93 00 00 	
713	0.00357420	GpsDataControl.	IRP_MJ_WRITE	000000a1	SUCCESS	Length 8: 70 00 00 00 00 00 00 DA 	
714	0.00270677	GpsDataControl.	IRP_MJ_READ	000000a1	SUCCESS	Length 19: 93 00 10 FF FF FF FF FF FF FF FF FF FF FF FF FF FF FF FF 	
715	0.00000587	GpsDataControl.	IOCTL_SERIAL_PURGE	000000a1	SUCCESS	Purge: TXCLEAR RXCLEAR	
716	0.00412399	GpsDataControl.	IRP_MJ_WRITE	000000a1	SUCCESS	Length 8: 93 05 07 00 10 04 03 00 	
717	0.00001006	GpsDataControl.	IRP_MJ_READ	000000a1	SUCCESS	Length 3: 93 00 00 	
718	0.00343424	GpsDataControl.	IRP_MJ_WRITE	000000a1	SUCCESS	Length 8: 60 00 00 00 00 00 00 EA 	
719	0.00278918	GpsDataControl.	IRP_MJ_READ	000000a1	SUCCESS	Length 19: 93 00 10 FF FF FF FF FF FF FF FF FF FF FF FF FF FF FF FF 	
720	0.00000559	GpsDataControl.	IOCTL_SERIAL_PURGE	000000a1	SUCCESS	Purge: TXCLEAR RXCLEAR	
721	0.00254446	GpsDataControl.	IRP_MJ_WRITE	000000a1	SUCCESS	Length 8: 93 05 07 00 10 04 03 00 	
722	0.00005084	GpsDataControl.	IRP_MJ_READ	000000a1	SUCCESS	Length 3: 93 00 00 	
723	0.00377841	GpsDataControl.	IRP_MJ_WRITE	000000a1	SUCCESS	Length 8: 50 00 00 00 00 00 00 FA 	
724	0.00264894	GpsDataControl.	IRP_MJ_READ	000000a1	SUCCESS	Length 19: 93 00 10 FF FF FF FF FF FF FF FF FF FF FF FF FF FF FF FF 	
725	0.00000559	GpsDataControl.	IOCTL_SERIAL_PURGE	000000a1	SUCCESS	Purge: TXCLEAR RXCLEAR	
726	0.00282773	GpsDataControl.	IRP_MJ_WRITE	000000a1	SUCCESS	Length 8: 93 05 07 00 10 04 03 00 	
727	0.00000978	GpsDataControl.	IRP_MJ_READ	000000a1	SUCCESS	Length 3: 93 00 00 	
728	0.00341440	GpsDataControl.	IRP_MJ_WRITE	000000a1	SUCCESS	Length 8: 40 00 00 00 00 00 00 0A 	
729	0.00102136	GpsDataControl.	IRP_MJ_READ	000000a1	SUCCESS	Length 19: 93 00 10 FF FF FF FF FF FF FF FF FF FF FF FF FF FF FF FF 	
730	0.00000615	GpsDataControl.	IOCTL_SERIAL_PURGE	000000a1	SUCCESS	Purge: TXCLEAR RXCLEAR	
731	0.00344681	GpsDataControl.	IRP_MJ_WRITE	000000a1	SUCCESS	Length 8: 93 05 07 00 10 04 03 00 	
732	0.00000950	GpsDataControl.	IRP_MJ_READ	000000a1	SUCCESS	Length 3: 93 00 00 	
733	0.00334791	GpsDataControl.	IRP_MJ_WRITE	000000a1	SUCCESS	Length 8: 30 00 00 00 00 00 00 1A 	
734	0.00272968	GpsDataControl.	IRP_MJ_READ	000000a1	SUCCESS	Length 19: 93 00 10 FF FF FF FF FF FF FF FF FF FF FF FF FF FF FF FF 	
735	0.00003352	GpsDataControl.	IOCTL_SERIAL_PURGE	000000a1	SUCCESS	Purge: TXCLEAR RXCLEAR	
736	0.00335378	GpsDataControl.	IRP_MJ_WRITE	000000a1	SUCCESS	Length 8: 93 05 07 00 10 04 03 00 	
737	0.00001006	GpsDataControl.	IRP_MJ_READ	000000a1	SUCCESS	Length 3: 93 00 00 	
738	0.00277605	GpsDataControl.	IRP_MJ_WRITE	000000a1	SUCCESS	Length 8: 20 00 00 00 00 00 00 2A 	
739	0.00290959	GpsDataControl.	IRP_MJ_READ	000000a1	SUCCESS	Length 19: 93 00 10 FF FF FF FF FF FF FF FF FF FF FF FF FF FF FF FF 	
740	0.00002151	GpsDataControl.	IOCTL_SERIAL_PURGE	000000a1	SUCCESS	Purge: TXCLEAR RXCLEAR	
741	0.00362951	GpsDataControl.	IRP_MJ_WRITE	000000a1	SUCCESS	Length 8: 93 05 07 00 10 04 03 00 	
742	0.00000978	GpsDataControl.	IRP_MJ_READ	000000a1	SUCCESS	Length 3: 93 00 00 	
743	0.00263888	GpsDataControl.	IRP_MJ_WRITE	000000a1	SUCCESS	Length 8: 10 00 00 00 00 00 00 3A 	
744	0.00267324	GpsDataControl.	IRP_MJ_READ	000000a1	SUCCESS	Length 19: 93 00 10 FF FF FF FF FF FF FF FF FF FF FF FF FF FF FF FF 	
745	0.00000615	GpsDataControl.	IOCTL_SERIAL_PURGE	000000a1	SUCCESS	Purge: TXCLEAR RXCLEAR	
746	0.00280259	GpsDataControl.	IRP_MJ_WRITE	000000a1	SUCCESS	Length 8: 93 0C 00 1E 00 00 00 00 	
747	0.00000978	GpsDataControl.	IRP_MJ_READ	000000a1	SUCCESS	Length 3: 93 00 00 	
748	0.00381194	GpsDataControl.	IRP_MJ_WRITE	000000a1	SUCCESS	Length 8: 00 00 00 00 00 00 00 43 	
749	0.00001034	GpsDataControl.	IRP_MJ_READ	000000a1	SUCCESS	Length 3: 93 00 00 	
750	0.00000503	GpsDataControl.	IOCTL_SERIAL_PURGE	000000a1	SUCCESS	Purge: TXCLEAR RXCLEAR	
751	0.00297440	GpsDataControl.	IRP_MJ_WRITE	000000a1	SUCCESS	Length 8: 93 0C 00 1F 00 00 00 00 	
752	0.00006481	GpsDataControl.	IRP_MJ_READ	000000a1	SUCCESS	Length 3: 93 00 00 	
753	0.00334400	GpsDataControl.	IRP_MJ_WRITE	000000a1	SUCCESS	Length 8: 00 00 00 00 00 00 00 42 	
754	0.00000978	GpsDataControl.	IRP_MJ_READ	000000a1	SUCCESS	Length 3: 93 00 00 	
755	0.00000000	GpsDataControl.	IOCTL_SERIAL_PURGE	000000a1	SUCCESS	Purge: TXCLEAR RXCLEAR	
756	0.00421450	GpsDataControl.	IRP_MJ_WRITE	000000a1	SUCCESS	Length 8: 93 01 01 00 00 00 00 00 	
757	0.00002347	GpsDataControl.	IRP_MJ_READ	000000a1	SUCCESS	Length 3: 93 00 00 	
758	0.00361778	GpsDataControl.	IRP_MJ_WRITE	000000a1	SUCCESS	Length 8: 00 00 00 00 00 00 00 6B 	
759	0.00001062	GpsDataControl.	IRP_MJ_READ	000000a1	SUCCESS	Length 3: 93 00 00 	
760	0.00000307	GpsDataControl.	IRP_MJ_CLEANUP	000000a1	INVALID DEVICE REQUEST		
761	0.00001620	GpsDataControl.	IRP_MJ_CLOSE	000000a1	SUCCESS		
