[\\WAGBLOT]
0  0.00000000  GpsDataControl.  IRP_MJ_CREATE  0000009d  Options: Open 
0  0.00007766  SUCCESS  
1  0.00000000  GpsDataControl.  IOCTL_SERIAL_SET_QUEUE_SIZE  0000009d  InSize: 4100 OutSize: 4100
1  0.00000447  SUCCESS  
2  0.00000000  GpsDataControl.  IOCTL_SERIAL_SET_TIMEOUTS  0000009d  RI:10 RM:0 RC:200 WM:2 WC:1000
2  0.00000698  SUCCESS  
3  0.00000000  GpsDataControl.  IOCTL_SERIAL_PURGE  0000009d  Purge: TXCLEAR RXCLEAR
3  0.00000196  SUCCESS  
4  0.00000000  GpsDataControl.  IRP_MJ_READ  0000009d  Length 512
4  0.20305458  TIMEOUT  Length 0: 
5  0.00000000  GpsDataControl.  IRP_MJ_READ  0000009d  Length 512
5  0.12477117  TIMEOUT  Length 16: 2C 2C 2C 44 2A 37 35 0D 0A 24 47 50 47 47 41 2C 
6  0.00000000  GpsDataControl.  IRP_MJ_READ  0000009d  Length 496
6  0.03096846  TIMEOUT  Length 16: 30 34 30 38 35 35 2E 30 30 30 2C 34 31 33 32 2E 
7  0.00000000  GpsDataControl.  IRP_MJ_READ  0000009d  Length 480
7  0.01536899  TIMEOUT  Length 16: 39 37 36 37 2C 4E 2C 30 39 33 33 36 2E 30 34 38 
8  0.00000000  GpsDataControl.  IRP_MJ_READ  0000009d  Length 464
8  0.01559807  TIMEOUT  Length 16: 32 2C 57 2C 32 2C 30 39 2C 31 2E 30 2C 33 30 30 
9  0.00000000  GpsDataControl.  IRP_MJ_READ  0000009d  Length 448
9  0.01541481  TIMEOUT  Length 16: 2E 38 2C 4D 2C 2D 33 31 2E 36 2C 4D 2C 2C 30 30 
10  0.00000000  GpsDataControl.  IRP_MJ_READ  0000009d  Length 432
10  0.01555421  TIMEOUT  Length 16: 30 30 2A 36 31 0D 0A 24 47 50 47 53 41 2C 41 2C 
11  0.00000000  GpsDataControl.  IRP_MJ_READ  0000009d  Length 416
11  0.01539274  TIMEOUT  Length 16: 33 2C 31 33 2C 30 37 2C 31 39 2C 32 33 2C 32 35 
12  0.00000000  GpsDataControl.  IRP_MJ_READ  0000009d  Length 400
12  0.03123246  TIMEOUT  Length 16: 2C 30 36 2C 30 33 2C 31 36 2C 30 38 2C 2C 2C 2C 
13  0.00000000  GpsDataControl.  IRP_MJ_READ  0000009d  Length 384
13  0.01559528  TIMEOUT  Length 16: 31 2E 38 2C 31 2E 30 2C 31 2E 35 2A 33 46 0D 0A 
14  0.00000000  GpsDataControl.  IRP_MJ_READ  0000009d  Length 368
14  0.01534245  TIMEOUT  Length 16: 24 47 50 52 4D 43 2C 30 34 30 38 35 35 2E 30 30 
15  0.00000000  GpsDataControl.  IRP_MJ_READ  0000009d  Length 352
15  0.01551063  TIMEOUT  Length 16: 30 2C 41 2C 34 31 33 32 2E 39 37 36 37 2C 4E 2C 
16  0.00000000  GpsDataControl.  IRP_MJ_READ  0000009d  Length 336
16  0.01519579  TIMEOUT  Length 16: 30 39 33 33 36 2E 30 34 38 32 2C 57 2C 30 2E 31 
17  0.00000000  GpsDataControl.  IRP_MJ_READ  0000009d  Length 320
17  0.01556427  TIMEOUT  Length 16: 36 2C 31 34 30 2E 30 34 2C 30 33 30 34 30 39 2C 
18  0.00000000  GpsDataControl.  IRP_MJ_READ  0000009d  Length 304
18  0.20286433  TIMEOUT  Length 0: 
19  0.00000000  GpsDataControl.  IRP_MJ_READ  0000009d  Length 304
19  0.20309704  TIMEOUT  Length 0: 
20  0.00000000  GpsDataControl.  IRP_MJ_READ  0000009d  Length 304
20  0.20292691  TIMEOUT  Length 0: 
21  0.00000000  GpsDataControl.  IRP_MJ_READ  0000009d  Length 304
21  0.17184419  TIMEOUT  Length 16: 2C 2C 44 2A 37 37 0D 0A 24 47 50 47 47 41 2C 30 
22  0.00000000  GpsDataControl.  IRP_MJ_READ  0000009d  Length 288
22  0.03104277  TIMEOUT  Length 16: 34 30 38 35 36 2E 30 30 30 2C 34 31 33 32 2E 39 
23  0.00000000  GpsDataControl.  IRP_MJ_READ  0000009d  Length 272
23  0.01535642  TIMEOUT  Length 16: 37 36 37 2C 4E 2C 30 39 33 33 36 2E 30 34 38 31 
24  0.00000000  GpsDataControl.  IRP_MJ_READ  0000009d  Length 256
24  0.01560422  TIMEOUT  Length 16: 2C 57 2C 32 2C 30 39 2C 31 2E 30 2C 33 30 30 2E 
25  0.00000000  GpsDataControl.  IRP_MJ_READ  0000009d  Length 240
25  0.01541928  TIMEOUT  Length 16: 38 2C 4D 2C 2D 33 31 2E 36 2C 4D 2C 2C 30 30 30 
26  0.00000000  GpsDataControl.  IRP_MJ_READ  0000009d  Length 224
26  0.01557544  TIMEOUT  Length 16: 30 2A 36 31 0D 0A 24 47 50 47 53 41 2C 41 2C 33 
27  0.00000000  GpsDataControl.  IRP_MJ_READ  0000009d  Length 208
27  0.01539078  TIMEOUT  Length 16: 2C 31 33 2C 30 37 2C 31 39 2C 32 33 2C 32 35 2C 
28  0.00000000  GpsDataControl.  IRP_MJ_READ  0000009d  Length 192
28  0.03122324  TIMEOUT  Length 16: 30 36 2C 30 33 2C 31 36 2C 30 38 2C 2C 2C 2C 31 
29  0.00000000  GpsDataControl.  IRP_MJ_READ  0000009d  Length 176
29  0.01558857  TIMEOUT  Length 16: 2E 38 2C 31 2E 30 2C 31 2E 35 2A 33 46 0D 0A 24 
30  0.00000000  GpsDataControl.  IRP_MJ_READ  0000009d  Length 160
30  0.01533826  TIMEOUT  Length 16: 47 50 52 4D 43 2C 30 34 30 38 35 36 2E 30 30 30 
31  0.00000000  GpsDataControl.  IRP_MJ_READ  0000009d  Length 144
31  0.01560282  TIMEOUT  Length 16: 2C 41 2C 34 31 33 32 2E 39 37 36 37 2C 4E 2C 30 
32  0.00000000  GpsDataControl.  IRP_MJ_READ  0000009d  Length 128
32  0.01521814  TIMEOUT  Length 16: 39 33 33 36 2E 30 34 38 31 2C 57 2C 30 2E 31 35 
33  0.00000000  GpsDataControl.  IRP_MJ_READ  0000009d  Length 112
33  0.03123023  TIMEOUT  Length 16: 2C 31 34 34 2E 35 39 2C 30 33 30 34 30 39 2C 2C 
34  0.00000000  GpsDataControl.  IRP_MJ_READ  0000009d  Length 96
34  0.20312135  TIMEOUT  Length 0: 
35  0.00000000  GpsDataControl.  IRP_MJ_READ  0000009d  Length 96
35  0.20272157  TIMEOUT  Length 0: 
36  0.00000000  GpsDataControl.  IRP_MJ_READ  0000009d  Length 96
36  0.20300038  TIMEOUT  Length 0: 
37  0.00000000  GpsDataControl.  IRP_MJ_READ  0000009d  Length 96
37  0.17142542  TIMEOUT  Length 16: 2C 44 2A 37 38 0D 0A 24 47 50 47 47 41 2C 30 34 
38  0.00000000  GpsDataControl.  IRP_MJ_READ  0000009d  Length 80
38  0.01559695  TIMEOUT  Length 16: 30 38 35 37 2E 30 30 30 2C 34 31 33 32 2E 39 37 
39  0.00000000  GpsDataControl.  IRP_MJ_READ  0000009d  Length 64
39  0.01535726  TIMEOUT  Length 16: 36 37 2C 4E 2C 30 39 33 33 36 2E 30 34 38 31 2C 
40  0.00000000  GpsDataControl.  IRP_MJ_READ  0000009d  Length 48
40  0.01560981  TIMEOUT  Length 16: 57 2C 32 2C 30 39 2C 31 2E 30 2C 33 30 31 2E 30 
41  0.00000000  GpsDataControl.  IRP_MJ_READ  0000009d  Length 32
41  0.01540559  TIMEOUT  Length 16: 2C 4D 2C 2D 33 31 2E 36 2C 4D 2C 31 2E 38 2C 30 
42  0.00000000  GpsDataControl.  IRP_MJ_READ  0000009d  Length 16
42  0.01748211  SUCCESS  Length 16: 30 30 30 2A 34 45 0D 0A 24 47 50 47 53 41 2C 41 
43  0.00000000  GpsDataControl.  IOCTL_SERIAL_PURGE  0000009d  Purge: TXCLEAR RXCLEAR
43  0.00000279  SUCCESS  
44  0.00000000  GpsDataControl.  IOCTL_SERIAL_PURGE  0000009d  Purge: TXCLEAR RXCLEAR
44  0.00000140  SUCCESS  
45  0.00000000  GpsDataControl.  IRP_MJ_WRITE  0000009d  Length 8: 93 01 01 03 00 00 00 00 
45  0.00087525  SUCCESS  
46  0.00000000  GpsDataControl.  IRP_MJ_READ  0000009d  Length 3
46  0.00099175  SUCCESS  Length 3: 93 00 00 
47  0.00000000  GpsDataControl.  IRP_MJ_WRITE  0000009d  Length 8: 00 00 00 00 00 00 00 68 
47  0.00095571  SUCCESS  
48  0.00000000  GpsDataControl.  IRP_MJ_READ  0000009d  Length 3
48  0.00099203  SUCCESS  Length 3: 93 00 00 
49  0.00000000  GpsDataControl.  IOCTL_SERIAL_PURGE  0000009d  Purge: TXCLEAR RXCLEAR
49  0.00000196  SUCCESS  
50  0.00000000  GpsDataControl.  IOCTL_SERIAL_PURGE  0000009d  Purge: TXCLEAR RXCLEAR
50  0.00000112  SUCCESS  
51  0.00000000  GpsDataControl.  IRP_MJ_WRITE  0000009d  Length 8: 93 05 07 10 00 04 03 00 
51  0.00092861  SUCCESS  
52  0.00000000  GpsDataControl.  IRP_MJ_READ  0000009d  Length 3
52  0.00099286  SUCCESS  Length 3: 93 00 00 
53  0.00000000  GpsDataControl.  IRP_MJ_WRITE  0000009d  Length 8: 00 00 00 00 00 00 00 4A 
53  0.00095627  SUCCESS  
54  0.00000000  GpsDataControl.  IRP_MJ_READ  0000009d  Length 4099
54  0.00669666  TIMEOUT  Length 35: 93 10 00 01 0D 34 00 FF 0F FF 3C 00 F1 FF FF FF FF FF FF FF FF FF FF FF FF FF FF FF FF FF FF FF FF FF FF 
55  0.00000000  GpsDataControl.  IRP_MJ_READ  0000009d  Length 4064
55  0.01559025  TIMEOUT  Length 128: FF FF FF FF FF FF FF FF FF FF FF FF FF FF FF FF FF FF FF FF FF FF FF FF FF FF FF FF FF FF FF FF FF FF FF FF FF FF FF FF FF FF FF FF FF FF FF FF FF FF FF FF FF FF FF FF FF FF FF FF FF FF FF FF FF FF FF FF FF FF FF FF FF FF FF FF FF FF FF FF FF FF FF FF FF FF FF FF FF FF FF FF FF FF FF FF FF FF FF FF FF FF FF FF FF FF FF FF FF FF FF FF FF FF FF FF FF FF FF FF FF FF FF FF FF FF FF FF 
56  0.00000000  GpsDataControl.  IRP_MJ_READ  0000009d  Length 3936
56  0.01533659  TIMEOUT  Length 128: FF FF FF FF FF FF FF FF FF FF FF FF FF FF FF FF FF FF FF FF FF FF FF FF FF FF FF FF FF FF FF FF FF FF FF FF FF FF FF FF FF FF FF FF FF FF FF FF FF FF FF FF FF FF FF FF FF FF FF FF FF FF FF FF FF FF FF FF FF FF FF FF FF FF FF FF FF FF FF FF FF FF FF FF FF FF FF FF FF FF FF FF FF FF FF FF 00 00 00 00 3C 3C 00 04 00 00 00 C8 0C 01 2C 32 05 14 01 01 01 02 02 05 0A 0A 18 6A 0C 35 04 E2 
57  0.00000000  GpsDataControl.  IRP_MJ_READ  0000009d  Length 3808
57  0.01553019  TIMEOUT  Length 128: 00 BB 01 17 1E 00 01 08 08 04 04 02 02 02 02 00 00 20 0F 01 01 01 01 28 00 00 00 00 00 00 00 00 00 00 00 00 3C 3C 00 04 00 00 00 C8 0C 01 2C 32 05 14 01 01 01 02 02 05 0A 0A 18 6A 0C 35 04 E2 00 BB 01 17 1E 00 01 08 08 04 04 02 02 02 02 00 00 20 0F 01 01 01 01 28 00 00 00 00 00 00 00 00 00 00 00 00 3C 3C 00 04 00 00 00 C8 0C 01 2C 32 05 14 01 01 01 02 02 05 0A 0A 18 6A 0C 35 04 E2 
58  0.00000000  GpsDataControl.  IRP_MJ_READ  0000009d  Length 3680
58  0.01527513  TIMEOUT  Length 128: 00 BB 01 17 1E 00 01 08 08 04 04 02 02 02 02 00 00 20 0F 01 01 01 01 28 00 00 00 00 00 00 00 00 00 00 00 00 3C 3C 00 04 00 00 00 C8 0C 01 2C 32 05 14 01 01 01 02 02 05 0A 0A 18 6A 0C 35 04 E2 00 BB 01 17 1E 00 01 08 08 04 04 02 02 02 02 00 00 20 0F 01 01 01 01 28 00 00 00 00 00 00 00 00 00 00 00 00 3C 3C 00 04 00 00 00 C8 0C 01 2C 32 05 14 01 01 01 02 02 05 0A 0A 18 6A 0C 35 04 E2 
59  0.00000000  GpsDataControl.  IRP_MJ_READ  0000009d  Length 3552
59  0.01552236  TIMEOUT  Length 112: 00 BB 01 17 1E 00 01 08 08 04 04 02 02 02 02 00 00 20 0F 01 01 01 01 28 00 00 00 00 00 00 00 00 00 00 00 00 3C 3C 00 04 00 00 00 C8 0C 01 2C 32 05 14 01 01 01 02 02 05 0A 0A 18 6A 0C 35 04 E2 00 BB 01 17 1E 00 01 08 08 04 04 02 02 02 02 00 00 20 0F 01 01 01 01 28 00 00 00 00 00 00 00 00 00 00 00 00 3C 3C 00 04 00 00 00 C8 0C 01 2C 32 
60  0.00000000  GpsDataControl.  IRP_MJ_READ  0000009d  Length 3440
60  0.01480272  TIMEOUT  Length 128: 05 14 01 01 01 02 02 05 0A 0A 18 6A 0C 35 04 E2 00 BB 01 17 1E 00 01 08 08 04 04 02 02 02 02 00 00 20 0F 01 01 01 01 28 00 00 00 00 00 00 00 00 00 00 00 00 3C 3C 00 04 00 00 00 C8 0C 01 2C 32 05 14 01 01 01 02 02 05 0A 0A 18 6A 0C 35 04 E2 00 BB 01 17 1E 00 01 08 08 04 04 02 02 02 02 00 00 20 0F 01 01 01 01 28 00 00 00 00 00 00 00 00 00 00 00 00 3C 3C 00 04 00 00 00 C8 0C 01 2C 32 
61  0.00000000  GpsDataControl.  IRP_MJ_READ  0000009d  Length 3312
61  0.01550169  TIMEOUT  Length 128: 05 14 01 01 01 02 02 05 0A 0A 18 6A 0C 35 04 E2 00 BB 01 17 1E 00 01 08 08 04 04 02 02 02 02 00 00 20 0F 01 01 01 01 28 00 00 00 00 00 00 00 00 00 00 00 00 3C 3C 00 04 00 00 00 C8 0C 01 2C 32 05 14 01 01 01 02 02 05 0A 0A 18 6A 0C 35 04 E2 00 BB 01 17 1E 00 01 08 08 04 04 02 02 02 02 00 00 20 0F 01 01 01 01 28 00 00 00 00 00 00 00 00 00 00 00 00 3C 3C 00 04 00 00 00 C8 0C 01 2C 32 
62  0.00000000  GpsDataControl.  IRP_MJ_READ  0000009d  Length 3184
62  0.01528686  TIMEOUT  Length 128: 05 14 01 01 01 02 02 05 0A 0A 18 6A 0C 35 04 E2 00 BB 01 17 1E 00 01 08 08 04 04 02 02 02 02 00 00 20 0F 01 01 01 01 28 00 00 00 00 00 00 00 00 00 00 00 00 3C 3C 00 04 00 00 00 C8 0C 01 2C 32 05 14 01 01 01 02 02 05 0A 0A 18 6A 0C 35 04 E2 00 BB 01 17 1E 00 01 08 08 04 04 02 02 02 02 00 00 20 0F 01 01 01 01 28 00 00 00 00 00 00 00 00 00 00 00 00 3C 3C 00 04 00 00 00 C8 0C 01 2C 32 
63  0.00000000  GpsDataControl.  IRP_MJ_READ  0000009d  Length 3056
63  0.01552851  TIMEOUT  Length 128: 05 14 01 01 01 02 02 05 0A 0A 18 6A 0C 35 04 E2 00 BB 01 17 1E 00 01 08 08 04 04 02 02 02 02 00 00 20 0F 01 01 01 01 28 00 00 00 00 00 00 00 00 00 00 00 00 3C 3C 00 04 00 00 00 C8 0C 01 2C 32 05 14 01 01 01 02 02 05 0A 0A 18 6A 0C 35 04 E2 00 BB 01 17 1E 00 01 08 08 04 04 02 02 02 02 00 00 20 0F 01 01 01 01 28 00 00 00 00 00 00 00 00 00 00 00 00 3C 3C 00 04 00 00 00 C8 0C 01 2C 32 
64  0.00000000  GpsDataControl.  IRP_MJ_READ  0000009d  Length 2928
64  0.01529328  TIMEOUT  Length 112: 05 14 01 01 01 02 02 05 0A 0A 18 6A 0C 35 04 E2 00 BB 01 17 1E 00 01 08 08 04 04 02 02 02 02 00 00 20 0F 01 01 01 01 28 00 00 00 00 00 00 00 00 00 00 00 00 3C 3C 00 04 00 00 00 C8 0C 01 2C 32 05 14 01 01 01 02 02 05 0A 0A 18 6A 0C 35 04 E2 00 BB 01 17 1E 00 01 08 08 04 04 02 02 02 02 00 00 20 0F 01 01 01 01 28 00 00 00 00 00 00 00 00 
65  0.00000000  GpsDataControl.  IRP_MJ_READ  0000009d  Length 2816
65  0.01548493  TIMEOUT  Length 128: 00 00 00 00 3C 3C 00 04 00 00 00 C8 0C 01 2C 32 05 14 01 01 01 02 02 05 0A 0A 18 6A 0C 35 04 E2 00 BB 01 17 1E 00 01 08 08 04 04 02 02 02 02 00 00 20 0F 01 01 01 01 28 00 00 00 00 00 00 00 00 00 00 00 00 3C 3C 00 04 00 00 00 C8 0C 01 2C 32 05 14 01 01 01 02 02 05 0A 0A 18 6A 0C 35 04 E2 00 BB 01 17 1E 00 01 08 08 04 04 02 02 02 02 00 00 20 0F 01 01 01 01 28 00 00 00 00 00 00 00 00 
66  0.00000000  GpsDataControl.  IRP_MJ_READ  0000009d  Length 2688
66  0.01495414  TIMEOUT  Length 128: 00 00 00 00 3C 3C 00 04 00 00 00 C8 0C 01 2C 32 05 14 01 01 01 02 02 05 0A 0A 18 6A 0C 35 04 E2 00 BB 01 17 1E 00 01 08 08 04 04 02 02 02 02 00 00 20 0F 01 01 01 01 28 00 00 00 00 00 00 00 00 00 00 00 00 3C 3C 00 04 00 00 00 C8 0C 01 2C 32 05 14 01 01 01 02 02 05 0A 0A 18 6A 0C 35 04 E2 00 BB 01 17 1E 00 01 08 08 04 04 02 02 02 02 00 00 20 0F 01 01 01 01 28 00 00 00 00 00 00 00 00 
67  0.00000000  GpsDataControl.  IRP_MJ_READ  0000009d  Length 2560
67  0.01542375  TIMEOUT  Length 128: 00 00 00 00 3C 3C 00 04 00 00 00 C8 0C 01 2C 32 05 14 01 01 01 02 02 05 0A 0A 18 6A 0C 35 04 E2 00 BB 01 17 1E 00 01 08 08 04 04 02 02 02 02 00 00 20 0F 01 01 01 01 28 00 00 00 00 00 00 00 00 00 00 00 00 3C 3C 00 04 00 00 00 C8 0C 01 2C 32 05 14 01 01 01 02 02 05 0A 0A 18 6A 0C 35 04 E2 00 BB 01 17 1E 00 01 08 08 04 04 02 02 02 02 00 00 20 0F 01 01 01 01 28 00 00 00 00 00 00 00 00 
68  0.00000000  GpsDataControl.  IRP_MJ_READ  0000009d  Length 2432
68  0.01528965  TIMEOUT  Length 128: 00 00 00 00 3C 3C 00 04 00 00 00 C8 0C 01 2C 32 05 14 01 01 01 02 02 05 0A 0A 18 6A 0C 35 04 E2 00 BB 01 17 1E 00 01 08 08 04 04 02 02 02 02 00 00 20 0F 01 01 01 01 28 00 00 00 00 00 00 00 00 00 00 00 00 3C 3C 00 04 00 00 00 C8 0C 01 2C 32 05 14 01 01 01 02 02 05 0A 0A 18 6A 0C 35 04 E2 00 BB 01 17 1E 00 01 08 08 04 04 02 02 02 02 00 00 20 0F 01 01 01 01 28 00 00 00 00 00 00 00 00 
69  0.00000000  GpsDataControl.  IRP_MJ_READ  0000009d  Length 2304
69  0.01542012  TIMEOUT  Length 128: 00 00 00 00 3C 3C 00 04 00 00 00 C8 0C 01 2C 32 05 14 01 01 01 02 02 05 0A 0A 18 6A 0C 35 04 E2 00 BB 01 17 1E 00 01 08 08 04 04 02 02 02 02 00 00 20 0F 01 01 01 01 28 00 00 00 00 00 00 00 00 00 00 00 00 3C 3C 00 04 00 00 00 C8 0C 01 2C 32 05 14 01 01 01 02 02 05 0A 0A 18 6A 0C 35 04 E2 00 BB 01 17 1E 00 01 08 08 04 04 02 02 02 02 00 00 20 0F 01 01 01 01 28 00 00 00 00 00 00 00 00 
70  0.00000000  GpsDataControl.  IRP_MJ_READ  0000009d  Length 2176
70  0.01486278  TIMEOUT  Length 112: 00 00 00 00 3C 3C 00 04 00 00 00 C8 0C 01 2C 32 05 14 01 01 01 02 02 05 0A 0A 18 6A 0C 35 04 E2 00 BB 01 17 1E 00 01 08 08 04 04 02 02 02 02 00 00 20 0F 01 01 01 01 28 00 00 00 00 00 00 00 00 00 00 00 00 3C 3C 00 04 00 00 00 C8 0C 01 2C 32 05 14 01 01 01 02 02 05 0A 0A 18 6A 0C 35 04 E2 00 BB 01 17 1E 00 01 08 08 04 04 02 02 02 02 00 
71  0.00000000  GpsDataControl.  IRP_MJ_READ  0000009d  Length 2064
71  0.01552935  TIMEOUT  Length 128: 00 20 0F 01 01 01 01 28 00 00 00 00 00 00 00 00 00 00 00 00 00 00 00 00 00 00 00 00 00 00 00 00 00 00 00 00 00 00 00 00 00 00 00 00 00 00 00 00 00 00 00 00 00 00 00 00 00 00 00 00 00 00 00 00 00 00 00 00 00 00 00 00 00 00 00 00 00 00 00 00 00 00 00 00 00 00 00 00 00 00 00 00 00 00 00 00 00 00 00 00 00 00 00 00 00 00 00 00 00 00 00 00 00 00 00 00 00 00 00 00 00 00 00 00 00 00 00 00 
72  0.00000000  GpsDataControl.  IRP_MJ_READ  0000009d  Length 1936
72  0.01532709  TIMEOUT  Length 128: 00 00 00 00 00 00 00 00 00 00 00 00 00 00 00 00 00 00 00 00 00 00 00 00 00 00 00 00 00 00 00 00 00 00 00 00 00 00 00 00 00 00 00 00 00 00 00 00 00 00 00 00 00 00 00 00 00 00 00 00 00 00 00 00 00 00 00 00 00 00 00 00 00 00 00 00 00 00 00 00 00 00 00 00 00 00 00 00 00 00 00 00 00 00 00 00 00 00 00 00 00 00 00 00 00 00 00 00 00 00 00 00 00 00 00 00 00 00 00 00 00 00 00 00 00 00 00 00 
73  0.00000000  GpsDataControl.  IRP_MJ_READ  0000009d  Length 1808
73  0.01551426  TIMEOUT  Length 128: 00 00 00 00 00 00 00 00 00 00 00 00 00 00 00 00 A0 A2 00 19 80 FF D2 7B EB 00 4B C8 62 00 28 92 AF 00 01 77 00 01 3A 18 84 05 A7 0C 88 09 24 B0 B3 00 00 00 00 00 00 00 00 00 00 00 00 00 00 00 00 00 00 00 00 00 00 00 00 00 00 00 00 00 00 00 00 00 00 00 00 00 00 00 00 00 00 00 00 00 00 00 00 00 00 00 00 00 00 00 00 00 00 00 00 00 00 00 00 00 00 00 00 00 00 00 00 00 00 00 00 00 00 00 
74  0.00000000  GpsDataControl.  IRP_MJ_READ  0000009d  Length 1680
74  0.01533016  TIMEOUT  Length 128: 00 00 00 00 00 00 00 00 00 00 00 00 00 00 00 00 00 00 00 00 00 00 00 00 00 00 00 00 00 00 00 00 00 00 00 00 00 00 00 00 00 00 00 00 00 00 00 00 00 00 00 00 00 00 00 00 00 00 00 00 00 00 00 00 00 00 00 00 00 00 00 00 00 00 00 00 00 00 00 00 00 00 00 00 00 00 00 00 00 00 00 00 00 00 00 00 00 00 00 00 00 00 00 00 00 00 00 00 00 00 00 00 00 00 00 00 00 00 00 00 00 00 00 00 00 00 00 00 
75  0.00000000  GpsDataControl.  IRP_MJ_READ  0000009d  Length 1552
75  0.00339289  TIMEOUT  Length 240: 00 00 00 00 00 00 00 00 00 00 00 00 00 00 00 00 32 11 A0 A2 00 09 97 00 00 00 C8 00 00 00 C8 02 27 B0 B3 00 00 00 00 00 00 00 00 00 00 00 00 00 32 17 A0 A2 00 0F A7 00 00 03 E8 00 2D C6 C0 00 00 07 08 00 01 03 19 B0 B3 00 00 00 00 00 00 00 32 00 00 00 00 00 00 00 00 00 00 00 00 00 00 00 00 00 00 00 00 00 00 00 00 00 00 00 00 00 00 00 00 00 00 00 00 00 00 00 00 00 00 00 00 00 00 00 00 00 00 00 00 00 00 00 00 00 00 00 00 00 00 00 00 00 00 00 00 00 00 00 00 00 00 00 00 00 00 00 00 00 00 00 00 00 00 00 00 00 00 00 00 00 00 00 00 00 00 00 00 00 00 00 00 00 00 00 00 00 00 00 00 00 00 00 00 00 00 00 00 00 00 00 00 00 00 00 00 00 00 00 00 00 00 00 00 00 00 00 00 00 00 00 00 00 00 00 00 00 00 00 00 00 00 00 00 00 00 00 
76  0.00000000  GpsDataControl.  IRP_MJ_READ  0000009d  Length 1312
76  0.01304160  TIMEOUT  Length 128: 00 00 00 00 00 00 00 00 00 00 00 00 00 00 00 00 00 00 00 00 00 00 00 00 00 00 00 00 00 00 00 00 00 00 00 00 00 00 00 00 00 00 00 00 00 00 00 00 00 00 00 00 00 00 00 00 00 00 00 00 00 00 00 00 00 00 00 00 00 00 00 00 00 00 00 00 00 00 00 00 00 00 00 00 00 00 00 00 00 00 00 00 00 00 00 00 00 00 00 00 00 00 00 00 00 00 00 00 00 00 00 00 00 00 00 00 00 00 00 00 00 00 00 00 00 00 00 00 
77  0.00000000  GpsDataControl.  IRP_MJ_READ  0000009d  Length 1184
77  0.01522233  TIMEOUT  Length 128: 00 00 00 00 00 00 00 00 00 00 00 00 00 00 00 00 00 00 00 00 00 00 00 00 00 00 00 00 00 00 00 00 00 00 00 00 00 00 00 00 00 00 00 00 00 00 00 00 00 00 00 00 00 00 00 00 00 00 00 00 00 00 00 00 00 00 00 00 00 00 00 00 00 00 00 00 00 00 00 00 00 00 00 00 00 00 00 00 00 00 00 00 00 00 00 00 00 00 00 00 00 00 00 00 00 00 00 00 00 00 00 00 00 00 00 00 00 00 00 00 00 00 00 00 00 00 00 00 
78  0.00000000  GpsDataControl.  IRP_MJ_READ  0000009d  Length 1056
78  0.01554164  TIMEOUT  Length 128: 00 00 00 00 00 00 00 00 00 00 00 00 00 00 00 00 00 00 00 00 00 00 00 00 00 00 00 00 00 00 00 00 00 00 00 00 00 00 00 00 00 00 00 00 00 00 00 00 00 00 00 00 00 00 00 00 00 00 00 00 00 00 00 00 00 00 00 00 00 00 00 00 00 00 00 00 00 00 00 00 00 00 00 00 00 00 00 00 00 00 00 00 00 00 00 00 00 00 00 00 00 00 00 00 00 00 00 00 00 00 00 00 00 00 00 00 00 00 00 00 00 00 00 00 00 00 00 00 
79  0.00000000  GpsDataControl.  IRP_MJ_READ  0000009d  Length 928
79  0.01536061  TIMEOUT  Length 128: 00 00 00 00 00 00 00 00 00 00 00 00 00 00 00 00 00 00 00 00 00 00 00 00 00 00 00 00 00 00 00 00 00 00 00 00 00 00 00 00 00 00 00 00 00 00 00 00 00 00 00 00 00 00 00 00 00 00 00 00 00 00 00 00 00 00 00 00 00 00 00 00 00 00 00 00 00 00 00 00 00 00 00 00 00 00 00 00 00 00 00 00 00 00 00 00 00 00 00 00 00 00 00 00 00 00 00 00 00 00 00 00 00 00 00 00 00 00 00 00 00 00 00 00 00 00 00 00 
80  0.00000000  GpsDataControl.  IRP_MJ_READ  0000009d  Length 800
80  0.01551147  TIMEOUT  Length 112: 00 00 00 00 00 00 00 00 00 00 00 00 00 00 00 00 00 00 00 00 00 00 00 00 00 00 00 00 00 00 00 00 00 00 00 00 00 00 00 00 00 00 00 00 00 00 00 00 00 00 00 00 00 00 00 00 00 00 00 00 00 00 00 00 00 00 00 00 00 00 00 00 00 00 00 00 00 00 00 00 00 00 00 00 00 00 00 00 00 00 00 00 00 00 00 00 00 00 00 00 00 00 00 00 00 00 00 00 00 00 00 00 
81  0.00000000  GpsDataControl.  IRP_MJ_READ  0000009d  Length 688
81  0.01442334  TIMEOUT  Length 128: 00 00 00 00 00 00 00 00 00 00 00 00 00 00 00 00 00 00 00 00 00 00 00 00 00 00 00 00 00 00 00 00 00 00 00 00 00 00 00 00 00 00 00 00 00 00 00 00 00 00 00 00 00 00 00 00 00 00 00 00 00 00 00 00 00 00 00 00 00 00 00 00 00 00 00 00 00 00 00 00 00 00 00 00 00 00 00 00 00 00 00 00 00 00 00 00 00 00 00 00 00 00 00 00 00 00 00 00 00 00 00 00 00 00 00 00 00 00 00 00 00 00 00 00 00 00 00 00 
82  0.00000000  GpsDataControl.  IRP_MJ_READ  0000009d  Length 560
82  0.01553773  TIMEOUT  Length 128: 00 00 00 00 00 00 00 00 00 00 00 00 00 00 00 00 00 00 00 00 00 00 00 00 00 00 00 00 00 00 00 00 00 00 00 00 00 00 00 00 00 00 00 00 00 00 00 00 00 00 00 00 00 00 00 00 00 00 00 00 00 00 00 00 00 00 00 00 00 00 00 00 00 00 00 00 00 00 00 00 00 00 00 00 00 00 00 00 00 00 00 00 00 00 00 00 00 00 00 00 00 00 00 00 00 00 00 00 00 00 00 00 00 00 00 00 00 00 00 00 00 00 00 00 00 00 00 00 
83  0.00000000  GpsDataControl.  IRP_MJ_READ  0000009d  Length 432
83  0.01532010  TIMEOUT  Length 128: 00 00 00 00 00 00 00 00 00 00 00 00 00 00 00 00 00 00 00 00 00 00 00 00 00 00 00 00 00 00 00 00 00 00 00 00 00 00 00 00 00 00 00 00 00 00 00 00 00 00 00 00 00 00 00 00 00 00 00 00 00 00 00 00 00 00 00 00 00 00 00 00 00 00 00 00 00 00 00 00 00 00 00 00 00 00 00 00 00 00 00 00 00 00 00 00 00 00 00 00 00 00 00 00 00 00 00 00 00 00 00 00 00 00 00 00 00 00 00 00 00 00 00 00 00 00 00 00 
84  0.00000000  GpsDataControl.  IRP_MJ_READ  0000009d  Length 304
84  0.01528015  TIMEOUT  Length 128: 00 00 00 00 00 00 00 00 00 00 00 00 00 00 00 00 00 00 00 00 00 00 00 00 00 00 00 00 00 00 00 00 00 00 00 00 00 00 00 00 00 00 00 00 00 00 00 00 00 00 00 00 00 00 00 00 00 00 00 00 00 00 00 00 00 00 00 00 00 00 00 00 00 00 00 00 00 00 00 00 00 00 00 00 00 00 00 00 00 00 00 00 00 00 00 00 00 00 00 00 00 00 00 00 00 00 00 00 00 00 00 00 00 00 00 00 00 00 00 00 00 00 00 00 00 00 00 00 
85  0.00000000  GpsDataControl.  IRP_MJ_READ  0000009d  Length 176
85  0.01530111  TIMEOUT  Length 112: 00 00 00 00 00 00 00 00 00 00 00 00 00 00 00 00 00 00 00 00 00 00 00 00 00 00 00 00 00 00 00 00 00 00 00 00 00 00 00 00 00 00 00 00 00 00 00 00 00 00 00 00 00 00 00 00 00 00 00 00 00 00 00 00 00 00 00 00 00 00 00 00 00 00 00 00 00 00 00 00 00 00 00 00 00 00 00 00 00 00 00 00 00 00 00 00 00 00 00 00 00 00 00 00 00 00 00 00 00 00 00 00 
86  0.00000000  GpsDataControl.  IRP_MJ_READ  0000009d  Length 64
86  0.00614519  SUCCESS  Length 64: 00 00 00 00 00 00 00 00 00 00 00 00 00 00 00 00 00 00 00 00 00 00 00 00 00 00 00 00 00 00 00 00 00 00 00 00 00 00 00 00 00 00 00 00 00 00 00 00 00 01 02 03 04 05 06 07 08 09 0A 0B 0C 0D 0E 0F 
87  0.00000000  GpsDataControl.  IOCTL_SERIAL_PURGE  0000009d  Purge: TXCLEAR RXCLEAR
87  0.00000335  SUCCESS  
88  0.00000000  GpsDataControl.  IRP_MJ_WRITE  0000009d  Length 8: 93 05 04 00 03 01 9F 00 
88  0.00088922  SUCCESS  
89  0.00000000  GpsDataControl.  IRP_MJ_READ  0000009d  Length 3
89  0.00099230  SUCCESS  Length 3: 93 00 00 
90  0.00000000  GpsDataControl.  IRP_MJ_WRITE  0000009d  Length 8: 00 00 00 00 00 00 00 C1 
90  0.00095794  SUCCESS  
91  0.00000000  GpsDataControl.  IRP_MJ_READ  0000009d  Length 6
91  0.00299340  SUCCESS  Length 6: 93 00 03 C2 20 14 
92  0.00000000  GpsDataControl.  IOCTL_SERIAL_PURGE  0000009d  Purge: TXCLEAR RXCLEAR
92  0.00000196  SUCCESS  
93  0.00000000  GpsDataControl.  IRP_MJ_WRITE  0000009d  Length 8: 93 0A 00 00 00 00 00 00 
93  0.00094453  SUCCESS  
94  0.00000000  GpsDataControl.  IRP_MJ_READ  0000009d  Length 3
94  0.00099398  SUCCESS  Length 3: 93 00 00 
95  0.00000000  GpsDataControl.  IRP_MJ_WRITE  0000009d  Length 8: 00 00 00 00 00 00 00 63 
95  0.00095627  SUCCESS  
96  0.00000000  GpsDataControl.  IRP_MJ_READ  0000009d  Length 13
96  0.00099650  SUCCESS  Length 13: 93 00 0A 5F 32 03 00 02 0B 00 02 11 00 
97  0.00000000  GpsDataControl.  IOCTL_SERIAL_PURGE  0000009d  Purge: TXCLEAR RXCLEAR
97  0.00000698  SUCCESS  
98  0.00000000  GpsDataControl.  IRP_MJ_WRITE  0000009d  Length 8: 93 0B 03 00 1D 00 00 00 
98  0.00119764  SUCCESS  
99  0.00000000  GpsDataControl.  IRP_MJ_READ  0000009d  Length 3
99  0.00000391  SUCCESS  Length 3: 93 00 00 
100  0.00000000  GpsDataControl.  IRP_MJ_WRITE  0000009d  Length 8: 00 00 00 00 00 00 00 42 
100  0.00091799  SUCCESS  
101  0.00000000  GpsDataControl.  IRP_MJ_READ  0000009d  Length 6
101  0.00299116  SUCCESS  Length 6: 93 00 03 A5 00 13 
102  0.00000000  GpsDataControl.  IOCTL_SERIAL_PURGE  0000009d  Purge: TXCLEAR RXCLEAR
102  0.00000670  SUCCESS  
103  0.00000000  GpsDataControl.  IRP_MJ_WRITE  0000009d  Length 8: 93 05 07 10 00 04 03 00 
103  0.00068584  SUCCESS  
104  0.00000000  GpsDataControl.  IRP_MJ_READ  0000009d  Length 3
104  0.00000419  SUCCESS  Length 3: 93 00 00 
105  0.00000000  GpsDataControl.  IRP_MJ_WRITE  0000009d  Length 8: 00 00 00 00 00 00 00 4A 
105  0.00087441  SUCCESS  
106  0.00000000  GpsDataControl.  IRP_MJ_READ  0000009d  Length 4099
106  0.00879972  TIMEOUT  Length 51: 93 10 00 01 0D 34 00 FF 0F FF 3C 00 F1 FF FF FF FF FF FF FF FF FF FF FF FF FF FF FF FF FF FF FF FF FF FF FF FF FF FF FF FF FF FF FF FF FF FF FF FF FF FF 
107  0.00000000  GpsDataControl.  IRP_MJ_READ  0000009d  Length 4048
107  0.01518126  TIMEOUT  Length 128: FF FF FF FF FF FF FF FF FF FF FF FF FF FF FF FF FF FF FF FF FF FF FF FF FF FF FF FF FF FF FF FF FF FF FF FF FF FF FF FF FF FF FF FF FF FF FF FF FF FF FF FF FF FF FF FF FF FF FF FF FF FF FF FF FF FF FF FF FF FF FF FF FF FF FF FF FF FF FF FF FF FF FF FF FF FF FF FF FF FF FF FF FF FF FF FF FF FF FF FF FF FF FF FF FF FF FF FF FF FF FF FF FF FF FF FF FF FF FF FF FF FF FF FF FF FF FF FF 
108  0.00000000  GpsDataControl.  IRP_MJ_READ  0000009d  Length 3920
108  0.01552879  TIMEOUT  Length 128: FF FF FF FF FF FF FF FF FF FF FF FF FF FF FF FF FF FF FF FF FF FF FF FF FF FF FF FF FF FF FF FF FF FF FF FF FF FF FF FF FF FF FF FF FF FF FF FF FF FF FF FF FF FF FF FF FF FF FF FF FF FF FF FF FF FF FF FF FF FF FF FF FF FF FF FF FF FF FF FF 00 00 00 00 3C 3C 00 04 00 00 00 C8 0C 01 2C 32 05 14 01 01 01 02 02 05 0A 0A 18 6A 0C 35 04 E2 00 BB 01 17 1E 00 01 08 08 04 04 02 02 02 02 00 
109  0.00000000  GpsDataControl.  IRP_MJ_READ  0000009d  Length 3792
109  0.01256417  TIMEOUT  Length 112: 00 20 0F 01 01 01 01 28 00 00 00 00 00 00 00 00 00 00 00 00 3C 3C 00 04 00 00 00 C8 0C 01 2C 32 05 14 01 01 01 02 02 05 0A 0A 18 6A 0C 35 04 E2 00 BB 01 17 1E 00 01 08 08 04 04 02 02 02 02 00 00 20 0F 01 01 01 01 28 00 00 00 00 00 00 00 00 00 00 00 00 3C 3C 00 04 00 00 00 C8 0C 01 2C 32 05 14 01 01 01 02 02 05 0A 0A 18 6A 0C 35 04 E2 
110  0.00000000  GpsDataControl.  IRP_MJ_READ  0000009d  Length 3680
110  0.01456414  TIMEOUT  Length 128: 00 BB 01 17 1E 00 01 08 08 04 04 02 02 02 02 00 00 20 0F 01 01 01 01 28 00 00 00 00 00 00 00 00 00 00 00 00 3C 3C 00 04 00 00 00 C8 0C 01 2C 32 05 14 01 01 01 02 02 05 0A 0A 18 6A 0C 35 04 E2 00 BB 01 17 1E 00 01 08 08 04 04 02 02 02 02 00 00 20 0F 01 01 01 01 28 00 00 00 00 00 00 00 00 00 00 00 00 3C 3C 00 04 00 00 00 C8 0C 01 2C 32 05 14 01 01 01 02 02 05 0A 0A 18 6A 0C 35 04 E2 
111  0.00000000  GpsDataControl.  IRP_MJ_READ  0000009d  Length 3552
111  0.01520947  TIMEOUT  Length 112: 00 BB 01 17 1E 00 01 08 08 04 04 02 02 02 02 00 00 20 0F 01 01 01 01 28 00 00 00 00 00 00 00 00 00 00 00 00 3C 3C 00 04 00 00 00 C8 0C 01 2C 32 05 14 01 01 01 02 02 05 0A 0A 18 6A 0C 35 04 E2 00 BB 01 17 1E 00 01 08 08 04 04 02 02 02 02 00 00 20 0F 01 01 01 01 28 00 00 00 00 00 00 00 00 00 00 00 00 3C 3C 00 04 00 00 00 C8 0C 01 2C 32 
112  0.00000000  GpsDataControl.  IRP_MJ_READ  0000009d  Length 3440
112  0.01545951  TIMEOUT  Length 128: 05 14 01 01 01 02 02 05 0A 0A 18 6A 0C 35 04 E2 00 BB 01 17 1E 00 01 08 08 04 04 02 02 02 02 00 00 20 0F 01 01 01 01 28 00 00 00 00 00 00 00 00 00 00 00 00 3C 3C 00 04 00 00 00 C8 0C 01 2C 32 05 14 01 01 01 02 02 05 0A 0A 18 6A 0C 35 04 E2 00 BB 01 17 1E 00 01 08 08 04 04 02 02 02 02 00 00 20 0F 01 01 01 01 28 00 00 00 00 00 00 00 00 00 00 00 00 3C 3C 00 04 00 00 00 C8 0C 01 2C 32 
113  0.00000000  GpsDataControl.  IRP_MJ_READ  0000009d  Length 3312
113  0.01534189  TIMEOUT  Length 128: 05 14 01 01 01 02 02 05 0A 0A 18 6A 0C 35 04 E2 00 BB 01 17 1E 00 01 08 08 04 04 02 02 02 02 00 00 20 0F 01 01 01 01 28 00 00 00 00 00 00 00 00 00 00 00 00 3C 3C 00 04 00 00 00 C8 0C 01 2C 32 05 14 01 01 01 02 02 05 0A 0A 18 6A 0C 35 04 E2 00 BB 01 17 1E 00 01 08 08 04 04 02 02 02 02 00 00 20 0F 01 01 01 01 28 00 00 00 00 00 00 00 00 00 00 00 00 3C 3C 00 04 00 00 00 C8 0C 01 2C 32 
114  0.00000000  GpsDataControl.  IRP_MJ_READ  0000009d  Length 3184
114  0.01552069  TIMEOUT  Length 128: 05 14 01 01 01 02 02 05 0A 0A 18 6A 0C 35 04 E2 00 BB 01 17 1E 00 01 08 08 04 04 02 02 02 02 00 00 20 0F 01 01 01 01 28 00 00 00 00 00 00 00 00 00 00 00 00 3C 3C 00 04 00 00 00 C8 0C 01 2C 32 05 14 01 01 01 02 02 05 0A 0A 18 6A 0C 35 04 E2 00 BB 01 17 1E 00 01 08 08 04 04 02 02 02 02 00 00 20 0F 01 01 01 01 28 00 00 00 00 00 00 00 00 00 00 00 00 3C 3C 00 04 00 00 00 C8 0C 01 2C 32 
115  0.00000000  GpsDataControl.  IRP_MJ_READ  0000009d  Length 3056
115  0.01532569  TIMEOUT  Length 128: 05 14 01 01 01 02 02 05 0A 0A 18 6A 0C 35 04 E2 00 BB 01 17 1E 00 01 08 08 04 04 02 02 02 02 00 00 20 0F 01 01 01 01 28 00 00 00 00 00 00 00 00 00 00 00 00 3C 3C 00 04 00 00 00 C8 0C 01 2C 32 05 14 01 01 01 02 02 05 0A 0A 18 6A 0C 35 04 E2 00 BB 01 17 1E 00 01 08 08 04 04 02 02 02 02 00 00 20 0F 01 01 01 01 28 00 00 00 00 00 00 00 00 00 00 00 00 3C 3C 00 04 00 00 00 C8 0C 01 2C 32 
116  0.00000000  GpsDataControl.  IRP_MJ_READ  0000009d  Length 2928
116  0.01553996  TIMEOUT  Length 128: 05 14 01 01 01 02 02 05 0A 0A 18 6A 0C 35 04 E2 00 BB 01 17 1E 00 01 08 08 04 04 02 02 02 02 00 00 20 0F 01 01 01 01 28 00 00 00 00 00 00 00 00 00 00 00 00 3C 3C 00 04 00 00 00 C8 0C 01 2C 32 05 14 01 01 01 02 02 05 0A 0A 18 6A 0C 35 04 E2 00 BB 01 17 1E 00 01 08 08 04 04 02 02 02 02 00 00 20 0F 01 01 01 01 28 00 00 00 00 00 00 00 00 00 00 00 00 3C 3C 00 04 00 00 00 C8 0C 01 2C 32 
117  0.00000000  GpsDataControl.  IRP_MJ_READ  0000009d  Length 2800
117  0.01533854  TIMEOUT  Length 112: 05 14 01 01 01 02 02 05 0A 0A 18 6A 0C 35 04 E2 00 BB 01 17 1E 00 01 08 08 04 04 02 02 02 02 00 00 20 0F 01 01 01 01 28 00 00 00 00 00 00 00 00 00 00 00 00 3C 3C 00 04 00 00 00 C8 0C 01 2C 32 05 14 01 01 01 02 02 05 0A 0A 18 6A 0C 35 04 E2 00 BB 01 17 1E 00 01 08 08 04 04 02 02 02 02 00 00 20 0F 01 01 01 01 28 00 00 00 00 00 00 00 00 
118  0.00000000  GpsDataControl.  IRP_MJ_READ  0000009d  Length 2688
118  0.01553689  TIMEOUT  Length 128: 00 00 00 00 3C 3C 00 04 00 00 00 C8 0C 01 2C 32 05 14 01 01 01 02 02 05 0A 0A 18 6A 0C 35 04 E2 00 BB 01 17 1E 00 01 08 08 04 04 02 02 02 02 00 00 20 0F 01 01 01 01 28 00 00 00 00 00 00 00 00 00 00 00 00 3C 3C 00 04 00 00 00 C8 0C 01 2C 32 05 14 01 01 01 02 02 05 0A 0A 18 6A 0C 35 04 E2 00 BB 01 17 1E 00 01 08 08 04 04 02 02 02 02 00 00 20 0F 01 01 01 01 28 00 00 00 00 00 00 00 00 
119  0.00000000  GpsDataControl.  IRP_MJ_READ  0000009d  Length 2560
119  0.01531340  TIMEOUT  Length 128: 00 00 00 00 3C 3C 00 04 00 00 00 C8 0C 01 2C 32 05 14 01 01 01 02 02 05 0A 0A 18 6A 0C 35 04 E2 00 BB 01 17 1E 00 01 08 08 04 04 02 02 02 02 00 00 20 0F 01 01 01 01 28 00 00 00 00 00 00 00 00 00 00 00 00 3C 3C 00 04 00 00 00 C8 0C 01 2C 32 05 14 01 01 01 02 02 05 0A 0A 18 6A 0C 35 04 E2 00 BB 01 17 1E 00 01 08 08 04 04 02 02 02 02 00 00 20 0F 01 01 01 01 28 00 00 00 00 00 00 00 00 
120  0.00000000  GpsDataControl.  IRP_MJ_READ  0000009d  Length 2432
120  0.01553326  TIMEOUT  Length 128: 00 00 00 00 3C 3C 00 04 00 00 00 C8 0C 01 2C 32 05 14 01 01 01 02 02 05 0A 0A 18 6A 0C 35 04 E2 00 BB 01 17 1E 00 01 08 08 04 04 02 02 02 02 00 00 20 0F 01 01 01 01 28 00 00 00 00 00 00 00 00 00 00 00 00 3C 3C 00 04 00 00 00 C8 0C 01 2C 32 05 14 01 01 01 02 02 05 0A 0A 18 6A 0C 35 04 E2 00 BB 01 17 1E 00 01 08 08 04 04 02 02 02 02 00 00 20 0F 01 01 01 01 28 00 00 00 00 00 00 00 00 
121  0.00000000  GpsDataControl.  IRP_MJ_READ  0000009d  Length 2304
121  0.01533966  TIMEOUT  Length 128: 00 00 00 00 3C 3C 00 04 00 00 00 C8 0C 01 2C 32 05 14 01 01 01 02 02 05 0A 0A 18 6A 0C 35 04 E2 00 BB 01 17 1E 00 01 08 08 04 04 02 02 02 02 00 00 20 0F 01 01 01 01 28 00 00 00 00 00 00 00 00 00 00 00 00 3C 3C 00 04 00 00 00 C8 0C 01 2C 32 05 14 01 01 01 02 02 05 0A 0A 18 6A 0C 35 04 E2 00 BB 01 17 1E 00 01 08 08 04 04 02 02 02 02 00 00 20 0F 01 01 01 01 28 00 00 00 00 00 00 00 00 
122  0.00000000  GpsDataControl.  IRP_MJ_READ  0000009d  Length 2176
122  0.01540894  TIMEOUT  Length 112: 00 00 00 00 3C 3C 00 04 00 00 00 C8 0C 01 2C 32 05 14 01 01 01 02 02 05 0A 0A 18 6A 0C 35 04 E2 00 BB 01 17 1E 00 01 08 08 04 04 02 02 02 02 00 00 20 0F 01 01 01 01 28 00 00 00 00 00 00 00 00 00 00 00 00 3C 3C 00 04 00 00 00 C8 0C 01 2C 32 05 14 01 01 01 02 02 05 0A 0A 18 6A 0C 35 04 E2 00 BB 01 17 1E 00 01 08 08 04 04 02 02 02 02 00 
123  0.00000000  GpsDataControl.  IRP_MJ_READ  0000009d  Length 2064
123  0.01520333  TIMEOUT  Length 128: 00 20 0F 01 01 01 01 28 00 00 00 00 00 00 00 00 00 00 00 00 00 00 00 00 00 00 00 00 00 00 00 00 00 00 00 00 00 00 00 00 00 00 00 00 00 00 00 00 00 00 00 00 00 00 00 00 00 00 00 00 00 00 00 00 00 00 00 00 00 00 00 00 00 00 00 00 00 00 00 00 00 00 00 00 00 00 00 00 00 00 00 00 00 00 00 00 00 00 00 00 00 00 00 00 00 00 00 00 00 00 00 00 00 00 00 00 00 00 00 00 00 00 00 00 00 00 00 00 
124  0.00000000  GpsDataControl.  IRP_MJ_READ  0000009d  Length 1936
124  0.01553549  TIMEOUT  Length 128: 00 00 00 00 00 00 00 00 00 00 00 00 00 00 00 00 00 00 00 00 00 00 00 00 00 00 00 00 00 00 00 00 00 00 00 00 00 00 00 00 00 00 00 00 00 00 00 00 00 00 00 00 00 00 00 00 00 00 00 00 00 00 00 00 00 00 00 00 00 00 00 00 00 00 00 00 00 00 00 00 00 00 00 00 00 00 00 00 00 00 00 00 00 00 00 00 00 00 00 00 00 00 00 00 00 00 00 00 00 00 00 00 00 00 00 00 00 00 00 00 00 00 00 00 00 00 00 00 
125  0.00000000  GpsDataControl.  IRP_MJ_READ  0000009d  Length 1808
125  0.01534078  TIMEOUT  Length 128: 00 00 00 00 00 00 00 00 00 00 00 00 00 00 00 00 A0 A2 00 19 80 FF D2 7B EB 00 4B C8 62 00 28 92 AF 00 01 77 00 01 3A 18 84 05 A7 0C 88 09 24 B0 B3 00 00 00 00 00 00 00 00 00 00 00 00 00 00 00 00 00 00 00 00 00 00 00 00 00 00 00 00 00 00 00 00 00 00 00 00 00 00 00 00 00 00 00 00 00 00 00 00 00 00 00 00 00 00 00 00 00 00 00 00 00 00 00 00 00 00 00 00 00 00 00 00 00 00 00 00 00 00 00 
126  0.00000000  GpsDataControl.  IRP_MJ_READ  0000009d  Length 1680
126  0.01544917  TIMEOUT  Length 128: 00 00 00 00 00 00 00 00 00 00 00 00 00 00 00 00 00 00 00 00 00 00 00 00 00 00 00 00 00 00 00 00 00 00 00 00 00 00 00 00 00 00 00 00 00 00 00 00 00 00 00 00 00 00 00 00 00 00 00 00 00 00 00 00 00 00 00 00 00 00 00 00 00 00 00 00 00 00 00 00 00 00 00 00 00 00 00 00 00 00 00 00 00 00 00 00 00 00 00 00 00 00 00 00 00 00 00 00 00 00 00 00 00 00 00 00 00 00 00 00 00 00 00 00 00 00 00 00 
127  0.00000000  GpsDataControl.  IRP_MJ_READ  0000009d  Length 1552
127  0.01531144  TIMEOUT  Length 112: 00 00 00 00 00 00 00 00 00 00 00 00 00 00 00 00 32 11 A0 A2 00 09 97 00 00 00 C8 00 00 00 C8 02 27 B0 B3 00 00 00 00 00 00 00 00 00 00 00 00 00 32 17 A0 A2 00 0F A7 00 00 03 E8 00 2D C6 C0 00 00 07 08 00 01 03 19 B0 B3 00 00 00 00 00 00 00 32 00 00 00 00 00 00 00 00 00 00 00 00 00 00 00 00 00 00 00 00 00 00 00 00 00 00 00 00 00 00 00 
128  0.00000000  GpsDataControl.  IRP_MJ_READ  0000009d  Length 1440
128  0.01549666  TIMEOUT  Length 128: 00 00 00 00 00 00 00 00 00 00 00 00 00 00 00 00 00 00 00 00 00 00 00 00 00 00 00 00 00 00 00 00 00 00 00 00 00 00 00 00 00 00 00 00 00 00 00 00 00 00 00 00 00 00 00 00 00 00 00 00 00 00 00 00 00 00 00 00 00 00 00 00 00 00 00 00 00 00 00 00 00 00 00 00 00 00 00 00 00 00 00 00 00 00 00 00 00 00 00 00 00 00 00 00 00 00 00 00 00 00 00 00 00 00 00 00 00 00 00 00 00 00 00 00 00 00 00 00 
129  0.00000000  GpsDataControl.  IRP_MJ_READ  0000009d  Length 1312
129  0.01535251  TIMEOUT  Length 128: 00 00 00 00 00 00 00 00 00 00 00 00 00 00 00 00 00 00 00 00 00 00 00 00 00 00 00 00 00 00 00 00 00 00 00 00 00 00 00 00 00 00 00 00 00 00 00 00 00 00 00 00 00 00 00 00 00 00 00 00 00 00 00 00 00 00 00 00 00 00 00 00 00 00 00 00 00 00 00 00 00 00 00 00 00 00 00 00 00 00 00 00 00 00 00 00 00 00 00 00 00 00 00 00 00 00 00 00 00 00 00 00 00 00 00 00 00 00 00 00 00 00 00 00 00 00 00 00 
130  0.00000000  GpsDataControl.  IRP_MJ_READ  0000009d  Length 1184
130  0.01554304  TIMEOUT  Length 128: 00 00 00 00 00 00 00 00 00 00 00 00 00 00 00 00 00 00 00 00 00 00 00 00 00 00 00 00 00 00 00 00 00 00 00 00 00 00 00 00 00 00 00 00 00 00 00 00 00 00 00 00 00 00 00 00 00 00 00 00 00 00 00 00 00 00 00 00 00 00 00 00 00 00 00 00 00 00 00 00 00 00 00 00 00 00 00 00 00 00 00 00 00 00 00 00 00 00 00 00 00 00 00 00 00 00 00 00 00 00 00 00 00 00 00 00 00 00 00 00 00 00 00 00 00 00 00 00 
131  0.00000000  GpsDataControl.  IRP_MJ_READ  0000009d  Length 1056
131  0.01528434  TIMEOUT  Length 128: 00 00 00 00 00 00 00 00 00 00 00 00 00 00 00 00 00 00 00 00 00 00 00 00 00 00 00 00 00 00 00 00 00 00 00 00 00 00 00 00 00 00 00 00 00 00 00 00 00 00 00 00 00 00 00 00 00 00 00 00 00 00 00 00 00 00 00 00 00 00 00 00 00 00 00 00 00 00 00 00 00 00 00 00 00 00 00 00 00 00 00 00 00 00 00 00 00 00 00 00 00 00 00 00 00 00 00 00 00 00 00 00 00 00 00 00 00 00 00 00 00 00 00 00 00 00 00 00 
132  0.00000000  GpsDataControl.  IRP_MJ_READ  0000009d  Length 928
132  0.01554052  TIMEOUT  Length 128: 00 00 00 00 00 00 00 00 00 00 00 00 00 00 00 00 00 00 00 00 00 00 00 00 00 00 00 00 00 00 00 00 00 00 00 00 00 00 00 00 00 00 00 00 00 00 00 00 00 00 00 00 00 00 00 00 00 00 00 00 00 00 00 00 00 00 00 00 00 00 00 00 00 00 00 00 00 00 00 00 00 00 00 00 00 00 00 00 00 00 00 00 00 00 00 00 00 00 00 00 00 00 00 00 00 00 00 00 00 00 00 00 00 00 00 00 00 00 00 00 00 00 00 00 00 00 00 00 
133  0.00000000  GpsDataControl.  IRP_MJ_READ  0000009d  Length 800
133  0.01534245  TIMEOUT  Length 112: 00 00 00 00 00 00 00 00 00 00 00 00 00 00 00 00 00 00 00 00 00 00 00 00 00 00 00 00 00 00 00 00 00 00 00 00 00 00 00 00 00 00 00 00 00 00 00 00 00 00 00 00 00 00 00 00 00 00 00 00 00 00 00 00 00 00 00 00 00 00 00 00 00 00 00 00 00 00 00 00 00 00 00 00 00 00 00 00 00 00 00 00 00 00 00 00 00 00 00 00 00 00 00 00 00 00 00 00 00 00 00 00 
134  0.00000000  GpsDataControl.  IRP_MJ_READ  0000009d  Length 688
134  0.01552236  TIMEOUT  Length 128: 00 00 00 00 00 00 00 00 00 00 00 00 00 00 00 00 00 00 00 00 00 00 00 00 00 00 00 00 00 00 00 00 00 00 00 00 00 00 00 00 00 00 00 00 00 00 00 00 00 00 00 00 00 00 00 00 00 00 00 00 00 00 00 00 00 00 00 00 00 00 00 00 00 00 00 00 00 00 00 00 00 00 00 00 00 00 00 00 00 00 00 00 00 00 00 00 00 00 00 00 00 00 00 00 00 00 00 00 00 00 00 00 00 00 00 00 00 00 00 00 00 00 00 00 00 00 00 00 
135  0.00000000  GpsDataControl.  IRP_MJ_READ  0000009d  Length 560
135  0.01531954  TIMEOUT  Length 128: 00 00 00 00 00 00 00 00 00 00 00 00 00 00 00 00 00 00 00 00 00 00 00 00 00 00 00 00 00 00 00 00 00 00 00 00 00 00 00 00 00 00 00 00 00 00 00 00 00 00 00 00 00 00 00 00 00 00 00 00 00 00 00 00 00 00 00 00 00 00 00 00 00 00 00 00 00 00 00 00 00 00 00 00 00 00 00 00 00 00 00 00 00 00 00 00 00 00 00 00 00 00 00 00 00 00 00 00 00 00 00 00 00 00 00 00 00 00 00 00 00 00 00 00 00 00 00 00 
136  0.00000000  GpsDataControl.  IRP_MJ_READ  0000009d  Length 432
136  0.01553941  TIMEOUT  Length 128: 00 00 00 00 00 00 00 00 00 00 00 00 00 00 00 00 00 00 00 00 00 00 00 00 00 00 00 00 00 00 00 00 00 00 00 00 00 00 00 00 00 00 00 00 00 00 00 00 00 00 00 00 00 00 00 00 00 00 00 00 00 00 00 00 00 00 00 00 00 00 00 00 00 00 00 00 00 00 00 00 00 00 00 00 00 00 00 00 00 00 00 00 00 00 00 00 00 00 00 00 00 00 00 00 00 00 00 00 00 00 00 00 00 00 00 00 00 00 00 00 00 00 00 00 00 00 00 00 
137  0.00000000  GpsDataControl.  IRP_MJ_READ  0000009d  Length 304
137  0.01534189  TIMEOUT  Length 128: 00 00 00 00 00 00 00 00 00 00 00 00 00 00 00 00 00 00 00 00 00 00 00 00 00 00 00 00 00 00 00 00 00 00 00 00 00 00 00 00 00 00 00 00 00 00 00 00 00 00 00 00 00 00 00 00 00 00 00 00 00 00 00 00 00 00 00 00 00 00 00 00 00 00 00 00 00 00 00 00 00 00 00 00 00 00 00 00 00 00 00 00 00 00 00 00 00 00 00 00 00 00 00 00 00 00 00 00 00 00 00 00 00 00 00 00 00 00 00 00 00 00 00 00 00 00 00 00 
138  0.00000000  GpsDataControl.  IRP_MJ_READ  0000009d  Length 176
138  0.01540028  TIMEOUT  Length 112: 00 00 00 00 00 00 00 00 00 00 00 00 00 00 00 00 00 00 00 00 00 00 00 00 00 00 00 00 00 00 00 00 00 00 00 00 00 00 00 00 00 00 00 00 00 00 00 00 00 00 00 00 00 00 00 00 00 00 00 00 00 00 00 00 00 00 00 00 00 00 00 00 00 00 00 00 00 00 00 00 00 00 00 00 00 00 00 00 00 00 00 00 00 00 00 00 00 00 00 00 00 00 00 00 00 00 00 00 00 00 00 00 
139  0.00000000  GpsDataControl.  IRP_MJ_READ  0000009d  Length 64
139  0.00572112  SUCCESS  Length 64: 00 00 00 00 00 00 00 00 00 00 00 00 00 00 00 00 00 00 00 00 00 00 00 00 00 00 00 00 00 00 00 00 00 00 00 00 00 00 00 00 00 00 00 00 00 00 00 00 00 01 02 03 04 05 06 07 08 09 0A 0B 0C 0D 0E 0F 
140  0.00000000  GpsDataControl.  IOCTL_SERIAL_PURGE  0000009d  Purge: TXCLEAR RXCLEAR
140  0.00000615  SUCCESS  
141  0.00000000  GpsDataControl.  IRP_MJ_WRITE  0000009d  Length 8: 93 05 07 10 00 04 03 00 
141  0.00108673  SUCCESS  
142  0.00000000  GpsDataControl.  IRP_MJ_READ  0000009d  Length 3
142  0.00000419  SUCCESS  Length 3: 93 00 00 
143  0.00000000  GpsDataControl.  IRP_MJ_WRITE  0000009d  Length 8: 10 00 00 00 00 00 00 3A 
143  0.00091436  SUCCESS  
144  0.00000000  GpsDataControl.  IRP_MJ_READ  0000009d  Length 4099
144  0.00882347  TIMEOUT  Length 51: 93 10 00 D2 94 18 F8 01 9E 00 00 00 00 00 00 00 00 00 00 00 00 00 00 00 00 0C 58 00 00 00 00 0F 80 00 FF 82 94 18 F8 0F A0 00 19 01 44 10 E4 18 C3 F9 28 
145  0.00000000  GpsDataControl.  IRP_MJ_READ  0000009d  Length 4048
145  0.01514019  TIMEOUT  Length 128: C8 35 A2 6D 00 00 79 61 00 00 6E 7C 06 87 41 FF 00 94 18 F8 1F 40 00 10 01 04 00 64 18 C3 F9 28 C8 35 A2 6D 00 00 79 61 00 00 68 9F 01 52 45 00 00 94 18 F8 32 C8 00 14 01 04 10 40 18 C3 F8 40 C8 35 A2 6C 00 00 74 1D 00 2E 64 E3 01 43 45 00 00 94 18 F8 46 50 00 13 01 04 10 00 18 C3 F7 E6 C8 35 A2 8C 00 00 74 AD 00 00 73 58 01 33 45 00 04 94 18 F8 52 08 00 14 01 04 10 00 18 C3 F7 E6 
146  0.00000000  GpsDataControl.  IRP_MJ_READ  0000009d  Length 3920
146  0.01516673  TIMEOUT  Length 128: C8 35 A2 8C 00 00 74 AD 00 00 8A AB 01 33 45 00 04 94 18 F8 59 D8 00 12 01 04 10 20 18 C3 F7 E6 C8 35 A2 8C 00 00 74 AD 00 00 62 33 01 43 45 00 00 94 18 F8 69 78 00 11 01 44 10 A4 18 C3 F7 E6 C8 35 A2 8C 00 00 74 AD 00 00 1E 43 01 76 45 00 00 94 18 F8 7D 00 00 0B 01 44 90 E4 18 C3 F7 E6 C8 35 A2 8C 00 00 74 AD 00 00 2D 1B 01 AA 45 00 00 94 18 F8 90 88 00 09 01 40 90 E4 18 C3 F8 1F 
147  0.00000000  GpsDataControl.  IRP_MJ_READ  0000009d  Length 3792
147  0.01541313  TIMEOUT  Length 128: C8 35 A7 D7 00 00 73 05 00 0A 39 9D 01 A8 45 00 00 94 18 F8 A4 10 00 08 01 44 90 E4 18 C3 F7 D3 C8 35 A6 F9 00 00 72 FE 00 2E 47 BF 01 AA 45 00 00 94 18 F8 B7 98 00 07 01 44 90 E4 18 C3 F7 E7 C8 35 A7 21 00 00 72 8C 00 53 8B 96 01 AA 45 00 00 94 18 F8 CB 20 00 06 01 44 90 E4 18 C3 F8 59 C8 35 A6 5E 00 00 72 48 00 3B 5D B4 01 A9 45 00 00 94 18 F8 DE A8 00 06 01 44 90 E4 18 C3 F8 76 
148  0.00000000  GpsDataControl.  IRP_MJ_READ  0000009d  Length 3664
148  0.01516673  TIMEOUT  Length 128: C8 35 A6 28 00 00 71 EB 00 4F 18 25 01 A9 45 00 00 94 18 F9 07 D0 00 07 01 44 90 E4 18 C3 F8 95 C8 35 A6 84 00 00 71 E1 00 00 7F 9F 01 A9 45 00 00 94 18 F9 1B 58 00 06 01 44 90 E4 18 C3 F8 95 C8 35 A6 84 00 00 71 E1 00 00 1D AC 01 AA 45 00 00 94 18 F9 2E E0 00 06 01 44 90 E4 18 C3 F8 95 C8 35 A6 84 00 00 71 E1 00 00 55 EA 01 AA 45 00 00 94 18 F9 42 68 00 06 01 44 90 E4 18 C3 F9 38 
149  0.00000000  GpsDataControl.  IRP_MJ_READ  0000009d  Length 3536
149  0.01541229  TIMEOUT  Length 112: C8 35 A7 7D 00 00 71 78 00 06 3C F1 01 AA 45 00 20 94 18 F9 42 68 00 06 01 44 90 E4 18 C3 F9 38 C8 35 A7 7D 00 00 71 78 00 06 3C F1 01 AA 31 00 FF FF FF FF FF FF FF FF FF FF FF FF FF FF FF FF FF FF FF FF FF FF FF FF FF FF FF FF FF FF FF FF FF FF FF FF FF FF FF FF FF FF FF FF FF FF FF FF FF FF FF FF FF FF FF FF FF FF FF FF FF FF FF FF 
150  0.00000000  GpsDataControl.  IRP_MJ_READ  0000009d  Length 3424
150  0.01515947  TIMEOUT  Length 128: FF FF FF FF FF FF FF FF FF FF FF FF FF FF FF FF FF FF FF FF FF FF FF FF FF FF FF FF FF FF FF FF FF FF FF FF FF FF FF FF FF FF FF FF FF FF FF FF FF FF FF FF FF FF FF FF FF FF FF FF FF FF FF FF FF FF FF FF FF FF FF FF FF FF FF FF FF FF FF FF FF FF FF FF FF FF FF FF FF FF FF FF FF FF FF FF FF FF FF FF FF FF FF FF FF FF FF FF FF FF FF FF FF FF FF FF FF FF FF FF FF FF FF FF FF FF FF FF 
151  0.00000000  GpsDataControl.  IRP_MJ_READ  0000009d  Length 3296
151  0.01539861  TIMEOUT  Length 128: FF FF FF FF FF FF FF FF FF FF FF FF FF FF FF FF FF FF FF FF FF FF FF FF FF FF FF FF FF FF FF FF FF FF FF FF FF FF FF FF FF FF FF FF FF FF FF FF FF FF FF FF FF FF FF FF FF FF FF FF FF FF FF FF FF FF FF FF FF FF FF FF FF FF FF FF FF FF FF FF FF FF FF FF FF FF FF FF FF FF FF FF FF FF FF FF FF FF FF FF FF FF FF FF FF FF FF FF FF FF FF FF FF FF FF FF FF FF FF FF FF FF FF FF FF FF FF FF 
152  0.00000000  GpsDataControl.  IRP_MJ_READ  0000009d  Length 3168
152  0.01520333  TIMEOUT  Length 128: FF FF FF FF FF FF FF FF FF FF FF FF FF FF FF FF FF FF FF FF FF FF FF FF FF FF FF FF FF FF FF FF FF FF FF FF FF FF FF FF FF FF FF FF FF FF FF FF FF FF FF FF FF FF FF FF FF FF FF FF FF FF FF FF FF FF FF FF FF FF FF FF FF FF FF FF FF FF FF FF FF FF FF FF FF FF FF FF FF FF FF FF FF FF FF FF FF FF FF FF FF FF FF FF FF FF FF FF FF FF FF FF FF FF FF FF FF FF FF FF FF FF FF FF FF FF FF FF 
153  0.00000000  GpsDataControl.  IRP_MJ_READ  0000009d  Length 3040
153  0.01538492  TIMEOUT  Length 128: FF FF FF FF FF FF FF FF FF FF FF FF FF FF FF FF FF FF FF FF FF FF FF FF FF FF FF FF FF FF FF FF FF FF FF FF FF FF FF FF FF FF FF FF FF FF FF FF FF FF FF FF FF FF FF FF FF FF FF FF FF FF FF FF FF FF FF FF FF FF FF FF FF FF FF FF FF FF FF FF FF FF FF FF FF FF FF FF FF FF FF FF FF FF FF FF FF FF FF FF FF FF FF FF FF FF FF FF FF FF FF FF FF FF FF FF FF FF FF FF FF FF FF FF FF FF FF FF 
154  0.00000000  GpsDataControl.  IRP_MJ_READ  0000009d  Length 2912
154  0.01521646  TIMEOUT  Length 128: FF FF FF FF FF FF FF FF FF FF FF FF FF FF FF FF FF FF FF FF FF FF FF FF FF FF FF FF FF FF FF FF FF FF FF FF FF FF FF FF FF FF FF FF FF FF FF FF FF FF FF FF FF FF FF FF FF FF FF FF FF FF FF FF FF FF FF FF FF FF FF FF FF FF FF FF FF FF FF FF FF FF FF FF FF FF FF FF FF FF FF FF FF FF FF FF FF FF FF FF FF FF FF FF FF FF FF FF FF FF FF FF FF FF FF FF FF FF FF FF FF FF FF FF FF FF FF FF 
155  0.00000000  GpsDataControl.  IRP_MJ_READ  0000009d  Length 2784
155  0.01541034  TIMEOUT  Length 112: FF FF FF FF FF FF FF FF FF FF FF FF FF FF FF FF FF FF FF FF FF FF FF FF FF FF FF FF FF FF FF FF FF FF FF FF FF FF FF FF FF FF FF FF FF FF FF FF FF FF FF FF FF FF FF FF FF FF FF FF FF FF FF FF FF FF FF FF FF FF FF FF FF FF FF FF FF FF FF FF FF FF FF FF FF FF FF FF FF FF FF FF FF FF FF FF FF FF FF FF FF FF FF FF FF FF FF FF FF FF FF FF 
156  0.00000000  GpsDataControl.  IRP_MJ_READ  0000009d  Length 2672
156  0.01516114  TIMEOUT  Length 128: FF FF FF FF FF FF FF FF FF FF FF FF FF FF FF FF FF FF FF FF FF FF FF FF FF FF FF FF FF FF FF FF FF FF FF FF FF FF FF FF FF FF FF FF FF FF FF FF FF FF FF FF FF FF FF FF FF FF FF FF FF FF FF FF FF FF FF FF FF FF FF FF FF FF FF FF FF FF FF FF FF FF FF FF FF FF FF FF FF FF FF FF FF FF FF FF FF FF FF FF FF FF FF FF FF FF FF FF FF FF FF FF FF FF FF FF FF FF FF FF FF FF FF FF FF FF FF FF 
157  0.00000000  GpsDataControl.  IRP_MJ_READ  0000009d  Length 2544
157  0.01539274  TIMEOUT  Length 128: FF FF FF FF FF FF FF FF FF FF FF FF FF FF FF FF FF FF FF FF FF FF FF FF FF FF FF FF FF FF FF FF FF FF FF FF FF FF FF FF FF FF FF FF FF FF FF FF FF FF FF FF FF FF FF FF FF FF FF FF FF FF FF FF FF FF FF FF FF FF FF FF FF FF FF FF FF FF FF FF FF FF FF FF FF FF FF FF FF FF FF FF FF FF FF FF FF FF FF FF FF FF FF FF FF FF FF FF FF FF FF FF FF FF FF FF FF FF FF FF FF FF FF FF FF FF FF FF 
158  0.00000000  GpsDataControl.  IRP_MJ_READ  0000009d  Length 2416
158  0.01522093  TIMEOUT  Length 128: FF FF FF FF FF FF FF FF FF FF FF FF FF FF FF FF FF FF FF FF FF FF FF FF FF FF FF FF FF FF FF FF FF FF FF FF FF FF FF FF FF FF FF FF FF FF FF FF FF FF FF FF FF FF FF FF FF FF FF FF FF FF FF FF FF FF FF FF FF FF FF FF FF FF FF FF FF FF FF FF FF FF FF FF FF FF FF FF FF FF FF FF FF FF FF FF FF FF FF FF FF FF FF FF FF FF FF FF FF FF FF FF FF FF FF FF FF FF FF FF FF FF FF FF FF FF FF FF 
159  0.00000000  GpsDataControl.  IRP_MJ_READ  0000009d  Length 2288
159  0.01536760  TIMEOUT  Length 128: FF FF FF FF FF FF FF FF FF FF FF FF FF FF FF FF FF FF FF FF FF FF FF FF FF FF FF FF FF FF FF FF FF FF FF FF FF FF FF FF FF FF FF FF FF FF FF FF FF FF FF FF FF FF FF FF FF FF FF FF FF FF FF FF FF FF FF FF FF FF FF FF FF FF FF FF FF FF FF FF FF FF FF FF FF FF FF FF FF FF FF FF FF FF FF FF FF FF FF FF FF FF FF FF FF FF FF FF FF FF FF FF FF FF FF FF FF FF FF FF FF FF FF FF FF FF FF FF 
160  0.00000000  GpsDataControl.  IRP_MJ_READ  0000009d  Length 2160
160  0.01516925  TIMEOUT  Length 112: FF FF FF FF FF FF FF FF FF FF FF FF FF FF FF FF FF FF FF FF FF FF FF FF FF FF FF FF FF FF FF FF FF FF FF FF FF FF FF FF FF FF FF FF FF FF FF FF FF FF FF FF FF FF FF FF FF FF FF FF FF FF FF FF FF FF FF FF FF FF FF FF FF FF FF FF FF FF FF FF FF FF FF FF FF FF FF FF FF FF FF FF FF FF FF FF FF FF FF FF FF FF FF FF FF FF FF FF FF FF FF FF 
161  0.00000000  GpsDataControl.  IRP_MJ_READ  0000009d  Length 2048
161  0.01536508  TIMEOUT  Length 128: FF FF FF FF FF FF FF FF FF FF FF FF FF FF FF FF FF FF FF FF FF FF FF FF FF FF FF FF FF FF FF FF FF FF FF FF FF FF FF FF FF FF FF FF FF FF FF FF FF FF FF FF FF FF FF FF FF FF FF FF FF FF FF FF FF FF FF FF FF FF FF FF FF FF FF FF FF FF FF FF FF FF FF FF FF FF FF FF FF FF FF FF FF FF FF FF FF FF FF FF FF FF FF FF FF FF FF FF FF FF FF FF FF FF FF FF FF FF FF FF FF FF FF FF FF FF FF FF 
162  0.00000000  GpsDataControl.  IRP_MJ_READ  0000009d  Length 1920
162  0.01514494  TIMEOUT  Length 128: FF FF FF FF FF FF FF FF FF FF FF FF FF FF FF FF FF FF FF FF FF FF FF FF FF FF FF FF FF FF FF FF FF FF FF FF FF FF FF FF FF FF FF FF FF FF FF FF FF FF FF FF FF FF FF FF FF FF FF FF FF FF FF FF FF FF FF FF FF FF FF FF FF FF FF FF FF FF FF FF FF FF FF FF FF FF FF FF FF FF FF FF FF FF FF FF FF FF FF FF FF FF FF FF FF FF FF FF FF FF FF FF FF FF FF FF FF FF FF FF FF FF FF FF FF FF FF FF 
163  0.00000000  GpsDataControl.  IRP_MJ_READ  0000009d  Length 1792
163  0.01539888  TIMEOUT  Length 128: FF FF FF FF FF FF FF FF FF FF FF FF FF FF FF FF FF FF FF FF FF FF FF FF FF FF FF FF FF FF FF FF FF FF FF FF FF FF FF FF FF FF FF FF FF FF FF FF FF FF FF FF FF FF FF FF FF FF FF FF FF FF FF FF FF FF FF FF FF FF FF FF FF FF FF FF FF FF FF FF FF FF FF FF FF FF FF FF FF FF FF FF FF FF FF FF FF FF FF FF FF FF FF FF FF FF FF FF FF FF FF FF FF FF FF FF FF FF FF FF FF FF FF FF FF FF FF FF 
164  0.00000000  GpsDataControl.  IRP_MJ_READ  0000009d  Length 1664
164  0.01515444  TIMEOUT  Length 128: FF FF FF FF FF FF FF FF FF FF FF FF FF FF FF FF FF FF FF FF FF FF FF FF FF FF FF FF FF FF FF FF FF FF FF FF FF FF FF FF FF FF FF FF FF FF FF FF FF FF FF FF FF FF FF FF FF FF FF FF FF FF FF FF FF FF FF FF FF FF FF FF FF FF FF FF FF FF FF FF FF FF FF FF FF FF FF FF FF FF FF FF FF FF FF FF FF FF FF FF FF FF FF FF FF FF FF FF FF FF FF FF FF FF FF FF FF FF FF FF FF FF FF FF FF FF FF FF 
165  0.00000000  GpsDataControl.  IRP_MJ_READ  0000009d  Length 1536
165  0.03103188  TIMEOUT  Length 240: FF FF FF FF FF FF FF FF FF FF FF FF FF FF FF FF FF FF FF FF FF FF FF FF FF FF FF FF FF FF FF FF FF FF FF FF FF FF FF FF FF FF FF FF FF FF FF FF FF FF FF FF FF FF FF FF FF FF FF FF FF FF FF FF FF FF FF FF FF FF FF FF FF FF FF FF FF FF FF FF FF FF FF FF FF FF FF FF FF FF FF FF FF FF FF FF FF FF FF FF FF FF FF FF FF FF FF FF FF FF FF FF FF FF FF FF FF FF FF FF FF FF FF FF FF FF FF FF FF FF FF FF FF FF FF FF FF FF FF FF FF FF FF FF FF FF FF FF FF FF FF FF FF FF FF FF FF FF FF FF FF FF FF FF FF FF FF FF FF FF FF FF FF FF FF FF FF FF FF FF FF FF FF FF FF FF FF FF FF FF FF FF FF FF FF FF FF FF FF FF FF FF FF FF FF FF FF FF FF FF FF FF FF FF FF FF FF FF FF FF FF FF FF FF FF FF FF FF FF FF FF FF FF FF FF FF FF FF FF FF 
166  0.00000000  GpsDataControl.  IRP_MJ_READ  0000009d  Length 1296
166  0.01518657  TIMEOUT  Length 128: FF FF FF FF FF FF FF FF FF FF FF FF FF FF FF FF FF FF FF FF FF FF FF FF FF FF FF FF FF FF FF FF FF FF FF FF FF FF FF FF FF FF FF FF FF FF FF FF FF FF FF FF FF FF FF FF FF FF FF FF FF FF FF FF FF FF FF FF FF FF FF FF FF FF FF FF FF FF FF FF FF FF FF FF FF FF FF FF FF FF FF FF FF FF FF FF FF FF FF FF FF FF FF FF FF FF FF FF FF FF FF FF FF FF FF FF FF FF FF FF FF FF FF FF FF FF FF FF 
167  0.00000000  GpsDataControl.  IRP_MJ_READ  0000009d  Length 1168
167  0.01517986  TIMEOUT  Length 128: FF FF FF FF FF FF FF FF FF FF FF FF FF FF FF FF FF FF FF FF FF FF FF FF FF FF FF FF FF FF FF FF FF FF FF FF FF FF FF FF FF FF FF FF FF FF FF FF FF FF FF FF FF FF FF FF FF FF FF FF FF FF FF FF FF FF FF FF FF FF FF FF FF FF FF FF FF FF FF FF FF FF FF FF FF FF FF FF FF FF FF FF FF FF FF FF FF FF FF FF FF FF FF FF FF FF FF FF FF FF FF FF FF FF FF FF FF FF FF FF FF FF FF FF FF FF FF FF 
168  0.00000000  GpsDataControl.  IRP_MJ_READ  0000009d  Length 1040
168  0.01539861  TIMEOUT  Length 128: FF FF FF FF FF FF FF FF FF FF FF FF FF FF FF FF FF FF FF FF FF FF FF FF FF FF FF FF FF FF FF FF FF FF FF FF FF FF FF FF FF FF FF FF FF FF FF FF FF FF FF FF FF FF FF FF FF FF FF FF FF FF FF FF FF FF FF FF FF FF FF FF FF FF FF FF FF FF FF FF FF FF FF FF FF FF FF FF FF FF FF FF FF FF FF FF FF FF FF FF FF FF FF FF FF FF FF FF FF FF FF FF FF FF FF FF FF FF FF FF FF FF FF FF FF FF FF FF 
169  0.00000000  GpsDataControl.  IRP_MJ_READ  0000009d  Length 912
169  0.01519104  TIMEOUT  Length 128: FF FF FF FF FF FF FF FF FF FF FF FF FF FF FF FF FF FF FF FF FF FF FF FF FF FF FF FF FF FF FF FF FF FF FF FF FF FF FF FF FF FF FF FF FF FF FF FF FF FF FF FF FF FF FF FF FF FF FF FF FF FF FF FF FF FF FF FF FF FF FF FF FF FF FF FF FF FF FF FF FF FF FF FF FF FF FF FF FF FF FF FF FF FF FF FF FF FF FF FF FF FF FF FF FF FF FF FF FF FF FF FF FF FF FF FF FF FF FF FF FF FF FF FF FF FF FF FF 
170  0.00000000  GpsDataControl.  IRP_MJ_READ  0000009d  Length 784
170  0.01542067  TIMEOUT  Length 112: FF FF FF FF FF FF FF FF FF FF FF FF FF FF FF FF FF FF FF FF FF FF FF FF FF FF FF FF FF FF FF FF FF FF FF FF FF FF FF FF FF FF FF FF FF FF FF FF FF FF FF FF FF FF FF FF FF FF FF FF FF FF FF FF FF FF FF FF FF FF FF FF FF FF FF FF FF FF FF FF FF FF FF FF FF FF FF FF FF FF FF FF FF FF FF FF FF FF FF FF FF FF FF FF FF FF FF FF FF FF FF FF 
171  0.00000000  GpsDataControl.  IRP_MJ_READ  0000009d  Length 672
171  0.01510360  TIMEOUT  Length 128: FF FF FF FF FF FF FF FF FF FF FF FF FF FF FF FF FF FF FF FF FF FF FF FF FF FF FF FF FF FF FF FF FF FF FF FF FF FF FF FF FF FF FF FF FF FF FF FF FF FF FF FF FF FF FF FF FF FF FF FF FF FF FF FF FF FF FF FF FF FF FF FF FF FF FF FF FF FF FF FF FF FF FF FF FF FF FF FF FF FF FF FF FF FF FF FF FF FF FF FF FF FF FF FF FF FF FF FF FF FF FF FF FF FF FF FF FF FF FF FF FF FF FF FF FF FF FF FF 
172  0.00000000  GpsDataControl.  IRP_MJ_READ  0000009d  Length 544
172  0.01518154  TIMEOUT  Length 128: FF FF FF FF FF FF FF FF FF FF FF FF FF FF FF FF FF FF FF FF FF FF FF FF FF FF FF FF FF FF FF FF FF FF FF FF FF FF FF FF FF FF FF FF FF FF FF FF FF FF FF FF FF FF FF FF FF FF FF FF FF FF FF FF FF FF FF FF FF FF FF FF FF FF FF FF FF FF FF FF FF FF FF FF FF FF FF FF FF FF FF FF FF FF FF FF FF FF FF FF FF FF FF FF FF FF FF FF FF FF FF FF FF FF FF FF FF FF FF FF FF FF FF FF FF FF FF FF 
173  0.00000000  GpsDataControl.  IRP_MJ_READ  0000009d  Length 416
173  0.01492843  TIMEOUT  Length 128: FF FF FF FF FF FF FF FF FF FF FF FF FF FF FF FF FF FF FF FF FF FF FF FF FF FF FF FF FF FF FF FF FF FF FF FF FF FF FF FF FF FF FF FF FF FF FF FF FF FF FF FF FF FF FF FF FF FF FF FF FF FF FF FF FF FF FF FF FF FF FF FF FF FF FF FF FF FF FF FF FF FF FF FF FF FF FF FF FF FF FF FF FF FF FF FF FF FF FF FF FF FF FF FF FF FF FF FF FF FF FF FF FF FF FF FF FF FF FF FF FF FF FF FF FF FF FF FF 
174  0.00000000  GpsDataControl.  IRP_MJ_READ  0000009d  Length 288
174  0.01528658  TIMEOUT  Length 128: FF FF FF FF FF FF FF FF FF FF FF FF FF FF FF FF FF FF FF FF FF FF FF FF FF FF FF FF FF FF FF FF FF FF FF FF FF FF FF FF FF FF FF FF FF FF FF FF FF FF FF FF FF FF FF FF FF FF FF FF FF FF FF FF FF FF FF FF FF FF FF FF FF FF FF FF FF FF FF FF FF FF FF FF FF FF FF FF FF FF FF FF FF FF FF FF FF FF FF FF FF FF FF FF FF FF FF FF FF FF FF FF FF FF FF FF FF FF FF FF FF FF FF FF FF FF FF FF 
175  0.00000000  GpsDataControl.  IRP_MJ_READ  0000009d  Length 160
175  0.01512594  TIMEOUT  Length 112: FF FF FF FF FF FF FF FF FF FF FF FF FF FF FF FF FF FF FF FF FF FF FF FF FF FF FF FF FF FF FF FF FF FF FF FF FF FF FF FF FF FF FF FF FF FF FF FF FF FF FF FF FF FF FF FF FF FF FF FF FF FF FF FF FF FF FF FF FF FF FF FF FF FF FF FF FF FF FF FF FF FF FF FF FF FF FF FF FF FF FF FF FF FF FF FF FF FF FF FF FF FF FF FF FF FF FF FF FF FF FF FF 
176  0.00000000  GpsDataControl.  IRP_MJ_READ  0000009d  Length 48
176  0.00383233  SUCCESS  Length 48: FF FF FF FF FF FF FF FF FF FF FF FF FF FF FF FF FF FF FF FF FF FF FF FF FF FF FF FF FF FF FF FF FF FF FF FF FF FF FF FF FF FF FF FF FF FF FF FF 
177  0.00000000  GpsDataControl.  IOCTL_SERIAL_PURGE  0000009d  Purge: TXCLEAR RXCLEAR
177  0.00000643  SUCCESS  
178  0.00000000  GpsDataControl.  IRP_MJ_WRITE  0000009d  Length 8: 93 01 01 00 00 00 00 00 
178  0.00115406  SUCCESS  
179  0.00000000  GpsDataControl.  IRP_MJ_READ  0000009d  Length 3
179  0.00000419  SUCCESS  Length 3: 93 00 00 
180  0.00000000  GpsDataControl.  IRP_MJ_WRITE  0000009d  Length 8: 00 00 00 00 00 00 00 6B 
180  0.00091241  SUCCESS  
181  0.00000000  GpsDataControl.  IRP_MJ_READ  0000009d  Length 3
181  0.00099398  SUCCESS  Length 3: 93 00 00 
182  0.00000000  GpsDataControl.  IRP_MJ_CLEANUP  0000009d  
182  0.00000140  INVALID DEVICE REQUEST  
183  0.00000000  GpsDataControl.  IRP_MJ_CLOSE  0000009d  
183  0.00000726  SUCCESS  
