[\\WAGBLOT]
2  0.00000000  GpsDataControl.  IRP_MJ_CREATE  0000009a  Options: Open 
2  0.00005755  SUCCESS  
3  0.00000000  GpsDataControl.  IOCTL_SERIAL_SET_QUEUE_SIZE  0000009a  InSize: 4100 OutSize: 4100
3  0.00000503  SUCCESS  
4  0.00000000  GpsDataControl.  IOCTL_SERIAL_SET_TIMEOUTS  0000009a  RI:10 RM:0 RC:200 WM:2 WC:1000
4  0.00000670  SUCCESS  
5  0.00000000  GpsDataControl.  IOCTL_SERIAL_PURGE  0000009a  Purge: TXCLEAR RXCLEAR
5  0.00000196  SUCCESS  
6  0.00000000  GpsDataControl.  IRP_MJ_READ  0000009a  Length 512
6  0.20259195  TIMEOUT  Length 0: 
7  0.00000000  GpsDataControl.  IRP_MJ_READ  0000009a  Length 512
7  0.20263246  TIMEOUT  Length 0: 
8  0.00000000  GpsDataControl.  IRP_MJ_READ  0000009a  Length 512
8  0.04631175  TIMEOUT  Length 16: 30 39 2C 2C 2C 44 2A 37 43 0D 0A 24 47 50 47 47 
9  0.00000000  GpsDataControl.  IRP_MJ_READ  0000009a  Length 496
9  0.01505610  TIMEOUT  Length 16: 41 2C 30 33 35 34 32 36 2E 30 30 30 2C 34 31 33 
10  0.00000000  GpsDataControl.  IRP_MJ_READ  0000009a  Length 480
10  0.01499688  TIMEOUT  Length 16: 32 2E 39 37 37 32 2C 4E 2C 30 39 33 33 36 2E 30 
11  0.00000000  GpsDataControl.  IRP_MJ_READ  0000009a  Length 464
11  0.01532429  TIMEOUT  Length 16: 35 30 31 2C 57 2C 32 2C 30 37 2C 31 2E 36 2C 33 
12  0.00000000  GpsDataControl.  IRP_MJ_READ  0000009a  Length 448
12  0.03073463  TIMEOUT  Length 16: 30 37 2E 37 2C 4D 2C 2D 33 31 2E 36 2C 4D 2C 31 
13  0.00000000  GpsDataControl.  IRP_MJ_READ  0000009a  Length 432
13  0.01514103  TIMEOUT  Length 16: 2E 38 2C 30 30 30 30 2A 34 32 0D 0A 24 47 50 47 
14  0.00000000  GpsDataControl.  IRP_MJ_READ  0000009a  Length 416
14  0.01530586  TIMEOUT  Length 16: 53 41 2C 41 2C 33 2C 31 33 2C 30 37 2C 32 33 2C 
15  0.00000000  GpsDataControl.  IRP_MJ_READ  0000009a  Length 400
15  0.01513097  TIMEOUT  Length 16: 30 33 2C 32 35 2C 30 36 2C 31 39 2C 2C 2C 2C 2C 
16  0.00000000  GpsDataControl.  IRP_MJ_READ  0000009a  Length 384
16  0.01521143  TIMEOUT  Length 16: 2C 34 2E 38 2C 31 2E 36 2C 34 2E 35 2A 33 36 0D 
17  0.00000000  GpsDataControl.  IRP_MJ_READ  0000009a  Length 368
17  0.01510220  TIMEOUT  Length 16: 0A 24 47 50 52 4D 43 2C 30 33 35 34 32 36 2E 30 
18  0.00000000  GpsDataControl.  IRP_MJ_READ  0000009a  Length 352
18  0.03095589  TIMEOUT  Length 16: 30 30 2C 41 2C 34 31 33 32 2E 39 37 37 32 2C 4E 
19  0.00000000  GpsDataControl.  IRP_MJ_READ  0000009a  Length 336
19  0.01529943  TIMEOUT  Length 16: 2C 30 39 33 33 36 2E 30 35 30 31 2C 57 2C 30 2E 
20  0.00000000  GpsDataControl.  IRP_MJ_READ  0000009a  Length 320
20  0.01514299  TIMEOUT  Length 16: 37 30 2C 31 36 33 2E 38 38 2C 30 33 30 34 30 39 
21  0.00000000  GpsDataControl.  IRP_MJ_READ  0000009a  Length 304
21  0.20286182  TIMEOUT  Length 0: 
22  0.00000000  GpsDataControl.  IRP_MJ_READ  0000009a  Length 304
22  0.20257631  TIMEOUT  Length 0: 
23  0.00000000  GpsDataControl.  IRP_MJ_READ  0000009a  Length 304
23  0.20270733  TIMEOUT  Length 0: 
24  0.00000000  GpsDataControl.  IRP_MJ_READ  0000009a  Length 304
24  0.17074684  TIMEOUT  Length 16: 2C 2C 2C 44 2A 37 36 0D 0A 24 47 50 47 47 41 2C 
25  0.00000000  GpsDataControl.  IRP_MJ_READ  0000009a  Length 288
25  0.01546174  TIMEOUT  Length 16: 30 33 35 34 32 37 2E 30 30 30 2C 34 31 33 32 2E 
26  0.00000000  GpsDataControl.  IRP_MJ_READ  0000009a  Length 272
26  0.01542319  TIMEOUT  Length 16: 39 37 37 32 2C 4E 2C 30 39 33 33 36 2E 30 35 30 
27  0.00000000  GpsDataControl.  IRP_MJ_READ  0000009a  Length 256
27  0.01557824  TIMEOUT  Length 16: 31 2C 57 2C 32 2C 30 37 2C 31 2E 36 2C 33 30 37 
28  0.00000000  GpsDataControl.  IRP_MJ_READ  0000009a  Length 240
28  0.01538492  TIMEOUT  Length 16: 2E 39 2C 4D 2C 2D 33 31 2E 36 2C 4D 2C 31 2E 38 
29  0.00000000  GpsDataControl.  IRP_MJ_READ  0000009a  Length 224
29  0.03119586  TIMEOUT  Length 16: 2C 30 30 30 30 2A 34 44 0D 0A 24 47 50 47 53 41 
30  0.00000000  GpsDataControl.  IRP_MJ_READ  0000009a  Length 208
30  0.01524942  TIMEOUT  Length 16: 2C 41 2C 33 2C 31 33 2C 30 37 2C 32 33 2C 30 33 
31  0.00000000  GpsDataControl.  IRP_MJ_READ  0000009a  Length 192
31  0.01540307  TIMEOUT  Length 16: 2C 32 35 2C 30 36 2C 31 39 2C 2C 2C 2C 2C 2C 34 
32  0.00000000  GpsDataControl.  IRP_MJ_READ  0000009a  Length 176
32  0.01553410  TIMEOUT  Length 16: 2E 38 2C 31 2E 36 2C 34 2E 35 2A 33 36 0D 0A 24 
33  0.00000000  GpsDataControl.  IRP_MJ_READ  0000009a  Length 160
33  0.01541509  TIMEOUT  Length 16: 47 50 52 4D 43 2C 30 33 35 34 32 37 2E 30 30 30 
34  0.00000000  GpsDataControl.  IRP_MJ_READ  0000009a  Length 144
34  0.01559919  TIMEOUT  Length 16: 2C 41 2C 34 31 33 32 2E 39 37 37 32 2C 4E 2C 30 
35  0.00000000  GpsDataControl.  IRP_MJ_READ  0000009a  Length 128
35  0.03095198  TIMEOUT  Length 16: 39 33 33 36 2E 30 35 30 31 2C 57 2C 30 2E 31 31 
36  0.00000000  GpsDataControl.  IRP_MJ_READ  0000009a  Length 112
36  0.01541174  TIMEOUT  Length 16: 2C 31 32 35 2E 37 39 2C 30 33 30 34 30 39 2C 2C 
37  0.00000000  GpsDataControl.  IRP_MJ_READ  0000009a  Length 96
37  0.20311045  TIMEOUT  Length 0: 
38  0.00000000  GpsDataControl.  IRP_MJ_READ  0000009a  Length 96
38  0.20289087  TIMEOUT  Length 0: 
39  0.00000000  GpsDataControl.  IRP_MJ_READ  0000009a  Length 96
39  0.20308671  TIMEOUT  Length 0: 
40  0.00000000  GpsDataControl.  IRP_MJ_READ  0000009a  Length 96
40  0.17166483  TIMEOUT  Length 16: 2C 44 2A 37 43 0D 0A 24 47 50 47 47 41 2C 30 33 
41  0.00000000  GpsDataControl.  IRP_MJ_READ  0000009a  Length 80
41  0.01550812  TIMEOUT  Length 16: 35 34 32 38 2E 30 30 30 2C 34 31 33 32 2E 39 37 
42  0.00000000  GpsDataControl.  IRP_MJ_READ  0000009a  Length 64
42  0.01540140  TIMEOUT  Length 16: 37 31 2C 4E 2C 30 39 33 33 36 2E 30 35 30 31 2C 
43  0.00000000  GpsDataControl.  IRP_MJ_READ  0000009a  Length 48
43  0.01526255  TIMEOUT  Length 16: 57 2C 32 2C 30 37 2C 31 2E 36 2C 33 30 36 2E 39 
44  0.00000000  GpsDataControl.  IRP_MJ_READ  0000009a  Length 32
44  0.03104892  TIMEOUT  Length 16: 2C 4D 2C 2D 33 31 2E 36 2C 4D 2C 32 2E 38 2C 30 
45  0.00000000  GpsDataControl.  IRP_MJ_READ  0000009a  Length 16
45  0.00491543  SUCCESS  Length 16: 30 30 30 2A 34 33 0D 0A 24 47 50 47 53 41 2C 41 
46  0.00000000  GpsDataControl.  IOCTL_SERIAL_PURGE  0000009a  Purge: TXCLEAR RXCLEAR
46  0.00000307  SUCCESS  
47  0.00000000  GpsDataControl.  IOCTL_SERIAL_PURGE  0000009a  Purge: TXCLEAR RXCLEAR
47  0.00000140  SUCCESS  
48  0.00000000  GpsDataControl.  IRP_MJ_WRITE  0000009a  Length 8: 93 01 01 03 00 00 00 00 
48  0.00187677  SUCCESS  
49  0.00000000  GpsDataControl.  IRP_MJ_READ  0000009a  Length 3
49  0.00099147  SUCCESS  Length 3: 93 00 00 
50  0.00000000  GpsDataControl.  IRP_MJ_WRITE  0000009a  Length 8: 00 00 00 00 00 00 00 68 
50  0.00095571  SUCCESS  
51  0.00000000  GpsDataControl.  IRP_MJ_READ  0000009a  Length 3
51  0.00099258  SUCCESS  Length 3: 93 00 00 
52  0.00000000  GpsDataControl.  IOCTL_SERIAL_PURGE  0000009a  Purge: TXCLEAR RXCLEAR
52  0.00000196  SUCCESS  
53  0.00000000  GpsDataControl.  IOCTL_SERIAL_PURGE  0000009a  Purge: TXCLEAR RXCLEAR
53  0.00000140  SUCCESS  
54  0.00000000  GpsDataControl.  IRP_MJ_WRITE  0000009a  Length 8: 93 05 07 10 00 04 03 00 
54  0.00092693  SUCCESS  
55  0.00000000  GpsDataControl.  IRP_MJ_READ  0000009a  Length 3
55  0.00099398  SUCCESS  Length 3: 93 00 00 
56  0.00000000  GpsDataControl.  IRP_MJ_WRITE  0000009a  Length 8: 00 00 00 00 00 00 00 4A 
56  0.00095487  SUCCESS  
57  0.00000000  GpsDataControl.  IRP_MJ_READ  0000009a  Length 4099
57  0.00248467  TIMEOUT  Length 3: 93 10 00 
58  0.00000000  GpsDataControl.  IRP_MJ_READ  0000009a  Length 4096
58  0.01559025  TIMEOUT  Length 128: 01 0D 34 00 FF 0F FF 3C 00 F1 FF FF FF FF FF FF FF FF FF FF FF FF FF FF FF FF FF FF FF FF FF FF FF FF FF FF FF FF FF FF FF FF FF FF FF FF FF FF FF FF FF FF FF FF FF FF FF FF FF FF FF FF FF FF FF FF FF FF FF FF FF FF FF FF FF FF FF FF FF FF FF FF FF FF FF FF FF FF FF FF FF FF FF FF FF FF FF FF FF FF FF FF FF FF FF FF FF FF FF FF FF FF FF FF FF FF FF FF FF FF FF FF FF FF FF FF FF FF 
59  0.00000000  GpsDataControl.  IRP_MJ_READ  0000009a  Length 3968
59  0.01533575  TIMEOUT  Length 128: FF FF FF FF FF FF FF FF FF FF FF FF FF FF FF FF FF FF FF FF FF FF FF FF FF FF FF FF FF FF FF FF FF FF FF FF FF FF FF FF FF FF FF FF FF FF FF FF FF FF FF FF FF FF FF FF FF FF FF FF FF FF FF FF FF FF FF FF FF FF FF FF FF FF FF FF FF FF FF FF FF FF FF FF FF FF FF FF FF FF FF FF FF FF FF FF FF FF FF FF FF FF FF FF FF FF FF FF FF FF FF FF FF FF FF FF FF FF FF FF FF FF FF FF FF FF FF FF 
60  0.00000000  GpsDataControl.  IRP_MJ_READ  0000009a  Length 3840
60  0.01546426  TIMEOUT  Length 128: 00 00 00 00 3C 3C 00 04 00 00 00 C8 0C 01 2C 32 05 14 01 01 01 02 02 05 0A 0A 18 6A 0C 35 04 E2 00 BB 01 17 1E 00 01 08 08 04 04 02 02 02 02 00 00 20 0F 01 01 01 01 28 00 00 00 00 00 00 00 00 00 00 00 00 3C 3C 00 04 00 00 00 C8 0C 01 2C 32 05 14 01 01 01 02 02 05 0A 0A 18 6A 0C 35 04 E2 00 BB 01 17 1E 00 01 08 08 04 04 02 02 02 02 00 00 20 0F 01 01 01 01 28 00 00 00 00 00 00 00 00 
61  0.00000000  GpsDataControl.  IRP_MJ_READ  0000009a  Length 3712
61  0.03098299  TIMEOUT  Length 240: 00 00 00 00 3C 3C 00 04 00 00 00 C8 0C 01 2C 32 05 14 01 01 01 02 02 05 0A 0A 18 6A 0C 35 04 E2 00 BB 01 17 1E 00 01 08 08 04 04 02 02 02 02 00 00 20 0F 01 01 01 01 28 00 00 00 00 00 00 00 00 00 00 00 00 3C 3C 00 04 00 00 00 C8 0C 01 2C 32 05 14 01 01 01 02 02 05 0A 0A 18 6A 0C 35 04 E2 00 BB 01 17 1E 00 01 08 08 04 04 02 02 02 02 00 00 20 0F 01 01 01 01 28 00 00 00 00 00 00 00 00 00 00 00 00 3C 3C 00 04 00 00 00 C8 0C 01 2C 32 05 14 01 01 01 02 02 05 0A 0A 18 6A 0C 35 04 E2 00 BB 01 17 1E 00 01 08 08 04 04 02 02 02 02 00 00 20 0F 01 01 01 01 28 00 00 00 00 00 00 00 00 00 00 00 00 3C 3C 00 04 00 00 00 C8 0C 01 2C 32 05 14 01 01 01 02 02 05 0A 0A 18 6A 0C 35 04 E2 00 BB 01 17 1E 00 01 08 08 04 04 02 02 02 02 00 
62  0.00000000  GpsDataControl.  IRP_MJ_READ  0000009a  Length 3472
62  0.01510583  TIMEOUT  Length 128: 00 20 0F 01 01 01 01 28 00 00 00 00 00 00 00 00 00 00 00 00 3C 3C 00 04 00 00 00 C8 0C 01 2C 32 05 14 01 01 01 02 02 05 0A 0A 18 6A 0C 35 04 E2 00 BB 01 17 1E 00 01 08 08 04 04 02 02 02 02 00 00 20 0F 01 01 01 01 28 00 00 00 00 00 00 00 00 00 00 00 00 3C 3C 00 04 00 00 00 C8 0C 01 2C 32 05 14 01 01 01 02 02 05 0A 0A 18 6A 0C 35 04 E2 00 BB 01 17 1E 00 01 08 08 04 04 02 02 02 02 00 
63  0.00000000  GpsDataControl.  IRP_MJ_READ  0000009a  Length 3344
63  0.01549638  TIMEOUT  Length 128: 00 20 0F 01 01 01 01 28 00 00 00 00 00 00 00 00 00 00 00 00 3C 3C 00 04 00 00 00 C8 0C 01 2C 32 05 14 01 01 01 02 02 05 0A 0A 18 6A 0C 35 04 E2 00 BB 01 17 1E 00 01 08 08 04 04 02 02 02 02 00 00 20 0F 01 01 01 01 28 00 00 00 00 00 00 00 00 00 00 00 00 3C 3C 00 04 00 00 00 C8 0C 01 2C 32 05 14 01 01 01 02 02 05 0A 0A 18 6A 0C 35 04 E2 00 BB 01 17 1E 00 01 08 08 04 04 02 02 02 02 00 
64  0.00000000  GpsDataControl.  IRP_MJ_READ  0000009a  Length 3216
64  0.01533407  TIMEOUT  Length 128: 00 20 0F 01 01 01 01 28 00 00 00 00 00 00 00 00 00 00 00 00 3C 3C 00 04 00 00 00 C8 0C 01 2C 32 05 14 01 01 01 02 02 05 0A 0A 18 6A 0C 35 04 E2 00 BB 01 17 1E 00 01 08 08 04 04 02 02 02 02 00 00 20 0F 01 01 01 01 28 00 00 00 00 00 00 00 00 00 00 00 00 3C 3C 00 04 00 00 00 C8 0C 01 2C 32 05 14 01 01 01 02 02 05 0A 0A 18 6A 0C 35 04 E2 00 BB 01 17 1E 00 01 08 08 04 04 02 02 02 02 00 
65  0.00000000  GpsDataControl.  IRP_MJ_READ  0000009a  Length 3088
65  0.01553968  TIMEOUT  Length 128: 00 20 0F 01 01 01 01 28 00 00 00 00 00 00 00 00 00 00 00 00 3C 3C 00 04 00 00 00 C8 0C 01 2C 32 05 14 01 01 01 02 02 05 0A 0A 18 6A 0C 35 04 E2 00 BB 01 17 1E 00 01 08 08 04 04 02 02 02 02 00 00 20 0F 01 01 01 01 28 00 00 00 00 00 00 00 00 00 00 00 00 3C 3C 00 04 00 00 00 C8 0C 01 2C 32 05 14 01 01 01 02 02 05 0A 0A 18 6A 0C 35 04 E2 00 BB 01 17 1E 00 01 08 08 04 04 02 02 02 02 00 
66  0.00000000  GpsDataControl.  IRP_MJ_READ  0000009a  Length 2960
66  0.01535363  TIMEOUT  Length 112: 00 20 0F 01 01 01 01 28 00 00 00 00 00 00 00 00 00 00 00 00 3C 3C 00 04 00 00 00 C8 0C 01 2C 32 05 14 01 01 01 02 02 05 0A 0A 18 6A 0C 35 04 E2 00 BB 01 17 1E 00 01 08 08 04 04 02 02 02 02 00 00 20 0F 01 01 01 01 28 00 00 00 00 00 00 00 00 00 00 00 00 3C 3C 00 04 00 00 00 C8 0C 01 2C 32 05 14 01 01 01 02 02 05 0A 0A 18 6A 0C 35 04 E2 
67  0.00000000  GpsDataControl.  IRP_MJ_READ  0000009a  Length 2848
67  0.01529105  TIMEOUT  Length 128: 00 BB 01 17 1E 00 01 08 08 04 04 02 02 02 02 00 00 20 0F 01 01 01 01 28 00 00 00 00 00 00 00 00 00 00 00 00 3C 3C 00 04 00 00 00 C8 0C 01 2C 32 05 14 01 01 01 02 02 05 0A 0A 18 6A 0C 35 04 E2 00 BB 01 17 1E 00 01 08 08 04 04 02 02 02 02 00 00 20 0F 01 01 01 01 28 00 00 00 00 00 00 00 00 00 00 00 00 3C 3C 00 04 00 00 00 C8 0C 01 2C 32 05 14 01 01 01 02 02 05 0A 0A 18 6A 0C 35 04 E2 
68  0.00000000  GpsDataControl.  IRP_MJ_READ  0000009a  Length 2720
68  0.01533128  TIMEOUT  Length 128: 00 BB 01 17 1E 00 01 08 08 04 04 02 02 02 02 00 00 20 0F 01 01 01 01 28 00 00 00 00 00 00 00 00 00 00 00 00 3C 3C 00 04 00 00 00 C8 0C 01 2C 32 05 14 01 01 01 02 02 05 0A 0A 18 6A 0C 35 04 E2 00 BB 01 17 1E 00 01 08 08 04 04 02 02 02 02 00 00 20 0F 01 01 01 01 28 00 00 00 00 00 00 00 00 00 00 00 00 3C 3C 00 04 00 00 00 C8 0C 01 2C 32 05 14 01 01 01 02 02 05 0A 0A 18 6A 0C 35 04 E2 
69  0.00000000  GpsDataControl.  IRP_MJ_READ  0000009a  Length 2592
69  0.01551650  TIMEOUT  Length 128: 00 BB 01 17 1E 00 01 08 08 04 04 02 02 02 02 00 00 20 0F 01 01 01 01 28 00 00 00 00 00 00 00 00 00 00 00 00 3C 3C 00 04 00 00 00 C8 0C 01 2C 32 05 14 01 01 01 02 02 05 0A 0A 18 6A 0C 35 04 E2 00 BB 01 17 1E 00 01 08 08 04 04 02 02 02 02 00 00 20 0F 01 01 01 01 28 00 00 00 00 00 00 00 00 00 00 00 00 3C 3C 00 04 00 00 00 C8 0C 01 2C 32 05 14 01 01 01 02 02 05 0A 0A 18 6A 0C 35 04 E2 
70  0.00000000  GpsDataControl.  IRP_MJ_READ  0000009a  Length 2464
70  0.01532038  TIMEOUT  Length 128: 00 BB 01 17 1E 00 01 08 08 04 04 02 02 02 02 00 00 20 0F 01 01 01 01 28 00 00 00 00 00 00 00 00 00 00 00 00 3C 3C 00 04 00 00 00 C8 0C 01 2C 32 05 14 01 01 01 02 02 05 0A 0A 18 6A 0C 35 04 E2 00 BB 01 17 1E 00 01 08 08 04 04 02 02 02 02 00 00 20 0F 01 01 01 01 28 00 00 00 00 00 00 00 00 00 00 00 00 3C 3C 00 04 00 00 00 C8 0C 01 2C 32 05 14 01 01 01 02 02 05 0A 0A 18 6A 0C 35 04 E2 
71  0.00000000  GpsDataControl.  IRP_MJ_READ  0000009a  Length 2336
71  0.01504940  TIMEOUT  Length 112: 00 BB 01 17 1E 00 01 08 08 04 04 02 02 02 02 00 00 20 0F 01 01 01 01 28 00 00 00 00 00 00 00 00 00 00 00 00 3C 3C 00 04 00 00 00 C8 0C 01 2C 32 05 14 01 01 01 02 02 05 0A 0A 18 6A 0C 35 04 E2 00 BB 01 17 1E 00 01 08 08 04 04 02 02 02 02 00 00 20 0F 01 01 01 01 28 00 00 00 00 00 00 00 00 00 00 00 00 3C 3C 00 04 00 00 00 C8 0C 01 2C 32 
72  0.00000000  GpsDataControl.  IRP_MJ_READ  0000009a  Length 2224
72  0.01502733  TIMEOUT  Length 128: 05 14 01 01 01 02 02 05 0A 0A 18 6A 0C 35 04 E2 00 BB 01 17 1E 00 01 08 08 04 04 02 02 02 02 00 00 20 0F 01 01 01 01 28 00 00 00 00 00 00 00 00 00 00 00 00 3C 3C 00 04 00 00 00 C8 0C 01 2C 32 05 14 01 01 01 02 02 05 0A 0A 18 6A 0C 35 04 E2 00 BB 01 17 1E 00 01 08 08 04 04 02 02 02 02 00 00 20 0F 01 01 01 01 28 00 00 00 00 00 00 00 00 00 00 00 00 3C 3C 00 04 00 00 00 C8 0C 01 2C 32 
73  0.00000000  GpsDataControl.  IRP_MJ_READ  0000009a  Length 2096
73  0.01509521  TIMEOUT  Length 128: 05 14 01 01 01 02 02 05 0A 0A 18 6A 0C 35 04 E2 00 BB 01 17 1E 00 01 08 08 04 04 02 02 02 02 00 00 20 0F 01 01 01 01 28 00 00 00 00 00 00 00 00 00 00 00 00 00 00 00 00 00 00 00 00 00 00 00 00 00 00 00 00 00 00 00 00 00 00 00 00 00 00 00 00 00 00 00 00 00 00 00 00 00 00 00 00 00 00 00 00 00 00 00 00 00 00 00 00 00 00 00 00 00 00 00 00 00 00 00 00 00 00 00 00 00 00 00 00 00 00 00 00 
74  0.00000000  GpsDataControl.  IRP_MJ_READ  0000009a  Length 1968
74  0.01534832  TIMEOUT  Length 128: 00 00 00 00 00 00 00 00 00 00 00 00 00 00 00 00 00 00 00 00 00 00 00 00 00 00 00 00 00 00 00 00 00 00 00 00 00 00 00 00 00 00 00 00 00 00 00 00 00 00 00 00 00 00 00 00 00 00 00 00 00 00 00 00 00 00 00 00 00 00 00 00 00 00 00 00 00 00 00 00 00 00 00 00 00 00 00 00 00 00 00 00 00 00 00 00 00 00 00 00 00 00 00 00 00 00 00 00 00 00 00 00 00 00 00 00 00 00 00 00 00 00 00 00 00 00 00 00 
75  0.00000000  GpsDataControl.  IRP_MJ_READ  0000009a  Length 1840
75  0.01548856  TIMEOUT  Length 128: 00 00 00 00 00 00 00 00 00 00 00 00 00 00 00 00 00 00 00 00 00 00 00 00 00 00 00 00 00 00 00 00 00 00 00 00 00 00 00 00 00 00 00 00 00 00 00 00 A0 A2 00 19 80 FF D2 7B EB 00 4B C8 62 00 28 92 AF 00 01 77 00 01 3A 18 84 05 A7 0C 88 09 24 B0 B3 00 00 00 00 00 00 00 00 00 00 00 00 00 00 00 00 00 00 00 00 00 00 00 00 00 00 00 00 00 00 00 00 00 00 00 00 00 00 00 00 00 00 00 00 00 00 00 
76  0.00000000  GpsDataControl.  IRP_MJ_READ  0000009a  Length 1712
76  0.01530614  TIMEOUT  Length 128: 00 00 00 00 00 00 00 00 00 00 00 00 00 00 00 00 00 00 00 00 00 00 00 00 00 00 00 00 00 00 00 00 00 00 00 00 00 00 00 00 00 00 00 00 00 00 00 00 00 00 00 00 00 00 00 00 00 00 00 00 00 00 00 00 00 00 00 00 00 00 00 00 00 00 00 00 00 00 00 00 00 00 00 00 00 00 00 00 00 00 00 00 00 00 00 00 00 00 00 00 00 00 00 00 00 00 00 00 00 00 00 00 00 00 00 00 00 00 00 00 00 00 00 00 00 00 00 00 
77  0.00000000  GpsDataControl.  IRP_MJ_READ  0000009a  Length 1584
77  0.01289270  TIMEOUT  Length 112: 00 00 00 00 00 00 00 00 00 00 00 00 00 00 00 00 00 00 00 00 00 00 00 00 00 00 00 00 00 00 00 00 00 00 00 00 00 00 00 00 00 00 00 00 00 00 00 00 32 11 A0 A2 00 09 97 00 00 00 C8 00 00 00 C8 02 27 B0 B3 00 00 00 00 00 00 00 00 00 00 00 00 00 32 17 A0 A2 00 0F A7 00 00 03 E8 00 2D C6 C0 00 00 07 08 00 01 03 19 B0 B3 00 00 00 00 00 00 00 
78  0.00000000  GpsDataControl.  IRP_MJ_READ  0000009a  Length 1472
78  0.01533603  TIMEOUT  Length 128: 32 00 00 00 00 00 00 00 00 00 00 00 00 00 00 00 00 00 00 00 00 00 00 00 00 00 00 00 00 00 00 00 00 00 00 00 00 00 00 00 00 00 00 00 00 00 00 00 00 00 00 00 00 00 00 00 00 00 00 00 00 00 00 00 00 00 00 00 00 00 00 00 00 00 00 00 00 00 00 00 00 00 00 00 00 00 00 00 00 00 00 00 00 00 00 00 00 00 00 00 00 00 00 00 00 00 00 00 00 00 00 00 00 00 00 00 00 00 00 00 00 00 00 00 00 00 00 00 
79  0.00000000  GpsDataControl.  IRP_MJ_READ  0000009a  Length 1344
79  0.01547487  TIMEOUT  Length 128: 00 00 00 00 00 00 00 00 00 00 00 00 00 00 00 00 00 00 00 00 00 00 00 00 00 00 00 00 00 00 00 00 00 00 00 00 00 00 00 00 00 00 00 00 00 00 00 00 00 00 00 00 00 00 00 00 00 00 00 00 00 00 00 00 00 00 00 00 00 00 00 00 00 00 00 00 00 00 00 00 00 00 00 00 00 00 00 00 00 00 00 00 00 00 00 00 00 00 00 00 00 00 00 00 00 00 00 00 00 00 00 00 00 00 00 00 00 00 00 00 00 00 00 00 00 00 00 00 
80  0.00000000  GpsDataControl.  IRP_MJ_READ  0000009a  Length 1216
80  0.01533994  TIMEOUT  Length 128: 00 00 00 00 00 00 00 00 00 00 00 00 00 00 00 00 00 00 00 00 00 00 00 00 00 00 00 00 00 00 00 00 00 00 00 00 00 00 00 00 00 00 00 00 00 00 00 00 00 00 00 00 00 00 00 00 00 00 00 00 00 00 00 00 00 00 00 00 00 00 00 00 00 00 00 00 00 00 00 00 00 00 00 00 00 00 00 00 00 00 00 00 00 00 00 00 00 00 00 00 00 00 00 00 00 00 00 00 00 00 00 00 00 00 00 00 00 00 00 00 00 00 00 00 00 00 00 00 
81  0.00000000  GpsDataControl.  IRP_MJ_READ  0000009a  Length 1088
81  0.01528183  TIMEOUT  Length 128: 00 00 00 00 00 00 00 00 00 00 00 00 00 00 00 00 00 00 00 00 00 00 00 00 00 00 00 00 00 00 00 00 00 00 00 00 00 00 00 00 00 00 00 00 00 00 00 00 00 00 00 00 00 00 00 00 00 00 00 00 00 00 00 00 00 00 00 00 00 00 00 00 00 00 00 00 00 00 00 00 00 00 00 00 00 00 00 00 00 00 00 00 00 00 00 00 00 00 00 00 00 00 00 00 00 00 00 00 00 00 00 00 00 00 00 00 00 00 00 00 00 00 00 00 00 00 00 00 
82  0.00000000  GpsDataControl.  IRP_MJ_READ  0000009a  Length 960
82  0.01533351  TIMEOUT  Length 112: 00 00 00 00 00 00 00 00 00 00 00 00 00 00 00 00 00 00 00 00 00 00 00 00 00 00 00 00 00 00 00 00 00 00 00 00 00 00 00 00 00 00 00 00 00 00 00 00 00 00 00 00 00 00 00 00 00 00 00 00 00 00 00 00 00 00 00 00 00 00 00 00 00 00 00 00 00 00 00 00 00 00 00 00 00 00 00 00 00 00 00 00 00 00 00 00 00 00 00 00 00 00 00 00 00 00 00 00 00 00 00 00 
83  0.00000000  GpsDataControl.  IRP_MJ_READ  0000009a  Length 848
83  0.01456973  TIMEOUT  Length 128: 00 00 00 00 00 00 00 00 00 00 00 00 00 00 00 00 00 00 00 00 00 00 00 00 00 00 00 00 00 00 00 00 00 00 00 00 00 00 00 00 00 00 00 00 00 00 00 00 00 00 00 00 00 00 00 00 00 00 00 00 00 00 00 00 00 00 00 00 00 00 00 00 00 00 00 00 00 00 00 00 00 00 00 00 00 00 00 00 00 00 00 00 00 00 00 00 00 00 00 00 00 00 00 00 00 00 00 00 00 00 00 00 00 00 00 00 00 00 00 00 00 00 00 00 00 00 00 00 
84  0.00000000  GpsDataControl.  IRP_MJ_READ  0000009a  Length 720
84  0.01532122  TIMEOUT  Length 128: 00 00 00 00 00 00 00 00 00 00 00 00 00 00 00 00 00 00 00 00 00 00 00 00 00 00 00 00 00 00 00 00 00 00 00 00 00 00 00 00 00 00 00 00 00 00 00 00 00 00 00 00 00 00 00 00 00 00 00 00 00 00 00 00 00 00 00 00 00 00 00 00 00 00 00 00 00 00 00 00 00 00 00 00 00 00 00 00 00 00 00 00 00 00 00 00 00 00 00 00 00 00 00 00 00 00 00 00 00 00 00 00 00 00 00 00 00 00 00 00 00 00 00 00 00 00 00 00 
85  0.00000000  GpsDataControl.  IRP_MJ_READ  0000009a  Length 592
85  0.01550225  TIMEOUT  Length 128: 00 00 00 00 00 00 00 00 00 00 00 00 00 00 00 00 00 00 00 00 00 00 00 00 00 00 00 00 00 00 00 00 00 00 00 00 00 00 00 00 00 00 00 00 00 00 00 00 00 00 00 00 00 00 00 00 00 00 00 00 00 00 00 00 00 00 00 00 00 00 00 00 00 00 00 00 00 00 00 00 00 00 00 00 00 00 00 00 00 00 00 00 00 00 00 00 00 00 00 00 00 00 00 00 00 00 00 00 00 00 00 00 00 00 00 00 00 00 00 00 00 00 00 00 00 00 00 00 
86  0.00000000  GpsDataControl.  IRP_MJ_READ  0000009a  Length 464
86  0.01534553  TIMEOUT  Length 128: 00 00 00 00 00 00 00 00 00 00 00 00 00 00 00 00 00 00 00 00 00 00 00 00 00 00 00 00 00 00 00 00 00 00 00 00 00 00 00 00 00 00 00 00 00 00 00 00 00 00 00 00 00 00 00 00 00 00 00 00 00 00 00 00 00 00 00 00 00 00 00 00 00 00 00 00 00 00 00 00 00 00 00 00 00 00 00 00 00 00 00 00 00 00 00 00 00 00 00 00 00 00 00 00 00 00 00 00 00 00 00 00 00 00 00 00 00 00 00 00 00 00 00 00 00 00 00 00 
87  0.00000000  GpsDataControl.  IRP_MJ_READ  0000009a  Length 336
87  0.01548130  TIMEOUT  Length 112: 00 00 00 00 00 00 00 00 00 00 00 00 00 00 00 00 00 00 00 00 00 00 00 00 00 00 00 00 00 00 00 00 00 00 00 00 00 00 00 00 00 00 00 00 00 00 00 00 00 00 00 00 00 00 00 00 00 00 00 00 00 00 00 00 00 00 00 00 00 00 00 00 00 00 00 00 00 00 00 00 00 00 00 00 00 00 00 00 00 00 00 00 00 00 00 00 00 00 00 00 00 00 00 00 00 00 00 00 00 00 00 00 
88  0.00000000  GpsDataControl.  IRP_MJ_READ  0000009a  Length 224
88  0.01532094  TIMEOUT  Length 128: 00 00 00 00 00 00 00 00 00 00 00 00 00 00 00 00 00 00 00 00 00 00 00 00 00 00 00 00 00 00 00 00 00 00 00 00 00 00 00 00 00 00 00 00 00 00 00 00 00 00 00 00 00 00 00 00 00 00 00 00 00 00 00 00 00 00 00 00 00 00 00 00 00 00 00 00 00 00 00 00 00 00 00 00 00 00 00 00 00 00 00 00 00 00 00 00 00 00 00 00 00 00 00 00 00 00 00 00 00 00 00 00 00 00 00 00 00 00 00 00 00 00 00 00 00 00 00 00 
89  0.00000000  GpsDataControl.  IRP_MJ_READ  0000009a  Length 96
89  0.00996859  SUCCESS  Length 96: 00 00 00 00 00 00 00 00 00 00 00 00 00 00 00 00 00 00 00 00 00 00 00 00 00 00 00 00 00 00 00 00 00 00 00 00 00 00 00 00 00 00 00 00 00 00 00 00 00 00 00 00 00 00 00 00 00 00 00 00 00 00 00 00 00 00 00 00 00 00 00 00 00 00 00 00 00 00 00 00 00 01 02 03 04 05 06 07 08 09 0A 0B 0C 0D 0E 0F 
90  0.00000000  GpsDataControl.  IOCTL_SERIAL_PURGE  0000009a  Purge: TXCLEAR RXCLEAR
90  0.00000335  SUCCESS  
91  0.00000000  GpsDataControl.  IRP_MJ_WRITE  0000009a  Length 8: 93 05 04 00 03 01 9F 00 
91  0.00086631  SUCCESS  
92  0.00000000  GpsDataControl.  IRP_MJ_READ  0000009a  Length 3
92  0.00099258  SUCCESS  Length 3: 93 00 00 
93  0.00000000  GpsDataControl.  IRP_MJ_WRITE  0000009a  Length 8: 00 00 00 00 00 00 00 C1 
93  0.00095738  SUCCESS  
94  0.00000000  GpsDataControl.  IRP_MJ_READ  0000009a  Length 6
94  0.00218631  TIMEOUT  Length 3: 93 00 03 
95  0.00000000  GpsDataControl.  IRP_MJ_READ  0000009a  Length 3
95  0.00060734  SUCCESS  Length 3: C2 20 14 
96  0.00000000  GpsDataControl.  IOCTL_SERIAL_PURGE  0000009a  Purge: TXCLEAR RXCLEAR
96  0.00000196  SUCCESS  
97  0.00000000  GpsDataControl.  IRP_MJ_WRITE  0000009a  Length 8: 93 0A 00 00 00 00 00 00 
97  0.00094286  SUCCESS  
98  0.00000000  GpsDataControl.  IRP_MJ_READ  0000009a  Length 3
98  0.00099370  SUCCESS  Length 3: 93 00 00 
99  0.00000000  GpsDataControl.  IRP_MJ_WRITE  0000009a  Length 8: 00 00 00 00 00 00 00 63 
99  0.00095822  SUCCESS  
100  0.00000000  GpsDataControl.  IRP_MJ_READ  0000009a  Length 13
100  0.00099398  SUCCESS  Length 13: 93 00 0A 5F 32 03 00 02 0B 00 02 11 00 
101  0.00000000  GpsDataControl.  IOCTL_SERIAL_PURGE  0000009a  Purge: TXCLEAR RXCLEAR
101  0.00000643  SUCCESS  
102  0.00000000  GpsDataControl.  IRP_MJ_WRITE  0000009a  Length 8: 93 0B 03 00 1D 00 00 00 
102  0.00037463  SUCCESS  
103  0.00000000  GpsDataControl.  IRP_MJ_READ  0000009a  Length 3
103  0.00000447  SUCCESS  Length 3: 93 00 00 
104  0.00000000  GpsDataControl.  IRP_MJ_WRITE  0000009a  Length 8: 00 00 00 00 00 00 00 42 
104  0.00091660  SUCCESS  
105  0.00000000  GpsDataControl.  IRP_MJ_READ  0000009a  Length 6
105  0.00299256  SUCCESS  Length 6: 93 00 03 A5 00 00 
106  0.00000000  GpsDataControl.  IOCTL_SERIAL_PURGE  0000009a  Purge: TXCLEAR RXCLEAR
106  0.00000615  SUCCESS  
107  0.00000000  GpsDataControl.  IRP_MJ_WRITE  0000009a  Length 8: 93 05 07 10 00 04 03 00 
107  0.00070791  SUCCESS  
108  0.00000000  GpsDataControl.  IRP_MJ_READ  0000009a  Length 3
108  0.00000391  SUCCESS  Length 3: 93 00 00 
109  0.00000000  GpsDataControl.  IRP_MJ_WRITE  0000009a  Length 8: 00 00 00 00 00 00 00 4A 
109  0.00091380  SUCCESS  
110  0.00000000  GpsDataControl.  IRP_MJ_READ  0000009a  Length 4099
110  0.00958921  TIMEOUT  Length 67: 93 10 00 01 0D 34 00 FF 0F FF 3C 00 F1 FF FF FF FF FF FF FF FF FF FF FF FF FF FF FF FF FF FF FF FF FF FF FF FF FF FF FF FF FF FF FF FF FF FF FF FF FF FF FF FF FF FF FF FF FF FF FF FF FF FF FF FF FF FF 
111  0.00000000  GpsDataControl.  IRP_MJ_READ  0000009a  Length 4032
111  0.01531396  TIMEOUT  Length 128: FF FF FF FF FF FF FF FF FF FF FF FF FF FF FF FF FF FF FF FF FF FF FF FF FF FF FF FF FF FF FF FF FF FF FF FF FF FF FF FF FF FF FF FF FF FF FF FF FF FF FF FF FF FF FF FF FF FF FF FF FF FF FF FF FF FF FF FF FF FF FF FF FF FF FF FF FF FF FF FF FF FF FF FF FF FF FF FF FF FF FF FF FF FF FF FF FF FF FF FF FF FF FF FF FF FF FF FF FF FF FF FF FF FF FF FF FF FF FF FF FF FF FF FF FF FF FF FF 
112  0.00000000  GpsDataControl.  IRP_MJ_READ  0000009a  Length 3904
112  0.01552627  TIMEOUT  Length 112: FF FF FF FF FF FF FF FF FF FF FF FF FF FF FF FF FF FF FF FF FF FF FF FF FF FF FF FF FF FF FF FF FF FF FF FF FF FF FF FF FF FF FF FF FF FF FF FF FF FF FF FF FF FF FF FF FF FF FF FF FF FF FF FF 00 00 00 00 3C 3C 00 04 00 00 00 C8 0C 01 2C 32 05 14 01 01 01 02 02 05 0A 0A 18 6A 0C 35 04 E2 00 BB 01 17 1E 00 01 08 08 04 04 02 02 02 02 00 
113  0.00000000  GpsDataControl.  IRP_MJ_READ  0000009a  Length 3792
113  0.01532150  TIMEOUT  Length 128: 00 20 0F 01 01 01 01 28 00 00 00 00 00 00 00 00 00 00 00 00 3C 3C 00 04 00 00 00 C8 0C 01 2C 32 05 14 01 01 01 02 02 05 0A 0A 18 6A 0C 35 04 E2 00 BB 01 17 1E 00 01 08 08 04 04 02 02 02 02 00 00 20 0F 01 01 01 01 28 00 00 00 00 00 00 00 00 00 00 00 00 3C 3C 00 04 00 00 00 C8 0C 01 2C 32 05 14 01 01 01 02 02 05 0A 0A 18 6A 0C 35 04 E2 00 BB 01 17 1E 00 01 08 08 04 04 02 02 02 02 00 
114  0.00000000  GpsDataControl.  IRP_MJ_READ  0000009a  Length 3664
114  0.01548046  TIMEOUT  Length 128: 00 20 0F 01 01 01 01 28 00 00 00 00 00 00 00 00 00 00 00 00 3C 3C 00 04 00 00 00 C8 0C 01 2C 32 05 14 01 01 01 02 02 05 0A 0A 18 6A 0C 35 04 E2 00 BB 01 17 1E 00 01 08 08 04 04 02 02 02 02 00 00 20 0F 01 01 01 01 28 00 00 00 00 00 00 00 00 00 00 00 00 3C 3C 00 04 00 00 00 C8 0C 01 2C 32 05 14 01 01 01 02 02 05 0A 0A 18 6A 0C 35 04 E2 00 BB 01 17 1E 00 01 08 08 04 04 02 02 02 02 00 
115  0.00000000  GpsDataControl.  IRP_MJ_READ  0000009a  Length 3536
115  0.01534050  TIMEOUT  Length 128: 00 20 0F 01 01 01 01 28 00 00 00 00 00 00 00 00 00 00 00 00 3C 3C 00 04 00 00 00 C8 0C 01 2C 32 05 14 01 01 01 02 02 05 0A 0A 18 6A 0C 35 04 E2 00 BB 01 17 1E 00 01 08 08 04 04 02 02 02 02 00 00 20 0F 01 01 01 01 28 00 00 00 00 00 00 00 00 00 00 00 00 3C 3C 00 04 00 00 00 C8 0C 01 2C 32 05 14 01 01 01 02 02 05 0A 0A 18 6A 0C 35 04 E2 00 BB 01 17 1E 00 01 08 08 04 04 02 02 02 02 00 
116  0.00000000  GpsDataControl.  IRP_MJ_READ  0000009a  Length 3408
116  0.01549834  TIMEOUT  Length 128: 00 20 0F 01 01 01 01 28 00 00 00 00 00 00 00 00 00 00 00 00 3C 3C 00 04 00 00 00 C8 0C 01 2C 32 05 14 01 01 01 02 02 05 0A 0A 18 6A 0C 35 04 E2 00 BB 01 17 1E 00 01 08 08 04 04 02 02 02 02 00 00 20 0F 01 01 01 01 28 00 00 00 00 00 00 00 00 00 00 00 00 3C 3C 00 04 00 00 00 C8 0C 01 2C 32 05 14 01 01 01 02 02 05 0A 0A 18 6A 0C 35 04 E2 00 BB 01 17 1E 00 01 08 08 04 04 02 02 02 02 00 
117  0.00000000  GpsDataControl.  IRP_MJ_READ  0000009a  Length 3280
117  0.01531061  TIMEOUT  Length 112: 00 20 0F 01 01 01 01 28 00 00 00 00 00 00 00 00 00 00 00 00 3C 3C 00 04 00 00 00 C8 0C 01 2C 32 05 14 01 01 01 02 02 05 0A 0A 18 6A 0C 35 04 E2 00 BB 01 17 1E 00 01 08 08 04 04 02 02 02 02 00 00 20 0F 01 01 01 01 28 00 00 00 00 00 00 00 00 00 00 00 00 3C 3C 00 04 00 00 00 C8 0C 01 2C 32 05 14 01 01 01 02 02 05 0A 0A 18 6A 0C 35 04 E2 
118  0.00000000  GpsDataControl.  IRP_MJ_READ  0000009a  Length 3168
118  0.01510471  TIMEOUT  Length 128: 00 BB 01 17 1E 00 01 08 08 04 04 02 02 02 02 00 00 20 0F 01 01 01 01 28 00 00 00 00 00 00 00 00 00 00 00 00 3C 3C 00 04 00 00 00 C8 0C 01 2C 32 05 14 01 01 01 02 02 05 0A 0A 18 6A 0C 35 04 E2 00 BB 01 17 1E 00 01 08 08 04 04 02 02 02 02 00 00 20 0F 01 01 01 01 28 00 00 00 00 00 00 00 00 00 00 00 00 3C 3C 00 04 00 00 00 C8 0C 01 2C 32 05 14 01 01 01 02 02 05 0A 0A 18 6A 0C 35 04 E2 
119  0.00000000  GpsDataControl.  IRP_MJ_READ  0000009a  Length 3040
119  0.01521283  TIMEOUT  Length 128: 00 BB 01 17 1E 00 01 08 08 04 04 02 02 02 02 00 00 20 0F 01 01 01 01 28 00 00 00 00 00 00 00 00 00 00 00 00 3C 3C 00 04 00 00 00 C8 0C 01 2C 32 05 14 01 01 01 02 02 05 0A 0A 18 6A 0C 35 04 E2 00 BB 01 17 1E 00 01 08 08 04 04 02 02 02 02 00 00 20 0F 01 01 01 01 28 00 00 00 00 00 00 00 00 00 00 00 00 3C 3C 00 04 00 00 00 C8 0C 01 2C 32 05 14 01 01 01 02 02 05 0A 0A 18 6A 0C 35 04 E2 
120  0.00000000  GpsDataControl.  IRP_MJ_READ  0000009a  Length 2912
120  0.01551734  TIMEOUT  Length 128: 00 BB 01 17 1E 00 01 08 08 04 04 02 02 02 02 00 00 20 0F 01 01 01 01 28 00 00 00 00 00 00 00 00 00 00 00 00 3C 3C 00 04 00 00 00 C8 0C 01 2C 32 05 14 01 01 01 02 02 05 0A 0A 18 6A 0C 35 04 E2 00 BB 01 17 1E 00 01 08 08 04 04 02 02 02 02 00 00 20 0F 01 01 01 01 28 00 00 00 00 00 00 00 00 00 00 00 00 3C 3C 00 04 00 00 00 C8 0C 01 2C 32 05 14 01 01 01 02 02 05 0A 0A 18 6A 0C 35 04 E2 
121  0.00000000  GpsDataControl.  IRP_MJ_READ  0000009a  Length 2784
121  0.01535921  TIMEOUT  Length 128: 00 BB 01 17 1E 00 01 08 08 04 04 02 02 02 02 00 00 20 0F 01 01 01 01 28 00 00 00 00 00 00 00 00 00 00 00 00 3C 3C 00 04 00 00 00 C8 0C 01 2C 32 05 14 01 01 01 02 02 05 0A 0A 18 6A 0C 35 04 E2 00 BB 01 17 1E 00 01 08 08 04 04 02 02 02 02 00 00 20 0F 01 01 01 01 28 00 00 00 00 00 00 00 00 00 00 00 00 3C 3C 00 04 00 00 00 C8 0C 01 2C 32 05 14 01 01 01 02 02 05 0A 0A 18 6A 0C 35 04 E2 
122  0.00000000  GpsDataControl.  IRP_MJ_READ  0000009a  Length 2656
122  0.01550840  TIMEOUT  Length 128: 00 BB 01 17 1E 00 01 08 08 04 04 02 02 02 02 00 00 20 0F 01 01 01 01 28 00 00 00 00 00 00 00 00 00 00 00 00 3C 3C 00 04 00 00 00 C8 0C 01 2C 32 05 14 01 01 01 02 02 05 0A 0A 18 6A 0C 35 04 E2 00 BB 01 17 1E 00 01 08 08 04 04 02 02 02 02 00 00 20 0F 01 01 01 01 28 00 00 00 00 00 00 00 00 00 00 00 00 3C 3C 00 04 00 00 00 C8 0C 01 2C 32 05 14 01 01 01 02 02 05 0A 0A 18 6A 0C 35 04 E2 
123  0.00000000  GpsDataControl.  IRP_MJ_READ  0000009a  Length 2528
123  0.01533379  TIMEOUT  Length 112: 00 BB 01 17 1E 00 01 08 08 04 04 02 02 02 02 00 00 20 0F 01 01 01 01 28 00 00 00 00 00 00 00 00 00 00 00 00 3C 3C 00 04 00 00 00 C8 0C 01 2C 32 05 14 01 01 01 02 02 05 0A 0A 18 6A 0C 35 04 E2 00 BB 01 17 1E 00 01 08 08 04 04 02 02 02 02 00 00 20 0F 01 01 01 01 28 00 00 00 00 00 00 00 00 00 00 00 00 3C 3C 00 04 00 00 00 C8 0C 01 2C 32 
124  0.00000000  GpsDataControl.  IRP_MJ_READ  0000009a  Length 2416
124  0.01553410  TIMEOUT  Length 128: 05 14 01 01 01 02 02 05 0A 0A 18 6A 0C 35 04 E2 00 BB 01 17 1E 00 01 08 08 04 04 02 02 02 02 00 00 20 0F 01 01 01 01 28 00 00 00 00 00 00 00 00 00 00 00 00 3C 3C 00 04 00 00 00 C8 0C 01 2C 32 05 14 01 01 01 02 02 05 0A 0A 18 6A 0C 35 04 E2 00 BB 01 17 1E 00 01 08 08 04 04 02 02 02 02 00 00 20 0F 01 01 01 01 28 00 00 00 00 00 00 00 00 00 00 00 00 3C 3C 00 04 00 00 00 C8 0C 01 2C 32 
125  0.00000000  GpsDataControl.  IRP_MJ_READ  0000009a  Length 2288
125  0.01535670  TIMEOUT  Length 128: 05 14 01 01 01 02 02 05 0A 0A 18 6A 0C 35 04 E2 00 BB 01 17 1E 00 01 08 08 04 04 02 02 02 02 00 00 20 0F 01 01 01 01 28 00 00 00 00 00 00 00 00 00 00 00 00 3C 3C 00 04 00 00 00 C8 0C 01 2C 32 05 14 01 01 01 02 02 05 0A 0A 18 6A 0C 35 04 E2 00 BB 01 17 1E 00 01 08 08 04 04 02 02 02 02 00 00 20 0F 01 01 01 01 28 00 00 00 00 00 00 00 00 00 00 00 00 3C 3C 00 04 00 00 00 C8 0C 01 2C 32 
126  0.00000000  GpsDataControl.  IRP_MJ_READ  0000009a  Length 2160
126  0.01552069  TIMEOUT  Length 128: 05 14 01 01 01 02 02 05 0A 0A 18 6A 0C 35 04 E2 00 BB 01 17 1E 00 01 08 08 04 04 02 02 02 02 00 00 20 0F 01 01 01 01 28 00 00 00 00 00 00 00 00 00 00 00 00 3C 3C 00 04 00 00 00 C8 0C 01 2C 32 05 14 01 01 01 02 02 05 0A 0A 18 6A 0C 35 04 E2 00 BB 01 17 1E 00 01 08 08 04 04 02 02 02 02 00 00 20 0F 01 01 01 01 28 00 00 00 00 00 00 00 00 00 00 00 00 00 00 00 00 00 00 00 00 00 00 00 00 
127  0.00000000  GpsDataControl.  IRP_MJ_READ  0000009a  Length 2032
127  0.01534245  TIMEOUT  Length 128: 00 00 00 00 00 00 00 00 00 00 00 00 00 00 00 00 00 00 00 00 00 00 00 00 00 00 00 00 00 00 00 00 00 00 00 00 00 00 00 00 00 00 00 00 00 00 00 00 00 00 00 00 00 00 00 00 00 00 00 00 00 00 00 00 00 00 00 00 00 00 00 00 00 00 00 00 00 00 00 00 00 00 00 00 00 00 00 00 00 00 00 00 00 00 00 00 00 00 00 00 00 00 00 00 00 00 00 00 00 00 00 00 00 00 00 00 00 00 00 00 00 00 00 00 00 00 00 00 
128  0.00000000  GpsDataControl.  IRP_MJ_READ  0000009a  Length 1904
128  0.01454459  TIMEOUT  Length 112: 00 00 00 00 00 00 00 00 00 00 00 00 00 00 00 00 00 00 00 00 00 00 00 00 00 00 00 00 00 00 00 00 00 00 00 00 00 00 00 00 00 00 00 00 00 00 00 00 00 00 00 00 00 00 00 00 00 00 00 00 00 00 00 00 00 00 00 00 00 00 00 00 00 00 00 00 00 00 00 00 00 00 00 00 00 00 00 00 00 00 00 00 00 00 00 00 00 00 00 00 00 00 00 00 00 00 00 00 00 00 00 00 
129  0.00000000  GpsDataControl.  IRP_MJ_READ  0000009a  Length 1792
129  0.01530809  TIMEOUT  Length 128: A0 A2 00 19 80 FF D2 7B EB 00 4B C8 62 00 28 92 AF 00 01 77 00 01 3A 18 84 05 A7 0C 88 09 24 B0 B3 00 00 00 00 00 00 00 00 00 00 00 00 00 00 00 00 00 00 00 00 00 00 00 00 00 00 00 00 00 00 00 00 00 00 00 00 00 00 00 00 00 00 00 00 00 00 00 00 00 00 00 00 00 00 00 00 00 00 00 00 00 00 00 00 00 00 00 00 00 00 00 00 00 00 00 00 00 00 00 00 00 00 00 00 00 00 00 00 00 00 00 00 00 00 00 
130  0.00000000  GpsDataControl.  IRP_MJ_READ  0000009a  Length 1664
130  0.01544274  TIMEOUT  Length 128: 00 00 00 00 00 00 00 00 00 00 00 00 00 00 00 00 00 00 00 00 00 00 00 00 00 00 00 00 00 00 00 00 00 00 00 00 00 00 00 00 00 00 00 00 00 00 00 00 00 00 00 00 00 00 00 00 00 00 00 00 00 00 00 00 00 00 00 00 00 00 00 00 00 00 00 00 00 00 00 00 00 00 00 00 00 00 00 00 00 00 00 00 00 00 00 00 00 00 00 00 00 00 00 00 00 00 00 00 00 00 00 00 00 00 00 00 00 00 00 00 00 00 00 00 00 00 00 00 
131  0.00000000  GpsDataControl.  IRP_MJ_READ  0000009a  Length 1536
131  0.01529049  TIMEOUT  Length 128: 32 11 A0 A2 00 09 97 00 00 00 C8 00 00 00 C8 02 27 B0 B3 00 00 00 00 00 00 00 00 00 00 00 00 00 32 17 A0 A2 00 0F A7 00 00 03 E8 00 2D C6 C0 00 00 07 08 00 01 03 19 B0 B3 00 00 00 00 00 00 00 32 00 00 00 00 00 00 00 00 00 00 00 00 00 00 00 00 00 00 00 00 00 00 00 00 00 00 00 00 00 00 00 00 00 00 00 00 00 00 00 00 00 00 00 00 00 00 00 00 00 00 00 00 00 00 00 00 00 00 00 00 00 00 00 
132  0.00000000  GpsDataControl.  IRP_MJ_READ  0000009a  Length 1408
132  0.01546426  TIMEOUT  Length 128: 00 00 00 00 00 00 00 00 00 00 00 00 00 00 00 00 00 00 00 00 00 00 00 00 00 00 00 00 00 00 00 00 00 00 00 00 00 00 00 00 00 00 00 00 00 00 00 00 00 00 00 00 00 00 00 00 00 00 00 00 00 00 00 00 00 00 00 00 00 00 00 00 00 00 00 00 00 00 00 00 00 00 00 00 00 00 00 00 00 00 00 00 00 00 00 00 00 00 00 00 00 00 00 00 00 00 00 00 00 00 00 00 00 00 00 00 00 00 00 00 00 00 00 00 00 00 00 00 
133  0.00000000  GpsDataControl.  IRP_MJ_READ  0000009a  Length 1280
133  0.01534581  TIMEOUT  Length 128: 00 00 00 00 00 00 00 00 00 00 00 00 00 00 00 00 00 00 00 00 00 00 00 00 00 00 00 00 00 00 00 00 00 00 00 00 00 00 00 00 00 00 00 00 00 00 00 00 00 00 00 00 00 00 00 00 00 00 00 00 00 00 00 00 00 00 00 00 00 00 00 00 00 00 00 00 00 00 00 00 00 00 00 00 00 00 00 00 00 00 00 00 00 00 00 00 00 00 00 00 00 00 00 00 00 00 00 00 00 00 00 00 00 00 00 00 00 00 00 00 00 00 00 00 00 00 00 00 
134  0.00000000  GpsDataControl.  IRP_MJ_READ  0000009a  Length 1152
134  0.01544219  TIMEOUT  Length 112: 00 00 00 00 00 00 00 00 00 00 00 00 00 00 00 00 00 00 00 00 00 00 00 00 00 00 00 00 00 00 00 00 00 00 00 00 00 00 00 00 00 00 00 00 00 00 00 00 00 00 00 00 00 00 00 00 00 00 00 00 00 00 00 00 00 00 00 00 00 00 00 00 00 00 00 00 00 00 00 00 00 00 00 00 00 00 00 00 00 00 00 00 00 00 00 00 00 00 00 00 00 00 00 00 00 00 00 00 00 00 00 00 
135  0.00000000  GpsDataControl.  IRP_MJ_READ  0000009a  Length 1040
135  0.01535810  TIMEOUT  Length 128: 00 00 00 00 00 00 00 00 00 00 00 00 00 00 00 00 00 00 00 00 00 00 00 00 00 00 00 00 00 00 00 00 00 00 00 00 00 00 00 00 00 00 00 00 00 00 00 00 00 00 00 00 00 00 00 00 00 00 00 00 00 00 00 00 00 00 00 00 00 00 00 00 00 00 00 00 00 00 00 00 00 00 00 00 00 00 00 00 00 00 00 00 00 00 00 00 00 00 00 00 00 00 00 00 00 00 00 00 00 00 00 00 00 00 00 00 00 00 00 00 00 00 00 00 00 00 00 00 
136  0.00000000  GpsDataControl.  IRP_MJ_READ  0000009a  Length 912
136  0.01533016  TIMEOUT  Length 128: 00 00 00 00 00 00 00 00 00 00 00 00 00 00 00 00 00 00 00 00 00 00 00 00 00 00 00 00 00 00 00 00 00 00 00 00 00 00 00 00 00 00 00 00 00 00 00 00 00 00 00 00 00 00 00 00 00 00 00 00 00 00 00 00 00 00 00 00 00 00 00 00 00 00 00 00 00 00 00 00 00 00 00 00 00 00 00 00 00 00 00 00 00 00 00 00 00 00 00 00 00 00 00 00 00 00 00 00 00 00 00 00 00 00 00 00 00 00 00 00 00 00 00 00 00 00 00 00 
137  0.00000000  GpsDataControl.  IRP_MJ_READ  0000009a  Length 784
137  0.01533156  TIMEOUT  Length 128: 00 00 00 00 00 00 00 00 00 00 00 00 00 00 00 00 00 00 00 00 00 00 00 00 00 00 00 00 00 00 00 00 00 00 00 00 00 00 00 00 00 00 00 00 00 00 00 00 00 00 00 00 00 00 00 00 00 00 00 00 00 00 00 00 00 00 00 00 00 00 00 00 00 00 00 00 00 00 00 00 00 00 00 00 00 00 00 00 00 00 00 00 00 00 00 00 00 00 00 00 00 00 00 00 00 00 00 00 00 00 00 00 00 00 00 00 00 00 00 00 00 00 00 00 00 00 00 00 
138  0.00000000  GpsDataControl.  IRP_MJ_READ  0000009a  Length 656
138  0.01547264  TIMEOUT  Length 128: 00 00 00 00 00 00 00 00 00 00 00 00 00 00 00 00 00 00 00 00 00 00 00 00 00 00 00 00 00 00 00 00 00 00 00 00 00 00 00 00 00 00 00 00 00 00 00 00 00 00 00 00 00 00 00 00 00 00 00 00 00 00 00 00 00 00 00 00 00 00 00 00 00 00 00 00 00 00 00 00 00 00 00 00 00 00 00 00 00 00 00 00 00 00 00 00 00 00 00 00 00 00 00 00 00 00 00 00 00 00 00 00 00 00 00 00 00 00 00 00 00 00 00 00 00 00 00 00 
139  0.00000000  GpsDataControl.  IRP_MJ_READ  0000009a  Length 528
139  0.01534720  TIMEOUT  Length 112: 00 00 00 00 00 00 00 00 00 00 00 00 00 00 00 00 00 00 00 00 00 00 00 00 00 00 00 00 00 00 00 00 00 00 00 00 00 00 00 00 00 00 00 00 00 00 00 00 00 00 00 00 00 00 00 00 00 00 00 00 00 00 00 00 00 00 00 00 00 00 00 00 00 00 00 00 00 00 00 00 00 00 00 00 00 00 00 00 00 00 00 00 00 00 00 00 00 00 00 00 00 00 00 00 00 00 00 00 00 00 00 00 
140  0.00000000  GpsDataControl.  IRP_MJ_READ  0000009a  Length 416
140  0.01555393  TIMEOUT  Length 128: 00 00 00 00 00 00 00 00 00 00 00 00 00 00 00 00 00 00 00 00 00 00 00 00 00 00 00 00 00 00 00 00 00 00 00 00 00 00 00 00 00 00 00 00 00 00 00 00 00 00 00 00 00 00 00 00 00 00 00 00 00 00 00 00 00 00 00 00 00 00 00 00 00 00 00 00 00 00 00 00 00 00 00 00 00 00 00 00 00 00 00 00 00 00 00 00 00 00 00 00 00 00 00 00 00 00 00 00 00 00 00 00 00 00 00 00 00 00 00 00 00 00 00 00 00 00 00 00 
141  0.00000000  GpsDataControl.  IRP_MJ_READ  0000009a  Length 288
141  0.01534441  TIMEOUT  Length 128: 00 00 00 00 00 00 00 00 00 00 00 00 00 00 00 00 00 00 00 00 00 00 00 00 00 00 00 00 00 00 00 00 00 00 00 00 00 00 00 00 00 00 00 00 00 00 00 00 00 00 00 00 00 00 00 00 00 00 00 00 00 00 00 00 00 00 00 00 00 00 00 00 00 00 00 00 00 00 00 00 00 00 00 00 00 00 00 00 00 00 00 00 00 00 00 00 00 00 00 00 00 00 00 00 00 00 00 00 00 00 00 00 00 00 00 00 00 00 00 00 00 00 00 00 00 00 00 00 
142  0.00000000  GpsDataControl.  IRP_MJ_READ  0000009a  Length 160
142  0.01546705  TIMEOUT  Length 128: 00 00 00 00 00 00 00 00 00 00 00 00 00 00 00 00 00 00 00 00 00 00 00 00 00 00 00 00 00 00 00 00 00 00 00 00 00 00 00 00 00 00 00 00 00 00 00 00 00 00 00 00 00 00 00 00 00 00 00 00 00 00 00 00 00 00 00 00 00 00 00 00 00 00 00 00 00 00 00 00 00 00 00 00 00 00 00 00 00 00 00 00 00 00 00 00 00 00 00 00 00 00 00 00 00 00 00 00 00 00 00 00 00 00 00 00 00 00 00 00 00 00 00 00 00 00 00 00 
143  0.00000000  GpsDataControl.  IRP_MJ_READ  0000009a  Length 32
143  0.00305318  SUCCESS  Length 32: 00 00 00 00 00 00 00 00 00 00 00 00 00 00 00 00 00 01 02 03 04 05 06 07 08 09 0A 0B 0C 0D 0E 0F 
144  0.00000000  GpsDataControl.  IOCTL_SERIAL_PURGE  0000009a  Purge: TXCLEAR RXCLEAR
144  0.00000615  SUCCESS  
145  0.00000000  GpsDataControl.  IRP_MJ_WRITE  0000009a  Length 8: 93 05 07 10 00 04 03 00 
145  0.00095208  SUCCESS  
146  0.00000000  GpsDataControl.  IRP_MJ_READ  0000009a  Length 3
146  0.00000447  SUCCESS  Length 3: 93 00 00 
147  0.00000000  GpsDataControl.  IRP_MJ_WRITE  0000009a  Length 8: 10 00 00 00 00 00 00 3A 
147  0.00091380  SUCCESS  
148  0.00000000  GpsDataControl.  IRP_MJ_READ  0000009a  Length 4099
148  0.00343368  TIMEOUT  Length 19: 93 10 00 FF FF FF FF FF FF FF FF FF FF FF FF FF FF FF FF 
149  0.00000000  GpsDataControl.  IRP_MJ_READ  0000009a  Length 4080
149  0.01483094  TIMEOUT  Length 128: FF FF FF FF FF FF FF FF FF FF FF FF FF FF FF FF FF FF FF FF FF FF FF FF FF FF FF FF FF FF FF FF FF FF FF FF FF FF FF FF FF FF FF FF FF FF FF FF FF FF FF FF FF FF FF FF FF FF FF FF FF FF FF FF FF FF FF FF FF FF FF FF FF FF FF FF FF FF FF FF FF FF FF FF FF FF FF FF FF FF FF FF FF FF FF FF FF FF FF FF FF FF FF FF FF FF FF FF FF FF FF FF FF FF FF FF FF FF FF FF FF FF FF FF FF FF FF FF 
150  0.00000000  GpsDataControl.  IRP_MJ_READ  0000009a  Length 3952
150  0.01513796  TIMEOUT  Length 112: FF FF FF FF FF FF FF FF FF FF FF FF FF FF FF FF FF FF FF FF FF FF FF FF FF FF FF FF FF FF FF FF FF FF FF FF FF FF FF FF FF FF FF FF FF FF FF FF FF FF FF FF FF FF FF FF FF FF FF FF FF FF FF FF FF FF FF FF FF FF FF FF FF FF FF FF FF FF FF FF FF FF FF FF FF FF FF FF FF FF FF FF FF FF FF FF FF FF FF FF FF FF FF FF FF FF FF FF FF FF FF FF 
151  0.00000000  GpsDataControl.  IRP_MJ_READ  0000009a  Length 3840
151  0.01496978  TIMEOUT  Length 128: FF FF FF FF FF FF FF FF FF FF FF FF FF FF FF FF FF FF FF FF FF FF FF FF FF FF FF FF FF FF FF FF FF FF FF FF FF FF FF FF FF FF FF FF FF FF FF FF FF FF FF FF FF FF FF FF FF FF FF FF FF FF FF FF FF FF FF FF FF FF FF FF FF FF FF FF FF FF FF FF FF FF FF FF FF FF FF FF FF FF FF FF FF FF FF FF FF FF FF FF FF FF FF FF FF FF FF FF FF FF FF FF FF FF FF FF FF FF FF FF FF FF FF FF FF FF FF FF 
152  0.00000000  GpsDataControl.  IRP_MJ_READ  0000009a  Length 3712
152  0.01514299  TIMEOUT  Length 128: FF FF FF FF FF FF FF FF FF FF FF FF FF FF FF FF FF FF FF FF FF FF FF FF FF FF FF FF FF FF FF FF FF FF FF FF FF FF FF FF FF FF FF FF FF FF FF FF FF FF FF FF FF FF FF FF FF FF FF FF FF FF FF FF FF FF FF FF FF FF FF FF FF FF FF FF FF FF FF FF FF FF FF FF FF FF FF FF FF FF FF FF FF FF FF FF FF FF FF FF FF FF FF FF FF FF FF FF FF FF FF FF FF FF FF FF FF FF FF FF FF FF FF FF FF FF FF FF 
153  0.00000000  GpsDataControl.  IRP_MJ_READ  0000009a  Length 3584
153  0.01507007  TIMEOUT  Length 128: FF FF FF FF FF FF FF FF FF FF FF FF FF FF FF FF FF FF FF FF FF FF FF FF FF FF FF FF FF FF FF FF FF FF FF FF FF FF FF FF FF FF FF FF FF FF FF FF FF FF FF FF FF FF FF FF FF FF FF FF FF FF FF FF FF FF FF FF FF FF FF FF FF FF FF FF FF FF FF FF FF FF FF FF FF FF FF FF FF FF FF FF FF FF FF FF FF FF FF FF FF FF FF FF FF FF FF FF FF FF FF FF FF FF FF FF FF FF FF FF FF FF FF FF FF FF FF FF 
154  0.00000000  GpsDataControl.  IRP_MJ_READ  0000009a  Length 3456
154  0.01541034  TIMEOUT  Length 128: FF FF FF FF FF FF FF FF FF FF FF FF FF FF FF FF FF FF FF FF FF FF FF FF FF FF FF FF FF FF FF FF FF FF FF FF FF FF FF FF FF FF FF FF FF FF FF FF FF FF FF FF FF FF FF FF FF FF FF FF FF FF FF FF FF FF FF FF FF FF FF FF FF FF FF FF FF FF FF FF FF FF FF FF FF FF FF FF FF FF FF FF FF FF FF FF FF FF FF FF FF FF FF FF FF FF FF FF FF FF FF FF FF FF FF FF FF FF FF FF FF FF FF FF FF FF FF FF 
155  0.00000000  GpsDataControl.  IRP_MJ_READ  0000009a  Length 3328
155  0.01522149  TIMEOUT  Length 112: FF FF FF FF FF FF FF FF FF FF FF FF FF FF FF FF FF FF FF FF FF FF FF FF FF FF FF FF FF FF FF FF FF FF FF FF FF FF FF FF FF FF FF FF FF FF FF FF FF FF FF FF FF FF FF FF FF FF FF FF FF FF FF FF FF FF FF FF FF FF FF FF FF FF FF FF FF FF FF FF FF FF FF FF FF FF FF FF FF FF FF FF FF FF FF FF FF FF FF FF FF FF FF FF FF FF FF FF FF FF FF FF 
156  0.00000000  GpsDataControl.  IRP_MJ_READ  0000009a  Length 3216
156  0.01533742  TIMEOUT  Length 128: FF FF FF FF FF FF FF FF FF FF FF FF FF FF FF FF FF FF FF FF FF FF FF FF FF FF FF FF FF FF FF FF FF FF FF FF FF FF FF FF FF FF FF FF FF FF FF FF FF FF FF FF FF FF FF FF FF FF FF FF FF FF FF FF FF FF FF FF FF FF FF FF FF FF FF FF FF FF FF FF FF FF FF FF FF FF FF FF FF FF FF FF FF FF FF FF FF FF FF FF FF FF FF FF FF FF FF FF FF FF FF FF FF FF FF FF FF FF FF FF FF FF FF FF FF FF FF FF 
157  0.00000000  GpsDataControl.  IRP_MJ_READ  0000009a  Length 3088
157  0.01518573  TIMEOUT  Length 128: FF FF FF FF FF FF FF FF FF FF FF FF FF FF FF FF FF FF FF FF FF FF FF FF FF FF FF FF FF FF FF FF FF FF FF FF FF FF FF FF FF FF FF FF FF FF FF FF FF FF FF FF FF FF FF FF FF FF FF FF FF FF FF FF FF FF FF FF FF FF FF FF FF FF FF FF FF FF FF FF FF FF FF FF FF FF FF FF FF FF FF FF FF FF FF FF FF FF FF FF FF FF FF FF FF FF FF FF FF FF FF FF FF FF FF FF FF FF FF FF FF FF FF FF FF FF FF FF 
158  0.00000000  GpsDataControl.  IRP_MJ_READ  0000009a  Length 2960
158  0.01541062  TIMEOUT  Length 128: FF FF FF FF FF FF FF FF FF FF FF FF FF FF FF FF FF FF FF FF FF FF FF FF FF FF FF FF FF FF FF FF FF FF FF FF FF FF FF FF FF FF FF FF FF FF FF FF FF FF FF FF FF FF FF FF FF FF FF FF FF FF FF FF FF FF FF FF FF FF FF FF FF FF FF FF FF FF FF FF FF FF FF FF FF FF FF FF FF FF FF FF FF FF FF FF FF FF FF FF FF FF FF FF FF FF FF FF FF FF FF FF FF FF FF FF FF FF FF FF FF FF FF FF FF FF FF FF 
159  0.00000000  GpsDataControl.  IRP_MJ_READ  0000009a  Length 2832
159  0.01521590  TIMEOUT  Length 128: FF FF FF FF FF FF FF FF FF FF FF FF FF FF FF FF FF FF FF FF FF FF FF FF FF FF FF FF FF FF FF FF FF FF FF FF FF FF FF FF FF FF FF FF FF FF FF FF FF FF FF FF FF FF FF FF FF FF FF FF FF FF FF FF FF FF FF FF FF FF FF FF FF FF FF FF FF FF FF FF FF FF FF FF FF FF FF FF FF FF FF FF FF FF FF FF FF FF FF FF FF FF FF FF FF FF FF FF FF FF FF FF FF FF FF FF FF FF FF FF FF FF FF FF FF FF FF FF 
160  0.00000000  GpsDataControl.  IRP_MJ_READ  0000009a  Length 2704
160  0.01539525  TIMEOUT  Length 112: FF FF FF FF FF FF FF FF FF FF FF FF FF FF FF FF FF FF FF FF FF FF FF FF FF FF FF FF FF FF FF FF FF FF FF FF FF FF FF FF FF FF FF FF FF FF FF FF FF FF FF FF FF FF FF FF FF FF FF FF FF FF FF FF FF FF FF FF FF FF FF FF FF FF FF FF FF FF FF FF FF FF FF FF FF FF FF FF FF FF FF FF FF FF FF FF FF FF FF FF FF FF FF FF FF FF FF FF FF FF FF FF 
161  0.00000000  GpsDataControl.  IRP_MJ_READ  0000009a  Length 2592
161  0.01517064  TIMEOUT  Length 128: FF FF FF FF FF FF FF FF FF FF FF FF FF FF FF FF FF FF FF FF FF FF FF FF FF FF FF FF FF FF FF FF FF FF FF FF FF FF FF FF FF FF FF FF FF FF FF FF FF FF FF FF FF FF FF FF FF FF FF FF FF FF FF FF FF FF FF FF FF FF FF FF FF FF FF FF FF FF FF FF FF FF FF FF FF FF FF FF FF FF FF FF FF FF FF FF FF FF FF FF FF FF FF FF FF FF FF FF FF FF FF FF FF FF FF FF FF FF FF FF FF FF FF FF FF FF FF FF 
162  0.00000000  GpsDataControl.  IRP_MJ_READ  0000009a  Length 2464
162  0.01540643  TIMEOUT  Length 128: FF FF FF FF FF FF FF FF FF FF FF FF FF FF FF FF FF FF FF FF FF FF FF FF FF FF FF FF FF FF FF FF FF FF FF FF FF FF FF FF FF FF FF FF FF FF FF FF FF FF FF FF FF FF FF FF FF FF FF FF FF FF FF FF FF FF FF FF FF FF FF FF FF FF FF FF FF FF FF FF FF FF FF FF FF FF FF FF FF FF FF FF FF FF FF FF FF FF FF FF FF FF FF FF FF FF FF FF FF FF FF FF FF FF FF FF FF FF FF FF FF FF FF FF FF FF FF FF 
163  0.00000000  GpsDataControl.  IRP_MJ_READ  0000009a  Length 2336
163  0.01519579  TIMEOUT  Length 128: FF FF FF FF FF FF FF FF FF FF FF FF FF FF FF FF FF FF FF FF FF FF FF FF FF FF FF FF FF FF FF FF FF FF FF FF FF FF FF FF FF FF FF FF FF FF FF FF FF FF FF FF FF FF FF FF FF FF FF FF FF FF FF FF FF FF FF FF FF FF FF FF FF FF FF FF FF FF FF FF FF FF FF FF FF FF FF FF FF FF FF FF FF FF FF FF FF FF FF FF FF FF FF FF FF FF FF FF FF FF FF FF FF FF FF FF FF FF FF FF FF FF FF FF FF FF FF FF 
164  0.00000000  GpsDataControl.  IRP_MJ_READ  0000009a  Length 2208
164  0.01533631  TIMEOUT  Length 128: FF FF FF FF FF FF FF FF FF FF FF FF FF FF FF FF FF FF FF FF FF FF FF FF FF FF FF FF FF FF FF FF FF FF FF FF FF FF FF FF FF FF FF FF FF FF FF FF FF FF FF FF FF FF FF FF FF FF FF FF FF FF FF FF FF FF FF FF FF FF FF FF FF FF FF FF FF FF FF FF FF FF FF FF FF FF FF FF FF FF FF FF FF FF FF FF FF FF FF FF FF FF FF FF FF FF FF FF FF FF FF FF FF FF FF FF FF FF FF FF FF FF FF FF FF FF FF FF 
165  0.00000000  GpsDataControl.  IRP_MJ_READ  0000009a  Length 2080
165  0.01500610  TIMEOUT  Length 128: FF FF FF FF FF FF FF FF FF FF FF FF FF FF FF FF FF FF FF FF FF FF FF FF FF FF FF FF FF FF FF FF FF FF FF FF FF FF FF FF FF FF FF FF FF FF FF FF FF FF FF FF FF FF FF FF FF FF FF FF FF FF FF FF FF FF FF FF FF FF FF FF FF FF FF FF FF FF FF FF FF FF FF FF FF FF FF FF FF FF FF FF FF FF FF FF FF FF FF FF FF FF FF FF FF FF FF FF FF FF FF FF FF FF FF FF FF FF FF FF FF FF FF FF FF FF FF FF 
166  0.00000000  GpsDataControl.  IRP_MJ_READ  0000009a  Length 1952
166  0.01534944  TIMEOUT  Length 112: FF FF FF FF FF FF FF FF FF FF FF FF FF FF FF FF FF FF FF FF FF FF FF FF FF FF FF FF FF FF FF FF FF FF FF FF FF FF FF FF FF FF FF FF FF FF FF FF FF FF FF FF FF FF FF FF FF FF FF FF FF FF FF FF FF FF FF FF FF FF FF FF FF FF FF FF FF FF FF FF FF FF FF FF FF FF FF FF FF FF FF FF FF FF FF FF FF FF FF FF FF FF FF FF FF FF FF FF FF FF FF FF 
167  0.00000000  GpsDataControl.  IRP_MJ_READ  0000009a  Length 1840
167  0.01516729  TIMEOUT  Length 128: FF FF FF FF FF FF FF FF FF FF FF FF FF FF FF FF FF FF FF FF FF FF FF FF FF FF FF FF FF FF FF FF FF FF FF FF FF FF FF FF FF FF FF FF FF FF FF FF FF FF FF FF FF FF FF FF FF FF FF FF FF FF FF FF FF FF FF FF FF FF FF FF FF FF FF FF FF FF FF FF FF FF FF FF FF FF FF FF FF FF FF FF FF FF FF FF FF FF FF FF FF FF FF FF FF FF FF FF FF FF FF FF FF FF FF FF FF FF FF FF FF FF FF FF FF FF FF FF 
168  0.00000000  GpsDataControl.  IRP_MJ_READ  0000009a  Length 1712
168  0.01532793  TIMEOUT  Length 128: FF FF FF FF FF FF FF FF FF FF FF FF FF FF FF FF FF FF FF FF FF FF FF FF FF FF FF FF FF FF FF FF FF FF FF FF FF FF FF FF FF FF FF FF FF FF FF FF FF FF FF FF FF FF FF FF FF FF FF FF FF FF FF FF FF FF FF FF FF FF FF FF FF FF FF FF FF FF FF FF FF FF FF FF FF FF FF FF FF FF FF FF FF FF FF FF FF FF FF FF FF FF FF FF FF FF FF FF FF FF FF FF FF FF FF FF FF FF FF FF FF FF FF FF FF FF FF FF 
169  0.00000000  GpsDataControl.  IRP_MJ_READ  0000009a  Length 1584
169  0.01521506  TIMEOUT  Length 128: FF FF FF FF FF FF FF FF FF FF FF FF FF FF FF FF FF FF FF FF FF FF FF FF FF FF FF FF FF FF FF FF FF FF FF FF FF FF FF FF FF FF FF FF FF FF FF FF FF FF FF FF FF FF FF FF FF FF FF FF FF FF FF FF FF FF FF FF FF FF FF FF FF FF FF FF FF FF FF FF FF FF FF FF FF FF FF FF FF FF FF FF FF FF FF FF FF FF FF FF FF FF FF FF FF FF FF FF FF FF FF FF FF FF FF FF FF FF FF FF FF FF FF FF FF FF FF FF 
170  0.00000000  GpsDataControl.  IRP_MJ_READ  0000009a  Length 1456
170  0.01542123  TIMEOUT  Length 128: FF FF FF FF FF FF FF FF FF FF FF FF FF FF FF FF FF FF FF FF FF FF FF FF FF FF FF FF FF FF FF FF FF FF FF FF FF FF FF FF FF FF FF FF FF FF FF FF FF FF FF FF FF FF FF FF FF FF FF FF FF FF FF FF FF FF FF FF FF FF FF FF FF FF FF FF FF FF FF FF FF FF FF FF FF FF FF FF FF FF FF FF FF FF FF FF FF FF FF FF FF FF FF FF FF FF FF FF FF FF FF FF FF FF FF FF FF FF FF FF FF FF FF FF FF FF FF FF 
171  0.00000000  GpsDataControl.  IRP_MJ_READ  0000009a  Length 1328
171  0.01520640  TIMEOUT  Length 112: FF FF FF FF FF FF FF FF FF FF FF FF FF FF FF FF FF FF FF FF FF FF FF FF FF FF FF FF FF FF FF FF FF FF FF FF FF FF FF FF FF FF FF FF FF FF FF FF FF FF FF FF FF FF FF FF FF FF FF FF FF FF FF FF FF FF FF FF FF FF FF FF FF FF FF FF FF FF FF FF FF FF FF FF FF FF FF FF FF FF FF FF FF FF FF FF FF FF FF FF FF FF FF FF FF FF FF FF FF FF FF FF 
172  0.00000000  GpsDataControl.  IRP_MJ_READ  0000009a  Length 1216
172  0.01533631  TIMEOUT  Length 128: FF FF FF FF FF FF FF FF FF FF FF FF FF FF FF FF FF FF FF FF FF FF FF FF FF FF FF FF FF FF FF FF FF FF FF FF FF FF FF FF FF FF FF FF FF FF FF FF FF FF FF FF FF FF FF FF FF FF FF FF FF FF FF FF FF FF FF FF FF FF FF FF FF FF FF FF FF FF FF FF FF FF FF FF FF FF FF FF FF FF FF FF FF FF FF FF FF FF FF FF FF FF FF FF FF FF FF FF FF FF FF FF FF FF FF FF FF FF FF FF FF FF FF FF FF FF FF FF 
173  0.00000000  GpsDataControl.  IRP_MJ_READ  0000009a  Length 1088
173  0.01520556  TIMEOUT  Length 128: FF FF FF FF FF FF FF FF FF FF FF FF FF FF FF FF FF FF FF FF FF FF FF FF FF FF FF FF FF FF FF FF FF FF FF FF FF FF FF FF FF FF FF FF FF FF FF FF FF FF FF FF FF FF FF FF FF FF FF FF FF FF FF FF FF FF FF FF FF FF FF FF FF FF FF FF FF FF FF FF FF FF FF FF FF FF FF FF FF FF FF FF FF FF FF FF FF FF FF FF FF FF FF FF FF FF FF FF FF FF FF FF FF FF FF FF FF FF FF FF FF FF FF FF FF FF FF FF 
174  0.00000000  GpsDataControl.  IRP_MJ_READ  0000009a  Length 960
174  0.01541816  TIMEOUT  Length 128: FF FF FF FF FF FF FF FF FF FF FF FF FF FF FF FF FF FF FF FF FF FF FF FF FF FF FF FF FF FF FF FF FF FF FF FF FF FF FF FF FF FF FF FF FF FF FF FF FF FF FF FF FF FF FF FF FF FF FF FF FF FF FF FF FF FF FF FF FF FF FF FF FF FF FF FF FF FF FF FF FF FF FF FF FF FF FF FF FF FF FF FF FF FF FF FF FF FF FF FF FF FF FF FF FF FF FF FF FF FF FF FF FF FF FF FF FF FF FF FF FF FF FF FF FF FF FF FF 
175  0.00000000  GpsDataControl.  IRP_MJ_READ  0000009a  Length 832
175  0.01521953  TIMEOUT  Length 128: FF FF FF FF FF FF FF FF FF FF FF FF FF FF FF FF FF FF FF FF FF FF FF FF FF FF FF FF FF FF FF FF FF FF FF FF FF FF FF FF FF FF FF FF FF FF FF FF FF FF FF FF FF FF FF FF FF FF FF FF FF FF FF FF FF FF FF FF FF FF FF FF FF FF FF FF FF FF FF FF FF FF FF FF FF FF FF FF FF FF FF FF FF FF FF FF FF FF FF FF FF FF FF FF FF FF FF FF FF FF FF FF FF FF FF FF FF FF FF FF FF FF FF FF FF FF FF FF 
176  0.00000000  GpsDataControl.  IRP_MJ_READ  0000009a  Length 704
176  0.03096706  TIMEOUT  Length 240: FF FF FF FF FF FF FF FF FF FF FF FF FF FF FF FF FF FF FF FF FF FF FF FF FF FF FF FF FF FF FF FF FF FF FF FF FF FF FF FF FF FF FF FF FF FF FF FF FF FF FF FF FF FF FF FF FF FF FF FF FF FF FF FF FF FF FF FF FF FF FF FF FF FF FF FF FF FF FF FF FF FF FF FF FF FF FF FF FF FF FF FF FF FF FF FF FF FF FF FF FF FF FF FF FF FF FF FF FF FF FF FF FF FF FF FF FF FF FF FF FF FF FF FF FF FF FF FF FF FF FF FF FF FF FF FF FF FF FF FF FF FF FF FF FF FF FF FF FF FF FF FF FF FF FF FF FF FF FF FF FF FF FF FF FF FF FF FF FF FF FF FF FF FF FF FF FF FF FF FF FF FF FF FF FF FF FF FF FF FF FF FF FF FF FF FF FF FF FF FF FF FF FF FF FF FF FF FF FF FF FF FF FF FF FF FF FF FF FF FF FF FF FF FF FF FF FF FF FF FF FF FF FF FF FF FF FF FF FF FF 
177  0.00000000  GpsDataControl.  IRP_MJ_READ  0000009a  Length 464
177  0.01519132  TIMEOUT  Length 128: FF FF FF FF FF FF FF FF FF FF FF FF FF FF FF FF FF FF FF FF FF FF FF FF FF FF FF FF FF FF FF FF FF FF FF FF FF FF FF FF FF FF FF FF FF FF FF FF FF FF FF FF FF FF FF FF FF FF FF FF FF FF FF FF FF FF FF FF FF FF FF FF FF FF FF FF FF FF FF FF FF FF FF FF FF FF FF FF FF FF FF FF FF FF FF FF FF FF FF FF FF FF FF FF FF FF FF FF FF FF FF FF FF FF FF FF FF FF FF FF FF FF FF FF FF FF FF FF 
178  0.00000000  GpsDataControl.  IRP_MJ_READ  0000009a  Length 336
178  0.01495274  TIMEOUT  Length 128: FF FF FF FF FF FF FF FF FF FF FF FF FF FF FF FF FF FF FF FF FF FF FF FF FF FF FF FF FF FF FF FF FF FF FF FF FF FF FF FF FF FF FF FF FF FF FF FF FF FF FF FF FF FF FF FF FF FF FF FF FF FF FF FF FF FF FF FF FF FF FF FF FF FF FF FF FF FF FF FF FF FF FF FF FF FF FF FF FF FF FF FF FF FF FF FF FF FF FF FF FF FF FF FF FF FF FF FF FF FF FF FF FF FF FF FF FF FF FF FF FF FF FF FF FF FF FF FF 
179  0.00000000  GpsDataControl.  IRP_MJ_READ  0000009a  Length 208
179  0.01503627  TIMEOUT  Length 128: FF FF FF FF FF FF FF FF FF FF FF FF FF FF FF FF FF FF FF FF FF FF FF FF FF FF FF FF FF FF FF FF FF FF FF FF FF FF FF FF FF FF FF FF FF FF FF FF FF FF FF FF FF FF FF FF FF FF FF FF FF FF FF FF FF FF FF FF FF FF FF FF FF FF FF FF FF FF FF FF FF FF FF FF FF FF FF FF FF FF FF FF FF FF FF FF FF FF FF FF FF FF FF FF FF FF FF FF FF FF FF FF FF FF FF FF FF FF FF FF FF FF FF FF FF FF FF FF 
180  0.00000000  GpsDataControl.  IRP_MJ_READ  0000009a  Length 80
180  0.00899248  SUCCESS  Length 80: FF FF FF FF FF FF FF FF FF FF FF FF FF FF FF FF FF FF FF FF FF FF FF FF FF FF FF FF FF FF FF FF FF FF FF FF FF FF FF FF FF FF FF FF FF FF FF FF FF FF FF FF FF FF FF FF FF FF FF FF FF FF FF FF FF FF FF FF FF FF FF FF FF FF FF FF FF FF FF FF 
181  0.00000000  GpsDataControl.  IOCTL_SERIAL_PURGE  0000009a  Purge: TXCLEAR RXCLEAR
181  0.00000643  SUCCESS  
182  0.00000000  GpsDataControl.  IRP_MJ_WRITE  0000009a  Length 8: 93 01 01 00 00 00 00 00 
182  0.00044922  SUCCESS  
183  0.00000000  GpsDataControl.  IRP_MJ_READ  0000009a  Length 3
183  0.00000419  SUCCESS  Length 3: 93 00 00 
184  0.00000000  GpsDataControl.  IRP_MJ_WRITE  0000009a  Length 8: 00 00 00 00 00 00 00 6B 
184  0.00091967  SUCCESS  
185  0.00000000  GpsDataControl.  IRP_MJ_READ  0000009a  Length 3
185  0.00099398  SUCCESS  Length 3: 93 00 00 
186  0.00000000  GpsDataControl.  IRP_MJ_CLEANUP  0000009a  
186  0.00000168  INVALID DEVICE REQUEST  
187  0.00000000  GpsDataControl.  IRP_MJ_CLOSE  0000009a  
187  0.00000726  SUCCESS  
